48 73 186 72 108 47 102 179 174 125 143 137 43 2 124 56 128 39 85 152 29 96 158 42 25 90 30 11 6 139 167 143 155 3 170 106 64 32 185 190 8 162 123 162 189 117 38 147 135 84 60 57 151 57 103 98 193 98 101 98 16 40 176 196 46 10 115 154 53 154 164 58 118 145 173 163 173 35 173 88 127 199 141 129 194 193 52 156 180 94 182 113 69 113 78 7 175 140 149 74 66 107 133 93 13 20 48
66
48 48
73 73
186 186
108 108 109 110
179 179
125 125 126
143 143
137 137 138
2 2
56 56 58
85 85 87
29 29
158 158
42 42
25 25
11 11
167 167
3 3 5
170 170 171
64 64
185 185
190 190 191
123 123
117 117
147 147 148 149
135 135 136
84 84
60 60
151 151 152
103 103
98 98
193 193
101 101
16 16 19
40 38 39 40
176 176 177
196 196 197
46 46
10 7 9 10
115 115
154 154 155
53 53 55
164 164 165
118 118 119 120
145 145
163 163
35 34 35 36
88 88 90
199 199
141 141
129 129
194 194
52 52
156 156 157
180 180 181
182 182
113 113
69 69
78 78 79
175 175
74 74
66 66 67
107 107
133 133
93 93
20 20 21 23
