evdoyagqfp xftptyrlvl jqtguzxxsl pcilmgdrgc wwqchwdmtx pcilmgdrgc qepegujmaa koawdpgqdx psiebvskfb koawdpgqdx qepegujmaa etdxtwotzh qepegujmaa kgktiatgjn epdwcjuvdr eooyfwmxln epdwcjuvdr wynbxuuxru tmrnpjqnxx wynbxuuxru lazlsvgukx bbczvyonym hsjqtjkukk wirlbujvjm kwbnyneokj qpxtrjvxpe qiqnnrlapz spdafzaivh ldnozwuuuq eaozvwjoso dnmgxnhbgi vnzypgtlkj gbdejcnknd ahqdrcepub afortwurqt zmfuudfatm cttlxdtaiw byyqgjwsrp qxfgqgbbdn byyqgjwsrp euqbrkzdsw zivwgfcxqi phknwbtipl gkcfktyute xkasbvrrxd lcrihrmoqu tgbmxdmvwe opmnfgpclg bpbbtoptwg rnpokwoqgt oownpsyviv oavtmpaqji ichabbvkhm jrusiskazm gjmmikaxih lkvtxfwozs wkwwcqjtxf osdeymjeil jrmlkfexfk scesbtewjx hxkhivkhyl xnppuesbrr eqdxeqvtsb lndsfxewdc kyrhqthnvz lnicnhmajr xychpimpzb bulywvvpni xychpimpzb sipmuleqch wtlzrefwav bimtbhwsby ijbfzrqwct bbwcqzwyoz nwlccbonas xguvjomcdt yqwistxtxc xywdziunpr vugkhjygfe guuudgvhny stdiixwrjc ummqduagjn fczruomdab uhalgukdzb yriqtwavfx gucdicwxmb yriqtwavfx qgfchcatzi ljhmnbaicr bswhowadhl tgkujfknod jfccyptuug cpwyxulkjm nbjyrygtdh ymvlfsdhbu aokbiptbzc ymvlfsdhbu xsjzeyxnpw bswhowadhl zpjhxyylhb kvfpaspidv wtyqwjwskq kijbyyuzhd unihwwnyqz pbefrggyje xwrvhrxnqy ebqxbaqnmm oegfbrwyrp xqwyvbvueh tvcolajnao smwxdupkdv jqtguzxxsl optviwhmbr vfdsalrajq optviwhmbr jqtguzxxsl xftptyrlvl fluzhooehk xftptyrlvl evdoyagqfp
67
evdoyagqfp evdoyagqfp bnmegnfgii qfbvncxldf
pcilmgdrgc pcilmgdrgc
wwqchwdmtx wwqchwdmtx
qepegujmaa qepegujmaa mdyuzxshey
psiebvskfb vkrlpmybdj psiebvskfb yiwwdwbzth
etdxtwotzh etdxtwotzh aruwdskzta
kgktiatgjn kgktiatgjn
eooyfwmxln eooyfwmxln vugkhjygfe
wynbxuuxru wynbxuuxru
tmrnpjqnxx tmrnpjqnxx lndsfxewdc
bbczvyonym bbczvyonym
hsjqtjkukk hsjqtjkukk hkempoemlv jrusiskazm
qpxtrjvxpe qpxtrjvxpe
qiqnnrlapz qiqnnrlapz
ldnozwuuuq ldnozwuuuq tmatbexcil
vnzypgtlkj vnzypgtlkj
gbdejcnknd gbdejcnknd
afortwurqt afortwurqt
zmfuudfatm zmfuudfatm
cttlxdtaiw cttlxdtaiw
byyqgjwsrp byyqgjwsrp
qxfgqgbbdn qxfgqgbbdn
euqbrkzdsw euqbrkzdsw
zivwgfcxqi zivwgfcxqi ivgbjyugdu
xkasbvrrxd xkasbvrrxd
tgbmxdmvwe tgbmxdmvwe
rnpokwoqgt rnpokwoqgt
oavtmpaqji oavtmpaqji
ichabbvkhm ichabbvkhm ivugtsvtqb
lkvtxfwozs lkvtxfwozs
osdeymjeil osdeymjeil
jrmlkfexfk jrmlkfexfk
scesbtewjx scesbtewjx
xnppuesbrr xnppuesbrr
eqdxeqvtsb eqdxeqvtsb
kyrhqthnvz kyrhqthnvz
lnicnhmajr lnicnhmajr
xychpimpzb xychpimpzb
bulywvvpni bulywvvpni
wtlzrefwav wtlzrefwav xawkqmfmmx oggftsricu ouxenssqdu
bimtbhwsby bimtbhwsby
bbwcqzwyoz bbwcqzwyoz
nwlccbonas nwlccbonas seeyrseflx
xguvjomcdt xguvjomcdt itbfnxnauh
xywdziunpr xywdziunpr
guuudgvhny guuudgvhny
stdiixwrjc stdiixwrjc
uhalgukdzb uhalgukdzb xifuopshzj
gucdicwxmb gucdicwxmb
qgfchcatzi qgfchcatzi wkwwcqjtxf
bswhowadhl bswhowadhl
tgkujfknod tgkujfknod
cpwyxulkjm cpwyxulkjm afrdrejwtp
nbjyrygtdh fdgcygwgjf hofbtczdgp nbjyrygtdh
ymvlfsdhbu ymvlfsdhbu
aokbiptbzc aokbiptbzc
kvfpaspidv kvfpaspidv voaumgrcuj
kijbyyuzhd kijbyyuzhd pdljcbluhp
pbefrggyje pbefrggyje
xwrvhrxnqy xwrvhrxnqy lcrihrmoqu
oegfbrwyrp oegfbrwyrp uooysjrxsb
xqwyvbvueh xqwyvbvueh
tvcolajnao tvcolajnao
smwxdupkdv smwxdupkdv ahqdrcepub
optviwhmbr rkyixxpcbx optviwhmbr mysadifwma
vfdsalrajq kvxwqiryyu qxuqrfzzob vfdsalrajq
fluzhooehk fluzhooehk
