0 54 191 192 193 54 10 197 198 199 10 26 158 159 158 26 38 146 147 148 38 87 151 150 149 87 60 128 60 94 126 94 47 152 47 154 47 164 165 166 47 57 188 189 190 57 137 57 9 163 9 161 9 78 185 186 187 78 25 124 25 49 196 195 194 49 53 178 177 176 53 90 184 183 182 90 45 175 174 173 45 41 122 41 11 181 180 179 11 130 11 83 169 168 167 83 84 132 84 143 144 145 84 21 140 21 142 21 12 139 12 1 157 156 155 1 46 172 171 170 46 40 135 134 40 0
64
0 100 101 102 103 104 105 106 107 108 109 110 111 112 113 114 115 116 117 118 119 120 121
191 191
192 192
193 193
197 197
198 198
199 199
159 159 160
147 147
148 148
151 151
150 150
149 149
128 128 129
126 126 127
152 152 153
154 154
164 164
165 165
166 166
188 188
189 189
190 190
137 137 138
163 163
161 161 162
185 185
186 186
187 187
124 124 125
196 196
195 195
194 194
178 178
177 177
176 176
184 184
183 183
182 182
175 175
174 174
173 173
122 122 123
181 181
180 180
179 179
130 130 131
169 169
168 168
167 167
132 132 133
144 144
145 145 146
140 140 141
142 142 143
139 139
157 157 158
156 156
155 155
172 172
171 171
170 170
135 135 136
134 134
