0 190 192 190 154 184 159 149 139 144 160 162 161 162 160 115 118 27 25 20 150 152 151 122 120 123 120 170 172 170 125 128 117 166 117 168 117 116 77 186 132 131 132 141 142 140 185 187 185 10 13 10 12 11 12 196 197 195 179 189 182 181 182 180 183 47 105 135 138 135 145 148 145 104 17 113 110 0
47
0 2 3
192 192
154 154
184 184
159 159
149 149
139 139
144 144 145
160 160
161 161
118 118
27 27 28
25 25
20 20
152 152
122 122
120 120
123 123 124
172 172
125 125
128 128 129
166 166
168 168
116 116
186 186
132 132 133
131 131
141 141
142 142
187 187
13 13
11 11 12
197 197
195 195
179 179
189 189
182 182
181 181
180 180
183 183
105 30 32 35 36 37 38 39 41 42 43 44 47 52 54 55 56 57 58 64 65 66 67 68 69 72 74 78 79 82 87 91 92 94 95 97 99 100 101 102 104 105 108
135 134 135 136
138 138
148 148
17 15 16 17
113 113 114
110 110
