loc0 loc193 loc58 loc184 loc94 loc140 loc76 loc104 loc176 loc86 loc188 loc62 loc125 loc134 loc26 loc169 loc7 loc142 loc97 loc133 loc150 loc195 loc60 loc195 loc150 loc133 loc16 loc196 loc88 loc187 loc70 loc187 loc34 loc151 loc79 loc166 loc85 loc157 loc67 loc157 loc49 loc157 loc22 loc111 loc153 loc81 loc153 loc91 loc127 loc100 loc127 loc64 loc109 loc46 loc109 loc10 loc139 loc31 loc148 loc40 loc148 loc0
25
loc0 loc1 loc2 loc3 loc4
loc58 loc56 loc57 loc58 loc59
loc94 loc93 loc94 loc95
loc76 loc74 loc75 loc76
loc62 loc62 loc63
loc7 loc5 loc6 loc7 loc8 loc9
loc97 loc96 loc97 loc98 loc99
loc60 loc60 loc61
loc16 loc14 loc15 loc16 loc17 loc18 loc19
loc88 loc86 loc87 loc88 loc89
loc70 loc69 loc70 loc71 loc72 loc73
loc34 loc34 loc35
loc79 loc77 loc78 loc79 loc80
loc85 loc85
loc67 loc66 loc67 loc68
loc49 loc49 loc50 loc51 loc52 loc53 loc54 loc55
loc22 loc20 loc21 loc22 loc23 loc24
loc81 loc81 loc82 loc83 loc84
loc91 loc90 loc91 loc92
loc100 loc100
loc64 loc64 loc65
loc46 loc44 loc45 loc46 loc47 loc48
loc10 loc10 loc11 loc12 loc13
loc31 loc25 loc26 loc27 loc28 loc29 loc30 loc31 loc32 loc33
loc40 loc36 loc37 loc38 loc39 loc40 loc41 loc42 loc43
