loc189 loc66 loc165 loc146 loc128 loc163 loc108 loc109 loc23 loc152 loc159 loc150 loc183 loc83 loc88 loc78 loc168 loc172 loc54 loc85 loc114 loc11 loc95 loc47 loc195 loc50 loc4 loc111 loc18 loc127 loc180 loc65 loc145 loc73 loc185 loc20 loc119 loc98 loc142 loc135 loc131 loc94 loc0 loc117 loc188 loc36 loc104 loc79 loc194 loc133 loc158 loc41 loc161 loc177 loc125 loc139 loc156 loc70 loc191 loc61 loc148 loc101 loc26 loc31 loc58 loc189
65
loc189 loc190
loc66 loc66 loc69
loc165 loc165
loc146 loc146 loc147
loc128 loc128 loc129
loc163 loc163 loc164
loc108 loc108
loc109 loc109
loc23 loc23 loc25
loc152 loc152 loc153 loc154
loc159 loc159
loc150 loc150
loc183 loc183 loc184
loc83 loc83
loc88 loc88
loc78 loc76 loc77 loc78
loc168 loc168 loc169
loc172 loc172
loc54 loc54 loc55
loc85 loc85 loc86
loc114 loc114
loc11 loc11
loc95 loc95 loc96
loc47 loc47
loc195 loc195
loc50 loc50 loc53
loc4 loc4
loc111 loc111 loc112 loc113
loc18 loc15 loc16 loc17 loc18
loc127 loc127
loc180 loc180
loc65 loc65
loc145 loc145
loc73 loc73 loc74
loc185 loc185
loc20 loc20 loc22
loc119 loc119
loc98 loc98 loc100
loc142 loc142 loc143
loc135 loc135 loc136
loc131 loc131
loc94 loc94
loc0 loc0
loc117 loc117
loc188 loc188
loc36 loc34 loc36 loc37 loc38
loc104 loc104
loc79 loc79
loc194 loc194
loc133 loc133
loc158 loc158
loc41 loc39 loc40 loc41
loc161 loc161 loc162
loc177 loc177
loc125 loc125
loc139 loc139
loc156 loc156
loc70 loc70
loc191 loc191
loc61 loc61 loc62
loc148 loc148
loc101 loc101
loc26 loc26 loc27
loc31 loc31 loc32
loc58 loc58 loc59
