81 196 93 191 100 200 86 178 197 183 145 109 103 170 167 126 153 107 189 130 199 164 135 184 165 162 138 156 78 34 188 150 179 195 64 152 198 141 182 123 121 159 161 115 58 81
45
81 81
196 196
93 88 89 90 92 93
191 191
100 95 96 97 100
200 200
86 84 85 86 87
178 178
197 197
183 183
145 145
109 109
103 103
170 170
167 167
126 125 126 127
153 153 154
107 107 108
189 189
130 130 132
199 199
164 164
135 135
184 184
165 165 166
162 162
138 138
156 156 158
78 69 70 71 74 76 77 78 80
34 1 8 9 12 14 16 17 18 20 23 24 27 33 34 35 36 41 42 43 45 46 48 49 52 53 56 57
188 188
150 150
179 179 180
195 195
64 64 65
152 152
198 198
141 141
182 182
123 123 124
121 121
159 159
161 161
115 115 117
58 58 59
