0 2 3 5 6 7 8 9 11 12 13 15 16 17 16 15 13 12 11 9 10 20 21 23 24 25 24 23 21 20 10 9 8 7 6 5 3 4 28 30 31 32 33 35 36 38 36 35 33 34 41 42 41 43 44 45 46 47 48 49 50 51 52 53 55 56 58 59 60 62 63 64 66 67 68 69 70 122 124 125 131 132 133 134 135 136 137 136 135 134 133 132 131 125 124 126 128 126 124 122 123 138 139 140 141 142 143 145 146 152 153 154 155 156 157 158 157 156 155 154 153 152 146 151 150 148 147 145 143 142 141 140 139 138 123 122 70 121 163 164 165 166 167 168 169 170 183 185 186 187 191 192 193 194 195 196 197 198 197 196 195 194 193 192 191 189 188 186 185 183 170 169 171 172 177 178 179 180 181 180 179 178 177 175 176 175 173 171 169 168 167 166 165 164 163 121 70 69 71 72 90 105 106 107 108 109 110 112 113 115 116 117 118 117 116 115 113 112 110 109 108 107 106 105 90 72 91 92 98 99 100 99 98 92 91 93 95 96 95 93 94 93 91 72 71 73 74 75 76 77 78 79 80 81 80 79 78 77 76 75 74 73 71 69 1 0
55
0 0 1 2
9 9 10 11
13 13 14 15
17 17 18 19
21 21 22
25 24 25 26 27
4 4 5
28 29 31
35 35
38 38 39
42 42
44 44 45
50 50 51
52 52 54
58 57 58 59
60 61 62
64 63 65 66
68 68 69
131 131
132 132
134 134 136
137 137
128 128 129
141 140 141 142
153 153 154
158 158 159
150 150
147 146 147 148
121 121
163 163
166 166 167
168 168
170 170
183 183
191 191
195 195
196 196
198 198 199
188 188
172 172
181 181
175 175
176 176
90 90
107 107 108
113 113
118 118 120
91 91 93
100 100 101
96 96
94 94 95
73 73
75 74 75 76 77
79 78 79 80
81 82 83
