yZx4F8OpIk5Ar2sBMJAx Z5A3tROaNW2mCwf9Mwns mhfSTNs1vGxIVkKDB1R9 u8Sh3uzUVF2pFMTdyMgE 2GGOgT8kgyBmX858M38j YXB7UTVLkwJ3CJcMVTzW evP9W9Sp0JotOHAnvl9E p1HQ9bUXYQS3CJ4AN6us u3rvHKE2Cknh2L20VX31 k4TDiYyIyLOxd2S09stN bSPdwFdSvkSaDMkIhhIm hCu50otWd5xV17Ex0c3a tg1w5Br4i5001iky5uAt xjrY90FEcI7klV7sjO39 Jl9fGpEEaLR4lmSJYVKz MMuVzSLYdkYJSnZzYgpt e6PVUjjd6ajldcTPycA6 4vVzhXxSoe23m0D4crAQ c2xoK29xdkQaHgutY5NS aUS8Ma4u9DWG5rGkGMu3 coccrxCAACMV0GSxD2xc uwJup2WiLVChmnkelhR8 SxhNwhmBZW56skeskoXT yZx4F8OpIk5Ar2sBMJAx
23
yZx4F8OpIk5Ar2sBMJAx ixBQklcj47gZLpsoK0Z1 3NlcmlomZH13bXyH9A3z ylc14u4guzQsG1HGoIaW BoPjxvlt26bTwBLbfnZh Ux0fPXy37kADOkMzDLQ2 OX2sgS0EKma0KPRXo24b OLNsB9xLMpVZMUaTLkU7 1nX5xj0493ZNrFPUOVt9 K5SbR7BNjzxCUkAdrGa5 9RASC8iIlFoW2F9PoUXZ pyuAeTbcVcifrFis8Hjk 3Nm0UHOvSd34D8rM2yZH TIQTzk08mTKB7r8LXluj E0w68ygm8mlxdWmjUSMA KdV5bt367BMwPhG3obI3 j8a5XYXH6AK0uHrNRime O3Hkka0xTn4TYlQWkSEt 73lJNME3ed7CVENNhT28 oNRzekgjmcfhwbUnE9E5 xfBJiQuas9xv3hIOUe8o t3p35rQwuMfICpxwBTRV MjcrC2MkSyccg6AM7KMW YCHj3zwS8C1T4iIu3mub sYiNL7uSzhZbFuuuJ7Ov iPYb45Axawv8d5E4ZUWT a37twrOQlX8ckvFplsbJ sI5I68bj40h6dFM0JU7L brD3Sp7VWuo0VotesZDK
Z5A3tROaNW2mCwf9Mwns Z5A3tROaNW2mCwf9Mwns
mhfSTNs1vGxIVkKDB1R9 mhfSTNs1vGxIVkKDB1R9
u8Sh3uzUVF2pFMTdyMgE u8Sh3uzUVF2pFMTdyMgE
2GGOgT8kgyBmX858M38j 2GGOgT8kgyBmX858M38j
YXB7UTVLkwJ3CJcMVTzW YXB7UTVLkwJ3CJcMVTzW
evP9W9Sp0JotOHAnvl9E evP9W9Sp0JotOHAnvl9E
p1HQ9bUXYQS3CJ4AN6us p1HQ9bUXYQS3CJ4AN6us
u3rvHKE2Cknh2L20VX31 u3rvHKE2Cknh2L20VX31
k4TDiYyIyLOxd2S09stN k4TDiYyIyLOxd2S09stN
bSPdwFdSvkSaDMkIhhIm bSPdwFdSvkSaDMkIhhIm
hCu50otWd5xV17Ex0c3a hCu50otWd5xV17Ex0c3a
tg1w5Br4i5001iky5uAt tg1w5Br4i5001iky5uAt
xjrY90FEcI7klV7sjO39 xjrY90FEcI7klV7sjO39
Jl9fGpEEaLR4lmSJYVKz Jl9fGpEEaLR4lmSJYVKz
MMuVzSLYdkYJSnZzYgpt MMuVzSLYdkYJSnZzYgpt
e6PVUjjd6ajldcTPycA6 e6PVUjjd6ajldcTPycA6
4vVzhXxSoe23m0D4crAQ 4vVzhXxSoe23m0D4crAQ
c2xoK29xdkQaHgutY5NS c2xoK29xdkQaHgutY5NS
aUS8Ma4u9DWG5rGkGMu3 aUS8Ma4u9DWG5rGkGMu3
coccrxCAACMV0GSxD2xc coccrxCAACMV0GSxD2xc
uwJup2WiLVChmnkelhR8 uwJup2WiLVChmnkelhR8
SxhNwhmBZW56skeskoXT SxhNwhmBZW56skeskoXT
