PQlYD3syBoo7C0hcATPD ouUk8HCXkT1xNHUSpktV MGPH1ZQv2OM6dRC07Rj5 8BVD1mXIeFKDWXC0pHC5 KFbZubIZwxKjbFZIhivu NpHJpdHaoVuG1evDy4mD PRxK9WGPQn2vmuBbswLk FE9d826a5RuYfSI6vEz4 BHDRDstSlZtm71sWfOHB AhTd32p44tQrgKLluTfO I3dKkMa3JUxVpADvWcmQ lP2ISUwXZ5Vr1Dbyi5b2 Saezs03GHhWlgEusf2xb r52GhdJM3J6bC9RxltxZ ZOUAFthiVkWe23hp0746 zTPp43usagg8jQuMreHJ symCtAIG82LYD9Qs6FxZ hQH0nHlpxkrlncu9buJt xM3fh05um8j45RhdwKOx ikaH2IngBoan8x64dwnD mHciHIbodF92KWBlyZhd AcGlxsvhfAOKA2Ti96Hg oRnkB9WX4h9Vz2XYe2Mz aAf4nv1B7ggfx0DjrAOi Zd6upjEKdV6jHG9xKORy CtdShr26uGGV2W6zZTdS iGcRn4eFfZI68Qr0MOgy wpM05AhdMYgh3n4WvalH mMXK7rFRd7VNNboRtMKu CE9MuYF6CpN99atuGjZ0 pGBevvfrXEYRwdy9Xa3h 4EHOWDgXvpoSadcvvLu4 8kEed91vb76Fhm6ivuFw IuwSP1hfYZRam5iX6Sbk jN7FJhuhmTKkduIKGyBx SWMrIKPuAQFTY7HmPty0 y5HlDp3ZOU3fT35BihFS diWFyYW4KuKIAVWCVTOh Hj9GXo6u0dDYfg4xoW2T 58PE6yTygndgQ75HC5PU upn88whXcmTNEpbLaMgR 4yCDRp1k04Ch6IBU1p1H PQlYD3syBoo7C0hcATPD
42
PQlYD3syBoo7C0hcATPD PQlYD3syBoo7C0hcATPD
ouUk8HCXkT1xNHUSpktV ouUk8HCXkT1xNHUSpktV
MGPH1ZQv2OM6dRC07Rj5 MGPH1ZQv2OM6dRC07Rj5
8BVD1mXIeFKDWXC0pHC5 8BVD1mXIeFKDWXC0pHC5
KFbZubIZwxKjbFZIhivu KFbZubIZwxKjbFZIhivu
NpHJpdHaoVuG1evDy4mD NpHJpdHaoVuG1evDy4mD
PRxK9WGPQn2vmuBbswLk PRxK9WGPQn2vmuBbswLk
FE9d826a5RuYfSI6vEz4 FE9d826a5RuYfSI6vEz4
BHDRDstSlZtm71sWfOHB BHDRDstSlZtm71sWfOHB
AhTd32p44tQrgKLluTfO AhTd32p44tQrgKLluTfO
I3dKkMa3JUxVpADvWcmQ I3dKkMa3JUxVpADvWcmQ
lP2ISUwXZ5Vr1Dbyi5b2 lP2ISUwXZ5Vr1Dbyi5b2
Saezs03GHhWlgEusf2xb Saezs03GHhWlgEusf2xb
r52GhdJM3J6bC9RxltxZ r52GhdJM3J6bC9RxltxZ
ZOUAFthiVkWe23hp0746 ZOUAFthiVkWe23hp0746
zTPp43usagg8jQuMreHJ zTPp43usagg8jQuMreHJ
symCtAIG82LYD9Qs6FxZ symCtAIG82LYD9Qs6FxZ
hQH0nHlpxkrlncu9buJt hQH0nHlpxkrlncu9buJt
xM3fh05um8j45RhdwKOx xM3fh05um8j45RhdwKOx
ikaH2IngBoan8x64dwnD ikaH2IngBoan8x64dwnD
mHciHIbodF92KWBlyZhd mHciHIbodF92KWBlyZhd
AcGlxsvhfAOKA2Ti96Hg AcGlxsvhfAOKA2Ti96Hg 5wKsB6wx9H7PujNL03GN yuNLI2bosn9XVMaJllU2 j1u2ybLPFsWda7RGIo6J BfkNC5T0oZOQYOkOg1Lr y5UFufU6hy8Zt47b4K3v egafCQ4ih9nCuFY3RBSk xUd3lWAackpOjTn98YBa c5B3yGaAxuGVYEd7DCc5 VjMruztOvYBB57sBtK7F iA0OPvpmSXnD5PmFrIY3 C8l14blndt8uGQmGfPky m3uIZkevVRyscNPa6NkD rRx4ufuRfBzAjOzuQptQ lTNvRGBulC52xVXvXmmj CeJalRL3KinyCQjl6tio 4xoBiS6HZ3COfmNv2aTR IBSvm7mZeG0vXjguUx8d UWVA5dAu4wDF6Efl9d4O DLNj52Bf5LL4ZddWTcYY zOauzkXEQku3g7FmlO3i 4ck2vdbl0wzRRSh9h5JI 58LVuHISdldtYbuuEa4z ul5TY5YtUVHURRbHo0xt ajZwDYcDrAcHajKZpRul e7HIMwL2s8LjuoIRxDl7 2RLdpM4k7Le8vufDMuf4 aZ1gME9dgT1obQwN7kgz oAwJ8ncZge95DCLogDfz JWNjS0Xtxw6CDJbk4UbK IjoU40tEWMCkwd5SaIZC XfIhMNfCnUCbP8MIjhA8 EWUzUZ9Yb7H9gHpK5NdI gByPZFfsA72SjYPmontO TRIzdQQDV9bs8k4M9U4X dRs9JullKCFwk8f9TP2C LvHeBFyLyC9KHnAltZnF SJuQEhk6NZgb7Y1YXHxx 1AmZo7yJ6YJzwrjZr6vX Kxk6VsPzNOhHpwuN2F67 MnuekaeS1NiILcuuvn3o pmpfdWSNFW4BZf3j9zey WpDgsUZvfm1s3J1djPk6 dcRmXZcpiyoLWuwR56cL tBx3RfPMJg4OhazCeTsa JNypu0O2hxRmLxF04Zie 29ZrssG8owPMWU0dtlEx WuSb6mZA4Ht48gzyBwrs XtcwDUG5TGpryRZKRvrm XT2Ymi7YdhYVjSO57uvy dPunn27br1tTUelFVNIt daYVb2kr83paGhJZJJyA h36zX7NC4P81W3KQD11u Mo6dK8I2XR9RUnPgLFfU MmXiw0PdJXAsicjY4bml 0UIZ9YDhxr3ipBPf2WkK CQFH0bM5UHhxPATIQeaZ j0WhcaOOy1JCyHTrxCSk N4yrn0aLU6ELQucPFmw8
oRnkB9WX4h9Vz2XYe2Mz oRnkB9WX4h9Vz2XYe2Mz
aAf4nv1B7ggfx0DjrAOi aAf4nv1B7ggfx0DjrAOi
Zd6upjEKdV6jHG9xKORy Zd6upjEKdV6jHG9xKORy
CtdShr26uGGV2W6zZTdS CtdShr26uGGV2W6zZTdS
iGcRn4eFfZI68Qr0MOgy iGcRn4eFfZI68Qr0MOgy
wpM05AhdMYgh3n4WvalH wpM05AhdMYgh3n4WvalH
mMXK7rFRd7VNNboRtMKu mMXK7rFRd7VNNboRtMKu
CE9MuYF6CpN99atuGjZ0 CE9MuYF6CpN99atuGjZ0
pGBevvfrXEYRwdy9Xa3h pGBevvfrXEYRwdy9Xa3h
4EHOWDgXvpoSadcvvLu4 4EHOWDgXvpoSadcvvLu4
8kEed91vb76Fhm6ivuFw 8kEed91vb76Fhm6ivuFw
IuwSP1hfYZRam5iX6Sbk IuwSP1hfYZRam5iX6Sbk
jN7FJhuhmTKkduIKGyBx jN7FJhuhmTKkduIKGyBx
SWMrIKPuAQFTY7HmPty0 SWMrIKPuAQFTY7HmPty0
y5HlDp3ZOU3fT35BihFS y5HlDp3ZOU3fT35BihFS
diWFyYW4KuKIAVWCVTOh diWFyYW4KuKIAVWCVTOh
Hj9GXo6u0dDYfg4xoW2T Hj9GXo6u0dDYfg4xoW2T
58PE6yTygndgQ75HC5PU 58PE6yTygndgQ75HC5PU
upn88whXcmTNEpbLaMgR upn88whXcmTNEpbLaMgR
4yCDRp1k04Ch6IBU1p1H 4yCDRp1k04Ch6IBU1p1H
