1 8 123 8 9 72 9 38 111 38 31 143 31 70 31 44 102 44 114 44 18 63 18 7 120 7 28 131 28 6 126 6 119 6 37 99 37 125 37 27 78 27 140 27 43 136 43 30 95 30 36 130 36 46 144 46 54 46 33 67 33 127 33 20 124 20 115 20 47 113 47 141 47 13 79 13 21 82 21 138 21 32 135 32 139 32 24 134 24 88 24 10 76 10 132 10 45 122 45 4 118 4 26 100 26 121 26 29 129 29 96 29 5 93 5 90 5 48 58 48 25 86 25 80 25 14 105 14 34 77 34 50 34 41 137 41 16 133 16 3 112 3 23 55 23 108 23 11 142 11 12 59 12 116 12 40 117 40 87 40 1 128 1
61
123 123
72 71 72 73
111 111
143 143
70 68 69 70
102 101 102 103
114 114
63 62 63 64
120 120
131 131
126 126
119 119
99 97 98 99
125 125
78 78
140 140
136 136
95 95
130 130
144 144
54 52 53 54
67 65 66 67
127 127
124 124
115 115
113 113
141 141
79 79
82 81 82 83
138 138
135 135
139 139
134 134
88 88
76 74 75 76
132 132
122 122
118 118
100 100
121 121
129 129
96 96
93 92 93 94
90 89 90 91
58 58
86 84 85 86
80 80
105 104 105 106 107
77 77
50 49 50 51
137 137
133 133
112 112
55 55 56 57
108 108 109 110
142 142
59 59 60 61
116 116
117 117
87 87
128 128
