g3ylJsdLuC idQHxtSnxr BUMLJo6sc3 fecMfiAuGC BUMLJo6sc3 jPXsbXPNMq BUMLJo6sc3 srT70dfQEr RN0bCAV6rQ pk0Vh75DnH 2fevl06VRg t25XjDwQhD 8ZKCAWlImg tubjzjzUpV M2hatQPY96 tubjzjzUpV 1KJyArncTt XlU2fx0ZPn BNkM7qaRNw yky49wE4YG Pv5LMSkQii yky49wE4YG WRd4lScvm6 yky49wE4YG BNkM7qaRNw IA0Uf143OT JD3uem81Lg D0kECQ0RvI emYRLTiyj9 LeZK9UvMT9 33omYiVXOD 5SSy593K31 WvFZJEkTrw 5SSy593K31 33omYiVXOD oCk2Yieytb bWDewy6WbV oCk2Yieytb Tk8ERvdKxF uIf3wnJUdn Tk8ERvdKxF WAi18jd2vJ S8BtTu4yH9 bserQRNqfz KpxiCfRqh3 WYEDqSuNRX oEdovEhrWM YpRs8m6oyX 2S929yZddP QTNhZIciNJ CSjLrGbUz3 xtp1B5q0W1 CSjLrGbUz3 QTNhZIciNJ h5Si5BAPN0 oIVQ2qkgnR 0hs3CNDF4L oIVQ2qkgnR bhojeHeddF oIVQ2qkgnR s3eMpsYH00 nKHFs5cKTX Oiowits7js nKHFs5cKTX 03xK87sjTf 7g0Idy1nzK KUJdxKVZFO fXy828RCG4 GQ4F0g3Mdj XW1Wn7EqpN rCoEuOa7EU 8KtuAXHUy3 EG1t1o8YrR fWIjO8yhE3 KHDeTTvJC1 fWIjO8yhE3 uvoepIQg9n LCKLTNE1vp TSSOUimHPg Q1N77BLmyb bsEkAY2K41 vUu8ijgxxf yvMowGbkvn u4LnQNaaiz 1N2P3Sa7im 1TfvXd6dPZ mbSdju1TJK 1TfvXd6dPZ u4FAx2sHZm 2OsmeZV9xh u4FAx2sHZm g2I4si69gU u4FAx2sHZm uqBwmUCwgE 4TTtdOaCTp biWuM2iRnz MXIvZpEPtW lfdanPGo3c Pijq8aHqIR qnkfLCmfDn yU6iUY8YgO XOxGPscMMG WcyuqGYOzU oWmQcQwHPo 2eMl9AO5o8 QrJxLpX875 dj8JMfo3hX idQHxtSnxr g3ylJsdLuC
60
idQHxtSnxr idQHxtSnxr
fecMfiAuGC fecMfiAuGC aEo62SfMqH
jPXsbXPNMq jPXsbXPNMq
srT70dfQEr srT70dfQEr
RN0bCAV6rQ RN0bCAV6rQ
pk0Vh75DnH pk0Vh75DnH
t25XjDwQhD t25XjDwQhD qjDSEKmZMW BUMLJo6sc3
tubjzjzUpV tubjzjzUpV WAi18jd2vJ
M2hatQPY96 M2hatQPY96 K05xB79KZo
XlU2fx0ZPn XlU2fx0ZPn
BNkM7qaRNw BNkM7qaRNw
Pv5LMSkQii Pv5LMSkQii 12ECENJIev
WRd4lScvm6 WRd4lScvm6 jBYJ7v19BQ
IA0Uf143OT IA0Uf143OT
JD3uem81Lg z9nRKYQ1ub JD3uem81Lg gZXiityEnU
emYRLTiyj9 emYRLTiyj9
LeZK9UvMT9 LeZK9UvMT9 YAqGe4tKAP
5SSy593K31 5SSy593K31 CUEWGmB7Gt 2O61j91J3T
WvFZJEkTrw WvFZJEkTrw
bWDewy6WbV bWDewy6WbV
Tk8ERvdKxF Tk8ERvdKxF
uIf3wnJUdn KUJdxKVZFO 1TfvXd6dPZ uIf3wnJUdn
S8BtTu4yH9 S8BtTu4yH9
KpxiCfRqh3 TBzLS0OAYU CxfzSa2YOV KpxiCfRqh3
oEdovEhrWM oEdovEhrWM
YpRs8m6oyX YpRs8m6oyX onlLq65Azx
2S929yZddP 2S929yZddP
QTNhZIciNJ QTNhZIciNJ
CSjLrGbUz3 CSjLrGbUz3 Pz3egMzKU8
xtp1B5q0W1 xtp1B5q0W1
h5Si5BAPN0 h5Si5BAPN0
oIVQ2qkgnR oIVQ2qkgnR GQ4F0g3Mdj
0hs3CNDF4L x7iq98BiN3 yky49wE4YG 0hs3CNDF4L
bhojeHeddF bhojeHeddF
s3eMpsYH00 s3eMpsYH00 723MhcLxt0
nKHFs5cKTX nKHFs5cKTX
Oiowits7js Oiowits7js r8njDwxc2t
03xK87sjTf 03xK87sjTf
fXy828RCG4 fXy828RCG4
XW1Wn7EqpN XW1Wn7EqpN
8KtuAXHUy3 8KtuAXHUy3 IT4pKw3giW
KHDeTTvJC1 KHDeTTvJC1
uvoepIQg9n uvoepIQg9n TP2TNyk7wl
LCKLTNE1vp LCKLTNE1vp vUu8ijgxxf
Q1N77BLmyb Q1N77BLmyb
bsEkAY2K41 bsEkAY2K41
yvMowGbkvn yvMowGbkvn
u4LnQNaaiz u4LnQNaaiz dMOAUqH7Z3
mbSdju1TJK mbSdju1TJK
2OsmeZV9xh FvzkpZRSj8 2OsmeZV9xh 0wTk0mYkLH
g2I4si69gU g2I4si69gU oVMPVsMWrZ mwzQG3SxnO TyL7NE2puV
uqBwmUCwgE 0mnwiU4XrT oCk2Yieytb
biWuM2iRnz biWuM2iRnz
lfdanPGo3c lfdanPGo3c
Pijq8aHqIR Pijq8aHqIR dj8JMfo3hX
qnkfLCmfDn qnkfLCmfDn 7g0Idy1nzK
yU6iUY8YgO yU6iUY8YgO
WcyuqGYOzU wRn7Oi1bcW 1QXjsHNYao WcyuqGYOzU
oWmQcQwHPo 97ZNlakBoq oWmQcQwHPo u4FAx2sHZm
QrJxLpX875 QrJxLpX875 4znnlMjVra
