htb26qt ht1efrhmh 4ka6l1c8w l8yypbh hwu8dv9jgknbm 6k7du f92ere3 e7lxs p9mtts 1161ildqnj piawzpgtzz9 7pbkkbbpw grn3uqx9y h1gz5hzz yhvc7zg y3eg7gqq6 9egqgrh7x4e kxhc6t8tu 8m3pascg zjh83ae yhp7wbv9 k3qywmpr 9lvbrlgk 52a3fj2zh itrx5fucdq t4iedm ysiw8m4l 4w6uhigzl pmyqr zou7sx9w nd9xavj 3khitn6 hyc885fvjls fej54ps5j a5u8g4sej iffsi mw8g2qjo1 1ca2x2cnc ic2r4blmm9 pt2n7hl euhqqqmdpe 1jhmm8m85 nm7ud hc2hf5t8 dt4ljfgjkizpq hq5mh8mi vrem3ey3kg44 obabms ml5lp1nmef 5stwoup ml5lp1nmef txlltgki s9vu9xx884 dlkmpx 37v6d yr44oj2 i6lsw66h wqkqf htb26qt
54
ht1efrhmh ht1efrhmh
4ka6l1c8w 4ka6l1c8w tu8xxomxhi 9oii82xaa 812l47wm
l8yypbh l8yypbh ushjdkdhm9
hwu8dv9jgknbm hwu8dv9jgknbm pt2n7hl
6k7du 6k7du
f92ere3 f92ere3 pwqxinlzb3s
e7lxs e7lxs
p9mtts p9mtts g2g6fxcwr2l
1161ildqnj q42s9z886w5 art44ncra 1161ildqnj
piawzpgtzz9 piawzpgtzz9 8gc7dka8lfy
7pbkkbbpw yg6hizqty 7pbkkbbpw ynuam4f8
grn3uqx9y grn3uqx9y
h1gz5hzz h1gz5hzz
yhvc7zg yhvc7zg
y3eg7gqq6 y3eg7gqq6 7hz6j8
9egqgrh7x4e 9egqgrh7x4e mucolb1r
kxhc6t8tu kxhc6t8tu aplkk57cpzm
8m3pascg 8m3pascg
zjh83ae zjh83ae
yhp7wbv9 yhp7wbv9
k3qywmpr k3qywmpr
9lvbrlgk 9lvbrlgk
52a3fj2zh 52a3fj2zh
itrx5fucdq itrx5fucdq og6n7bgq8h
t4iedm t4iedm 59yzvtv
ysiw8m4l ysiw8m4l
4w6uhigzl 4w6uhigzl ilaz9q
pmyqr pmyqr 6u4sf1gi
zou7sx9w zou7sx9w tjwldi
nd9xavj nd9xavj
3khitn6 3khitn6
hyc885fvjls hyc885fvjls
fej54ps5j fej54ps5j
a5u8g4sej a5u8g4sej
iffsi iffsi
mw8g2qjo1 mw8g2qjo1 kwtb3cg
1ca2x2cnc 1ca2x2cnc 8jea4n4ez 87jxa
ic2r4blmm9 vl6czuab ay5sahonq84 uzsjpl5f5 ic2r4blmm9
euhqqqmdpe euhqqqmdpe
1jhmm8m85 1jhmm8m85 gd5ct4
nm7ud nm7ud
hc2hf5t8 hc2hf5t8
dt4ljfgjkizpq dt4ljfgjkizpq x73l73jp
hq5mh8mi hq5mh8mi
vrem3ey3kg44 vrem3ey3kg44
obabms obabms
5stwoup 5stwoup
txlltgki txlltgki ozag34bm9
s9vu9xx884 s9vu9xx884
dlkmpx dlkmpx
37v6d 37v6d
yr44oj2 yr44oj2 yx6dguko
i6lsw66h i6lsw66h
wqkqf wqkqf
