y1ueyuwp 3hlob94j5u ehy39 yida2btlrgcd2it mqt67y9n xllfi9b bmicm4au quxig9xz2 95nsenz6 jjeivv4j55 rkd38ui5s4 8erlfq j2pso94 nnie92a fhrrge nnie92a 38s4jyp4eu 2y9obuu 6u33i 31raz5hp9v m6ncea3 w4qoh15 8eg2mee u4xzrfm7f kc3zwg52 my85gnmouy kab7t8o7qjj 7og7qr4t86 p53u2x9bku99j f3vyq53xc 4cddmu86gmo y1ueyuwp
27
3hlob94j5u 3hlob94j5u svhmnjst1e 9956fi
ehy39 ehy39 q847myi
yida2btlrgcd2it yida2btlrgcd2it
mqt67y9n mqt67y9n
xllfi9b xllfi9b
bmicm4au bmicm4au kch7lui7
quxig9xz2 quxig9xz2
95nsenz6 95nsenz6
jjeivv4j55 jjeivv4j55
rkd38ui5s4 rkd38ui5s4
8erlfq vehkyi71w 8erlfq t9q1ztn8723
j2pso94 j2pso94 umnww3
fhrrge fhrrge
38s4jyp4eu 38s4jyp4eu
2y9obuu 2y9obuu
6u33i 6u33i 2bwd2j
31raz5hp9v eq5c5ygub l12pu 31raz5hp9v yik8cqxn2
w4qoh15 w4qoh15
8eg2mee 8eg2mee
u4xzrfm7f u4xzrfm7f uus7jirbe swoprer
kc3zwg52 kc3zwg52
my85gnmouy my85gnmouy
kab7t8o7qjj kab7t8o7qjj vnsdusp
7og7qr4t86 7og7qr4t86 8cfvpx26xwcwt
p53u2x9bku99j p53u2x9bku99j ywksl5wd
f3vyq53xc f3vyq53xc
4cddmu86gmo 4cddmu86gmo
