M2S9flVUcYP2sJdh8LXf EtrZREkmL456viQQJ9Rb Pqf0Sn4UvsBLaxz7WO4n nbZglhhmYQAPQz4eETaj Kfu1pc3YPMGebW7Iu8ex dKH5OdpmJKCU83bbXVxZ 48nWZMVqWDxfH9uMf2U3 PZrpdQAa8H8tkrajh08J sH3pvLOfMUrEGUrmsHCu tuE7UekaxGUib4idWtYa 93aDiM8K0XhtiVcCVKi2 X9TJsvmT50zYeG0q6XSG Bc6dudheE3WGLxP0iDdK E84Fbb1fDMRXU6XgwbS0 Z0DuoZMcx6oyDPWFznMK 5jhNGHh0Et1Lidy4vCpq yZPIHwySFuIdRJCMzjnz L8bxdxuDa5issn2PiN3u Jjat3uJ5XboI9kZe0522 L8bxdxuDa5issn2PiN3u NMTjl1jsvrb7y2ggdCSc ECCnzlgsMEvTYjNwAlfM Eu0wGcDBBrgvePzHfqrS Dc1wEVV3kuOZotG6pNlL ag5vZ07KPwCr1Lpz8zM0 fmFrd4vggNac5TkiFJAd ag5vZ07KPwCr1Lpz8zM0 Dc1wEVV3kuOZotG6pNlL Dt5YfbjQq6VoKnyw6Zav JajH9BPb1gw5kQ2oTRnP zdtRVpQ9lVyEhNj9Evpp gZVNRDm5p6aX5QEEX8UG vxiwkV1b5fV2sGCBFsRQ 5gumrx48u1yPpF6ivPOI yHMPX8vHctuUweyLluyz 8bAWPVah2FAS7l954jrS Yj14cJHLteGLwnT0JCVo 4bQwji0D4wyEDLd54MWv 8KfYYXeMqM0D4nShLOzi tUowOUG1V7iCXBCMR0AT 9Jr76N4fnNot7SNYqBKG jgcWqrcniA4q9WNs9xkc cdaizmjQrCe5Vnwy3JQF tVhIJJgs0kEFaQx1hdWm M2S9flVUcYP2sJdh8LXf
30
M2S9flVUcYP2sJdh8LXf M2S9flVUcYP2sJdh8LXf
EtrZREkmL456viQQJ9Rb EtrZREkmL456viQQJ9Rb 93aDiM8K0XhtiVcCVKi2
Pqf0Sn4UvsBLaxz7WO4n Pqf0Sn4UvsBLaxz7WO4n S8uMGvUglWyhnfV5Wzdp 0uvEfLgT4s8ImTk9VWBt 9GrchmlNCDIapQ9OnEYh
nbZglhhmYQAPQz4eETaj nbZglhhmYQAPQz4eETaj
Kfu1pc3YPMGebW7Iu8ex Kfu1pc3YPMGebW7Iu8ex
dKH5OdpmJKCU83bbXVxZ dKH5OdpmJKCU83bbXVxZ k7k4sHxeh1pR4sOjcVuj
48nWZMVqWDxfH9uMf2U3 48nWZMVqWDxfH9uMf2U3 XmlH4l2BXG35TF70bZqZ
PZrpdQAa8H8tkrajh08J PZrpdQAa8H8tkrajh08J
sH3pvLOfMUrEGUrmsHCu sH3pvLOfMUrEGUrmsHCu vodEvdIApqt0N3TZsbxN
Bc6dudheE3WGLxP0iDdK Bc6dudheE3WGLxP0iDdK
Z0DuoZMcx6oyDPWFznMK Z0DuoZMcx6oyDPWFznMK
yZPIHwySFuIdRJCMzjnz yZPIHwySFuIdRJCMzjnz
L8bxdxuDa5issn2PiN3u L8bxdxuDa5issn2PiN3u dOKaHsIcDX32wPXAX2Gt
Jjat3uJ5XboI9kZe0522 Jjat3uJ5XboI9kZe0522
NMTjl1jsvrb7y2ggdCSc NMTjl1jsvrb7y2ggdCSc
ECCnzlgsMEvTYjNwAlfM ECCnzlgsMEvTYjNwAlfM LNMZej67uy0Whvqp5OR1
Eu0wGcDBBrgvePzHfqrS Eu0wGcDBBrgvePzHfqrS Z8MZ2JfftjeVVnGFSOQe
fmFrd4vggNac5TkiFJAd fmFrd4vggNac5TkiFJAd
Dt5YfbjQq6VoKnyw6Zav Dt5YfbjQq6VoKnyw6Zav
zdtRVpQ9lVyEhNj9Evpp zdtRVpQ9lVyEhNj9Evpp
gZVNRDm5p6aX5QEEX8UG gZVNRDm5p6aX5QEEX8UG v0QJIKD4q7sFXrzFSb6J
vxiwkV1b5fV2sGCBFsRQ vxiwkV1b5fV2sGCBFsRQ 8KfYYXeMqM0D4nShLOzi
5gumrx48u1yPpF6ivPOI 5gumrx48u1yPpF6ivPOI
yHMPX8vHctuUweyLluyz yHMPX8vHctuUweyLluyz
4bQwji0D4wyEDLd54MWv 4bQwji0D4wyEDLd54MWv oWxP87H6AXwFzF0dpB9d
tUowOUG1V7iCXBCMR0AT tUowOUG1V7iCXBCMR0AT
9Jr76N4fnNot7SNYqBKG 9Jr76N4fnNot7SNYqBKG pNXWB5geApaSjbsCCT4J
jgcWqrcniA4q9WNs9xkc jgcWqrcniA4q9WNs9xkc LxEzX08MG9T8knIYbul0 zD7ErBenXxsG4D9b5TEV
cdaizmjQrCe5Vnwy3JQF uy6RcQAYd3ATM1Icq3my cdaizmjQrCe5Vnwy3JQF W4IxjYZtRN88GGSV9Uoc m1IYiQsUBuvvpTv7yWXO H59EihDjhfpS7ToXFM3L
tVhIJJgs0kEFaQx1hdWm tVhIJJgs0kEFaQx1hdWm
