Chattanooga Jackson HuntingtonBeach Minneapolis NewportNews Minneapolis Garland Naperville Garland Pomona FortCollins Salem PembrokePines Olathe Mobile Midland Anchorage Surprise Murfreesboro Salinas GardenGrove Phoenix LittleRock CapeCoral Oceanside Fontana Joliet Madison Denton Madison Lincoln OklahomaCity Irvine Syracuse NewYork Anaheim MorenoValley Tallahassee MorenoValley Henderson Orange Frisco Orange Aurora Fayetteville Aurora Lexington Aurora Tempe Scottsdale Riverside Indianapolis FortLauderdale Savannah ElkGrove McAllen Oxnard Tacoma Huntsville Fremont Honolulu Miramar PortStLucie Plano Yonkers Durham Roseville Memphis CorpusChristi Worcester Fresno GrandRapids Fresno Corona Lubbock Louisville Hollywood GrandPrairie LongBeach Waco Albuquerque Cincinnati WinstonSalem Knoxville Berkeley Springfield SantaClarita Hayward Akron RanchoCucamonga Newark NewOrleans ElPaso Chattanooga
56
Chattanooga Vancouver FortLauderdale Ontario
Jackson Jackson Alexandria
NewportNews NewportNews
Naperville Naperville
Pomona Pomona
Salem Salem
Olathe Olathe
Midland Midland
Anchorage Anchorage Plano
Surprise Surprise
Murfreesboro Murfreesboro
GardenGrove GardenGrove
Phoenix Chicago Phoenix SanAntonio SanDiego SanJose Austin
CapeCoral CapeCoral Shreveport
Oceanside Oceanside
Fontana Fontana SantaClarita
Joliet Joliet
Madison Madison
Denton Denton
Lincoln Lincoln Orlando
Syracuse Syracuse
NewYork NewYork LosAngeles
Tallahassee Tallahassee
Henderson Henderson SaintPaul
Orange Orange
Frisco Frisco
Fayetteville Fayetteville
Lexington Lexington
Tempe Tempe
Riverside Bakersfield Aurora Anaheim Honolulu SantaAna Riverside
Indianapolis Jacksonville FortWorth SanFrancisco Charlotte Indianapolis
Savannah Savannah Paterson
McAllen McAllen
Oxnard Oxnard
Tacoma Tacoma SanBernardino
Fremont Fremont Boise Richmond BatonRouge Spokane DesMoines
PortStLucie PortStLucie
Yonkers Yonkers
Durham Durham ChulaVista
Memphis Memphis
Worcester Worcester Brownsville
GrandRapids GrandRapids
Corona Corona
Lubbock Buffalo Lubbock Scottsdale Glendale
Louisville Louisville Baltimore
GrandPrairie GrandPrairie
Waco Waco
Cincinnati Cincinnati
Knoxville Knoxville
Berkeley Berkeley
Springfield Springfield
Hayward Hayward
Akron Akron LittleRock
Newark Irvine Newark Toledo
NewOrleans KansasCity Raleigh Wichita Cleveland
ElPaso Washington Boston ElPaso
