SaintPaul SanJose SanDiego SanJose Madison Louisville Memphis Honolulu Lubbock Austin LosAngeles Plano Chandler Greensboro LongBeach Dallas Tucson Raleigh Tucson Philadelphia Oakland Atlanta Toledo JerseyCity Lincoln Charlotte ChulaVista Cincinnati Phoenix Durham Phoenix Columbus Glendale Hialeah OklahomaCity FortWayne Anchorage Cleveland Fresno Spokane Fresno Chesapeake Houston Newark Scottsdale Newark Garland SaintPaul
29
SaintPaul Lexington Stockton Henderson
SanDiego SanAntonio SanDiego Dallas SanJose
Madison Madison
Memphis Memphis
Honolulu Bakersfield Aurora Honolulu SantaAna
Lubbock Lubbock
Austin Austin FortWorth
Plano Plano
Chandler Chandler
LongBeach LongBeach Tampa NewOrleans
Tucson Tucson
Raleigh Raleigh
Atlanta Atlanta
JerseyCity JerseyCity StPetersburg Laredo
Lincoln Lincoln
Charlotte Charlotte Indianapolis Denver ElPaso
Cincinnati Cincinnati Pittsburgh
Durham Durham
Columbus Columbus
Glendale Glendale WinstonSalem
Hialeah Hialeah
OklahomaCity OklahomaCity Baltimore Milwaukee
FortWayne FortWayne
Anchorage Anchorage
Spokane Spokane
Chesapeake Chesapeake
Houston Houston Phoenix
Newark Newark
Scottsdale Scottsdale
