Hernandezville Beckyshire Derekton Wallaceville Morenoside Johnport Morenoside Wallaceville Derekton Beckyshire Ponceville Bridgesville Riveramouth Martinton Deborahfort Martinton Riveramouth Bradshawside Riveramouth Bridgesville Dennisstad Wilsonburgh Dennisstad Bridgesville Esparzaberg Kristinbury Allenberg Kristinbury Esparzaberg Thomasburgh Sanchezland Thomasburgh Esparzaberg Bridgesville Ponceville Mcculloughchester Jonestown Kellyfort Tinatown Kellyfort Pittsland Kellyfort Jonestown Barbarachester Jonesberg Barbarachester Jonestown Mcculloughchester Ponceville Garymouth Camposstad Donaldstad Thomastown Donaldstad Camposstad Williamsville Camposstad Garymouth Christophertown Crystaltown Johnsontown Crystaltown Christophertown Garymouth Ponceville Beckyshire Hernandezville Joelview Farmerside Ralphtown Stricklandbury Tylermouth Deanstad Tylermouth Stricklandbury Ralphtown Farmerside Gabriellabury Courtneyfurt Morrisbury Courtneyfurt Gabriellabury Murphyberg Hendersonchester Murphyberg Gabriellabury Farmerside Ryanton Williamsmouth Mcdonaldmouth Adkinsfurt Mcdonaldmouth Williamsmouth Ryanton Farmerside Joelview Mitchellchester Lopezmouth Heathermouth Emilymouth Heathermouth Lopezview Robertsfort Lopezview Heathermouth Lopezmouth Dixonton Keithton Aprilstad Keithton Andrewland Keithton Dixonton Francesmouth Richardville Francesmouth Dixonton Lopezmouth Mitchellchester Joelview Downsville Richardhaven Tammychester Richardhaven Downsville Joelview Hernandezville
32
Hernandezville Belindamouth Kristinbury
Johnport Johnsonmouth Johnport Charlesburgh
Deborahfort Deborahfort
Bradshawside Bradshawside Wandaside Lopezview Brianland
Wilsonburgh Wilsonburgh
Allenberg Allenberg
Thomasburgh Rebeccaton Martinton Thomasburgh
Sanchezland Sanchezland
Kellyfort Kellyfort
Tinatown Tinatown Smithmouth
Pittsland Pittsland Angelaview
Barbarachester Barbarachester
Jonesberg Jonesberg
Donaldstad Donaldstad Contrerasland
Thomastown Thomastown Johnstonmouth
Williamsville Harristown Huynhton Williamsville
Crystaltown Crystaltown
Johnsontown Johnsontown
Tylermouth Tylermouth
Deanstad Deanstad
Morrisbury Morrisbury
Hendersonchester Hendersonchester Josephton
Mcdonaldmouth Mcdonaldmouth
Adkinsfurt Adkinsfurt
Emilymouth Emilymouth Robertborough
Robertsfort Robertsfort
Keithton Keithton Amberfurt
Aprilstad Aprilstad Haasville
Andrewland Andrewland
Francesmouth Francesmouth
Richardville Richardville
Tammychester Tammychester
