K B CA EN FD BL EL DG DM DI DK EB DC EB AN GO V FI FO FZ G BE BY AK AX GA Y FP CE EQ GF CT GI FE DO BO FJ EC P GJ DB DX FG AU FR GK AU CQ H BR CJ FH CK CW BB AF ED GC CI CY EU AH AS FM EH FU FX DR C EZ CM GR BF DV GD FS BH K
63
K L M
B B
EN EN EO
FD FD
BL BL
EL EJ EK EL EM
DG DG DH
DI DI
DK DK
DC DC
AN AN
GO GO
V T U V
FI FI
FO FO
FZ FZ
G G I
BY BX BY CB
AX AW AX BA
Y X Y Z AB
FP FP
CE CE CF
EQ EQ
GF GE GF GG
CT CT
GI GI
FE FE
BO BO
FJ FJ
EC DZ EA EC
P P R
GJ GJ
DB DB
DX DX
FG FG
FR FR
GK GK GL
CQ CQ
BR BP BQ BR
CJ CJ
FH FH
CK CK
CW CW
BB BB BE
AF AF AG
ED ED EG
GC GC
CY CY
EU EU EV
AH AH AJ AM
AS AS
FM FM
EH EH
FU FU FV
FX FX
DR DP DR DS
EZ EZ
CM CM
GR GR
BF BF BG BI BJ
DV DV
GD GD
FS FS
