start home183 start home182 start home184 start home181 start home186 start home180 start loc1 loc2 loc3 home167 loc3 home175 loc3 home174 loc3 home176 loc3 home173 loc3 home177 loc3 home172 loc3 home178 loc3 home170 loc3 home179 loc3 home168 loc3 loc4 loc5 loc6 loc7 loc8 loc9 loc10 loc11 home156 loc11 home161 loc11 home160 loc11 home162 loc11 home159 loc11 home163 loc11 home158 loc11 home165 loc11 home157 loc11 loc12 loc13 loc14 loc50 loc20 home146 loc20 home155 loc20 home152 loc20 home153 loc20 home151 loc20 home154 loc20 home150 loc20 home148 loc20 loc50 loc26 loc27 loc28 loc55 home136 loc55 home144 loc55 home140 loc55 home142 loc55 home138 loc55 loc28 loc27 loc26 loc50 loc77 loc76 loc75 loc74 home124 loc74 home134 loc74 home130 loc74 home132 loc74 home128 loc74 loc73 loc72 loc71 loc70 loc69 loc68 loc99 loc98 loc97 loc96 loc95 loc94 home113 loc94 home122 loc94 home118 loc94 home120 loc94 home117 loc94 loc93 loc92 loc91 loc90 loc89 loc88 loc87 loc86 loc85 home104 loc85 home105 home197 home105 loc85 home110 loc85 home108 loc85 home107 home199 home107 loc85 home106 home198 home106 loc85 loc56 loc29 home103 home196 home103 loc29 home102 home195 home102 home194 home102 loc29 home101 home192 home101 loc29 home100 home190 home100 home188 home100 loc29 start
64
home183 home183
home182 home182
home184 home184 home185
home181 home181
home186 home186 home187
home180 home180
home167 home167
home175 home175
home174 home174
home176 home176
home173 home173
home177 home177
home172 home172
home178 home178
home170 home170 home171
home179 home179
home168 home168 home169
home156 home156
home161 home161
home160 home160
home162 home162
home159 home159
home163 home163 home164
home158 home158
home165 home165 home166
home157 home157
home146 home146 home147
home155 home155
home152 home152
home153 home153
home151 home151
home154 home154
home150 home150
home148 home148 home149
home136 home136 home137
home144 home144 home145
home140 home140 home141
home142 home142 home143
home138 home138 home139
home124 home124 home125 home126 home127
home134 home134 home135
home130 home130 home131
home132 home132 home133
home128 home128 home129
home113 home113 home114 home115 home116
home122 home122 home123
home118 home118 home119
home120 home120 home121
home117 home117
home104 home104 home105
home197 home197
home110 home110 home111 home112
home108 home108 home109
home199 home199
home106 home106 home107
home198 home198
home196 home196
home102 home102 home103
home195 home195
home194 home194
home192 home192 home193
home100 home100 home101
home190 home190 home191
home188 home188 home189
