152 27 97 162 157 160 175 160 45 58 48 182 5 113 4 121 62 0 95 35 166 74 73 165 116 147 66 171 36 142 169 140 105 140 76 13 38 6 144 65 139 101 119 163 91 94 180 51 172 170 129 22 112 31 111 168 111 185 183 50 184 152
41
152 149 151 153
27 27 28
97 97
157 157
175 175
45 45
58 54 56 58 60
182 182
113 113
121 121 126
0 0 2 5 8 9 12
95 95 96
35 35 37
166 166
73 73 75
165 165
116 116
66 66
171 171
142 142 143
169 169
105 105
13 13
38 38 41 42
144 144 145
65 65
139 130 134 136 139
101 101
163 163
94 78 79 81 85 87 89 90 92 94
180 180 181
51 51 53
172 172
170 170
112 112
31 31
111 111
168 168
183 183
50 50
184 184
