location12 location84 location19 location8 location24 location8 location76 location71 location15 location49 location59 location51 location67 location53 location89 location39 location79 location17 location11 location77 location0 location72 location94 location72 location32 location86 location32 location72 location36 location42 location54 location42 location19 location1 location60 location1 location19 location84 location12
18
location12 location12 location13 location14 location16
location19 location19
location24 location24 location26 location27
location71 location71
location49 location49
location51 location51
location67 location67
location89 location89
location79 location79
location11 location11
location77 location77
location0 location0 location1 location5
location72 location72 location74
location94 location94
location86 location86 location87
location36 location28 location31 location35 location36
location54 location54 location57
location60 location60 location63
