4HOMU ZRPB5 61QWU LEBVZ L2PQE TCC7B 4HSLO YJ67U 8CLEZ Z22CS KOYRV 3AIXW Q5DAA ZZH8Z SYV5N Y4WG4 PMFJ2 1RS2N PYPSO 76HUN AT3CI VHCFR VZJYR 69BJO IF7TL LLTLN C45HH BVMDZ MC71K LKP22 HWKGJ C8O6I 1F0YL L2GJ5 EDSMH WI88U P419D FC0PR WBT4L 6WOBI WBT4L A1QRL HZHRA V8GEC 1X6L1 WZB33 H3R1V 0U9HU KC9RF IZESQ ZN2EP 4YS4G 52MNN UW44H Y61KP TBPBM ZHSBU FCYPJ RAAD4 BE5V8 ELH5L W2M5C CM5WA 53Y1R 6OA3K CFGE5 X180A DDXG0 DL8LT 4HOMU
58
4HOMU C7WKJ
ZRPB5 SKPO7 ZRPB5 T9O11
61QWU 61QWU
LEBVZ LEBVZ
L2PQE L2PQE 945CN
TCC7B TCC7B
YJ67U YJ67U
8CLEZ 8CLEZ
KOYRV KOYRV XEEQB
3AIXW 3AIXW
ZZH8Z ZZH8Z
SYV5N SYV5N 768ZF RU85S
PMFJ2 PMFJ2
1RS2N 1RS2N
PYPSO PYPSO
AT3CI AT3CI
VHCFR VHCFR
69BJO 69BJO
IF7TL IF7TL V22SY PXCIN K50JQ JXLE1 H1LTE PTADN
LLTLN LLTLN
C45HH C45HH
BVMDZ BVMDZ
MC71K OLLV9 WXZHF OIPRN MC71K
LKP22 LKP22
HWKGJ SHOOM HWKGJ 6ACGE DTPF4
C8O6I C8O6I
1F0YL 1F0YL DOLRQ 50J5H WP2MA
L2GJ5 L2GJ5 2C63O
EDSMH EDSMH
WI88U WI88U TORQI
P419D P419D NPDI9
FC0PR FC0PR
6WOBI 6WOBI
A1QRL A1QRL
HZHRA HZHRA
V8GEC V8GEC
1X6L1 Q5DAA 8EXDQ W2H22
WZB33 WZB33 4WDJE
0U9HU 0U9HU
KC9RF KC9RF
IZESQ IZESQ 2BUI5
ZN2EP ZN2EP
52MNN 52MNN
UW44H 45JXE UW44H 0D2BR M1HJR LIRLU
Y61KP Y61KP 9WSXC
TBPBM TBPBM
ZHSBU ZHSBU DCHO3
FCYPJ FCYPJ
RAAD4 RAAD4 FRZVP
BE5V8 7GA8O 7U3JG BE5V8
ELH5L ELH5L
W2M5C TY0L7 W2M5C SA6G0
CM5WA CM5WA
53Y1R 53Y1R TI35I
6OA3K 6OA3K
CFGE5 CFGE5 Q7FCL 0VPRW
X180A X180A
DDXG0 DDXG0
