5 94 109 152 58 122 166 199 189 103 189 77 196 77 143 172 159 90 149 28 180 112 82 129 146 129 82 171 104 83 151 19 81 76 156 15 119 67 119 71 178 65 30 25 142 188 110 35 116 95 23 99 161 179 78 29 164 29 193 165 63 165 173 165 154 187 194 191 91 150 130 64 37 177 18 85 18 192 96 155 40 123 69 183 69 153 69 138 55 138 34 133 34 121 157 121 52 162 84 109 94 5
51
5 1 2 9 10 11
152 152
122 122
199 199
189 189
103 100 101 102 103
196 196
143 143
159 159
149 149
28 28
180 180
82 75 76 77 78 80 81 83
146 146
171 168 170 171
104 104 105
151 151
156 156
67 67
178 178
25 25 26
188 188
110 110
116 116
99 99
179 179
164 164
193 193
63 58 61 63
173 173 174
154 154
187 187
194 194
91 91 92
64 64
177 177
18 14 16 17 18 20 22
85 85
192 192
96 96
123 123
69 68 69 71
183 183 184
153 153
138 135 137 138 140
55 55 56
34 31 32 33 34 37 39 41 42 43 44 46 47 48 50
133 133
157 157 158
52 51 52 53
162 162
