A29 A67 A52 A36 A75 A82 A18 A47 A66 A99 A93 A12 A59 A12 A85 A54 A65 A7 A77 A7 A68 A7 A2 A7 A90 A7 A13 A97 A18 A81 A34 A81 A8 A60 A1 A88 A6 A15 A6 A30 A26 A30 A49 A31 A51 A31 A4 A91 A45 A71 A10 A71 A0 A21 A39 A76 A95 A19 A72 A5 A29
31
A29 A27 A28 A29
A52 A52 A53
A36 A36 A38
A82 A82
A18 A18
A47 A47
A66 A66 A67
A99 A99
A59 A59
A85 A85
A54 A54 A55
A65 A65
A77 A77 A79
A68 A68 A69
A2 A2 A3
A90 A90
A13 A12 A13 A14
A97 A97
A34 A34 A35
A60 A60
A88 A88 A89
A6 A6
A15 A15 A16
A30 A30 A31 A32
A26 A26
A51 A51
A91 A91 A92
A10 A10
A39 A39
A95 A95 A96
A72 A72 A73
