Soda 160 113 148 187 144 170 131 99 162 168 185 109 126 152 138 172 107 130 179 174 142 158 193 197 195 154 146 111 164 183 181 121 177 136 166 156 134 117 115 189 105 140 103 150 123 191 101 Soda
47
160 160 161
113 113 114
148 148 149
187 187 188
144 144 145
170 170 171
131 131 132 133
99 99 100
162 162 163
168 168 169
185 185 186
109 109 110
126 125 126 127
152 152 153
138 138 139
172 172 173
107 107 108
130 128 129 130
179 179 180
174 174 175 176
142 142 143
158 158 159
193 193 194
197 197 198
195 195 196
154 154 155
146 146 147
111 111 112
164 164 165
183 183 184
181 181 182
121 120 121 122
177 177 178
136 136 137
166 166 167
156 156 157
134 134 135
117 117 118 119
115 115 116
189 189 190
105 105 106
140 140 141
103 103 104
150 150 151
123 123 124
191 191 192
101 101 102
