Soda 50 51 58 59 58 51 52 61 52 53 64 53 52 51 50 55 50 Soda a a0 a b c d e f g h i j k l l0 l k j i i1 i h g g1 g f e e1 e d c b b1 b a Soda o p r s u w y w u s r p o Soda 66 67 80 81 82 81 80 67 85 86 87 88 89 88 87 86 85 67 68 90 91 92 93 94 93 92 91 90 68 95 96 97 98 99 98 97 96 95 68 69 68 67 66 70 71 72 73 74 73 72 71 70 66 75 76 77 76 75 66 Soda
22
58 58
59 59
61 60 61 62 63
64 64 65
55 54 55 56 57
a0 a0 a1
l0 k1 l0 l1
i1 h1 i0 i1 j0 j1 k0
g1 g0 g1 h0
e1 c1 d0 d1 e0 e1 f0 f1
b1 b0 b1 c0
y y
82 82 84 87
89 89
92 92
94 94
97 97
99 99
69 69
72 72
74 74
77 77 79
