F8 C3 C8 O1 M0 D8 O2 R3 A2 I4 R6 Q3 K1 G1 S5 G4 N8 L6 K3 R4 E7 K9 L9 I9 R9 E3 M6 P2 N0 G9 S2 P5 H6 N1 A8 Q8 Q7 F6 I6 B4 N6 D9 S7 P7 Q5 J1 F2 H0 T8 T5 P9 F1 I0 N4 D3 O5 I3 R0 S8 H3 T0 K5 C0 M5 F8
61
F8 F9 G0
C3 C3 C4
C8 C8
O1 O1
M0 M0
D8 D5 D7 D8
O2 O2 O3
A2 A0 A1 A2 A3
I4 I2 I3 I4
R6 R6 R8
Q3 Q3
K1 K1
G1 G1
S5 S5
G4 G4 G6
N8 N8
L6 L6
K3 K3
R4 R4
E7 E7 E8
L9 L9
I9 I8 I9 J0
R9 R9 S0
E3 E2 E3 E4 E5
M6 M6
P2 P2
N0 N0
G9 G9
S2 S2
P5 P5 P6
H6 H6
N1 N1 N2
A8 A8 A9 B0
Q8 Q8
Q7 Q7
F6 F6
I6 I6
B4 B2 B3 B4
N6 N6 N7
D9 D9
S7 S7
P7 P7
Q5 Q5
J1 J1 J2
F2 F2
H0 H0 H1 H2
T8 T8 T9
T5 T5
P9 P9 Q0
F1 F1
I0 I0
N4 N4
D3 D3 D4
O5 O5
R0 R0
S8 S8 S9
H3 H3 H4 H5
T0 T0 T1
K5 K5 K6
C0 C0 C1 C2
M5 M5
