Qwilfish Drampa Gengar Tauros Swadloon Magnemite Weepinbell Honedge Noibat Nincada Comfey Lumineon Kakuna Treecko Seaking Munna Seaking Bastiodon Whismur Dewpider Sandile Vullaby Drapion Lotad Politoed Tornadus Noibat Skiddo Phanpy Magmar Volcarona Vullaby Porygon2 Vullaby Paras Tsareena Shellder Vespiquen Inkay Metapod Weezing Escavalier Woobat Crawdaunt Metang Lotad Wartortle Zekrom Conkeldurr Stufful Jumpluff Plusle Wailord Xerneas Yungoos Bounsweet Froakie Drampa Qwilfish
51
Qwilfish Qwilfish Simisear
Drampa Drampa
Gengar Gengar
Tauros Tauros
Swadloon Swadloon
Magnemite Magnemite
Weepinbell Weepinbell
Honedge Honedge Amoonguss
Noibat Noibat
Nincada Nincada
Comfey Comfey
Lumineon Lumineon
Kakuna Kakuna
Treecko Treecko
Seaking Seaking
Munna Munna
Bastiodon Bastiodon
Whismur Whismur
Dewpider Dewpider Shellos
Sandile Sandile Magmar
Vullaby Vullaby
Drapion Drapion Meloetta
Lotad Lotad Scatterbug
Politoed Politoed Tropius
Tornadus Tornadus Skorupi
Skiddo Skiddo
Phanpy Phanpy Terrakion
Volcarona Volcarona Slurpuff
Porygon2 Porygon2 Slowbro
Paras Paras
Tsareena Tsareena
Shellder Shellder
Vespiquen Vespiquen
Inkay Inkay Steenee
Metapod Metapod
Weezing Weezing
Escavalier Escavalier
Woobat Woobat
Crawdaunt Crawdaunt
Metang Metang Taillow
Wartortle Wartortle
Zekrom Zekrom
Conkeldurr Conkeldurr
Stufful Stufful
Jumpluff Jumpluff
Plusle Plusle
Wailord Wailord
Xerneas Xerneas
Yungoos Yungoos
Bounsweet Bounsweet
Froakie Froakie
