BerkeleyArtMuseumand FallProgramforFreshm LawrenceHallofScienc McConeHall Demography BancroftDanceStudio InsectaryGreenhouse Sebastians McLaughlinHall EvansHall EllsworthParkingStru UpperHearstParkingSt ClarkKerrCampus InternationalHouse NaturalResourcesLabo MagnesCollectionofJe GianniniHall BanwayBuilding ManvilleHall EnergyBiosciencesBui MathematicalSciences MosesHall CoryHall UniversityHealthServ GolbousPlace ObservatoryHill LatinAmericanStudies MorrisonHall MariesHouse LiKaShingCenter EvansDiamond IRLE SpiekerAquaticsCompl LegendsAquaticCenter BerkeleyArtMuseumand
34
BerkeleyArtMuseumand BerkeleyArtMuseumand LowerHearstParkingSt PacificFilmArchiveBe FoxCottage2350Bowdit KoshlandHall Unit1ResidentHall LeConteHall EdwardsTrackStadiumG ArchitectsEngineersA HavilandHall AnthonyHall LawrenceBerkeleyNati CesarEChavezStudentC HenryHWheelerBrainIm NorthField MartinezCommons AlumniHouse WarrenHall CaliforniaHall AcademicInnovationSt BowlesHall Library CheitHall AHammock StanleyHall LawSchool GoldmanField MaxwellFamilyFieldan HaasSchoolofBusiness UniversityHouse MulfordHall BarrowsHall KoretVisitorCenter PublicAffairsOfficeo WellmanHall ChancellorsEsplanade InvestigativeReporti GraduateTheologicalU SatherTower FacultyGlade EastAsianStudiesInst ZellerbachHall BancroftLibrary SutardjaDaiHall SimonHall FacultyClub SimpsonCenterforStud HearstMemorialMining CareerCenter
FallProgramforFreshm FallProgramforFreshm
LawrenceHallofScienc LawrenceHallofScienc
McConeHall McConeHall
Demography Demography
BancroftDanceStudio BancroftDanceStudio
InsectaryGreenhouse InsectaryGreenhouse
Sebastians Sebastians
McLaughlinHall McLaughlinHall
EvansHall EvansHall
EllsworthParkingStru EllsworthParkingStru
UpperHearstParkingSt UpperHearstParkingSt
ClarkKerrCampus ClarkKerrCampus
InternationalHouse InternationalHouse
NaturalResourcesLabo NaturalResourcesLabo
MagnesCollectionofJe MagnesCollectionofJe
GianniniHall GianniniHall
BanwayBuilding BanwayBuilding
ManvilleHall ManvilleHall
EnergyBiosciencesBui EnergyBiosciencesBui
MathematicalSciences MathematicalSciences
MosesHall MosesHall
CoryHall CoryHall
UniversityHealthServ UniversityHealthServ
GolbousPlace GolbousPlace
ObservatoryHill ObservatoryHill
LatinAmericanStudies LatinAmericanStudies
MorrisonHall MorrisonHall
MariesHouse MariesHouse
LiKaShingCenter LiKaShingCenter
EvansDiamond EvansDiamond
IRLE IRLE
SpiekerAquaticsCompl SpiekerAquaticsCompl
LegendsAquaticCenter LegendsAquaticCenter
