0 2 3 4 5 4 3 2 0 7 8 74 66 62 58 56 52 55 52 56 58 62 66 74 8 10 11 71 68 71 11 10 72 67 63 59 57 51 60 61 65 69 73 12 30 31 14 17 18 17 14 47 48 49 92 90 92 49 50 93 89 94 88 80 43 91 46 47 14 15 76 78 99 85 99 86 99 79 81 41 33 36 35 39 37 84 87 82 83 98 97 96 95 75 38 34 29 28 27 77 27 28 26 10 9 24 9 7 0
52
0 0 1
3 2 3 4
5 5 6
74 74
66 66
58 58
55 55 56
71 71
68 68
72 72
67 67
63 63 64
59 59
57 57
60 60
61 61 62
65 65
69 69 70
73 73
30 28 29 30 31 32 33 34
14 7 8 9 10 11 12 13 14 15 16 17
18 18 19
47 41 42 43 44 45 46 47 48 49 50 51 52 53 54
92 92
90 90
93 93
89 89
94 94
88 88
80 80
91 91
76 76
78 78
99 99
85 85
86 86
79 79
81 81
35 35 36
39 39 40
37 37 38
87 87
82 82
83 83 84
98 98
97 97
96 96
95 95
75 75
27 27
77 77
24 20 21 22 23 24 25 26
