6 199 196 191 190 194 199 189 180 186 184 181 182 189 172 176 170 172 168 164 168 166 167 163 168 158 150 153 150 158 143 148 145 147 144 147 146 143 133 139 130 134 133 124 125 120 128 124 111 114 112 118 115 111 103 96 90 97 92 96 80 87 81 85 80 73 78 70 77 73 67 62 65 60 67 55 51 59 51 55 57 55 42 40 48 44 42 30 31 30 38 30 24 20 24 11 10 11 6
46
6 0 1 4 7 8
196 196 198
191 191
190 190
194 194
186 185 186 187
181 181
182 182
176 176 177 178 179
170 170
164 164
166 166
167 167
163 163
153 152 153 157
148 148 149 150
145 145
144 144
146 146
139 139
130 130 132
134 134 137
125 125 126
120 120
128 128 129
114 112 113 114
118 118
115 115
103 105 106 107 109
90 90
97 95 97 98 101
87 87 88
85 85
78 78 79 81
77 74 75 77
62 62 63
65 65 69
60 60
51 51
59 59
57 57
48 46 48 50
31 31
38 36 38 39 40 41
20 19 20 21 23 26
10 10 14 15 18
