L16 L70 L56 L27 L63 L61 L138 L149 L4 L143 L65 L1 L130 L19 L95 L152 L106 L87 L150 L107 L89 L109 L21 L94 L153 L82 L62 L124 L24 L7 L74 L134 L38 L81 L125 L43 L52 L28 L142 L75 L119 L90 L92 L80 L101 L67 L110 L53 L141 L131 L103 L47 L146 L79 L114 L84 L151 L126 L104 L9 L129 L128 L99 L73 L16
57
L16 L16 L18 L20
L70 L70 L72
L56 L56
L27 L27
L63 L63
L61 L61
L138 L138
L149 L149
L4 L2 L4 L5
L65 L65
L1 L1
L130 L130
L152 L152
L106 L106
L87 L87
L150 L150
L107 L107
L89 L89
L109 L109
L21 L21 L22
L94 L94 L95
L153 L153
L62 L62
L124 L124
L24 L24
L7 L7 L8
L74 L74
L134 L134
L38 L35 L38 L40
L125 L125
L43 L43 L47
L52 L52
L28 L28 L29
L142 L142 L143
L75 L75 L76
L119 L119
L90 L90 L91
L92 L92 L93
L80 L80 L82
L101 L101
L67 L67 L68
L110 L110
L53 L53
L141 L139 L140 L141
L131 L131 L133
L103 L103
L146 L144 L145 L146 L147
L79 L77 L78 L79
L114 L114
L84 L83 L84 L85
L151 L151
L126 L126
L104 L104
L9 L9 L11 L12
L129 L129
L128 L128
L99 L99 L100
