5 11 17 23 29 35 31 35 41 47 42 47 53 49 53 59 65 71 66 71 77 73 77 83 79 83 89 84 88 87 89 95 101 107 101 95 89 83 77 76 77 71 65 63 65 59 53 47 41 39 41 35 29 23 17 11 5
22
5 0 1 2 3 4
11 6 7 8 9 10
17 12 13 14 15 16
23 18 19 20 21 22
29 24 25 26 27 28
35 33 34 36 37
31 30 31 32
42 42 43 44 45 46
53 51 52 54 55 56
49 48 49 50
59 57 58 60 61
66 66 67 68 69 70
73 72 73 74 75
79 78 79 80 81
84 82 84 85
87 86 87 88
95 90 91 92 93 94
101 96 97 98 99 100
107 102 103 104 105 106
76 76
63 62 63 64
39 38 39 40
