location1 location129 location184 location159 location114 location5 location148 location188 location118 location106 location177 location59 location65 location182 location164 location110 location57 location152 location143 location186 location75 location139 location97 location199 location172 location42 location157 location158 location179 location93 location190 location140 location16 location161 location35 location185 location100 location136 location105 location180 location175 location32 location96 location85 location195 location150 location108 location10 location116 location154 location127 location171 location169 location133 location20 location178 location90 location1
57
location1 location2 location3
location129 location129 location130
location184 location184
location159 location159
location114 location114
location5 location5 location6
location148 location148 location149
location188 location188
location118 location118 location123
location106 location106 location107
location177 location177
location59 location59
location65 location65 location68 location69 location74
location182 location182
location164 location164 location165
location110 location110 location111
location57 location56 location57 location58
location152 location152
location143 location143 location146
location186 location186
location75 location75
location139 location139
location97 location97
location199 location199
location172 location172
location42 location40 location43 location44 location46 location49
location157 location157
location158 location158
location179 location179
location93 location92 location93 location94 location95
location190 location190
location140 location140 location142
location16 location16 location17
location161 location161
location35 location35 location37
location185 location185
location100 location100
location136 location136
location105 location105
location180 location180 location181
location175 location175
location32 location27 location28 location30 location32 location33
location96 location96
location85 location82 location85 location87
location195 location193 location195 location196 location197
location150 location150
location108 location108 location109
location10 location10 location11 location12 location13
location116 location116
location154 location154
location127 location127 location128
location171 location171
location169 location169
location133 location133
location20 location20 location22 location25 location26
location178 location178
location90 location90 location91
