location1 location90 location10 location89 location75 location42 location59 location23 location35 location95 location83 location3 location77 location91 location74 location71 location19 location29 location80 location79 location94 location45 location99 location66 location1
24
location1 location2
location90 location90
location10 location8 location9 location10
location89 location89
location75 location75
location42 location36 location38 location40 location42
location59 location51 location52 location53 location54 location56 location57 location58 location59
location23 location23
location35 location30 location31 location32 location35
location95 location95
location83 location83
location3 location3 location6
location77 location77 location78
location91 location91
location74 location74
location71 location71 location72
location19 location17 location19 location21
location29 location29
location80 location80
location79 location79
location94 location94
location45 location43 location44 location45 location46 location47 location48 location49
location99 location99
location66 location66
