c5 t1 t0 r2 d4 b1 m0 p0 g0 q5 o2 k6 j3 o8 p9 f5 t7 h3 q3 s2 h1 s3 c8 k9 j2 a4 p7 i0 f6 k1 h5 g1 m7 r1 m4 q8 t5 r4 s7 s9 g7 a0 o0 j5 s1 o6 b5 d6 r9 i4 n4 n0 i5 l3 t8 o4 e1 e4 t9 c5
59
c5 c3 c4
t1 t1
t0 t0
r2 r2
d4 d4 d5
b1 b1 b3
m0 m0
p0 p0
g0 g0
q5 q5
o2 o2
k6 k6
j3 j3
o8 o8
p9 p9 q0 q1
f5 f2 f3 f5
t7 t7
h3 h3 h4
q3 q3
s2 s2
h1 g9 h0 h1 h2
s3 s3 s4
c8 c8
k9 k9 l0 l1
j2 j2
a4 a4 a6 a7 a8
p7 p7
i0 i0 i1
f6 f6
k1 k1
h5 h5 h6
g1 g1 g3 g4 g5 g6
m7 m7
r1 r1
m4 m4
q8 q8
t5 t2 t5 t6
r4 r4 r7
s7 s7
s9 s9
g7 g7 g8
a0 a0 a1
o0 o0
j5 j5 j6 j7
s1 s1
o6 o6 o7
b5 b5 b7
d6 d6
r9 r9
i4 i4
n4 n4 n6
n0 n0 n3
i5 i5
l3 l3 l4 l6 l8
t8 t8
o4 o4 o5
e1 e0 e1 e2
e4 e4 e5
t9 t9
