0 105 174 21 69 119 74 156 43 182 184 170 188 58 177 80 197 31 115 190 136 198 129 160 8 103 180 50 35 12 109 4 86 52 133 60 159 96 142 24 178 192 38 163 131 68 194 93 18 0
49
0 0 2 3
105 105
174 174
21 21
69 69 70
119 119
74 74 77 78
156 156
43 43 46
182 182 183
184 184 185
170 170
188 188 189
58 58
177 177
80 80
197 197
31 29 31 32 33
115 115 116
190 190 191
136 136
198 198 199
129 125 126 129
160 160
8 8 9
103 103
180 180
50 50 51
35 35
12 12
109 109
4 4
86 86
52 52
133 133
60 60 62
159 157 158 159
96 96
142 142 143
24 24
178 178 179
192 192 193
38 38 39
163 163
131 131
68 68
194 194 195
93 93 94
18 16 17 18 19
