190 75 166 153 5 172 151 120 181 198 182 123 113 94 141 193 146 195 66 179 103 168 23 186 84 186 57 169 176 21 16 36 149 156 1 142 92 114 58 83 129 132 152 189 164 93 163 69 162 95 188 134 61 44 38 145 121 104 128 76 49 185 31 177 173 27 147 28 110 117 10 190
56
190 192
166 166
153 153
172 172
181 181
198 198
182 182
123 123
94 94
141 135 136 137 138 139 141
193 193
146 146
195 195
66 65 66 67 68
179 179
103 99 100 101 102 103
168 168
23 23
186 186
84 84
57 57 60
169 169
176 176
16 21 22
36 36
149 149
156 156
142 142
92 92
114 114 116
83 83
129 129
132 132 133
152 152
189 189
164 164 165
93 93
163 163
69 69 71
162 162
95 95
188 188
61 61 62
44 44 45 46 47 50 52 54 55 56
38 38 40
121 121
104 104 106
76 76
185 185
177 177
173 173
27 27
28 29 30 32 33 34
110 108 109 111 112 113
117 117 118
10 1 2 3 5 8 10 11
