n0 n85 n61 n31 n66 n49 n55 n20 n94 n36 n8 n39 n97 n76 n43 n53 n18 n71 n64 n89 n84 n14 n24 n91 n75 n28 n12 n22 n0
28
n0 n0 n1 n2 n3 n4 n5 n6
n85 n85 n86 n87 n88
n61 n57 n58 n59 n60 n61
n31 n30 n31 n32 n33 n34 n35
n66 n65 n66 n67 n68 n69 n70
n49 n48 n49 n50
n55 n55 n56
n20 n19 n20 n21
n94 n93 n94 n95 n96
n36 n36 n37 n38
n8 n7 n8 n9 n10 n11
n39 n39 n40 n41
n97 n97 n98 n99
n76 n76 n77 n78 n79 n80
n43 n42 n43 n44 n45 n46 n47
n53 n51 n52 n53 n54
n18 n16 n17 n18
n71 n71 n72
n64 n62 n63 n64
n89 n89 n90
n84 n81 n82 n83 n84
n14 n14 n15
n24 n24 n25 n26 n27
n91 n91 n92
n75 n73 n74 n75
n28 n28 n29
n12 n12 n13
n22 n22 n23
