loc1 loc2 loc7 loc16 loc11 loc12 loc13 loc18 loc13 loc12 loc17 loc26 loc21 loc25 loc24 loc29 loc24 loc23 loc22 loc27 loc36 loc31 loc32 loc33 loc38 loc33 loc32 loc37 loc46 loc41 loc45 loc44 loc49 loc44 loc43 loc42 loc47 loc56 loc51 loc52 loc53 loc58 loc53 loc52 loc57 loc66 loc61 loc65 loc64 loc69 loc64 loc63 loc62 loc67 loc76 loc71 loc72 loc77 loc86 loc81 loc85 loc84 loc89 loc84 loc83 loc82 loc87 loc96 loc91 loc95 loc94 loc99 loc94 loc93 loc92 loc97 loc106 loc101 loc105 loc104 loc109 loc104 loc103 loc102 loc107 loc116 loc111 loc115 loc120 loc115 loc111 loc112 loc117 loc126 loc121 loc125 loc130 loc125 loc121 loc122 loc127 loc136 loc131 loc135 loc134 loc139 loc134 loc133 loc132 loc137 loc146 loc141 loc145 loc144 loc149 loc144 loc143 loc142 loc147 loc156 loc151 loc155 loc154 loc159 loc154 loc153 loc152 loc157 loc166 loc161 loc165 loc164 loc169 loc164 loc163 loc162 loc167 loc176 loc171 loc175 loc180 loc175 loc174 loc179 loc174 loc173 loc172 loc177 loc186 loc181 loc185 loc190 loc185 loc184 loc189 loc184 loc183 loc182 loc187 loc196 loc191 loc195 loc194 loc199 loc194 loc193 loc198 loc193 loc192 loc191 loc196 loc187 loc182 loc181 loc186 loc177 loc172 loc171 loc176 loc167 loc162 loc161 loc166 loc157 loc152 loc151 loc156 loc147 loc142 loc141 loc146 loc137 loc132 loc131 loc136 loc127 loc122 loc121 loc126 loc117 loc112 loc111 loc116 loc107 loc102 loc101 loc106 loc97 loc92 loc91 loc96 loc87 loc82 loc81 loc86 loc77 loc72 loc73 loc78 loc73 loc74 loc75 loc80 loc75 loc71 loc76 loc67 loc62 loc61 loc66 loc57 loc52 loc51 loc56 loc47 loc42 loc41 loc46 loc37 loc32 loc31 loc36 loc27 loc22 loc21 loc26 loc17 loc12 loc11 loc16 loc7 loc2 loc3 loc4 loc9 loc4 loc5 loc1
52
loc7 loc6 loc7 loc8
loc16 loc16
loc18 loc17 loc18 loc19 loc20
loc29 loc29 loc30
loc27 loc26 loc27 loc28
loc36 loc36
loc38 loc37 loc38 loc39 loc40
loc46 loc46 loc47
loc49 loc48 loc49 loc50
loc56 loc56
loc58 loc57 loc58 loc59 loc60
loc69 loc69 loc70
loc67 loc66 loc67 loc68
loc76 loc76
loc86 loc86
loc89 loc89 loc90
loc87 loc87 loc88
loc96 loc96
loc99 loc99 loc100
loc97 loc97 loc98
loc109 loc109 loc110
loc107 loc106 loc107 loc108
loc120 loc120
loc117 loc116 loc117 loc118 loc119
loc130 loc130
loc127 loc126 loc127 loc128 loc129
loc136 loc136
loc139 loc139 loc140
loc137 loc137 loc138
loc146 loc146
loc149 loc149 loc150
loc147 loc147 loc148
loc156 loc156
loc159 loc159 loc160
loc157 loc157 loc158
loc166 loc166
loc169 loc169 loc170
loc167 loc167 loc168
loc176 loc176
loc180 loc180
loc179 loc179
loc177 loc177 loc178
loc186 loc186
loc190 loc190
loc189 loc189
loc187 loc187 loc188
loc196 loc196 loc197
loc199 loc199 loc200
loc198 loc198
loc78 loc77 loc78 loc79
loc80 loc80
loc9 loc9 loc10
