LOC16 LOC52 LOC70 LOC87 LOC29 LOC78 LOC32 LOC82 LOC37 LOC80 LOC95 LOC80 LOC45 LOC79 LOC45 LOC50 LOC12 LOC81 LOC12 LOC34 LOC36 LOC51 LOC3 LOC85 LOC9 LOC33 LOC44 LOC96 LOC44 LOC62 LOC89 LOC56 LOC98 LOC56 LOC48 LOC61 LOC31 LOC73 LOC59 LOC53 LOC46 LOC25 LOC46 LOC15 LOC18 LOC16
26
LOC16 LOC15 LOC17
LOC52 LOC52
LOC70 LOC70
LOC29 LOC29 LOC31
LOC78 LOC78
LOC82 LOC82
LOC95 LOC95
LOC45 LOC37 LOC43 LOC45 LOC46 LOC47
LOC79 LOC79
LOC50 LOC50
LOC81 LOC81
LOC36 LOC36
LOC3 LOC3 LOC4
LOC85 LOC85
LOC9 LOC9 LOC12
LOC33 LOC33
LOC96 LOC96 LOC97
LOC89 LOC89 LOC90
LOC56 LOC56 LOC57
LOC98 LOC98 LOC99
LOC61 LOC61 LOC62
LOC73 LOC73
LOC59 LOC59
LOC53 LOC53
LOC25 LOC25 LOC26 LOC28
LOC18 LOC18 LOC20 LOC22 LOC23
