LOC60 LOC153 LOC41 LOC160 LOC46 LOC65 LOC46 LOC156 LOC89 LOC133 LOC51 LOC116 LOC49 LOC185 LOC64 LOC144 LOC56 LOC68 LOC158 LOC98 LOC190 LOC98 LOC48 LOC147 LOC142 LOC164 LOC162 LOC154 LOC97 LOC154 LOC162 LOC189 LOC20 LOC170 LOC188 LOC108 LOC188 LOC194 LOC83 LOC40 LOC177 LOC76 LOC192 LOC62 LOC161 LOC60
24
LOC60 LOC58 LOC59
LOC160 LOC160
LOC65 LOC65
LOC89 LOC89 LOC96
LOC133 LOC133 LOC134 LOC139
LOC116 LOC116 LOC117
LOC64 LOC62 LOC63 LOC64
LOC144 LOC144 LOC145
LOC56 LOC54 LOC55 LOC56
LOC68 LOC68 LOC70 LOC72 LOC80
LOC158 LOC158
LOC190 LOC190
LOC48 LOC48 LOC51 LOC52
LOC142 LOC142
LOC164 LOC164 LOC166
LOC97 LOC97
LOC189 LOC189
LOC20 LOC6 LOC7 LOC8 LOC17 LOC18 LOC24 LOC30 LOC36 LOC38 LOC46
LOC170 LOC170
LOC108 LOC108
LOC194 LOC194
LOC177 LOC177 LOC180
LOC192 LOC192
LOC161 LOC161
