zero five twelve thirteen twenty twentyseven thirtyfour fortyone fortyeight fortynine fortythree fortyfour fortyfive fortysix fiftythree sixty sixtyone sixtyeight seventyfive seventysix seventyseven seventyone seventyeight eightyfour eightythree eightytwo eightynine eightyeight eightyseven eightyeight ninetyfive eightyeight eightyone eighty seventythree sixtysix sixtyfive sixtyfour fiftyseven sixtythree sixtytwo fiftyfive fiftysix fifty fortythree thirtysix thirtyseven thirtyeight thirtynine thirtyeight thirtyseven thirty twentynine twentytwo fifteen sixteen seventeen ten three zero
32
zero two three
five four five six
twelve twelve fourteen
twenty twenty
thirtyfour thirtythree thirtyfour thirtyfive
fortyeight fortyeight
fortyfour fortyfour
fortyfive fortyfive fortyseven
fiftythree fiftythree
sixty sixty sixtyone
sixtyeight sixtyeight seventy
seventyfive seventyfive
seventyseven seventyseven
seventyone seventyone
seventyeight seventyeight seventynine
eightyfour eightyfour
eightynine eightynine
eightyseven eightyseven eightyeight
ninetyfive ninetyfive
eightyone eightyone eightytwo
sixtysix sixtysix sixtyseven
sixtyfive sixtyfive
fiftyseven fiftyseven
sixtytwo sixtytwo
fiftyfive fiftyfive
fifty fifty fiftyone
thirtysix thirtysix thirtyseven
thirtynine thirtynine
thirty thirty
twentytwo twentytwo twentyfour twentyfive twentynine
fifteen fifteen
ten ten
