zero six thirteen twenty nineteen twentysix thirtythree thirtyfour thirtyfive fortytwo fortynine fortythree fifty fiftyseven sixtyfour seventyone seventyeight eightyfour ninetyone ninetyeight ninetytwo ninetynine onehunsix onehunthirteen onehunfourteen onehuntwentyone onehuntwentytwo onehuntwentythree onehuntwentyfour onehunthirtyone onehunthirtyeight onehunfortyfive onehunfortyfour onehunfortythree onehunfifty onehunfiftyseven onehunfiftyeight onehunsixtyfive onehunsixtyfour onehunsixtythree onehunsixtytwo onehunsixtynine onehunseventyfive onehunseventyfour onehuneightyone onehuneighty onehuneightyseven onehuneightysix onehunninetythree onehunninetytwo onehunninetyone onehunninety onehunninetyone onehuneightyfour onehuneightyfive onehunseventyeight onehunseventyone onehunseventytwo onehunseventythree onehunsixtysix onehunfiftynine onehunsixty onehunsixtyone onehunfiftyfour onehunfortyeight onehunfortynine onehunfortytwo onehunthirtyfive onehunthirtyfour onehunforty onehunthirtyfour onehuntwentyseven onehuntwentyeight onehuntwentynine onehunthirty onehuntwentythree onehunsixteen onehunseventeen onehuneighteen onehuneleven onehunten onehunnine onehuneight onehunone ninetyfour eightyseven eightyeight eightynine eightytwo seventyfive seventyfour sixtyseven sixty fiftythree fiftytwo fiftyone fortyfour thirtyseven thirtysix twentynine thirty twentythree sixteen seventeen ten three zero
60
zero one two three
six six seven
twenty twenty
twentysix twentyfive twentysix twentyseven
thirtythree thirtythree
thirtyfour thirtyfour
fortynine fortynine
fiftyseven fiftyseven fiftyeight
sixtyfour sixtyfour sixtysix
seventyone seventy seventyone seventytwo
seventyeight seventyeight seventynine
eightyfour eightyfour
ninetyeight ninetyeight
ninetynine ninetynine onehunone
onehunthirteen onehunthirteen
onehuntwentyone onehuntwentyone
onehuntwentythree onehuntwentythree
onehuntwentyfour onehuntwentyfour
onehunfortyfive onehunfortyfour onehunfortyfive onehunfortysix
onehunfortythree onehunfortythree
onehunfiftyseven onehunfiftyseven
onehunsixtyfive onehunsixtyfive onehunsixtysix
onehunsixtythree onehunsixtythree onehunsixtyfour
onehunsixtynine onehunsixtynine onehunseventy
onehunseventyfive onehunseventyfive onehunseventysix
onehuneightyone onehuneightyone onehuneightytwo
onehuneighty onehuneighty
onehuneightyseven onehuneightyseven
onehunninetythree onehunninetythree onehunninetyfour
onehunninetyone onehunninetyone onehunninetytwo
onehunninety onehunninety
onehuneightyfour onehuneightyfour
onehunseventyeight onehunseventyeight
onehunseventyone onehunseventyone
onehunseventythree onehunseventythree onehunseventyfour
onehunfiftynine onehunfiftynine onehunsixty
onehunsixtyone onehunsixtyone
onehunfiftyfour onehunfiftyfour
onehunfortynine onehunfortynine onehunfifty
onehunthirtyfive onehunthirtyfive
onehunforty onehunforty
onehuntwentyseven onehuntwentysix onehuntwentyseven onehuntwentyeight
onehunthirty onehunthirty
onehunsixteen onehunsixteen
onehuneighteen onehunseventeen onehuneighteen onehunnineteen
onehuneleven onehuneleven
onehuneight onehuneight onehunten
eightyseven eightyseven
eightytwo eightytwo eightythree
seventyfive seventyfive seventyseven
sixtyseven sixtyseven sixtynine
sixty sixty
fiftythree fiftythree fiftyfive
fiftytwo fiftytwo
fortyfour fortythree fortyfour fortyfive
thirtyseven thirtyseven thirtyeight
twentynine twentynine
twentythree twentythree
sixteen sixteen seventeen
ten ten eleven twelve fourteen fifteen
