188645 7E5598 0FBCDC 7E5598 AFF8D1 E09D29 61EDA9 3ADA02 D5356A 3ADA02 94D700 DBDC9A A5CCB5 35FF16 800641 35FF16 500783 298FDD FF8D45 ACB11D D01E6B ACB11D DF9F85 4FBDE1 B86446 35F60D AA8E14 D04F40 628AB2 B3243F 1276AF 825884 48C2D5 825884 4B39CA 19FFAB 0801CC D443EB 0801CC 9B0EC2 29B2A4 724A76 467AB7 0D7DE7 E954F7 0D7DE7 A7E9D9 B7B073 EF4D57 EDC0CA FA567E 0FB66D 188645
28
188645 0A5C0E C98FE7 188645 07D80A
0FBCDC 0FBCDC
AFF8D1 6D778A 7E18E9 AFF8D1 3B1041 8D0852 784F83
E09D29 E09D29
D5356A D5356A
94D700 994F93 FD1783 CB09C0 94D700
DBDC9A DBDC9A DD2694 628AB2 9B9BDD 3ADA02
800641 800641
500783 500783 B833F0
FF8D45 FF8D45
D01E6B D01E6B 2C101C
DF9F85 37F745 44716B
4FBDE1 4FBDE1
AA8E14 AA8E14
D04F40 D04F40
1276AF 1276AF A5CCB5
48C2D5 84EBFF D7CAF9 48C2D5
19FFAB 19FFAB
D443EB D443EB 539A92
9B0EC2 9B0EC2
29B2A4 29B2A4
724A76 724A76
467AB7 467AB7
E954F7 E954F7
A7E9D9 A7E9D9
B7B073 B7B073
EF4D57 EF4D57
0FB66D 0FB66D
