engine figure teacher secretary director choice mind answer preparation war time step delivery temperature class emphasis bus office police difficulty chapter model aspect drawer variation member understanding girl view material beer two age reputation idea singer eye drawing country moment error teaching tooth satisfaction ratio tool energy buyer funeral data failure education series meal tension process performance card source significance editor engine
61
engine engine
figure figure
teacher teacher standard
secretary secretary
director director dirt sport
choice choice
mind mind
answer answer fact
preparation preparation business
war war
time time money volume
step step
delivery delivery dealer menu
temperature temperature
class class
emphasis emphasis
bus bus worker
office speech office light
police police
difficulty difficulty space sympathy
chapter chapter tax
model model
aspect aspect
drawer drawer
variation variation
member member song
understanding understanding
girl girl politics
view view ear
material material accident
beer beer clothes
two two measurement
age age
reputation reputation interaction
idea idea
singer birth singer analyst
eye eye
drawing drawing piano
country country section
moment moment
error error
teaching teaching
tooth tooth beginning
satisfaction satisfaction side
ratio ratio town
tool tool leadership engineering
energy energy
buyer buyer
funeral funeral problem
data data machine
failure failure promotion
education education departure
series series grandmother area
meal meal
tension tension
process process
performance performance
card card situation
source source
significance significance flight
editor editor
