maintenance driver photo rock object action sign beer average philosophy volume chest property rate competition salad sister career account day inspection population description income obligation price contract movie context focus wife maintenance
31
maintenance maintenance future
driver driver economy
photo photo
rock rock
object object example
action action marketing
sign sign
beer beer
average average
philosophy version philosophy difficulty
volume volume reputation
chest chest cause role
property property selection feature
rate rate
competition competition
salad salad
sister sister woman
career career church
account account resolution
day day
inspection inspection
population population
description description
income income
obligation obligation
price price
contract contract depression war
movie movie bread
context context complaint
focus focus style
wife wife
