Bowles Mulford Crescent Mulford Latimer Edwards Easterly Edwards Latimer MLK Hearst Jacob Hertz CVStarr Unit3 CKerr WayWest CKerr Ridge CKerr Unit3 CVStarr Hertz Jacob Evan Blackwell McLaughlin GenPlantBio McLaughlin Blackwell Evan Jacob Foothill Dwinelle Haas Crossroads Lawrence UCTheatre Lawrence Crossroads Haas Dwinelle HearstAnnex Lothlorien HearstAnnex Dwinelle Foothill Davis Browns Davis Foothill Jacob TopDog Fenwick Barker Fenwick TopDog Starbucks Chipotle MFoundry Chipotle Starbucks TopDog GammaPhiBeta TopDog Jacob Cory Stanley LeConte ALS LeConte Campanile Wurster McCone Spats Stonefire PiLambda PiAlphaPhi PiLambda Stonefire Spats McCone Wurster Campanile Bongo Artichokes Cheeseboard Artichokes Bongo ShengKee Bongo Campanile LeConte VLSB Chez NorthGate Chez VLSB Boalt Kresge PeoplesPark Kresge Boalt VLSB LeConte Stanley Moses Pimentel Stacks Pimentel Moses RareTea Moses Greek Unit2 Milano IndianRock Milano Unit2 Wolf StrawberryCreek Wilde Bechtel Baker Strada RoseGarden Strada Baker Daiso Baker Simons Baker Bechtel Minor Memorial AlphaSigmaPhi Memorial TacoBell Memorial Minor Bechtel Birge Bowles Calvin Etcheverry Calvin Bowles
45
Bowles Birge Campanile
Crescent Crescent
Edwards Edwards
Easterly Easterly BearFoodCourt
CKerr CKerr Martinez
WayWest WayWest Pavilion
Ridge Ridge
GenPlantBio GenPlantBio
Crossroads Crossroads
UCTheatre UCTheatre
Lothlorien Lothlorien
Browns Browns
Barker Barker
Chipotle Chipotle
MFoundry MFoundry NCEM
GammaPhiBeta GammaPhiBeta
Cory Evan Foothill Campbell Doe
ALS ALS
Spats Spats
PiLambda PiLambda
PiAlphaPhi PiAlphaPhi
Bongo Bongo
Cheeseboard Cheeseboard
ShengKee ShengKee Rochdale Cloyne
VLSB Moses VLSB Wellman Koshland Mulford HearstAnnex RSF Haas Boalt Wurster Unit1 Blackwell Zellerbach
NorthGate NorthGate Extension
Kresge Sutardja Kresge Hildebrand
PeoplesPark PeoplesPark LaVals
Stacks Stacks
RareTea Safeway Gypsys
Greek Greek Maxwell
Unit2 Unit2 Unit3
IndianRock IndianRock
Wolf Wolf
StrawberryCreek StrawberryCreek
Wilde Wilde Castro Sherman
Baker Morgan Baker Barrows
Strada Strada
RoseGarden RoseGarden
Daiso Graduate Daiso YogurtPark
Simons Simons
AlphaSigmaPhi AlphaSigmaPhi
TacoBell TacoBell
Calvin Calvin
Etcheverry Etcheverry
