Wheeler Sproul Wheeler Doe Campanile LeConte Birge Campbell Haviland Wellman RSF Koshland Stonefire Haas Faculty FSM Baker McCone CKerr McCone BigC Pavilion Simons LaNote Unit2 LaNote Koja Simons Pavilion PeoplePark Pavilion BigC McCone Baker CZ Fiji CZ Baker FSM Faculty Haas Minor Memorial McLaughlin South Stephens HearstAnnex Anthony GBC WayWest Warren WayWest Cloyne Cafe3 Hearst Davis Kresge Normandy Cheit Soda Sather Martinez Sather Soda Moffitt VLSB Etcheverry Latimer Evans Morrison Greek Bechtel Greek Morrison Evans Wheeler
23
Wheeler Moses Dwinelle
Sproul Sproul
Birge Birge
RSF RSF
Stonefire Stonefire
Haas Haas Boalt IHouse
Baker Baker
CKerr CKerr
Unit2 Unit2
Koja Legends TriDelta
PeoplePark PeoplePark
Fiji Fiji
McLaughlin Hargrove McLaughlin Kroeber
Anthony Anthony Cheit
Warren Warren
Cloyne Cloyne Metropolitan
Hearst Hearst
Davis Davis
Martinez Martinez Barker Unit3 OCF
Moffitt Moffitt
Etcheverry Etcheverry
Morrison Morrison
Bechtel Jacobs Bechtel Foothill
