MapLocation77 MapLocation97 MapLocation61 MapLocation85 MapLocation88 MapLocation80 MapLocation35 MapLocation58 MapLocation67 MapLocation40 MapLocation5 MapLocation44 MapLocation27 MapLocation17 MapLocation39 MapLocation93 MapLocation91 MapLocation51 MapLocation48 MapLocation13 MapLocation79 MapLocation20 MapLocation8 MapLocation70 MapLocation1 MapLocation74 MapLocation83 MapLocation24 MapLocation55 MapLocation65 MapLocation72 MapLocation77
31
MapLocation77 MapLocation77
MapLocation97 MapLocation97
MapLocation61 MapLocation61
MapLocation85 MapLocation85 MapLocation86
MapLocation88 MapLocation88
MapLocation80 MapLocation80 MapLocation81 MapLocation82
MapLocation35 MapLocation35 MapLocation37
MapLocation58 MapLocation58
MapLocation67 MapLocation67 MapLocation68
MapLocation40 MapLocation40 MapLocation42
MapLocation5 MapLocation4 MapLocation5 MapLocation6
MapLocation44 MapLocation44 MapLocation45
MapLocation27 MapLocation27
MapLocation17 MapLocation17 MapLocation19
MapLocation39 MapLocation39
MapLocation93 MapLocation93
MapLocation91 MapLocation91
MapLocation51 MapLocation51
MapLocation48 MapLocation48 MapLocation49
MapLocation13 MapLocation13 MapLocation14
MapLocation79 MapLocation79
MapLocation20 MapLocation20
MapLocation8 MapLocation8 MapLocation10
MapLocation70 MapLocation70
MapLocation1 MapLocation0 MapLocation1 MapLocation2 MapLocation3
MapLocation74 MapLocation74
MapLocation83 MapLocation83 MapLocation84
MapLocation24 MapLocation24
MapLocation55 MapLocation55
MapLocation65 MapLocation65 MapLocation66
MapLocation72 MapLocation72 MapLocation73
