0x19 0x8b 0x11 0xc6 0x11 0x8 0x89 0x3c 0x74 0x25 0xf 0x6f 0x77 0x31 0x6 0x74 0x84 0x74 0xbb 0x7a 0xb1 0xbe 0x9 0x5d 0x13 0x80 0x13 0x5d 0x9 0xbe 0xb1 0x7a 0xbb 0x59 0xbb 0x74 0x3c 0x97 0x3c 0xe 0x79 0x5 0x0 0xa0 0x70 0xa0 0x0 0x5 0x7d 0x42 0x7d 0x5 0x9b 0x2d 0x9b 0xaa 0x9b 0x1d 0x2e 0xb3 0x98 0xae 0xc2 0x86 0x40 0x14 0x40 0x86 0xc2 0xae 0x98 0xb3 0xb4 0xb3 0x2e 0xb2 0x2e 0xbd 0x52 0xa3 0x2f 0xa5 0x5 0x79 0xe 0x63 0x3a 0x4d 0x8e 0x4d 0x3a 0x5c 0x17 0x81 0x17 0x92 0x99 0x9e 0x99 0x92 0x9f 0x92 0x17 0x6e 0x83 0xa8 0x15 0x9a 0x15 0xa8 0x83 0x6e 0x17 0x5c 0x6d 0x5c 0x85 0x2 0x61 0x50 0x33 0xa7 0x33 0x50 0x61 0x2 0x7e 0x37 0x4c 0x18 0xa1 0xa6 0x28 0x6a 0x82 0xb9 0xb5 0xb9 0x82 0x6a 0x1b 0x72 0xb6 0x72 0x48 0xbf 0xac 0xbf 0x3d 0xba 0x91 0xc1 0x34 0xc1 0xc3 0x60 0xc3 0xc1 0x96 0xc7 0x44 0x9c 0x44 0xc7 0x96 0xc1 0x91 0xba 0x43 0x68 0x56 0x68 0x43 0xba 0x3d 0xa4 0x7c 0xb0 0x7c 0xa4 0x5f 0x11 0x8b 0x19
62
0x19 0x18 0x1a 0x1b 0x1d 0x1f 0x21
0x8b 0x8b 0x8c
0x11 0x11 0x12
0xc6 0xc3 0xc4 0xc6
0x89 0x86 0x87 0x89
0x74 0x74
0x25 0x25 0x28
0x6f 0x6f
0x77 0x77 0x78
0x31 0x31
0x84 0x84 0x85
0xbb 0xbb 0xbc
0x80 0x80
0x59 0x59 0x5a 0x5d
0x97 0x97
0x79 0x79 0x7a 0x7b
0x5 0x4 0x5 0x7 0x9 0xf 0x10
0x0 0x0 0x1
0xa0 0xa0
0x70 0x70
0x42 0x42 0x45 0x46
0x9b 0x9b
0x2d 0x2a 0x2b 0x2c 0x2d
0xaa 0xaa 0xab
0x98 0x98 0x99
0xae 0xae
0xc2 0xc2
0x14 0x14 0x15
0xb4 0xb4
0xb2 0xb2
0xbd 0xbd
0x52 0x52 0x53
0xa3 0xa3
0x3a 0x3a 0x3b
0x4d 0x4d 0x4e
0x8e 0x8e 0x8f
0x81 0x81
0x9e 0x9e
0x9f 0x9f
0x83 0x83
0xa8 0xa8
0x9a 0x9a
0x6d 0x6d
0x61 0x61
0xa7 0xa7
0xa1 0xa1
0xa6 0xa6
0x6a 0x6a 0x6b
0xb5 0xb5
0xb6 0xb6
0xac 0xac
0x3d 0x3d
0xba 0xba
0x91 0x91
0x34 0x34
0x60 0x60
0xc7 0xc7
0x9c 0x9c
0x68 0x68
0x56 0x56
0xa4 0xa4
0xb0 0xb0
