1 198 9 124 44 161 68 77 92 182 176 129 184 150 111 85 53 164 89 84 49 157 99 140 131 110 126 20 6 26 70 174 165 21 74 189 41 143 97 138 116 151 58 106 144 95 61 103 193 169 33 101 35 156 136 171 13 1
57
1 1 2 3
198 198 200
9 9 10
124 124
44 44 47
161 161 162
68 68 69
77 77
92 92
182 182
176 176 177
129 129 130
184 184
150 150
111 111
85 85 86 87 88
53 53 55
164 164
89 89
84 80 81 82 83 84
49 49 50 51
157 157 159
99 99
140 140 141
131 131 133
110 110
126 126 127
20 20
6 6 8
26 26 27
70 70
174 174
165 165 167
21 21
74 74 75
189 189
41 41 42
143 143
97 97
138 138 139
116 116
151 151
58 56 57 58
106 106
144 144
95 95
61 59 60 61
103 103
193 193
169 169
33 31 33 34
101 101 102
35 35 36 37
156 156
136 136 137
171 171
13 13 16
