0 50 100 150 199 198 194 197 183 184 180 172 180 185 187 188 186 192 196 192 186 188 191 190 191 188 187 185 180 179 173 174 176 174 173 179 180 171 170 168 157 158 155 158 157 168 170 159 160 159 163 167 166 162 164 153 164 165 150 100 115 114 112 116 117 113 109 110 109 120 121 130 122 130 135 137 138 136 142 136 138 141 140 141 138 137 135 130 134 133 147 144 148 149 148 144 147 133 134 130 129 123 124 126 125 126 124 123 127 123 129 130 121 120 118 107 108 105 108 107 118 120 109 113 117 116 112 114 103 114 115 100 50 65 64 53 64 62 66 67 63 59 60 59 70 71 80 72 80 85 87 88 91 88 87 85 80 84 83 97 94 98 99 98 94 97 83 84 80 79 73 77 73 74 76 74 73 79 80 71 70 68 57 58 55 58 57 68 70 59 63 67 66 62 64 65 50 0 15 14 12 16 17 13 9 10 9 20 21 30 22 30 35 37 38 36 38 41 38 37 35 30 34 33 47 44 48 44 47 33 34 30 29 23 24 23 29 30 21 20 18 7 8 5 8 7 18 20 9 13 17 16 12 14 15 0
47
0 1 2 3
198 198 199
194 194
183 183
172 172
186 186
192 192
196 196 197
190 190 191
174 174 175
176 176 177
155 154 155 156
160 160
153 151 152 153
110 110
122 122
136 136
142 142 144
140 140 141
133 133
147 146 147 148
149 149
124 124
125 125 126
127 127
105 105 106
103 101 102 103 104
53 51 52 53 54
60 60
72 72
91 90 91 92
83 83 86
97 96 97 98
94 94
99 99
77 77
76 74 75 76
55 55 56
10 10
22 22
36 36
41 40 41 42
33 33
47 44 46 47
48 48 49
24 24 25 26 27
5 4 5 6
