state purple Eva McDonald fireplace McDonald Augean Jennifer hypothetic voltmeter cohere servile cache servile trivium catnip Protista catnip clasp purple rent mortgagor Edmonds mortgagor pairwise purple Della purple omicron McDonald firebug McDonald sanatoria voltmeter retardation voltmeter Darwin McDonald debenture catnip Albert catnip Adamson mortgagor infuse peacock freehold maidservant octane catnip huge catnip scaup catnip bibliophile voltmeter motet McDonald border catnip wrack voltmeter state
31
state controversial begot knick
Eva Eva backgammon shrugging charcoal
fireplace fireplace gavotte whatsoever dame
Augean Augean hallelujah Yaounde athletic curbside
hypothetic hypothetic ash
cohere cohere foursome regal flexural
cache cache bald uptown grade
trivium trivium turnout Steiner opossum
Protista Protista heifer
clasp clasp Lizzie monk compunction
rent rent registrant
Edmonds Edmonds Whelan
pairwise pairwise supremum
Della Della circumstantial
omicron omicron stereography Arden complacent
firebug firebug eggplant
sanatoria sanatoria sepulchral lobby gun
retardation retardation harrow
Darwin Darwin cocaine knurl hyphen
debenture debenture Ridgway
Albert Albert lonesome his Adler
Adamson Adamson hungry
infuse infuse anatomy Waterbury stingy
freehold freehold fleawort
octane octane rocky joke texture bloc Evans
huge huge presto
scaup scaup serge value whirligig
bibliophile bibliophile exhortation
motet motet Zellerbach dumpling jackass
border border eidetic driveway Calkins
wrack wrack Cinderella watery scriptwriter
