A0 X4 K2 E4 O4 E5 O3 X2 S1 P0 M4 L0 X1 P6 Z1 R3 T5 I5 X3 E1 N2 R4 G1 K4 W4 C3 M1 Z5 A7 Y6 N1 B2 U6 G4 I3 P2 Y0 W5 H0 O5 M3 B4 X0 J5 M5 C7 J6 F6 H6 T3 W6 S2 A5 S6 C6 W2 Z3 Q6 M6 Q5 G3 A0
61
A0 A0 C0 D0
X4 X4 Y4 Z4
K2 K2
E4 E4 F4
O4 O4 Q4
E5 E5
O3 O3
X2 X2
S1 S1
P0 P0 Q0
M4 M4
L0 J0 L0 M0
X1 X1
P6 P6
Z1 Z1 A2
R3 R3
T5 T5
I5 I5
X3 X3 Y3
E1 E1
N2 N2
R4 R4
G1 G1 I1
K4 K4
W4 W4
C3 C3 D3
M1 J1 K1 M1
Z5 Z5 A6
A7 A7
Y6 Y6 Z6
N1 N1
B2 B2 D2
U6 U6 V6
G4 G4
I3 I3
P2 P2
Y0 Y0 A1
W5 W5
H0 F0 G0 H0 I0
O5 O5 P5
M3 M3
B4 B4 C4
X0 X0
J5 J5 L5
M5 M5
C7 C7 D7
J6 J6
F6 F6 G6
H6 H6
T3 T3
W6 W6 X6
S2 S2 T2
A5 A5 B5
S6 S6 T6
C6 C6
W2 U2 V2 W2
Z3 Z3 A4
Q6 Q6 R6
M6 M6
Q5 Q5 R5
G3 E3 F3 G3
