1 153 81 160 27 160 184 16 42 132 20 119 135 161 180 40 6 165 159 135 197 87 127 70 195 67 100 78 36 199 126 76 172 163 186 74 123 142 108 121 14 31 49 59 182 41 91 139 91 167 44 191 112 192 25 94 114 32 151 32 116 176 64 21 112 97 178 52 174 129 131 9 97 3 27 155 29 11 72 137 148 169 89 9 188 9 190 170 1
76
1 2
153 153
81 81
160 160
27 27 28
184 184
16 16 17
42 42
132 132
20 20
119 118 119 120
135
161 161
180 180 181
40 40
6 6 7
165 165
159 159
197 197
87 87
127 127
70 70
195
67 67 68
100 100
78 78 79
36 34 35 36
199
126 126
76 76 77
172 172
163 163 164
186 186
74 74
123 123
142 142 143
108 108
121 121 122
14 14
49
59 57 59 60
182 182 183
91 91 92
139 139 140
167 167
44 44 45
191 191
112 112
192 192
25 25
94 93 94 95
114 114
32 32
151 151
116 116 117
176 176
64 64 65
21 21
97 97 99
178 178
52 52 53
174
129 129
131 131
9 9
3 3
155 155
29 29
11 11 12 13
137 137
148 147 148 149
169
89 89
188 188
190 190
170 170
