ufa scm pzr hob eqa mtd ncc yfq ipq gcw cwq yvc jwx dqy ijd ovx rti oqv azv xie hyb brw cwq cim wcd hob hsi jvc lmh zuz rov uyd rfl vxn cvb rcw hlc ubo aur mpw cib ufa
34
ufa ufa
scm scm vfq qzx
pzr pzr
eqa eqa
mtd mtd
ncc ncc
yfq yfq
ipq ipq
cwq cwq
yvc yvc
jwx jwx
dqy dqy
ijd ijd
ovx ovx
rti rti zuz
oqv oqv
azv gei azv
xie xie yiy
hyb hyb
brw brw
cim cim
wcd wcd mis
hsi ctf gfr hsi
jvc jvc
lmh lmh
rov rov
uyd uyd gcw
rfl rfl
vxn vxn
rcw rcw
hlc uua hlc hwc
aur aur hip hcc
mpw mpw ivp
cib boc sau cib
