Kaimganj MilpaAlta MontecatiniTerme Isakogorka Yucheng Korolev Tsirang Xankandi Gobo Xankandi Karasuyama Tsukawaki Yucheng Mesa EncarnaciondeDiaz Kansk PinhalNovo MilpaAlta Tocache Fandriana Tocache GobernadorGalvez Novopokrovskaya Kawit Pilibhit Irvine Pilibhit Fagaras Kaimganj
19
Kaimganj Dankov
MilpaAlta MilpaAlta
MontecatiniTerme MontecatiniTerme
Isakogorka Isakogorka
Yucheng Yucheng
Korolev Korolev
Tsirang Tsirang
Gobo Gobo
Karasuyama Karasuyama Narangba
Tsukawaki Tsukawaki
EncarnaciondeDiaz EncarnaciondeDiaz
PinhalNovo PinhalNovo Brecht Anahuac
Tocache Tocache Leixlip
Fandriana Fandriana
GobernadorGalvez GobernadorGalvez
Novopokrovskaya Novopokrovskaya Albi
Pilibhit Pilibhit Racine
Irvine Irvine
Fagaras Fagaras
