Shoreburn Irondeer Foxvale Blackbush Fieldedge Eastcastle Woodice Flowerfield Bushgate Butterway Seamoor Orbarrow Silverlea Janholt Valhaven Wellmage Goldcrest Foxhaven Greenshore Icenesse Courtcastle Silverwitch Newley Esterash Violetfay Applecastle Southpine Orfort Fairice Windbridge Oldmoor Freymere Springfox Starryhill Shoreburn
34
Shoreburn Westmill Lochmage Shoreburn
Irondeer Snowshore Irondeer Lightmere Southwheat
Foxvale Eriwall Goldwyvern Newby Foxvale
Blackbush Blackbush Bluewyn Silverbarrow
Fieldedge Fieldedge Verthedge
Eastcastle Erilyn Eastcastle Rosemill Wolflea
Woodice Westvale Woodice Esterfall
Flowerfield Flowerfield Coldville Mallowbridge
Bushgate Westerlight Clearland Bushgate Brightmere
Butterway Butterway Brightrock
Seamoor Flowermill Seamoor Northriver
Orbarrow Bluedale Orbarrow Strongfall
Silverlea Silverlea Mallowway
Janholt Wellbank Janholt Bluelake
Valhaven Clearnesse Valhaven Buttermead Violetley
Wellmage Stoneglass Wildemarsh Wellmage
Goldcrest Goldcrest Courtedge
Foxhaven Morwall Oakmere Foxhaven Freyview
Greenshore Greenshore Bluedell
Icenesse Icenesse Mallowness
Courtcastle Marbleiron Courtcastle Ironriver Courtwall Morwald
Silverwitch Fogland Silverwitch Butterhill Deephedge
Newley Newley Fairsage
Esterash Corbank Esterash Stonefair
Violetfay Violetfay Northwynne Redlake
Applecastle Highmont Mistshore Applecastle
Southpine Greyice Greensummer Southpine Ostwynne
Orfort Orfort Redwell
Fairice Fairice Snowsage
Windbridge Windbridge
Oldmoor Ironshore Oldmoor Dellwyn Butterbush
Freymere Rosegate Freymere Newmill
Springfox Springfox Summermage
Starryhill Starryhill Wooddell
