FacultyClub EarthquakeLibrary BanwayBuilding BerkeleyLawLibrary Mulford Campbell SpringerGateway LatinAmerican EngineeringLibrary SEAsianLibrary UniversityHouse CesarChavez MartinezCommons Cheit Latimer FoxCottage StowPlaza EthnicLibrary SproulPlaza VLSB Jacobs OptometryLibrary NewspapersLibrary HearstFieldAnnex McCone Durham Boalt LawSchool MSRI AquaticCenter Bowles BrainImagingCenter Library FacultyClub
31
FacultyClub FacultyClub BioscienceLibrary SutardjaDai
BanwayBuilding BanwayBuilding
BerkeleyLawLibrary BerkeleyLawLibrary Underhill
Mulford Pimentel Mulford CareerCenter
Campbell Campbell Davis
SpringerGateway IRLE SpringerGateway DonnerLaboratory ArtHistoryLibrary
LatinAmerican Soda McCone LatinAmerican VisualCenter
EngineeringLibrary EngineeringLibrary Durant
SEAsianLibrary MaxwellField SEAsianLibrary IdaHouse Bechtel
UniversityHouse UniversityHouse LawrenceofScience
CesarChavez PhysicsLibrary CesarChavez BerkeleyWayWest
MartinezCommons MartinezCommons MelvinLaboratory
Cheit Cheit Manville
Latimer Latimer FoundersRock
FoxCottage FoxCottage Hildebrand
StowPlaza EarthLibrary EnergyBuilding MediaCenter StowPlaza
EthnicLibrary SocialLibrary EastAsianLibrary SimpsonCenter EthnicLibrary
SproulPlaza Etcheverry SproulPlaza Hilgard StudentUnion EarthquakeLibrary
VLSB Wellman VLSB Senior Stanley
Jacobs Koshland Jacobs Investigative
OptometryLibrary BancroftDance AndersenAuditorium Unit3 AnthropologyLibrary Stephens InternationalHouse OptometryLibrary
NewspapersLibrary Sproul Birge CITRIS NewspapersLibrary Warren
HearstFieldAnnex UpperHearstParking Evans BancroftLibrary HearstFieldAnnex HearstFountain
Durham HearstGym Durham OBrien
Boalt HearstGreekTheatre MLK Boalt
LawSchool LawSchool LeConte
MSRI MSRI HealthServices
AquaticCenter WooHonFai TAAP MathLibrary AquaticCenter
Bowles NorthGate Giauque AlumniHouse Bowles
BrainImagingCenter PacificFilmArchive BrainImagingCenter Morrison Wheeler
Library Library Spieker FPF
