0 17 55 15 177 71 114 149 119 195 162 167 69 87 99 131 25 123 154 92 135 148 112 60 155 168 47 117 158 172 153 35 49 173 80 170 33 8 133 3 199 90 42 32 105 161 188 139 46 76 191 65 180 51 145 85 38 0
55
17 17 18
55 55 56 58
15 15
177 174 175 177
71 71 73
114 114
149 149
119 119 120
195 195 197
162 162
167 167
69 69
87 87 88
99 96 97 99 102 103
131 131 132
25 19 25 26
123 123 124
154 154
92 91 92 93 94
135 135 136
148 148
112 112 113
60 60 64
155 155
168 168 169
47 47 48
117 117
158 158
172 172
153 153
35 35
49 49
173 173
80 80
170 170 171
8 8 13
133 133 134
3 3
199 199
90 90
42 42 44
32 32 33
105 105 106
161 161
188 188
139 139 140 141 143
46 46
76 74 75 76 77
191 191
65 65 67
180 178 180 181
51 51 52
145 145
85 82 83 85
38 38
