159 164 43 164 81 28 81 138 69 155 69 171 133 173 27 145 27 169 27 173 152 172 126 172 119 67 162 191 162 96 56 93 154 179 16 178 8 167 1 101 25 45 72 7 117 48 141 32 79 32 189 59 147 40 147 101 132 101 137 85 137 127 146 127 109 180 193 24 20 104 11 104 20 87 20 41 148 51 65 98 65 165 184 76 149 23 194 21 194 23 181 100 199 100 139 71 15 129 74 185 74 158 102 123 102 5 177 111 128 111 177 174 177 64 156 52 6 197 106 197 114 92 116 92 189 107 134 120 134 107 130 192 46 37 75 77 190 77 159
58
159 157 158
43 43
28 28 31
155 155 156
145 145
169 169
172 172
126 126
191 191
96 96 97
93 93
154 154
178 178
167 167
101 101 102
72 72 74
7 7 10
48 45 46 47 48
32 32 34 35
79 79 82
59 59 60 61
40 40 41
132 132 133
137 137 138
85 85
146 146
109 109 111
180 180
24 24 26
11 11 13
87 86 87 88
148 148
51 51
98 98 99 100
165 165
76 76 77
21 21 22
181 181
199 199 200
139 139 140
71 71
15 14 15 17
185 185
123 123
128 128
174 174
64 63 64 65
52 52 53
6 2 3 4 6
106 106
114 114
116 116
107 107
134 134
120 120 121 122
192 192 193
37 36 37 38
190 190
