50 197 50 182 50 187 50 180 50 195 50 179 50 198 50 176 50 170 50 185 50 169 50 181 50 164 50 172 50 162 50 177 50 161 50 157 50 156 50 186 50 153 50
22
50 0 1 4 7 9 10 13 14 18 23 25 27 29 30 31 36 38 40 41 44 47 49 51 53 54 55 56 57 61 62 69 71 76 77 78 80 81 82 83 84 85 86 88 89 92 96 99 101 102 107 108 110 111 112 113 115 117 118 120 121 123 124 125 126 127 128 129 133 134 136 138 139 141 142 143 144 146 147 148
197 197
182 182
187 187
180 180
195 195
179 179
198 198
176 176
170 170
185 185
169 169
181 181
164 164
172 172
162 162
177 177
161 161
157 157
156 156
186 186
153 153
