Satish R2POU4T VNCFO V7T5SI QEAJAFMPY QU5Y0N2LQ U0LMCHUU 6HNG ITHI7K6W1B FPB1OLF3 JSSS9HX OJ27JN021 2FB0FS3KWX 7CRTCJA O2N6HBZK8 QL51A0KUT EG23K SUC1CH RX6VI 19LN K936 IQXEPH9QO SKLZM PL0UHK QJ0LM8 F3YJ 0I7Y PQ09CSX Satish
27
R2POU4T R2POU4T
VNCFO VNCFO
V7T5SI V7T5SI
QEAJAFMPY QEAJAFMPY
QU5Y0N2LQ 59E13RE V4R09 QU5Y0N2LQ
U0LMCHUU U0LMCHUU AO31B76
6HNG 6HNG
ITHI7K6W1B ITHI7K6W1B 6WSDW
FPB1OLF3 S657MFMG ODSGN281 FPB1OLF3
JSSS9HX JSSS9HX QHH48VD7JJ
OJ27JN021 OJ27JN021 AETBJC
2FB0FS3KWX 2FB0FS3KWX
7CRTCJA 7CRTCJA WQM0D4
O2N6HBZK8 O2N6HBZK8 JOBN3N EHS8A 07XQDCJI
QL51A0KUT QL51A0KUT
EG23K EG23K
SUC1CH SUC1CH
RX6VI B0H9VDIK RX6VI XGYWBMTWT IEYK8 QAL7Z5UN
19LN 19LN
K936 K936 5HGKBK
IQXEPH9QO IQXEPH9QO 5N65HLXKU
SKLZM SKLZM CXLQGGJ746
PL0UHK VNYZ5QVO77 M6CD1Y PL0UHK
QJ0LM8 QJ0LM8
F3YJ N26J6EU F3YJ F1G8HC
0I7Y 0I7Y
PQ09CSX PQ09CSX
