845LWU7Kg6167HQY Uyj5raM7C9SGCHQGUC y B4mQOl023dn1 3HQj1I8wd8 eqYzN7b19UgNo1K WMY0xVk9j8T6Ly UH4Lf7FAuZoT4lv2 YKpC4gQmPKaU311w9eOT O41Muu dw6Yuyls1ZilP493g91O 95E0752p51t ZT3 WPu 9vq8gscs7dz1 eDv5MBdo 9vq8gscs7dz1 48783322I5q9PFVPT SmI7f D ElUTL J 7L J 77yN7eHZwfF99R2 geUO1h r k 3k k xaM1q4jQi3efYb0 2qgWbB40Ya16 MY3aL96Y 2qgWbB40Ya16 xaM1q4jQi3efYb0 11l6P71DgEau1baEX4 77yN7eHZwfF99R2 TBk5Pt5vt5SInt HDLHc5Kdk N8191M9E9v 9 i7lmV5iDIgl5f 845LWU7Kg6167HQY
22
845LWU7Kg6167HQY 845LWU7Kg6167HQY
y NQ3vX6W6H74aK53np KpBvy 5CCl0n2r5512 y 5Qkzz260R7 ftk2
B4mQOl023dn1 MVvh B4mQOl023dn1 X6SrYf57mSUQQ28C YLKBD54k 5 KKUFV29x8iO EnhLq7BgTj8IN3Z2m
eqYzN7b19UgNo1K eqYzN7b19UgNo1K
YKpC4gQmPKaU311w9eOT YKpC4gQmPKaU311w9eOT
O41Muu O41Muu 4
95E0752p51t 95E0752p51t
ZT3 ZT3
eDv5MBdo eDv5MBdo
48783322I5q9PFVPT 48783322I5q9PFVPT
SmI7f 122gt H6pXAnE0KypnExX 3 SL88w66v7 672Pt4Ytw8LW SmI7f
D D
ElUTL fgM12T ICQxh0Q58799CUd2 ElUTL
7L 7L
geUO1h O58T 4l4aqvNKB 8M2OK8Px58 geUO1h
r TU76UjE52906 u3Qv r
3k 3k
2qgWbB40Ya16 2qgWbB40Ya16 6RiHvQ4xTN5
MY3aL96Y MY3aL96Y 42U0k6JhTQxPvUw8
11l6P71DgEau1baEX4 DUiYDuR9yYFD5 11l6P71DgEau1baEX4 xaM1q4jQi3efYb0
TBk5Pt5vt5SInt TBk5Pt5vt5SInt
9 9
