loc0 loc23 loc99 loc26 loc93 loc72 loc48 loc33 loc86 loc69 loc86 loc68 loc52 loc35 loc6 loc88 loc9 loc51 loc3 loc98 loc75 loc45 loc62 loc16 loc62 loc4 loc81 loc4 loc42 loc84 loc23 loc0
20
loc23 loc21 loc23 loc24 loc25
loc99 loc99
loc26 loc26 loc28
loc93 loc93
loc72 loc72
loc48 loc48 loc49
loc86 loc86
loc69 loc69
loc52 loc52 loc54
loc35 loc29 loc31 loc33 loc34 loc35 loc39 loc40
loc6 loc6 loc7 loc8
loc88 loc88 loc90 loc91
loc51 loc51
loc75 loc75 loc79
loc45 loc45
loc62 loc61 loc62 loc65
loc16 loc16 loc20
loc81 loc81
loc42 loc42
loc84 loc84
