Soda loc106 loc172 loc36 loc145 loc156 loc145 loc36 loc106 loc25 loc53 loc179 loc92 loc57 loc157 loc57 loc75 loc137 loc75 loc92 loc151 loc104 loc163 loc42 loc171 loc154 loc163 loc104 loc129 loc17 loc23 loc74 loc13 loc34 loc189 loc138 loc34 loc84 loc167 loc84 loc34 loc13 loc74 loc23 loc17 loc129 loc82 loc43 loc27 loc131 loc147 loc194 loc183 loc60 loc68 loc126 loc52 loc196 loc51 loc155 loc51 loc196 loc142 loc185 loc196 loc170 loc192 loc87 loc47 loc164 loc165 loc8 loc193 loc111 loc30 loc136 loc30 loc111 loc128 loc111 loc181 loc188 loc77 loc173 loc107 loc146 loc107 loc173 loc77 loc141 loc180 loc27 loc43 loc179 loc199 loc64 loc3 Soda
38
Soda Soda
loc172 loc172
loc145 loc145
loc156 loc156
loc157 loc157
loc137 loc137
loc151 loc151
loc163 loc163
loc171 loc171
loc154 loc154
loc189 loc189
loc138 loc138 loc140
loc167 loc167
loc82 loc72 loc74 loc75 loc77 loc79 loc80 loc82 loc83 loc84 loc88 loc90 loc94 loc95 loc97 loc100 loc101 loc103 loc106 loc107 loc109 loc111 loc114 loc118 loc121 loc122
loc43 loc9 loc10 loc11 loc13 loc14 loc15 loc17 loc20 loc22 loc23 loc24 loc25 loc26 loc28 loc30 loc32 loc34 loc35 loc36 loc37 loc38 loc39 loc40 loc41 loc42 loc45 loc50 loc51 loc53 loc55 loc57 loc58 loc59 loc61 loc64 loc65
loc131 loc131
loc147 loc147
loc194 loc194
loc183 loc183
loc126 loc126
loc155 loc155
loc142 loc142
loc185 loc185
loc170 loc170
loc192 loc192
loc165 loc165
loc8 loc6 loc7 loc8
loc193 loc193
loc136 loc136
loc128 loc128
loc181 loc181
loc188 loc188
loc173 loc173
loc146 loc146
loc141 loc141
loc180 loc180
loc199 loc199
loc3 loc3
