index155 index124 index198 index44 index14 index67 index164 index126 index65 index150 index178 index97 index27 index128 index141 index87 index0 index123 index86 index157 index54 index62 index196 index37 index174 index24 index69 index91 index165 index137 index81 index92 index49 index109 index167 index158 index159 index115 index130 index140 index60 index31 index117 index89 index146 index10 index186 index95 index169 index42 index83 index18 index121 index172 index173 index108 index6 index84 index52 index136 index66 index181 index199 index112 index99 index131 index190 index120 index116 index129 index156 index55 index1 index155
56
index155 index152 index155
index124 index124 index125
index198 index198
index44 index44
index14 index14 index15 index17
index164 index164
index126 index126
index150 index150
index97 index97
index27 index27 index30
index128 index128 index129
index141 index141 index142 index143 index144
index87 index87 index88
index0 index3 index4 index5
index86 index86
index157 index157
index62 index62 index63
index196 index196
index37 index37
index174 index174
index24 index22 index23 index24 index25 index26
index69 index69
index165 index165
index137 index137
index81 index81
index92 index92
index49 index47 index49 index50
index109 index109 index110
index167 index167
index158 index158
index159 index159
index115 index115
index130 index130
index60 index60
index31 index31 index32
index89 index89 index90
index10 index9 index10 index11
index186 index186
index95 index95 index96
index42 index39 index40 index42
index83 index83
index18 index18 index19 index20 index21
index121 index121
index172 index169 index170 index172
index108 index106 index107 index108
index6 index6
index52 index52
index66 index66 index67
index199 index199
index112 index112 index113 index114
index99 index99 index100
index131 index131 index133 index134
index190 index190
index116 index116 index118
index156 index156
index55 index55 index56 index57 index58
