fmdhlepsteinstdnkill nhmkilllsftepsteindd ddepsteinhltfkillsmn nmlfshtdkillepsteind epsteinlshkilldnfdmt killepsteinlhtfdsmdn dhkilllsepsteinmntdf killepsteinlhtfdsmdn dnkillepsteinlshdtfm epsteinkillmsftnddlh fkillepsteindlhdnsmt nltdmsfepsteinkilldh hnfdtmlepsteinkillds hdepsteinskillldtnfm hnfdtmlepsteinkillds epsteindfhlmdnskillt dlnsthfmepsteinkilld nkilltdhlmdepsteinsf hepsteinsddnfkillmlt ddtmkillepsteinflsnh fddsepsteinhnlkilltm msfltdkillnepsteinhd killdmnsfhldepsteint epsteintdkilllnfdhms fshtdepsteinmldnkill epsteinskilldlndhmtf fdshnmkillepsteinltd killnsfmhdepsteindtl tmlepsteinsdnfkillhd tlmsdhdnkillfepstein hsndepsteindlmtkillf nepsteinlmdkilldhfts hnsdkilllftdmepstein ddlmnftepsteinhskill fhndskillepsteintldm lhsepsteindtdnmkillf lnsmkilltfdepsteindh stepsteinhkillfmnldd epsteindlsfdntmkillh fmdhlepsteinstdnkill
29
fmdhlepsteinstdnkill hnfdtmlepsteinkillds fepsteinhsntddkilllm
nhmkilllsftepsteindd nhmkilllsftepsteindd
epsteinlshkilldnfdmt epsteinlshkilldnfdmt
killepsteinlhtfdsmdn killepsteinlhtfdsmdn
dhkilllsepsteinmntdf dhkilllsepsteinmntdf
dnkillepsteinlshdtfm dnkillepsteinlshdtfm
nltdmsfepsteinkilldh ddtmkillepsteinflsnh nltdmsfepsteinkilldh lndsdkilltmepsteinhf lsdepsteinfmkillndth killmlepsteindthnfsd ntlepsteindmfdshkill dmepsteinfnhltkillsd
hdepsteinskillldtnfm epsteinmhndfkilltdls hdepsteinskillldtnfm fmsepsteindntldhkill mftkillepsteinndlhsd
epsteindfhlmdnskillt epsteindfhlmdnskillt
dlnsthfmepsteinkilld dlnsthfmepsteinkilld
nkilltdhlmdepsteinsf nkilltdhlmdepsteinsf
hepsteinsddnfkillmlt lhepsteinkilldtnmfsd flepsteindndhmtkills hepsteinsddnfkillmlt
msfltdkillnepsteinhd msfltdkillnepsteinhd
killdmnsfhldepsteint killdmnsfhldepsteint
epsteintdkilllnfdhms epsteintdkilllnfdhms hsdfepsteintlnkilldm
fshtdepsteinmldnkill fshtdepsteinmldnkill
epsteinskilldlndhmtf epsteinskilldlndhmtf nfdhkilllsmtepsteind
fdshnmkillepsteinltd lmhdtfdepsteinnkills dhepsteindsnlkillfmt fdshnmkillepsteinltd
killnsfmhdepsteindtl killnsfmhdepsteindtl
tmlepsteinsdnfkillhd tmlepsteinsdnfkillhd
tlmsdhdnkillfepstein depsteinnlsfmhtkilld tlmsdhdnkillfepstein dfkilllmtepsteinhdsn
hsndepsteindlmtkillf hsndepsteindlmtkillf
nepsteinlmdkilldhfts nepsteinlmdkilldhfts ndkillftdsmepsteinlh
hnsdkilllftdmepstein hnsdkilllftdmepstein
ddlmnftepsteinhskill ddlmnftepsteinhskill
fhndskillepsteintldm fhndskillepsteintldm
lnsmkilltfdepsteindh lnsmkilltfdepsteindh
stepsteinhkillfmnldd tlsfdmdepsteinnhkill epsteinkillmsftnddlh stepsteinhkillfmnldd
epsteindlsfdntmkillh epsteindlsfdntmkillh
