Wurster Kleeberger Simon Indianapolis Sather Sutardja Cory Pitzer Hazardous Anthony Oregon Chan North Nevada Silver Gilman Florida Parking Idaho Vermont Simpson Stanley Wurster
22
Wurster Wurster Barrows Class
Kleeberger Tennessee Kleeberger Goldman Moses Recreational
Simon Simon Hilgard Hesse Visitor Alabama Montgomery
Indianapolis California Moffitt Blackwell Boston Indianapolis Salem Brain Massachusetts Spieker Honolulu Maxwell Optometry Raleigh Juneau Observatory Pennsylvania
Sather Sather
Sutardja Sutardja
Cory Cory
Pitzer Pitzer
Hazardous Hazardous
Anthony Anthony
Oregon Oregon
Chan Chan
North North
Nevada Nevada
Silver Silver
Gilman Gilman
Florida Florida
Parking Parking
Idaho Idaho
Vermont Vermont McLaughlin Frank
Simpson Simpson
Stanley Stanley
