Rhode Harrisburg Kentucky Columbus Madison Hargrove Birge Foothill Jacobs Insectary Observatory Mississippi Hertz Stadium Montgomery Bancroft Moffitt Morrison Haste Durant Topeka Hearst Hartford Jones Concord Lower Clark Minnesota Richmond Providence International Barrows Nashville Springer Tennessee McLaughlin Greenhouse Trenton Boalt Sproul Rhode
40
Rhode Rhode Olympia
Harrisburg Cheyenne East University Valley Harrisburg Hellman Martin Donner Life Campanile Michigan
Kentucky Kentucky McEnerney
Columbus Columbus Wisconsin
Madison Madison Etcheverry
Hargrove Hargrove Montana
Birge Birge Mathematical
Foothill Foothill
Jacobs Jacobs
Insectary Insectary
Observatory Observatory
Mississippi Mississippi
Hertz Hertz
Stadium Stadium
Montgomery Montgomery Mulford
Bancroft Police Chou Bancroft
Moffitt Moffitt
Morrison Morrison
Haste Haste
Durant Durant Little
Topeka Topeka
Hearst Hearst
Hartford Hartford
Jones Jones
Concord Concord
Lower Lower Lansing
Clark Clark Illinois
Minnesota Minnesota
Richmond Richmond
Providence Maxwell Providence Chvez
International International
Barrows Barrows
Nashville Nashville
Springer Springer
Tennessee Tennessee
McLaughlin McLaughlin
Greenhouse Baton Silver Moses Grinnell Cory CNMAT Cleary Warren Nevada Columbia BART Austin Blackwell Bowles Tang Simpson Oregon Krutch Florida LeConte Simon Berkeley Brain Class Heating Annapolis Jefferson Utah Durham Energy Pennsylvania Maryland West Hawaii Edwards Santa Salt
Trenton Trenton
Boalt Boalt
Sproul Sproul
