pump appearance lot admiration attractive range pedestrian gloom valley rock leadership feign hallway formulate impound exercise mud freedom sticky reject wear pray ensure float genetic packet minor aspect row pursuit anger pipe descent guideline diagram ghost parallel plug brain separate reflection forest polish performance title hierarchy innovation need pump
48
pump pump privilege
appearance appearance
lot lot
admiration admiration
attractive attractive
range range
pedestrian pedestrian
gloom line literature gloom
valley valley judicial
rock rock
leadership leadership preoccupation wage
feign feign
hallway linger depressed hallway
formulate formulate
impound impound
exercise exercise
mud mud sit
freedom freedom
sticky sticky
reject reject
wear wear
pray pray
ensure ensure distributor
float float tip
genetic genetic
packet packet category
minor mouse park minor
aspect aspect
row row
pursuit ground physical pursuit nominate
anger anger
pipe pipe sentiment
descent descent button
guideline guideline
diagram diagram
ghost ghost
parallel survival parallel sacrifice
plug plug consideration
brain brain
separate separate engineer
reflection lemon sweet reflection unanimous
forest forest
polish polish
performance performance fairy
title title
hierarchy hierarchy
innovation innovation
need prospect affect need overlook
