0 86 90 35 31 3 4 87 4 49 4 3 11 58 11 13 17 70 44 68 17 0 100 106 145 106 100 103 130 103 100 107 152 107 100 105 138 105 100 104 136 104 100 102 118 102 124 102 100 101 109 167 109 101 117 101 110 168 110 175 110 169 110 101 112 182 112 179 112 101 111 177 111 178 111 101 116 198 116 101 113 189 113 188 113 101 115 194 115 196 115 101 108 154 108 158 108 160 108 156 108 101 100 0
41
0 1 4
86 81 82 83 85 86
90 90
35 35
31 24 25 26 28 29 31
87 87 89
49 49 51
58 53 54 55 56 57 58
13 5 7 10 13 14
17 17 18 20 21 22
70 70 72 75 77
44 42 43 44
68 59 62 63 65 66 68
100 96 98 99 100 101 102 104 105
106 106 109
145 142 144 145 146 147 149
130 130
152 151 152 153
138 138
136 136
118 118
124 121 123 124 127 128
167 167
117 117
168 168
175 175
169 169 171 172 173
112 112 113
182 182
179 179 180
177 177
178 178
198 198
189 189
188 188
194 194
196 196
154 154
158 158
160 160
156 156
