stop0 stop3 stop123 stop81 stop167 stop36 stop156 stop74 stop101 stop133 stop58 stop137 stop42 stop155 stop51 stop183 stop194 stop31 stop13 stop162 stop17 stop22 stop195 stop114 stop145 stop197 stop88 stop142 stop72 stop33 stop96 stop109 stop181 stop21 stop69 stop186 stop126 stop105 stop192 stop7 stop191 stop80 stop8 stop64 stop138 stop0
45
stop0 stop0
stop3 stop2 stop3 stop4
stop123 stop122 stop123 stop124
stop81 stop81 stop84
stop167 stop167
stop36 stop35 stop38 stop39 stop40 stop41
stop156 stop156
stop74 stop74 stop77
stop101 stop101 stop102
stop133 stop133 stop135
stop58 stop58
stop137 stop137 stop144
stop42 stop42 stop44
stop155 stop155 stop182
stop51 stop51 stop54 stop55
stop183 stop189 stop150 stop171 stop183
stop194 stop194
stop31 stop31
stop13 stop13 stop14 stop15
stop162 stop162
stop17 stop16 stop17 stop18
stop22 stop22 stop23 stop25
stop195 stop195
stop114 stop114
stop145 stop145
stop197 stop180 stop147 stop148 stop159 stop139 stop197
stop88 stop88 stop89 stop90 stop92
stop142 stop142
stop72 stop72 stop73
stop33 stop33 stop34
stop96 stop96 stop100
stop109 stop109 stop112
stop181 stop181
stop21 stop21
stop69 stop68 stop69 stop70
stop186 stop186 stop187 stop176 stop163 stop158 stop172
stop126 stop126 stop128 stop130
stop105 stop105 stop106
stop192 stop192
stop7 stop7
stop191 stop166 stop191 stop199 stop153
stop80 stop80
stop8 stop8 stop9
stop64 stop60 stop62 stop64 stop65
stop138 stop138
