node142 node89 node107 node47 node148 node70 node135 node81 node122 node151 node23 node119 node196 node10 node53 node162 node34 node166 node80 node31 node199 node60 node177 node39 node86 node136 node45 node5 node77 node17 node50 node170 node26 node2 node154 node182 node99 node144 node62 node160 node124 node185 node69 node93 node102 node40 node65 node128 node111 node56 node142
50
node142 node140 node143
node89 node89 node91
node107 node107 node108
node47 node47
node148 node148
node70 node70
node135 node135
node81 node81
node122 node121 node122 node123
node151 node151 node152
node23 node20 node23 node24
node119 node119
node196 node196
node10 node10 node11
node53 node53
node162 node162 node163 node164
node34 node34
node166 node166 node169
node80 node80
node31 node31
node199 node199
node60 node60
node177 node177
node39 node39
node86 node86 node87 node88
node136 node136
node45 node45
node5 node5 node6
node77 node77 node78
node17 node17 node18
node50 node50
node170 node170 node171
node26 node26 node27
node2 node2
node154 node154
node182 node182 node183
node99 node99
node144 node144
node62 node62
node160 node160 node161
node124 node124 node125 node127
node185 node185
node69 node69
node93 node92 node93 node94
node102 node102 node103
node40 node40
node65 node65 node66
node128 node128 node129 node130
node111 node111 node112
node56 node56
