369 eeb6 b4bd dda9 9975 62e5 c261 14e32 110d0 51d8 a719 e47b 4b06 1476 4e6f 121dd a047 14ac9 132ea 139bc c933 ffc3 1408e bb8f 14760 92a3 d6d7 84ff 221a 69b7 9cde 10695 e7e4 13653 13d25 128af 3327 369
33
369 a3b da4
eeb6 eeb6
b4bd b4bd
dda9 dda9
62e5 62e5 664e
c261 c261
14e32 14e32
110d0 10d67 110d0 11b0b
51d8 51d8
e47b e47b
1476 1476
4e6f 4434 4b06 4e6f
121dd 121dd
a047 a047
14ac9 14ac9
132ea 132ea
139bc 139bc
c933 c933 d005 d36e
ffc3 ffc3
1408e 1408e
bb8f bb8f
14760 14760
d6d7 d6d7 da40
84ff 84ff 8bd1 960c
221a 1eb1 221a 2583
69b7 69b7 6d20
9cde 9cde
10695 10695
e7e4 e7e4
13653 13653
13d25 13d25
128af 128af
3327 2c55 2fbe 3327
