507 16eff 648c 356a6 22902 2513a 26a5d 2a6b1 1ecae 23817 200ca 169f8 1e2a aff5 11e8f 32460 3c54 1056c 11988 2b5c6 78a8 33375 2f21a 2472c 1d892 379d7 dd34 20fdf 38df3 13cb9 1ba68 146c7 360b4 27e79 22e09 3246 ba03 36ac2 1790d 3428a 1c97d 374d0 2b0bf 1a64c 31a52 5577 2d3f 2ddfe 388ec d326 2d8f7 2fc28 36fc9 1923 19737 25b48 23d1e 9bd9 150d5 507
56
16eff 16eff
648c 648c 6993
356a6 356a6
22902 22902
2513a 2513a 25641
26a5d 26a5d 26f64 27972
2a6b1 2a6b1
1ecae 1ecae 1f1b5
23817 23817
200ca 200ca
169f8 15fea 164f1 169f8
1e2a 1e2a
aff5 aff5
11e8f 11e8f 12396
32460 32460
3c54 374d 3c54 4662 4b69
1056c 10065 1056c 11988
2b5c6 2b5c6 2bacd
78a8 78a8
33375 32e6e 33375 3387c
2f21a 2f21a
2472c 2472c 24c33
1d892 1d892 1dd99
379d7 379d7
dd34 dd34 e742 ec49
20fdf 20fdf 214e6
38df3 38df3
13cb9 13cb9
1ba68 1ba68
146c7 146c7
360b4 360b4
27e79 27e79 28d8e
22e09 22e09 23310
3246 3246
ba03 ba03
36ac2 36ac2
1790d 1790d 17e14 1831b
3428a 3428a
1c97d 1c97d
374d0 374d0
2b0bf 2b0bf
1a64c 1a64c 1ab53
31a52 31a52
5577 5577
2ddfe 2ddfe 2e305
388ec 388ec
d326 c411 c918 d326 d82d
2d8f7 2c9e2 2cee9 2d8f7
2fc28 2fc28 3012f 30636
36fc9 36fc9
1923 1923
19737 18822 18d29 19737
25b48 25b48 2604f
23d1e 23d1e
9bd9 82b6 8cc4 91cb 9bd9
150d5 150d5 155dc
