node0 node184 node130 node134 node112 node146 node18 node196 node18 node136 node160 node189 node104 node70 node176 node194 node178 node8 node133 node122 node55 node141 node140 node199 node73 node32 node124 node132 node101 node187 node6 node151 node111 node155 node142 node100 node197 node182 node125 node128 node169 node193 node159 node82 node158 node27 node170 node190 node172 node87 node147 node145 node198 node168 node46 node195 node167 node173 node107 node57 node143 node30 node165 node30 node192 node148 node84 node117 node65 node139 node113 node127 node115 node52 node144 node52 node153 node74 node191 node0
55
node184 node184 node185
node130 node129 node130 node131
node134 node134
node112 node112
node146 node146
node196 node196
node136 node135 node136 node137 node138
node160 node160 node161
node189 node189
node176 node176
node194 node194
node178 node177 node178 node179 node180 node181
node133 node133
node122 node122 node123
node141 node141
node140 node140
node199 node199
node124 node124
node132 node132
node101 node101 node102 node103 node104 node105
node187 node186 node187 node188
node151 node151 node152
node111 node109 node110 node111
node142 node142
node100 node100
node197 node197
node182 node182 node183
node125 node125 node126
node128 node128
node169 node169
node193 node193
node159 node159
node158 node158
node170 node170 node171
node190 node190
node147 node147
node145 node145
node198 node198
node168 node168
node195 node195
node167 node167
node173 node172 node173 node174 node175
node107 node106 node107 node108
node143 node143
node165 node162 node163 node164 node165 node166
node192 node192
node148 node148 node149 node150
node117 node117 node118 node119 node120 node121
node139 node139
node113 node113 node114
node127 node127
node115 node115 node116
node144 node144
node153 node153 node154 node155 node156 node157
node191 node191
