Building99 Building98 Building89 Building90 Building91 Building88 Building91 Building90 Building89 Building97 Building94 Building96 Building86 Building82 Building86 Building96 Building92 Building96 Building85 Building45 Building69 Building71 Building67 Building63 Building61 Building43 Building52 Building66 Building60 Building59 Building57 Building59 Building60 Building74 Building62 Building55 Building76 Building77 Building81 Building77 Building79 Building26 Building23 Building32 Building38 Building29 Building41 Building39 Building41 Building29 Building33 Building29 Building38 Building32 Building23 Building28 Building6 Building8 Building0 Building8 Building4 Building17 Building16 Building18 Building15 Building98 Building99
25
Building88 Building88 Building91
Building97 Building97
Building94 Building93 Building94 Building96
Building82 Building82 Building83
Building92 Building92
Building85 Building85
Building69 Building69
Building71 Building71
Building61 Building61
Building43 Building43 Building44 Building47
Building52 Building49 Building50 Building51 Building52 Building53 Building55
Building66 Building66 Building67 Building68
Building57 Building57
Building74 Building74
Building62 Building62 Building63
Building76 Building76
Building81 Building81
Building26 Building25 Building26 Building28
Building23 Building23
Building41 Building41 Building42
Building39 Building39
Building33 Building33
Building8 Building5 Building6 Building7 Building8 Building9 Building12
Building0 Building0
Building16 Building16 Building18 Building20 Building21
