Building65 Building66 Building99 Building34 Building38 Building45 Building38 Building35 Building41 Building44 Building36 Building44 Building33 Building60 Building61 Building63 Building62 Building59 Building7 Building5 Building1 Building8 Building51 Building54 Building51 Building53 Building22 Building23 Building27 Building20 Building18 Building24 Building28 Building25 Building31 Building25 Building12 Building88 Building91 Building90 Building84 Building90 Building88 Building12 Building14 Building10 Building14 Building13 Building21 Building16 Building21 Building13 Building14 Building29 Building95 Building92 Building94 Building97 Building96 Building97 Building94 Building70 Building77 Building73 Building82 Building71 Building82 Building73 Building77 Building79 Building77 Building70 Building67 Building68 Building80 Building68 Building67 Building66 Building65
29
Building65 Building64
Building99 Building99
Building45 Building45 Building46
Building41 Building41 Building42
Building44 Building44
Building36 Building36 Building37
Building33 Building33 Building35
Building60 Building57 Building58 Building59
Building61 Building61
Building5 Building1 Building3 Building4
Building8 Building8
Building51 Building51
Building54 Building54 Building55
Building27 Building27 Building30
Building24 Building20 Building22 Building24 Building25
Building31 Building31 Building32
Building88 Building88
Building91 Building91
Building84 Building84
Building10 Building10 Building11
Building13 Building13 Building15
Building16 Building16
Building92 Building92 Building94
Building96 Building96 Building97
Building73 Building73 Building76
Building82 Building81 Building82 Building83
Building71 Building71
Building79 Building79
Building80 Building80
