aa0 gd9 gd8 gd9 gd7 gd6 gd4 gd3 gd5 gd2 gd0 gc9 gc5 gc6 gc0 gc3 gc0 gc7 gc8 gc7 gc0 gc1 gc2 gc1 gc0 gb9 gb7 gb4 gb3 gb0 ga9 ga8 ga5 ga1 ga0 ad9 ad1 ad2 ad3 ad5 ad3 ad4 ad3 ad7 ad3 ad6 ad3 ad2 ad1 ad9 ad0 ac9 ac4 ac7 ac3 ac6 ac8 ac5 ac0 ab9 ab8 ab7 ab4 ab2 ab0 aa9 aa8 aa2 aa4 aa2 aa1 aa0
21
gd9 gd9
gd8 gd8
gd7 gd7
gd4 gd4
gd3 gd3
gc5 gc5
gc3 gc3
gc8 gc8
gc1 gc1
gc2 gc2
gb4 gb2 gb3 gb4 gb6 gb7
ga5 ga2 ga3 ga4 ga6 ga7
ad5 ad5
ad4 ad4
ad7 ad7 ad8
ad6 ad6
ac3 ac3 ac6 ac7
ac8 ac8
ab8 ab5 ab7 ab8 ac2
ab2 ab2 ab4
aa4 aa3 aa4 aa5 aa6 aa7
