stop0 stop77 stop87 stop12 stop70 stop46 stop23 stop35 stop99 stop52 stop89 stop16 stop8 stop94 stop26 stop96 stop33 stop65 stop95 stop90 stop50 stop81 stop2 stop80 stop60 stop85 stop43 stop93 stop0
28
stop0 stop0 stop1
stop77 stop75 stop77 stop78 stop79
stop87 stop87
stop12 stop12
stop70 stop70 stop73
stop46 stop46
stop23 stop23
stop35 stop35 stop37 stop38
stop99 stop99
stop52 stop52
stop89 stop89
stop16 stop15 stop16 stop18 stop19
stop8 stop8 stop9
stop94 stop94
stop26 stop27 stop28 stop29 stop30
stop96 stop96
stop33 stop33
stop65 stop65 stop67
stop95 stop95
stop90 stop90
stop50 stop50
stop81 stop81
stop2 stop2 stop4 stop5 stop7
stop80 stop80
stop60 stop60 stop61 stop62
stop85 stop85
stop43 stop42 stop43 stop44
stop93 stop93
