stop0 stop108 stop23 stop118 stop56 stop13 stop138 stop137 stop51 stop158 stop44 stop59 stop144 stop36 stop113 stop33 stop133 stop63 stop16 stop160 stop76 stop88 stop82 stop98 stop7 stop69 stop89 stop0
27
stop0 stop0 stop1 stop2 stop3
stop108 stop108 stop169 stop105 stop121
stop23 stop23
stop118 stop118 stop115
stop56 stop55 stop56 stop57
stop13 stop13 stop14
stop138 stop117 stop138 stop163 stop122 stop116
stop137 stop143 stop102 stop137 stop140 stop154 stop101 stop112 stop129
stop51 stop48 stop50 stop51 stop52 stop54
stop158 stop135 stop161 stop158 stop147
stop44 stop43 stop44 stop47
stop59 stop59
stop144 stop128 stop144 stop127 stop141 stop124
stop36 stop36 stop37 stop38 stop41
stop113 stop167 stop159 stop113 stop139 stop149
stop33 stop33
stop133 stop133 stop145 stop166
stop63 stop63 stop67
stop16 stop16
stop160 stop160 stop156
stop76 stop75 stop76 stop77
stop88 stop88
stop82 stop82
stop98 stop97 stop98 stop99 stop100
stop7 stop6 stop7 stop8 stop9 stop10
stop69 stop68 stop69 stop70 stop72
stop89 stop89 stop92
