Egsmith Waltditch Wetwick Sudwich Pemlow Watchcombe Wenbeck Brackbrough Stainby Wenwold Sudtree Wychbourne Wychnell Burfield Shaftbridge Penborne Staplake Wychbeck Chelmbeck Cookford Farnsmith Wychsmith Chelmwang Hurstlow Edgey Shaftbage Egavon Wychbourne Barnton Egsmith
19
Egsmith Chelmden Barnton Leathermere
Waltditch Shaftbridge Stainbrough Stapbeck Waltditch
Wetwick Wetwick
Pemlow Pemlow
Wenbeck Wenbeck
Stainby Wenside Wenwold Egtree Stainby
Sudtree Sudtree
Wychbourne Brackbrough Nortley Wychbourne
Wychnell Wychnell Flitgrove
Penborne Penborne
Staplake Staplake Ashbourne
Wychbeck Wychbeck
Chelmbeck Chelmbeck Alfchester Wychsmith
Cookford Cookford
Farnsmith Farnsmith
Chelmwang Chelmwang Ashdown
Edgey Edgey Burbourne
Shaftbage Shaftbage
Egavon Egavon Wywick
