0 188 28 155 70 163 194 129 146 136 91 63 175 22 85 161 145 160 126 111 51 111 193 178 151 39 8 166 8 179 196 86 199 186 105 58 197 121 81 78 81 135 69 12 130 152 141 4 141 125 133 184 89 173 84 42 159 87 67 47 29 95 29 119 134 36 73 109 9 35 138 35 164 77 182 92 108 102 116 6 38 5 185 54 98 170 0
57
28 28 31 32
155 155
70 70 74 75
163 163
194 194
146 146 149
91 91
63 63
175 175 176
22 17 18 19 20 22 24 25 26 27
85 85
145 145
160 160
126 126 128
111 111
51 48 49 50 51
193 193
178 178
151 151
166 166 168
179 179 180
196 196
199 199
186 186
58 58
197 197
121 121
78 78 79 81 83
69 69
12 12 14
130 130
4 4 6
125 125
133 133
184 184
89 89
173 173
42 42 44
159 156 157 159
87 87
67 64 65 67
47 47
95 95
119 119 120
134 134
36 36
109 104 106 108 109
9 9 10
138 137 138 139
77 77
182 182
102 100 102 103
116 116 117
38 38 39
185 185
98 96 98 99
170 170
