location0 location63 location98 location30 location50 location18 location100 location25 location95 location47 location19 location34 location27 location80 location87 location72 location67 location76 location152 location89 location41 location10 location56 location42 location54 location60 location5 location85 location70 location12 location94 location0
30
location0 location1 location2 location3
location63 location62 location63 location64 location65
location98 location97 location98 location99
location30 location30 location31 location32
location50 location49 location50 location51
location18 location16 location17 location18
location100 location100
location25 location23 location24 location25 location26
location95 location95 location96
location47 location46 location47 location48
location19 location19 location20 location21 location22
location34 location33 location34 location35 location36
location27 location27 location28 location29
location80 location79 location80 location81 location82
location87 location86 location87 location88
location72 location72 location73 location74 location75
location67 location66 location67 location68 location69
location76 location76 location77 location78
location89 location89 location90
location41 location37 location38 location39 location40 location41
location10 location8 location9 location10 location11
location56 location56 location57 location58 location59
location42 location42 location43 location44 location45
location54 location52 location53 location54 location55
location60 location60 location61
location5 location4 location5 location6 location7
location85 location83 location84 location85
location70 location70 location71
location12 location12 location13 location14 location15
location94 location91 location92 location93 location94
