Plano Riverside Tallahassee Cincinnati Miami Olathe HuntingtonBeach SimiValley HuntingtonBeach Mobile Surprise Corona Brownsville Knoxville SanBernardino Fremont SantaClarita NewHaven Davidson Salinas GardenGrove Philadelphia Anchorage AnnArbor FortLauderdale Norfolk Reno LouisvilleJefferson SantaAna SiouxFalls FortCollins SantaRosa Denton Glendale Raleigh Yonkers McAllen ThousandOaks Tampa Shreveport Allentown Killeen SanJose Glasses Hollywood Fontana Lincoln PembrokePines Torrance Elizabeth Anaheim Pikachu Lafayette Huntsville VirginiaBeach Ontario Mesa Memphis Charleston Mesa Denver Cleveland Atlanta Oxnard Omaha Garland KansasCity Thornton Worcester Mesquite Joliet LasVegas SanFrancisco MorenoValley Pasadena SantaClara Plano
62
Plano Vallejo Hayward Dallas Chicago
Riverside Riverside
Cincinnati Cincinnati
Miami Miami
Olathe Olathe
HuntingtonBeach HuntingtonBeach
SimiValley SimiValley CorpusChristi
Mobile Vancouver Sunnyvale LittleRock Mobile AugustaRichmond
Surprise Surprise
Corona Corona Cary Stamford
Brownsville Brownsville
Knoxville Knoxville
SanBernardino SanBernardino
Fremont Fremont
SantaClarita SantaClarita
NewHaven NewHaven
Davidson Davidson Montgomery Greensboro Portland OklahomaCity
Salinas Salinas
GardenGrove GardenGrove
Anchorage Norman Anchorage JerseyCity
AnnArbor AnnArbor
FortLauderdale FortLauderdale Pomona
Norfolk Norfolk
LouisvilleJefferson LouisvilleJefferson Warren
SiouxFalls SiouxFalls
FortCollins FortCollins
SantaRosa SantaRosa SanAntonio
Denton Denton
Glendale Glendale
Raleigh Raleigh Irvine
McAllen McAllen
ThousandOaks ThousandOaks
Tampa Tampa
Allentown Allentown Laredo
Killeen Killeen Lancaster
SanJose SanJose
Glasses Glasses
Hollywood Hollywood
Lincoln Lincoln
Torrance Torrance NewOrleans
Elizabeth Elizabeth
Anaheim Anaheim OWO
Pikachu Pikachu
Lafayette Lafayette
Huntsville Huntsville Wichita Akron
Ontario Ontario
Mesa Mesa Houston
Memphis Memphis
Charleston Charleston
Denver Denver Escondido
Atlanta Waco Madison Hartford Atlanta
Oxnard GrandPrairie Oxnard Irving
Omaha Omaha
Garland Garland
Thornton Thornton Beaumont Hampton
Worcester Worcester
Mesquite Mesquite Rockford StLouis
LasVegas LasVegas
SanFrancisco SanFrancisco Tulsa
MorenoValley MorenoValley
Pasadena Pasadena
SantaClara SantaClara
