13 182 192 131 180 173 153 138 198 145 188 111 137 167 178 147 189 196 184 149 129 105 151 116 175 171 140 165 114 194 119 169 102 121 108 127 155 143 133 157 164 13
40
182 182 183
192 191 192 193
131 131 132
180 180 181
173 173 174
153 153 154
138 138 139
198 198 199
145 145 146
188 186 187 188
111 111 112 113
137 135 136 137
167 167 168
178 178 179
147 147 148
189 189 190
196 196 197
184 184 185
149 149 150
129 128 129 130
105 104 105 106
151 151 152
116 116 117 118
175 175 176 177
171 171 172
140 140 141 142
165 165 166
114 114 115
194 194 195
119 119 120
169 169 170
102 100 101 102 103
121 121 122 123 124
108 107 108 109 110
127 125 126 127
155 155 156
143 143 144
133 133 134
157 157 158 159 160
164 161 162 163 164
