A0 A99 A95 A99 A90 A85 A87 A86 A85 A80 A84 A83 A84 A80 A79 A81 A79 A75 A77 A78 A75 A74 A70 A71 A74 A65 A60 A61 A60 A55 A59 A58 A59 A55 A54 A56 A54 A50 A52 A50 A49 A45 A49 A40 A35 A37 A35 A30 A29 A25 A27 A25 A24 A20 A24 A15 A10 A12 A10 A5 A4 A0
23
A0 A2 A3 A4 A6
A95 A93 A94 A95 A96 A97
A87 A87
A86 A86
A83 A83
A79 A79
A81 A81
A77 A77
A78 A78
A70 A68 A69 A70
A71 A71 A72
A61 A61 A62
A58 A58
A54 A54
A56 A56
A52 A52 A53
A45 A44 A45 A46 A47
A37 A36 A37 A43
A30 A31 A33
A29 A29
A27 A27 A28
A20 A18 A19 A20 A21 A22
A12 A8 A11 A12
