A0 A4 A5 A10 A15 A24 A25 A29 A30 A35 A40 A49 A50 A54 A55 A60 A65 A74 A70 A74 A75 A79 A80 A85 A87 A85 A90 A99 A100 A102 A103 A100 A104 A105 A110 A111 A110 A115 A124 A120 A124 A125 A127 A125 A129 A131 A129 A130 A135 A140 A149 A147 A146 A145 A149 A150 A154 A155 A160 A162 A161 A160 A165 A174 A170 A174 A175 A179 A180 A184 A183 A184 A180 A185 A186 A187 A185 A190 A189 A188 A176 A191 A192 A193 A192 A191 A176 A188 A189 A190 A199 A197 A196 A195 A194 A199 A0 A2 A0
35
A4 A4
A10 A6 A8 A11 A12 A18
A25 A19 A20 A21 A22 A27 A28 A29 A31 A33 A36 A37
A49 A43 A44 A45 A46 A47 A52 A53 A54
A55 A56 A58
A70 A61 A62 A68 A69 A70 A71 A72
A79 A77 A78 A79 A81 A83 A86
A87 A87
A99 A93 A94 A95 A96 A97
A102 A102
A103 A103 A104
A105 A106 A108
A111 A111 A112
A120 A118 A119 A120 A121 A122
A127 A127 A128
A129 A129
A131 A131
A135 A133 A136 A137 A143 A144
A147 A147
A146 A146
A145 A145
A154 A152 A153 A154 A156 A158
A162 A162
A161 A161
A170 A168 A169 A170 A171 A172
A179 A177 A178 A179 A181
A183 A183
A186 A186
A187 A187
A193 A193
A197 A197
A196 A196
A195 A195
A194 A194
A2 A2 A3
