Soda L166 L191 L186 L124 L143 L114 L92 L151 L113 L63 L45 L157 L27 L159 L11 L121 L173 L97 L130 L107 L32 L85 L193 L198 L167 L37 L132 L79 L188 L89 L171 L169 L81 L189 L74 L9 L145 L103 L83 L98 L116 L75 L22 L163 L135 L69 L119 L101 L67 L149 L176 L39 L177 L52 L108 L126 L43 L4 L49 L183 L62 Soda
62
Soda L0
L166 L166
L191 L191 L192
L186 L186
L124 L124 L125
L143 L143
L114 L114 L115
L92 L92 L93
L151 L151
L113 L113
L63 L63
L45 L45
L157 L157 L158
L27 L24 L25 L27
L159 L159
L11 L11 L12 L13 L14
L121 L121 L122
L173 L173 L174
L97 L97
L130 L130
L107 L107
L32 L32
L85 L85 L86
L193 L193 L194
L198 L198
L167 L167 L168
L37 L34 L35 L37
L132 L132 L133
L79 L79
L188 L188
L89 L89 L90
L171 L171 L172
L169 L169
L81 L81
L189 L189 L190
L74 L74
L9 L9
L145 L145
L103 L103
L83 L83 L84
L98 L98 L99
L116 L116 L117
L75 L75 L76
L22 L21 L22 L23
L163 L163 L164
L135 L135
L69 L69 L70
L119 L119
L101 L101 L102
L67 L67 L68
L149 L149 L150
L176 L176
L39 L39
L177 L177
L52 L52 L54
L108 L108
L126 L126
L43 L43 L44
L4 L4 L5
L49 L49 L50
L183 L183
L62 L60 L61 L62
