Soda andrew krishnan caroline daniel alvin yip golden rob ian rabie lo walsh aidan ritter ashley noor grace massachusetts berit kevin meghan castro eshaan connor roshan djajadi tamara davis garbers sunny garcia rosen Soda
33
Soda woolf winifred danyal
andrew andrew
krishnan krishnan
caroline caroline
daniel daniel juliann
alvin alvin
yip yip
golden golden
rob rob
ian ian
rabie rabie sarina
lo lo sriram
walsh walsh
aidan aidan
ritter ritter
ashley ashley shah
noor noor martinez
grace grace
massachusetts massachusetts
berit berit chloe
kevin kevin
meghan meghan
castro castro singhal
eshaan annie eshaan ruhi
connor connor
roshan roshan
djajadi djajadi vilaythong
tamara tamara jarrett
davis davis
garbers garbers patagonia
sunny amanda sunny lewke
garcia garcia shen
rosen rosen
