Soda li charles oscar alvin doshi zou soman sunny hanlon brett nichole wyatt lewke singorahardjo andrew emily weaver xin greg erika winifred ellen srinivasan massachusetts cal caroline ashley bears gregory krishnan patagonia singhal king zhou angelis ravi aanika subbaraj ahluwalia sophia danyal lebron yip kevin kaur du djajadi chung mittal srivastava gobears maniku adhikiari shah liang grace eshaan kanika maya vikram chase daniel Soda
63
Soda lindsey rob
li li
charles charles
oscar oscar celine
alvin alvin
doshi doshi chloe
zou zou
soman soman
sunny sunny parham
hanlon hanlon franco
brett brett devesh
nichole nichole ohio
wyatt wyatt
lewke lewke william
singorahardjo singorahardjo hari
andrew andrew
emily emily
weaver weaver tyler
xin xin
greg greg
erika barth erika annie
winifred winifred
ellen ellen
srinivasan srinivasan zhifei
massachusetts massachusetts
cal cal
caroline caroline
ashley ashley berit
bears scott bears mack
gregory gregory rouzbahani
krishnan krishnan
patagonia patagonia logan
singhal singhal wu
king king
zhou zhou olivia
angelis angelis saurav
ravi ravi
aanika aanika ani
subbaraj subbaraj vilaythong
ahluwalia ahluwalia
sophia sophia
danyal danyal
lebron lebron
yip yip
kevin kevin evan
kaur kaur
du du ritter ruhi
djajadi djajadi amanda
chung chung
mittal mittal chen
srivastava srivastava
gobears gobears
maniku maniku sun
adhikiari adhikiari
shah shah wong
liang liang
grace grace ishaan
eshaan eshaan connor
kanika kanika umar jacob
maya maya
vikram vikram melissa krista
chase chase george
daniel daniel
