loc79 loc196 loc130 loc162 loc98 loc87 loc19 loc124 loc48 loc118 loc145 loc94 loc58 loc191 loc127 loc150 loc4 loc64 loc189 loc122 loc140 loc110 loc186 loc167 loc52 loc174 loc155 loc148 loc89 loc152 loc133 loc173 loc106 loc164 loc36 loc25 loc70 loc30 loc131 loc14 loc60 loc142 loc83 loc73 loc115 loc170 loc40 loc6 loc107 loc158 loc180 loc33 loc80 loc159 loc45 loc176 loc153 loc96 loc91 loc113 loc9 loc185 loc54 loc68 loc79
64
loc79 loc76 loc78
loc196 loc196
loc130 loc130
loc162 loc162
loc98 loc98
loc87 loc87
loc19 loc17 loc18 loc19
loc124 loc124
loc48 loc48 loc50
loc118 loc118
loc145 loc145 loc146
loc94 loc94
loc58 loc58 loc59
loc191 loc191
loc127 loc127 loc128
loc150 loc150
loc4 loc0 loc2 loc3 loc4
loc64 loc64 loc66
loc189 loc189
loc122 loc120 loc121 loc122
loc140 loc140
loc110 loc110 loc111
loc186 loc186 loc187
loc167 loc167
loc52 loc52
loc174 loc174
loc155 loc155
loc148 loc148
loc89 loc89 loc90
loc152 loc152
loc133 loc133 loc134
loc173 loc173
loc106 loc106
loc164 loc164
loc36 loc36
loc25 loc25 loc26
loc70 loc70
loc30 loc30
loc131 loc131 loc132
loc14 loc14 loc16
loc60 loc60 loc62
loc142 loc142
loc83 loc83
loc73 loc73
loc115 loc115
loc170 loc170 loc171
loc40 loc40 loc41
loc6 loc6 loc8
loc107 loc107 loc109
loc158 loc158
loc180 loc180 loc181
loc33 loc33 loc34
loc80 loc80
loc159 loc159 loc160
loc45 loc43 loc44 loc45
loc176 loc176
loc153 loc153 loc154
loc96 loc96 loc97
loc91 loc91 loc92
loc113 loc113 loc114
loc9 loc9 loc11
loc185 loc185
loc54 loc54
loc68 loc68 loc69
