6a5e7697411b4a5f9bee 9413e484b07844a0b2a5 a9cf0f27ebdd48758408 6c5164d75c654b6e9e3b bbb11a04c8a343348a26 eb69bfc02d474eb3a982 268fc1cec41445e9ae4c d231535a16d747168db6 ce0b9987a99a4073beab ccd6cde772ea4eb0939d 4da00804134d4fc9a85c c576aa1a65a847f98480 008aafd1b0ec4150aacc 2ce2b2e6256542928a0d dcee8e551d34480d82e2 2ce2b2e6256542928a0d 53a42035b7034adda5bf 774136cce4044ed08bc6 9eb57289806f45558a8e 5042f23712404074ac94 e42a313b3fc84870ab92 b0d847fc7911439a9eb5 bb70a9f783b44f29aa76 7a06c0a05152448791da bb70a9f783b44f29aa76 7d4dc3551fe54163a3f8 4e25f87635bb4843b59f 0584f8431be341e5ab2e 6ea877c3766c4669a150 0584f8431be341e5ab2e 113cbb314b8c423e99ac c0dbf396a3c644f697c5 821d08dd9ba24bb68d87 4d6e33ce0fc84c6ea69d 365700b51db445e3a31a 4d6e33ce0fc84c6ea69d 950cb52e3a1446d9af98 4fd54063e8fe4e6591e3 4f8930ea97d349d0b0ea 91cec3a2329f4857a37c e0d6bb0c69d74ec5a7c2 91cec3a2329f4857a37c 7eb60a6a304f406ea788 a5e69939e9704f81a60e d367dd06d7554c00a50c aa3f52c94cbd4a128bbb 95119be28c194159a1ee f911fa4d522a4357aa0b 4cc41845ed58465488d9 a72944b166b948ed8afb 03b01369da244ae890f3 3f86be020a0e43e4b1ff 046ea34f2b9e444f969d 3b86319574304aac82c1 046ea34f2b9e444f969d d8981e847a1946839e08 0b24d415cd09478386e1 bc0a76f3195549949d49 0b24d415cd09478386e1 e73af41069ed4943a52c e3697cd0e4bb4631b60b 9456190223044624836d 2cc84eddeb0f411a85bd 6a5e7697411b4a5f9bee
25
6a5e7697411b4a5f9bee f451d0f96c4e44e5a7a2 ab6a4a3d324a4e118998 e0cb3963860e4d049310 9a007b07478f49ea8ad1
6c5164d75c654b6e9e3b 6c5164d75c654b6e9e3b
bbb11a04c8a343348a26 1733e0b32fcb468e9db5 5a90ec8096c2423fb598 bbb11a04c8a343348a26
268fc1cec41445e9ae4c 268fc1cec41445e9ae4c 00ab75eeae43479b93a1 6e67d80aec8b4fc0a0f4
ce0b9987a99a4073beab ce0b9987a99a4073beab
4da00804134d4fc9a85c 4da00804134d4fc9a85c 950cb52e3a1446d9af98
008aafd1b0ec4150aacc 008aafd1b0ec4150aacc
dcee8e551d34480d82e2 dcee8e551d34480d82e2
5042f23712404074ac94 5042f23712404074ac94
7a06c0a05152448791da 7a06c0a05152448791da 4aadb3216b4343adbebd
4e25f87635bb4843b59f 4e25f87635bb4843b59f
6ea877c3766c4669a150 6ea877c3766c4669a150 cc5f406e2dcd46bebe75
113cbb314b8c423e99ac 113cbb314b8c423e99ac a1480b86aa6b4e8ab46b
365700b51db445e3a31a 365700b51db445e3a31a 87ecc0a3a59f407c9b3d d8c441caf295405aaf52
4fd54063e8fe4e6591e3 4fd54063e8fe4e6591e3 c1b06ccaa4874b00a961
e0d6bb0c69d74ec5a7c2 863d51b71d174e18a8b2 ac82fe0455c04a6fbc21 e0d6bb0c69d74ec5a7c2
a5e69939e9704f81a60e a5e69939e9704f81a60e
f911fa4d522a4357aa0b f911fa4d522a4357aa0b f4f0866d5e97488aa802
a72944b166b948ed8afb ced33625aef44e049e40 a72944b166b948ed8afb e9189c39d6f9459fb82b 95119be28c194159a1ee
3f86be020a0e43e4b1ff 3f86be020a0e43e4b1ff 12424155e29a4ad09224
3b86319574304aac82c1 3b86319574304aac82c1
d8981e847a1946839e08 68b5e6aea12140d2bb26 ebbbcdcdb3554877aeb0 d8981e847a1946839e08 728908ec3cef4db29934
bc0a76f3195549949d49 bc0a76f3195549949d49
e73af41069ed4943a52c e73af41069ed4943a52c
e3697cd0e4bb4631b60b e3697cd0e4bb4631b60b 5c8da1e70e304c18a2e4
