2 76 161 199 169 181 165 181 31 93 66 189 45 121 166 37 81 72 125 72 4 177 193 144 149 1 51 1 147 153 119 187 77 23 61 89 34 67 34 38 117 82 191 85 21 157 21 167 107 155 154 133 154 185 25 173 8 163 52 197 135 97 69 113 195 71 183 171 196 10 39 10 105 99 151 7 19 55 33 101 123 124 87 175 109 59 36 141 36 63 35 27 131 139 11 49 73 49 179 2
67
2 1 3 5
161 161
199 199
169 169
181 181
165 165
93 93 95
189 189
121 121
37 37
81 81 83
125 125 127 129
177 177
193 193
149 149
51 51 53
147 143 145 147
153 153
119 119
187 187
77 75 77 79
61 61
89 89 91
67 63 65 67
117 117
191 191
85 85
157 157 159
167 167
107 107
155 155
133 133
185 185
25 21 23 25
173 173
163 163
197 197
135 135 137
97 97
69 69
113 113 115
195 195
71 71
183 183
171 171
39 39 41
105 105
99 99
151 151
7 7 9
19 19
55 55 57
101 101 103
123 123
87 87
175 175
109 109 111
59 59
141 141
35 31 33 35
27 27 29
131 131
139 139
11 11 13 15 17
49 43 45 47 49
73 73
179 179
