S 4M 4Fa 4Fe 4Fa 4M 4Ea 4Ee 4Ea 4Ed 4Ek 4Ed 4Ea 4Ec 4Eh 4Ec 4Ea 4M 4Da 4M 4Ca 4Cb 4Ca 4M 4Bf 4Ba 4Bb 4Ba 4M 4Af 4Ag 4Af 4Ab 4Af 4M S 2M 2Ba 2Bb 2Ba 2Bf 2M 2Ca 2Cb 2Ca 2M 2Ea 2Ec 2Eh 2Ec 2Ea 2Ed 2Ek 2Ed 2Ea 2Ee 2Ea 2M 2Da 2M 2Fa 2Fe 2Fa 2M 2Af 2Ag 2Ah 2Ag 2Af 2Ab 2Af 2M S 1M 1Fa 1Fe 1Fa 1M 1Da 1M 1Ea 1Ee 1Ea 1Ed 1Ek 1Ed 1Ea 1Ec 1Eh 1Ec 1Ea 1M 1Ca 1M 1Aa 1Ab 1Ac 1Ab 1Ae 1Ab 1Af 1Ag 1Af 1M 1Ba 1M S 3M 3Af 3Ab 3Af 3Ag 3Af 3M 3Da 3De 3Da 3Dd 3Da 3M 3Ba 3Bb 3Ba 3Bf 3M 3Ea 3Ee 3Ea 3Ec 3Eh 3Ec 3Ea 3M 3Fa 3Fe 3Fa 3M 3Ca 3Cb 3Cc 3Cd 3Cc 3Cb 3Ca 3M S
43
4Fe 4Fe
4Ee 4Ee
4Ek 4Ek
4Eh 4Eh 4Ei
4Da 4Dd 4De
4Cb 4Bj 4Ca 4Cb 4Cc 4Cd
4Bf 4Bf 4Bi
4Bb 4Bb
4Ag 4Ag 4Ah 4Ai 4Aj
4Ab 4Ab 4Ac 4Ad 4Ae
2Bb 2Bb
2Bf 2Bf 2Bi 2Bj
2Cb 2Ca 2Cb 2Cc 2Cd
2Eh 2Eh 2Ei
2Ek 2Ek
2Ee 2Ee
2Da 2Dd 2De
2Fe 2Fe 3Aa
2Ah 2Ah 2Ai 2Aj
2Ab 2Ab 2Ac 2Ad 2Ae 2Ag
1Fe 1Fe 2Aa
1Da 1Dd 1De
1Ee 1Ee
1Ek 1Ek
1Eh 1Eh 1Ei
1Ca 1Bi 1Bj 1Ca 1Cb 1Cc 1Cd
1Aa 1Aa 1Ab
1Ac 1Ac 1Ad
1Ae 1Ae
1Ag 1Ag 1Ah 1Ai 1Aj
1Ba 1Bb 1Bf
3Ab 3Ab 3Ac 3Ad 3Ae
3Ag 3Ag 3Ah 3Ai 3Aj
3De 3De
3Dd 3Dd
3Bb 3Bb
3Bf 3Bf
3Ee 3Ee
3Eh 3Eh 3Ei 3Ek
3Fe 3Fe 4Aa
3Ca 3Bi 3Bj 3Ca 3Cb
3Cc 3Cc
3Cd 3Cd
