0 198 197 196 191 195 191 193 192 186 189 186 187 186 181 185 184 181 183 181 176 179 180 176 171 173 171 166 170 169 166 167 161 165 164 161 163 162 156 159 156 151 155 151 153 152 151 146 149 146 141 145 144 141 143 142 141 136 140 139 136 138 137 136 131 135 131 126 127 121 116 111 112 106 101 96 91 92 86 87 81 76 71 66 61 56 57 51 46 41 42 36 37 31 32 26 21 16 11 6 1 0
37
0 3 7 12 13 14 17 19 22 24 25 27 29 30 32 33 34
195 195
193 193
192 192
189 189
187 187
185 185
184 184
183 183
179 179
180 180
173 173
170 170
169 169
165 165
164 164
163 163
162 162
159 159
155 155
153 153
152 152
149 149
145 145
144 144
143 143
142 142
140 140
139 139
138 138
137 137
135 135
127 122 127 128 129 130
101 90 93 94 95 97 98 99 100 102 103 104 105 107 108 109 112 113 114 118
76 72 73 74 75 78 79 80 82 83 84 87
61 52 53 58 59 60 62 63 64 65 68 70
42 35 38 39 42 44 47 48
