BY5DUgv6 UQ4QaUHy H2BV5cDz bMSvK9eQ Rn4zxmTr Af1jBIly 2mQchaeu B0wYReom 6GJHoNdy xULc5Xg4 1aJdK4y9 K3J88UDV 6nj6dyOK gbolqDJc o1w8sSXK vVYZOPt6 kkvcm3Qd c9Hgvc9w q1vN3eei FPDwKJIj Ym8LPSnY 8KVhuJvd OpfVa1HT 0zB29H2A R4zDiMu3 ucMA0iSv Y93BYexY yYTqCbSD 7CrB3pCm tDh0gTYH xTHVuNZl yqX5KOVJ KuVHgP1J Pi99fmGL KJQpAqYk FSF4Na2U w3Radp7c ayFODfwg S9dNuWxm NL9qZEp0 UmgiH1K9 iT0t8noc HXMHfRTC 9IHe97Yy 87yhsuRE HEJxX3gA xZfXXUDQ mjMe14fC 7IV7YjRX JMul31yq g5YhtPSt 8ni5D4t7 WlxPulQd CrvusN6e lvlSObqb nKZTEeUl PagRRYIg 1cr6aFpX Rv8rDvqp E85AysUp aPSEsY2w rZiSDNtK T9nDSMXa aqFtjHzO gd207oOq hc6YxxqG QeSUIsQ1 m0ciW6Mx BY5DUgv6
35
BY5DUgv6 sR6JAufL
H2BV5cDz H2BV5cDz
Af1jBIly Af1jBIly
2mQchaeu 2mQchaeu
B0wYReom B0wYReom CrvusN6e
1aJdK4y9 1aJdK4y9
K3J88UDV K3J88UDV
6nj6dyOK 6nj6dyOK UfRMeyI7
gbolqDJc gbolqDJc
o1w8sSXK o1w8sSXK
c9Hgvc9w c9Hgvc9w 8e8OWOIi
q1vN3eei q1vN3eei
FPDwKJIj FPDwKJIj
OpfVa1HT OpfVa1HT NL9qZEp0 Rv8rDvqp ucMA0iSv iT0t8noc
R4zDiMu3 R4zDiMu3
tDh0gTYH tDh0gTYH
xTHVuNZl xTHVuNZl rGjz0gOd
yqX5KOVJ yqX5KOVJ 8tOszPqV
S9dNuWxm S9dNuWxm ayFODfwg
UmgiH1K9 UmgiH1K9
9IHe97Yy 9IHe97Yy 0zB29H2A
HEJxX3gA HEJxX3gA
7IV7YjRX 7IV7YjRX AMieum8U
g5YhtPSt g5YhtPSt
8ni5D4t7 8ni5D4t7
WlxPulQd WlxPulQd
lvlSObqb lvlSObqb
nKZTEeUl nKZTEeUl
PagRRYIg PagRRYIg
1cr6aFpX 1cr6aFpX mXjWiYol
aPSEsY2w aPSEsY2w
rZiSDNtK rZiSDNtK
gd207oOq gd207oOq
hc6YxxqG hc6YxxqG JMul31yq
QeSUIsQ1 QeSUIsQ1 xULc5Xg4
