93 71 20 169 155 124 44 105 101 172 27 129 131 38 131 115 119 86 57 31 163 151 82 116 154 72 110 140 3 22 56 22 41 171 144 170 108 39 107 24 176 90 34 121 147 136 177 81 141 35 61 95 2 73 161 118 75 168 14 99 11 66 165 43 165 143 174 70 146 46 94 138 157 18 93
54
93 91
20 18 19 20
169 169
155 155
124 124 125
105 105
101 101 102
172 172
27 27
129 129 130 131
38 38
115 115
119 119
86 84 86 87
57 57
163 163
151 151
82 82
116 116 117
154 154
72 72 73
110 110 111
140 140
56 49 51 52 53 56
171 171
170 170
108 108 109
39 39 40
24 24 26
176 176
90 90
34 34 36
121 121 122
147 147
136 136 137
177 177
81 79 80 81
141 141
61 61 62 63
2 1 2 4
161 161
75 74 75 76 77
168 168
14 14
99 95 98 99
66 64 65 66 67 70
165 165
43 43
143 143
174 174
146 146
46 46 47
138 138
157 157
