0a 7l 7i 7j 7i 7h 7e 7g 7f 7e 7d 7a 7b 7c 7a 6l 6i 6j 6i 6h 6e 6f 6e 6d 6a 6b 6c 6a 5l 5i 5j 5i 5h 5e 5f 5e 5d 5a 5b 5c 5a 4l 4i 4j 4i 4h 4e 4f 4e 4d 4a 4b 4a 3l 3i 3j 3i 3h 3e 3f 3e 3d 3a 3b 3a 2l 2i 2h 2e 2g 2e 2d 2a 2b 2a 1l 1i 1j 1i 1h 1e 1f 1e 1d 1a 1b 1a 0l 0i 0j 0i 0h 0e 0f 0e 0d 0a
27
0a 0b 0c
7j 7j 7k
7g 7g
7f 7f
7b 7b
7c 7c
6j 6j 6k
6f 6f 6g
6b 6b
6c 6c
5j 5j 5k
5f 5f 5g
5b 5b
5c 5c
4j 4j 4k
4f 4f 4g
4b 4b 4c
3j 3j 3k
3f 3f 3g
3b 2k 3b 3c
2g 2f 2g 2j
2b 2b 2c
1j 1j 1k
1f 1f 1g
1b 1b 1c
0j 0j 0k
0f 0f 0g
