0 3 6 15 35 27 28 19 58 46 56 66 76 87 97 107 108 119 138 149 159 178 188 196 186 167 157 147 137 126 135 155 175 184 173 192 171 180 161 151 132 143 123 114 105 95 104 103 111 80 91 92 84 73 63 54 43 51 40 31 22 12 0
57
3 3 4
6 6 8
15 15 17
35 35 36
27 26 27 28
19 19 20
58 58
46 46 47
56 56 57
66 66
76 75 76 77
87 87
107 107
119 119
138 138 139
149 149 150
159 159
178 178
188 188
196 196
186 186
167 167 168
157 156 157 158
147 147 148
137 137
126 126
135 135
155 155
175 175
184 184 185
173 173 174
192 192 193
171 171 172
180 180
161 161 162
151 151
132 132
143 143
123 123 124
114 114 115
105 105
95 95
104 104
111 111 112
80 80 82
91 89 90 91
92 92 94
84 84 85
73 73
63 62 63 64
54 52 54 55
43 43 45
51 51
40 40
31 30 31 33
22 22 24
12 11 12 13
