pace voice financial respect enhance dough linger vegetarian forge tolerate cigarette tablet swear mature brake chair mystery gate circulation tool dialogue guarantee king banana figure understand pain class exclusive dip nationalist shy title sunrise title lake page fortune imposter throne interactive pace
29
pace likely prison
voice voice
financial financial
enhance enhance
dough thumb headline dough
linger linger rob
vegetarian vegetarian
tolerate tolerate sign
cigarette nationalist winner cigarette
tablet tablet
swear swear
brake brake
mystery buffet mystery autonomy
circulation injury paper output circulation
tool tool
guarantee guarantee
king king quality
figure bitter seize figure
pain pain
class legislation class glasses
exclusive exclusive other
dip dip
shy shy
title title
sunrise sunrise
lake lake
page page
imposter imposter demand
throne honor enter throne
