0 182 181 179 178 177 118 114 115 114 117 114 111 112 111 113 111 176 106 108 106 175 172 170 171 102 105 102 94 99 94 95 94 169 89 91 89 168 86 87 86 92 80 82 80 85 80 167 166 76 78 76 165 72 75 72 164 67 68 67 163 162 120 127 120 126 120 130 120 123 120 160 159 157 47 48 47 156 52 155 154 54 57 153 60 64 60 151 152 150 11 149 147 14 15 14 145 146 20 144 24 5 10 5 141 139 1 138 135 44 131 40 132 38 134 133 34 36 34 27 28 27 32 27 182 0
38
0 2 3 4
115 115 116
117 117 119
112 112
113 113
108 108 109 110
102 103 104
105 105 107
99 99 100 101
95 95 96 97 98
91 91 93
87 87 88 90
82 82 83 84
85 85
78 78 79 81
72 73 74
75 75 77
68 68 69 70 71
120 121 122
127 127 128 129
126 126
130 130
123 123 124 125
48 48 49 50 51
52 53 55
57 56 58 59
60 61 62 63
64 64 65 66
15 15 16 17 18 19
20 21 22 23
24 25 26
5 6 7 8 9
10 10 12 13
44 45 46
40 41 42 43
36 36 37 39
28 28 29 30 31
32 32 33 35
