9iIwk h2rea 1eRkH ChXAd 0mah3 rrNj1 Esl6u fS0W8 p9vQm fS0W8 k64Ok ZgtaX veOJ7 iCgvV ZgtaX pXCjI k6V9L vrNke 5ioW1 XZKtP dw7aX XZKtP bXinH Be0ab 5ioW1 YH6mk Y7IDR 4a0W8 Y7IDR YH6mk AgYPL tnjfN WJNpN 5VT1H LJqKh aHGHb kmzhT aHGHb WGJpQ jAwQw 1uRw3 q0lus jT5CK HOs1b 1xmtC Mj2eQ 1xmtC XYzcU 1xmtC jASvw oqPYQ jASvw 9iIwk
26
9iIwk 9iIwk 5BDPJ Y7IDR ZgtaX
h2rea h2rea YH6mk
1eRkH 1eRkH
ChXAd ChXAd
fS0W8 1pxZM BnAjj fS0W8
p9vQm p9vQm
veOJ7 veOJ7
iCgvV iCgvV
5ioW1 5ioW1 SgDk6
dw7aX dw7aX LZomt
bXinH bXinH
Be0ab Vake4 Be0ab XZKtP
4a0W8 4a0W8 vE0Pj
AgYPL AgYPL
tnjfN tnjfN
5VT1H 5VT1H
aHGHb aHGHb
kmzhT kmzhT
WGJpQ WGJpQ
jAwQw jAwQw
1uRw3 1uRw3
jT5CK 1xmtC JgjFI pXCjI qkJ6b y89SK Ri2t4 jYfXn jT5CK
Mj2eQ Mj2eQ ZzWHp 7G74f iEXNY
XYzcU XYzcU
jASvw jASvw 5R5Xa
oqPYQ RhUVQ oqPYQ 0GdkR
