1 199 130 60 152 82 140 194 125 84 23 46 142 26 64 182 115 136 159 110 147 95 42 31 153 119 103 49 121 36 53 162 185 98 156 161 71 174 7 186 193 101 88 93 127 78 105 19 15 5 12 190 1
49
1 3
199 199
130 130 132
60 57 58 60
152 152
82 82 83
140 140
194 194
84 84 86
23 23
46 46
142 142
26 26
64 64 66
182 182
115 115 116
136 136 137 138
159 159
110 110
147 147
95 95 96
42 42 43
31 31
153 153
119 119
103 103
49 49 51 52
121 121
36 36
53 53 56
162 162 163
185 185
98 98 99
156 156 157
161 161
71 71
174 174 175 176
7 7
186 186
193 193
101 101
88 88 89 90
93 91 92 93
127 127 128 129
78 78
105 105 108
15 15 18
12 12 13 14
190 190
