location46 location45 location44 location39 location44 location45 location46 location47 location48 location49 location50 location28 location29 location30 location33 location30 location26 location25 location24 location17 location11 location10 location11 location5 location4 location3 location2 location1 location9 location15 location21 location35 location37 location42 location50 location51 location57 location51 location52 location53 location54 location55 location56 location78 location79 location78 location77 location76 location75 location73 location72 location71 location70 location69 location68 location67 location66 location86 location88 location89 location88 location86 location87 location86 location65 location64 location63 location62 location61 location46
22
location46 location48
location39 location38 location39 location40 location41
location49 location49
location29 location29 location30
location33 location33
location24 location22 location24 location25 location26
location17 location17 location18
location10 location10 location11
location5 location4 location5 location6 location7
location3 location3
location15 location13 location14 location15
location37 location37
location57 location57
location55 location55
location79 location79 location80
location77 location77 location78
location73 location73 location74
location72 location72
location70 location70
location89 location89 location90
location87 location87 location88
location63 location62 location63 location64
