Abbey Isabella Presley Shannon Marisol Maeve Matilda Kayley Rayna Lillie Lilia Jamiya Karma Lana Beatrice Harley Eden Riley Avni Nora Kiera Liberty Sophia Dana Jordin Mira Vivian Tanya Abbey
28
Abbey Alexia
Isabella Isabella
Presley Presley
Shannon Shannon
Marisol Marisol
Maeve Maeve
Matilda Matilda Mckinley
Kayley Kayley
Rayna Rayna Rebecca
Lillie Lillie Lisa
Lilia Lilia
Jamiya Jamiya
Karma Karma
Lana Lana
Beatrice Beatrice Carlee
Harley Harley Haven Helen
Eden Eden
Riley Riley Ruth
Avni Avni Ayanna
Nora Nora
Kiera Kiera Kimberly Kristina
Liberty Liberty
Sophia Sophia
Dana Dana
Jordin Jordin
Mira Mira
Vivian Vivian Yoselin
Tanya Tanya Tara
