Taozhuang Chharra Ilesa Uran Jingzhou Uran Fort Oulmes Gua Middle Besuki Chharra Esperanza Gua Nonsan Waverly Somma Donggongon Boo Hechingen Aytos Villa Rosedale New Ulu Southsea Calauan Southsea Gauting Rutherglen Bourbonnais Longgang Norco Udumalaippettai Carnot Bhit Durazno Bhit Sicklerville Chharra Taozhuang
26
Taozhuang Taozhuang
Ilesa Ilesa
Uran Uran
Jingzhou Jingzhou
Fort Fort
Oulmes Oulmes
Middle Middle
Besuki Besuki
Esperanza Esperanza
Nonsan Nonsan
Waverly Waverly
Somma Villa Somma Tupelo Strathfield Memmingen Esmeraldas Gudermes Bang Azrou Kallio Ramla Sarandi Pottstown Rafiganj
Donggongon Wesseling Cibinong Caravaca Donggongon Alatyr Jinotepe
Boo Artur Boo Rutherglen
Hechingen Hechingen
Aytos Aytos
Rosedale Severodvinsk Rosedale Camayenne Jackson
New New
Ulu Ulu Freetown
Calauan Calauan
Gauting Gauting
Bourbonnais Bourbonnais
Longgang Longgang
Udumalaippettai Udumalaippettai
Durazno Durazno
Sicklerville Sicklerville
