108 30 121 143 37 90 57 5 81 174 19 127 26 127 45 185 0 136 134 177 189 56 151 56 11 197 167 181 114 117 159 176 148 182 99 196 92 146 78 83 140 130 178 34 48 6 23 129 77 119 1 119 95 179 157 15 59 109 116 190 31 133 63 126 112 171 138 171 163 61 46 101 49 170 51 7 69 108
54
108 107
121 118 120 121
143 143 144
37 35 36 37 38 39
57 53 54 56 57
5 5
81 81 82
174 174
19 19
26 26 28
185 184 186 187 188
136 136 137
134 134
177 177
151 150 151 153
11 11 13 14
197 197
167 167
181 181
114 114
117 117
176 176
148 148
182 182
99 99 100
92 92
146 146
78 78 79
83 83 84 85
140 140 142
130 130
48 48
23 23 24
129 129
77 73 75 77
1 1
95 95 96
179 179
157 157
15 15 17
109 109 110
190 190
31 31 32 34
133 133
63 63 64 65 66
126 126 128
138 138
61 61
46 43 44 45 46
101 101
49 49
170 170
7 7
69 67 68 69 71
