1 134 132 110 144 119 48 143 120 136 142 112 130 124 3 128 114 125 138 113 126 137 3 140 118 116 1 122 1
25
1 2 4 5 6 8 10 11 12 14 16 17 18 20 22 23 24 26 28 29 30 32 34 35 36 38 40 41 42 44
134 134
132 132
110 110
144 144
119 119
48 46 47 48 50 52 53 54 56 58 59 60 62 64 65 66 68 70 71 72 74 76 77 78 80 82 83 84 86 88 89 90 92 94 95 96 98 100 101 102 104 106 107 108
143 143
120 120
136 136
142 142
112 112
130 130 131
124 124
128 128
114 114
125 125
138 138
113 113
126 126
137 137
140 140
118 118
116 116
122 122
