location4 location37 location159 location113 location60 location48 location93 location158 location125 location188 location171 location84 location169 location71 location56 location185 location124 location190 location186 location181 location134 location11 location0 location39 location192 location102 location131 location68 location177 location25 location148 location110 location170 location15 location120 location43 location30 location168 location143 location128 location160 location99 location157 location152 location49 location29 location193 location116 location119 location183 location80 location52 location140 location165 location145 location74 location107 location92 location163 location20 location4
60
location4 location5 location6
location37 location37
location159 location159
location113 location113 location115
location60 location60 location62 location63 location64
location48 location48
location93 location93 location96
location158 location158
location125 location125 location127
location188 location188 location189
location171 location171
location84 location84
location169 location169
location71 location71 location72
location56 location56 location57
location185 location185
location124 location124
location190 location190 location191
location186 location186
location181 location181
location134 location135 location136
location11 location11
location0 location0 location1 location2
location39 location40 location41
location192 location192
location102 location100 location101 location102
location131 location132 location133
location68 location68 location70
location177 location177
location25 location23 location24 location25
location148 location148
location110 location110
location170 location170
location15 location14 location15 location16 location18
location120 location120 location122
location43 location43
location30 location31 location33
location168 location168
location143 location143 location144
location128 location128 location129
location160 location160
location99 location99
location157 location155 location156 location157
location152 location152
location49 location49 location50 location51
location29 location29
location193 location193
location116 location116 location117
location119 location119
location183 location183
location80 location80 location83
location52 location54 location55
location140 location140 location141
location165 location165
location145 location146 location147
location74 location74
location107 location107 location108
location92 location92
location163 location163
location20 location19 location20 location21
