Albania SaoTomPrincipe Laos CentralAfricanRep Dominica MountAthos Bhutan Chile UAE Guatemala Peru Mongolia Australia Cambodia Luxembourg Cyprus Comoros SaintKitts Thailand Burkina UnitedKingdom SaintLucia Brazil Rwanda Mali VaticanCity Panama Italy Mauritania Jamaica SriLanka Monaco Germany TheGambia Eritrea Rome SaudiArabia Japan EquatorGuinea SierraLeone Ethiopia Malaysia Lithuania America Paraguay Portugal Danzig Gabon Pakistan Poland Venezuela Tanzania Suriname Slovenia Cuba PapuaNewGuinea Albania
55
SaoTomPrincipe SaoTomPrincipe RussianFederation Djibouti
Laos Laos
CentralAfricanRep CentralAfricanRep Ukraine
Dominica Dominica SolomonIslands
MountAthos MountAthos Mauritius
Bhutan Bhutan
Chile Chile Maldives
UAE UAE Bulgaria
Guatemala Guatemala BosHerzegovina
Peru Peru Kosovo
Mongolia Mongolia Serbia Argentina
Australia Australia
Cambodia Cambodia
Luxembourg Luxembourg Finland Estonia Israel
Cyprus IvoryCoast Niger Cyprus Kiribati
Comoros Comoros
SaintKitts SaintKitts
Thailand Thailand Yemen
Burkina Burkina
UnitedKingdom UnitedKingdom
SaintLucia SaintLucia Burma
Brazil Brazil
Rwanda Rwanda
Mali Mali Philippines Nepal
VaticanCity VaticanCity Romania Qatar
Panama Panama
Italy Italy
Mauritania Mauritania CapeVerde Liechtenstein
Jamaica Jamaica NewZealand Lesotho Andorra
SriLanka SriLanka NorthKorea
Monaco Seychelles Algeria
Germany Germany Norway France
TheGambia TheGambia Switzerland
Eritrea Eritrea Newfoundland
Rome Rome
SaudiArabia SaudiArabia Hungary
Japan Belarus Kazakhstan Japan
EquatorGuinea Bahamas EquatorGuinea Tunisia
SierraLeone SierraLeone
Ethiopia Ethiopia Latvia
Malaysia Malaysia
Lithuania Lithuania
America America
Paraguay Paraguay Vanuatu
Portugal Portugal
Danzig Danzig Togo
Gabon Gabon
Pakistan Pakistan Fiji
Poland Poland Grenada
Venezuela Venezuela
Tanzania Tanzania
Suriname Suriname
Slovenia Slovenia
Cuba Cuba
PapuaNewGuinea PapuaNewGuinea Greece
