Zjo93yXsdcDV6Oit TlojxXhc2qYoWZfd hUodt8EH9XJmymZc 5gVgbSJalKNpCPGR mxfBTsbr179d38Xl e9vcyjNNidNUI5lw csYok6RDEEUhtSFo 10BaRDIVtibSNqCT L25OgxwPsOzFiHDa w2eQINfJGzFmJVSa aS5gP3tBqF72MHBj SXePDE8VmWVNc3gI AzbeVJsoSmTMPZLM xoNuVQFyUNw60SHt mp9G8QwevnO2Hxc1 jL8h52rHOflXCXG0 ja6XsDQlFAUw1yfc W3Q2QtUAtGMzTlOK lWi5N9iGPSdFbw4x At29Qn6ybXGjj4BZ HzeL7kqwHpJiFrZV ZpYXkDvB4yWlBwtb HTIVnzfE1Yii5xog oheo0bgdJ9E5AaZ3 ZetpQpaBiR0HxxTA 7rCQ85ozq5ueBf3n DtNMJrqE8gQwtB9A gbLSiDepCxsLEFEh P86w2YmfZZMrKQDs CXs92joGuF2B74ma 7umkRD4mdERwQl2t 3nUfHHB7quaxw3FP wPFBAldpZF3WcEqd Zo0umr3KFWOZJQPm M9il2j2XBWeGdURv dBEYMpdveobbOa64 ZASkL5Mxwr8cbBFG TEBcdk0AQd6dKevH Of6XUqufA1wxpnuj m8Rn3gh3HBuT9R8d qKKAwpkuJY9E8dpl kmMzOIvorXbmvHXw 6Gt5ffOE5tOJA8A7 uN0YmlR4YKMmyTVh FzSHaHADmN7Zbhbr 3th5kfdmmYoxH6sF LUoJ0iRCc71uZfNX nPVdEshNZOOx6qGx 1Eq6CyZRaHXkARva LsIlvCjQu9Xqre9U YpZJ50mXHPeALpEr YHVvi99ucaU9tYgf 2v7uFoKD90sPVOTA ngcwhTcmwXuonGlk quCqGzaCZ5rVk9Gn U5CEflgpFptgqHUL 6La4alyyQSzgrmmj SLuZYQ4lYwLMQuMp 0BNdm9hpaqd4q3Tx EuY7nNg1nWHDnCBx pKGVzMiXVo3v1oQu Dg4uIWuVD7Xd3FfI EotYPttMvJbBfyaO 2yhNJ9fcTz8hRVDj 2hsCdf5s2NPqItPy 0Pfip4BXzoRzyFv2 1yeDQmwUGYi8LEVC LdwRPFzBNqStC5X8 Byr8ftz6Pn4uac3K 8pFqGmxaOhvFeBf4 eRAtRmExinGYKjYs uuhviI1p7F0sChqp z6aHWvfWV1YcOU3s QSabhET5tNnXgX60 KHBd51v9Lk79JoNu tZ46uZudk7AfSXt1 9L0zlmq9jRh6nd1I rvadWwbDVrEOdUmt J5iqQt6wukvg6KLY WVwd9ExLXa3zphJn bpy0VAq3GZuO2R8U RnvIh4TOetAfG82E tZ46uZudk7AfSXt1 qQzEeIfIOpoI9qKk ZsdU4FLz0FoJAHOC e9DWnoEu0mxMb9VK KHBd51v9Lk79JoNu QSabhET5tNnXgX60 LI7uFZ34s97AeNpk 3SYpu8y7n2lFaEgA drsNw5E8nXGgcxxE CvZWFxoaMZYhwHYj Dg4uIWuVD7Xd3FfI PDtM7hU3L1QjW9eR uRc2j178KRm3sVAY fg0WyZdFGAAZWRqK pKGVzMiXVo3v1oQu EuY7nNg1nWHDnCBx 0rKC7Chib5iDGjTC quCqGzaCZ5rVk9Gn ngcwhTcmwXuonGlk 2v7uFoKD90sPVOTA YHVvi99ucaU9tYgf u7i0C02E9nMoZ6Ab LsIlvCjQu9Xqre9U LUoJ0iRCc71uZfNX gqX9V4QU6KrO7JGI uN0YmlR4YKMmyTVh 6Gt5ffOE5tOJA8A7 kmMzOIvorXbmvHXw qKKAwpkuJY9E8dpl pi9Gjwqb8nw39ALT TEBcdk0AQd6dKevH M9il2j2XBWeGdURv dtyOV6qcOqKFtIlH wPFBAldpZF3WcEqd 3nUfHHB7quaxw3FP z6FjXytEu6d6tpnP rz2oBnI3oNG0KAjO P5s4K3vn5D6QckKy P86w2YmfZZMrKQDs gbLSiDepCxsLEFEh DtNMJrqE8gQwtB9A DCIaACaQkHoovJqQ 6egkf72ClmAyyvWb HTIVnzfE1Yii5xog ODpK9gk17jDT3Sp2 ZpYXkDvB4yWlBwtb lWi5N9iGPSdFbw4x jL8h52rHOflXCXG0 mp9G8QwevnO2Hxc1 lFfRvw2OBMTapK25 L25OgxwPsOzFiHDa 10BaRDIVtibSNqCT csYok6RDEEUhtSFo e9vcyjNNidNUI5lw JBll5vlJZ1mcnrE9 tQutySsTV1RolOTN Zjo93yXsdcDV6Oit
31
Zo0umr3KFWOZJQPm Zo0umr3KFWOZJQPm
dBEYMpdveobbOa64 Plb766RuoiNfkOGW dBEYMpdveobbOa64 LjKfvPnu1IVb9d8E M9il2j2XBWeGdURv
TEBcdk0AQd6dKevH Of6XUqufA1wxpnuj TEBcdk0AQd6dKevH ZASkL5Mxwr8cbBFG
m8Rn3gh3HBuT9R8d m8Rn3gh3HBuT9R8d pi9Gjwqb8nw39ALT
kmMzOIvorXbmvHXw kmMzOIvorXbmvHXw R43sDxzHzrO5kncN qKKAwpkuJY9E8dpl
6Gt5ffOE5tOJA8A7 1r13Qnmq9ixI97Qj 6Gt5ffOE5tOJA8A7 8vLm5GS8pptr9y8t
FzSHaHADmN7Zbhbr 8ae7BICLTSRkgPWv FzSHaHADmN7Zbhbr uN0YmlR4YKMmyTVh
3th5kfdmmYoxH6sF gqX9V4QU6KrO7JGI yILnNjtdKS6kD3NP 3th5kfdmmYoxH6sF
LUoJ0iRCc71uZfNX 6GsK7I0daq8OZxaS LUoJ0iRCc71uZfNX MxcmtGZ6qJUnGaxB
nPVdEshNZOOx6qGx nPVdEshNZOOx6qGx StSocpbFeWB0czP8 Uw31N0oW965MP4qr
LsIlvCjQu9Xqre9U YpZJ50mXHPeALpEr LsIlvCjQu9Xqre9U 1Eq6CyZRaHXkARva
YHVvi99ucaU9tYgf nkKMB647tDItOdTX YHVvi99ucaU9tYgf xLhGn69fZWxkF2ME u7i0C02E9nMoZ6Ab
2v7uFoKD90sPVOTA AvHIDL41dbfeNksW LZyPcj0slZv1Vk6U 2v7uFoKD90sPVOTA
quCqGzaCZ5rVk9Gn U5CEflgpFptgqHUL quCqGzaCZ5rVk9Gn ngcwhTcmwXuonGlk 27KMNaF72cTW0PDA
6La4alyyQSzgrmmj 6La4alyyQSzgrmmj TbM88DujEo9BSxqT
SLuZYQ4lYwLMQuMp 1ByTcIJH8XabOIWu SLuZYQ4lYwLMQuMp 0rKC7Chib5iDGjTC
pKGVzMiXVo3v1oQu fg0WyZdFGAAZWRqK pKGVzMiXVo3v1oQu EuY7nNg1nWHDnCBx 0BNdm9hpaqd4q3Tx
Dg4uIWuVD7Xd3FfI EotYPttMvJbBfyaO Dg4uIWuVD7Xd3FfI PDtM7hU3L1QjW9eR uRc2j178KRm3sVAY
2yhNJ9fcTz8hRVDj drsNw5E8nXGgcxxE CvZWFxoaMZYhwHYj 2yhNJ9fcTz8hRVDj PmJZCdR41rbLgXgi
2hsCdf5s2NPqItPy 3SYpu8y7n2lFaEgA 3PEg9lFbqEimkqjc 2hsCdf5s2NPqItPy HqZKcXPbTIsIN6eT
0Pfip4BXzoRzyFv2 kWAnmn2xV4T8moWO 1yeDQmwUGYi8LEVC 0Pfip4BXzoRzyFv2
LdwRPFzBNqStC5X8 jVrty3u6KGOjBg80 W4POX5YqpnnI3x1U Byr8ftz6Pn4uac3K LdwRPFzBNqStC5X8
8pFqGmxaOhvFeBf4 8pFqGmxaOhvFeBf4 Gypke7sesv6WDuj9
eRAtRmExinGYKjYs eRAtRmExinGYKjYs fBCH5yXHMW5jQJjk LI7uFZ34s97AeNpk 5TjXpBJuIWCWGZis
z6aHWvfWV1YcOU3s 9dVIdmIqrww8IL0A z6aHWvfWV1YcOU3s uuhviI1p7F0sChqp
QSabhET5tNnXgX60 K5TJWlCDC2GiIJEC asqla05DvWvndrgH QSabhET5tNnXgX60 1bDI0W7o3Pb2zYhB
KHBd51v9Lk79JoNu e9DWnoEu0mxMb9VK KHBd51v9Lk79JoNu xlWntBwCLfHgHam8
tZ46uZudk7AfSXt1 9L0zlmq9jRh6nd1I tZ46uZudk7AfSXt1 qQzEeIfIOpoI9qKk ZsdU4FLz0FoJAHOC
rvadWwbDVrEOdUmt J5iqQt6wukvg6KLY rvadWwbDVrEOdUmt qeVT6FbNKHRizFU8
WVwd9ExLXa3zphJn RnvIh4TOetAfG82E OMjRZA0G6vbBxKd5 WVwd9ExLXa3zphJn 9pH9xdreYrmVM1JI
bpy0VAq3GZuO2R8U HAZt9xslXTTIQrh6 bpy0VAq3GZuO2R8U ziJdi0Y4mj4TIJZ9
