l0 h3 h91 h3 h83 h89 h83 h2 h74 h38 h57 h20 h57 h93 h90 h35 l17 h34 h69 h31 h78 h32 h30 l15 h68 h79 h98 h49 h5 h88 h65 h99 h87 l63 l20 h41 l69 h36 l88 h40 l88 h95 l56 h13 h97 h63 l53 h15 h16 h85 h80 h76 h45 h51 l95 h44 l95 h28 l11 h23 l35 h71 h42 l9 h86 h64 h82 l97 h60 l97 h61 h54 h67 h72 h66 h11 h81 h25 l91 h46 l23 h47 h92 h0 l0
58
h91 h91
h83 h83 h84
h89 h89
h2 h2 h3
h74 h74 h75
h38 h38 h39
h57 h57
h20 h19 h20 h21 h22
h93 h93 h94
h90 h90
h35 h35
h34 h34
h69 h69 h70
h78 h78
h32 h32 h33
h30 h30 h31
h68 h68
h79 h79
h98 h98
h49 h49 h50
h5 h4 h5 h6 h7 h8 h9 h10
h88 h88
h65 h65
h99 h99
h87 h87
h41 h41
h36 h36 h37
h40 h40
h95 h95 h96
h13 h13 h14
h97 h97
h63 h63
h15 h15 h16 h17 h18
h85 h85
h80 h80
h76 h76 h77
h45 h45
h51 h51 h52
h44 h44
h28 h27 h28 h29
h23 h23 h24
h71 h71
h42 h42 h43
h86 h86
h64 h64
h60 h58 h59 h60
h61 h61 h62
h54 h53 h54 h55 h56
h67 h67
h72 h72 h73
h66 h66
h11 h11 h12
h81 h81 h82
h25 h25 h26
h46 h46
h47 h47 h48
h92 h92
h0 h0 h1
