L0 L116 L192 L112 L141 L188 L62 L118 L102 L196 L38 L74 L46 L48 L157 L132 L18 L97 L8 L57 L199 L106 L130 L143 L127 L23 L26 L40 L135 L121 L160 L149 L7 L64 L194 L145 L81 L168 L95 L125 L163 L50 L109 L138 L77 L60 L110 L68 L30 L152 L153 L175 L94 L165 L147 L84 L53 L73 L176 L41 L178 L13 L33 L0
62
L0 L1 L2 L3
L116 L116
L192 L192
L112 L112 L113
L141 L141 L142
L188 L188
L62 L62
L118 L118 L119
L102 L102 L104
L196 L196 L197
L38 L38 L39
L74 L74 L75
L46 L46
L48 L47 L48 L49
L157 L157
L132 L132
L18 L18 L20
L97 L97 L98
L8 L8 L10
L57 L55 L57 L58
L199 L199
L106 L106 L107
L130 L130
L143 L143 L144
L127 L127
L23 L23 L24
L26 L26 L27
L135 L135
L121 L121 L123
L160 L160
L149 L149
L7 L7
L64 L64 L65
L194 L194
L145 L145 L146
L81 L80 L81 L82
L168 L168
L95 L95 L96
L125 L125
L163 L163 L164
L50 L50 L52
L109 L109
L138 L138 L139
L77 L77
L60 L59 L60 L61
L110 L110
L68 L68 L69
L30 L29 L30 L31
L152 L152
L153 L153
L175 L175
L94 L94
L165 L165
L147 L147
L84 L84
L53 L53 L54
L73 L73
L176 L176 L177
L41 L41
L178 L178
L13 L12 L13 L14
L33 L33
