point0 point85 point84 point91 point92 point58 point61 point93 point55 point57 point53 point26 point27 point24 point12 point3 point9 point35 point19 point10 point22 point64 point65 point62 point63 point70 point68 point66 point77 point45 point44 point48 point50 point49 point0
20
point85 point85
point84 point84
point92 point92
point58 point58 point60
point61 point61
point93 point93
point55 point55 point56
point53 point53
point27 point24 point25 point26 point27 point28
point12 point12 point14
point9 point4 point5 point6 point7 point8 point9
point35 point35 point42
point19 point19
point22 point22
point64 point64 point65
point70 point70 point71 point72
point68 point68
point77 point75 point76 point77
point44 point44 point45 point47 point48
point50 point50
