hgw smp uqs kte pco ntj gwg snk tps jzp mfq lwi fxn uvw dmy zhg bgm myo uzb tqc qil awm wjw cya anf ywv dla eof qlw brt vbm voe bjk opv ovt zyn jbj zyn ovt opv bjk voe vbm brt qlw eof dla ywv anf cya wjw awm qil tqc uzb myo bgm zhg dmy uvw fxn lwi mfq jzp tps snk gwg ntj pco kte uqs smp hgw 
20
hgw ron lfa jbb xam vge efx xxm tqf dsr gyn qdh ivf dyc vze lri xzb 
smp dqj zet smp bdq djo ppf rdk 
uqs uqs 
gwg qjn gwg qtv 
snk snk 
tps tps 
mfq mfq 
fxn fxn 
dmy dmy eze dmi 
myo myo 
qil qil 
wjw wjw 
dla nlo dla 
eof gub kam 
brt brt 
vbm bnv hyj whd vbm 
voe voe 
bjk bjk 
ovt aay 
zyn zyn 
