129 99 145 172 141 196 154 193 154 110 157 110 92 124 92 13 118 10 118 166 47 190 182 21 67 21 72 43 72 79 112 79 163 119 94 139 5 148 101 97 88 1 88 156 62 51 34 109 184 85 133 106 178 106 181 169 181 32 187 32 145 99 129
31
129 127 130
145 145
172 172 175
196 196
154 154
193 193
157 157 160
124 124
118 118 121
10 7 10 13 16 19 22
166 166
190 190
67 67 70 73 76 79 82
43 43 46
112 112 115
163 163
94 94
139 139 142
148 148 151
97 97
1 1 4
62 49 52 55 58 61 64
34 25 28 31 34 37 40
109 100 103 106 109
184 184
85 85 88 91
133 133 136
178 178
181 181
169 169
187 187
