1 15 2 61 44 40 147 85 144 94 52 72 41 67 112 80 112 128 53 128 107 87 32 87 107 23 13 69 13 66 90 176 96 176 18 100 92 62 92 97 24 37 114 26 1
24
1 2 3 4
15 15 16 17 18 19 20
61 58 59 60 61
44 44 45
40 35 36 37 38 39 40
85 84 85 86
52 46 47 48 49 50 51 52
72 72 73 74 75
41 41 42 43
80 76 77 78 79 80 81 82 83
53 53 54 55 56 57
87 87 88
32 28 29 30 31 32 33 34
23 21 22 23
13 5 6 7 8 9 10 11 12 13 14
69 69 70 71
66 66 67 68
90 89 90 91 92 93
96 94 95 96
100 99 100 101
62 62 63 64 65
97 97 98
24 24 25
26 26 27
