Home141 Home154 Home128 Home6 Home163 Home156 Home103 Home88 Home149 Home84 Home13 Home37 Home29 Home96 Home21 Home52 Home176 Home34 Home173 Home174 Home86 Home5 Home124 Home5 Home167 Home56 Home174 Home53 Home91 Home115 Home120 Home69 Home120 Home115 Home50 Home140 Home12 Home74 Home25 Home81 Home75 Home121 Home26 Home82 Home177 Home82 Home143 Home122 Home112 Home16 Home131 Home16 Home60 Home136 Home49 Home47 Home150 Home64 Home28 Home73 Home106 Home73 Home161 Home73 Home28 Home35 Home28 Home1 Home152 Home62 Home134 Home2 Home132 Home2 Home134 Home62 Home127 Home164 Home170 Home165 Home79 Home110 Home40 Home172 Home31 Home67 Home100 Home138 Home43 Home92 Home157 Home109 Home141
50
Home154 Home154
Home128 Home128
Home156 Home156
Home103 Home103 Home105
Home88 Home88 Home89
Home149 Home149
Home13 Home11 Home13 Home15
Home37 Home37
Home96 Home96 Home97
Home176 Home176
Home173 Home173
Home86 Home86 Home87
Home5 Home4 Home5 Home7
Home124 Home124 Home125 Home126
Home167 Home167
Home91 Home91 Home92
Home120 Home120
Home69 Home69
Home50 Home50
Home74 Home74
Home81 Home81
Home75 Home75 Home76
Home26 Home20 Home25 Home26
Home82 Home82 Home83
Home177 Home177
Home143 Home143 Home144 Home147
Home122 Home122
Home112 Home111 Home112 Home114
Home16 Home16
Home131 Home131
Home60 Home51 Home53 Home55 Home60
Home136 Home136
Home47 Home47 Home48
Home64 Home62 Home63 Home64 Home66 Home67
Home28 Home27 Home31 Home32 Home34
Home106 Home106
Home161 Home161
Home35 Home35 Home36
Home1 Home1 Home3
Home152 Home152
Home134 Home134 Home135
Home132 Home132
Home127 Home127
Home164 Home164
Home165 Home165
Home110 Home110
Home172 Home170 Home171 Home172
Home100 Home100
Home43 Home43 Home44 Home45
Home157 Home157
