lllIl1I 11IIII1 lIIlII1 II11l1l lIl111I II11l1l IIl1l1I I1llll1 I1llII1 lll1I1l 1I1lllI ll111ll I11I111 1I1IIIl III1llI l1IllI1 I1ll1II l1Ill11 l1lll11 lll1111 lII111l 11lI11I 1l11lII 1Il1lIl 1l1lIlI lI1l111 1I11Ill 1I1l1Il l1IIl1l Il11II1 llI1lII 111lI1I 1111I11 l1l11l1 1I1I1lI l1I111I IlI1II1 III111I lI11III I111I1I llIIII1 l1l1l1l I11I11l lllIl1I
32
lIIlII1 lIIlII1
II11l1l l1lll11 II1Il1I II11l1l
lIl111I lIl111I
IIl1l1I IIl1l1I
I1llll1 I1llll1
I1llII1 I1llII1
lll1I1l lll1I1l 11111lI
1I1lllI 1I1lllI
ll111ll ll111ll 1I1I1l1
III1llI III1llI
l1IllI1 l1IllI1 IlI1Il1
I1ll1II I1ll1II 11IIII1 lIllIll Il1Il1I
l1Ill11 l1Ill11
lII111l lII111l
1l11lII 1l11lII
1Il1lIl l1lllll 1IlIl1I 1llI111 Ill1I11 IIlIllI Ill11II
1l1lIlI 1l1lIlI
lI1l111 lI1l111
1I11Ill 1I11Ill 1lIl11I I11I111 I11111l
1I1l1Il 1I1l1Il
l1IIl1l l1IIl1l 11lI11I
llI1lII llI1lII
111lI1I 111lI1I
l1l11l1 l1l11l1
1I1I1lI 1I1I1lI
l1I111I l1I111I
IlI1II1 IlI1II1
III111I III111I lIIl11l
lI11III lI11III
I111I1I I111I1I
llIIII1 llIIII1
I11I11l I11I11l
