Satish 4C88SXD 4VE7V DDB26ZHC SQLSVN CXQDH6YMZ8 J2ETZ1C C8WREP VOAV YQB2CII950 R5XAD9J7 DYYG23O LBR67PCKBJ 3IXHQXHYBV P6RI91D87 W71YV1R66L 0TRB9358 E9DZLL M649OA ZMQ5BH 7GAD3F CB93 3WJYJDDU B690 JA1QYGQ0N9 YU3U1T FM2HEMVR1 7622OJ 2BLLD3SK E5HD GNVXN 8TH7QVQY Q7Z37G5 GN4G0L2 H41HZ6 E2DHWGC HM48FZD0 GILAN21GR3 PMXEOGGIQ HQG39M B3R68HYWZ O44VZ E37ZKA8WK 91ZONFE M35E EFIKTK4Y0Y 4P0LGP0 PIW6IC50D LU68 G4QE3I GH8C 5HULMUDLAQ G90OCSZY FM2G14H8I 9QJRN ETNCY9XH2 R4DHH1KAWR MXJIYJYNH4 LQQ5IH 4UE11 ZMZIWZ CKNDWG PUW25N Satish
58
4C88SXD 4C88SXD CV6NHW7M
4VE7V 4VE7V
DDB26ZHC DDB26ZHC
SQLSVN SQLSVN
CXQDH6YMZ8 CXQDH6YMZ8 2B1K6EW9CL QW15YTSV
J2ETZ1C J2ETZ1C
C8WREP C8WREP
VOAV VOAV
YQB2CII950 YQB2CII950
DYYG23O DYYG23O 79KTC8AS9
LBR67PCKBJ LBR67PCKBJ
3IXHQXHYBV 3IXHQXHYBV FPZT
P6RI91D87 P6RI91D87
W71YV1R66L W71YV1R66L FWM5C
0TRB9358 0TRB9358 EEZS
E9DZLL E9DZLL
M649OA 5XYO ETB2 1UCE L7QS0UEPJ M649OA
ZMQ5BH ZMQ5BH 01G9IQ2 ZZACWP
7GAD3F 7GAD3F H1LQ91V
CB93 CB93
3WJYJDDU YSRPP 3WJYJDDU ZH2INF
B690 B690
YU3U1T YU3U1T
FM2HEMVR1 FM2HEMVR1 MLKOJ VGYKKKOFLZ
7622OJ 7622OJ
2BLLD3SK 2BLLD3SK
E5HD E5HD
GNVXN JX6GCY IHN21LA4 GNVXN
8TH7QVQY 8TH7QVQY
Q7Z37G5 Q7Z37G5
GN4G0L2 GN4G0L2 M71OYIS 9V10EOH
H41HZ6 H41HZ6
E2DHWGC E2DHWGC
HM48FZD0 HM48FZD0 KBI1CALMNJ 7T8I47
GILAN21GR3 GILAN21GR3
PMXEOGGIQ PMXEOGGIQ
HQG39M HQG39M
B3R68HYWZ B3R68HYWZ
O44VZ O44VZ HBQM42U 8UPUEGO
E37ZKA8WK E37ZKA8WK 6PVQIBNB9 DST5W4G0
91ZONFE 91ZONFE RP28W1
M35E M35E
EFIKTK4Y0Y EFIKTK4Y0Y
4P0LGP0 4P0LGP0
PIW6IC50D PIW6IC50D 8MDFNIK8AY
G4QE3I G4QE3I 3J6SSA
GH8C GH8C
5HULMUDLAQ 5HULMUDLAQ Q7ZEY ARTWTP9 ET82NVH9
G90OCSZY G90OCSZY
FM2G14H8I 02X2C 26PG FM2G14H8I
9QJRN 9QJRN A118 KCOFJD 9K8PLAET
ETNCY9XH2 ETNCY9XH2
MXJIYJYNH4 MXJIYJYNH4
LQQ5IH LQQ5IH
4UE11 DNIV2BOR2P A8WYICH3 4UE11
ZMZIWZ ZMZIWZ LM7KL5G3V
CKNDWG CKNDWG
PUW25N PUW25N
