129 83 36 19 197 137 9 84 101 4 81 111 142 111 30 184 30 66 122 46 107 109 32 105 192 105 32 29 157 51 6 85 22 194 71 59 95 156 21 43 178 175 7 114 151 140 196 25 60 163 64 135 152 79 61 188 16 0 160 27 145 35 171 121 150 49 155 181 91 20 191 96 76 96 33 88 40 5 174 86 47 62 47 183 131 129
54
129 125 126 128 130
36 36
197 197
137 137
9 8 9 11
84 84
101 101 103
4 4 5 6
81 81 82
142 142
184 184
66 66
122 122 123
107 107 108
109 109 110
105 105
192 192
29 29
157 157 158
51 51 53
85 85
194 194 195
95 95 96 97 98 99 100
156 156
21 21 23
178 177 178 180
175 175
114 114
151 151
196 196
25 25 26
163 163
64 64 65
152 152
61 55 56 57 58 59 61
188 188 189 190
16 13 14 15 16 17
0 0 2
160 160 161
145 145
171 171
121 121
150 150
49 48 49 50
155 155
91 91 92
191 191
76 76
33 33
88 87 88 89
40 39 40 44
174 174
62 62 63
183 183
