AyBBdkPvTTt19wqt b817BTo6GdPc96ig2 wUtvmN9V14Vw0fcE01F ywj3aNhyxUH wUtvmN9V14Vw0fcE01F b817BTo6GdPc96ig2 Le6BO3R lP84Whn qGr382CkPK997QVHAL lP84Whn Nstvw8dF9rhja nOMN589D7t0QjhnBj3wn Nstvw8dF9rhja XMV256fk 5nYY46YfUGovj 0Lw86e uF131buM7L27 0Lw86e dUdv 0Lw86e I6 o83v2nI1sQs I6 0Lw86e 1MHxxU TByQ7zH089 1MHxxU P GXFdnTo0Mk JBYT6heC6yE4 98E9ia5 gv3T5z4 98E9ia5 2qbTYSv3J b19692 8Qe2lSUyQa RYtkT5 usTG0We6G9WDs7Dk RYtkT5 Q2PY 3 3z4E IEtn6zEV03H3 e1M0JsNJ5 IEtn6zEV03H3 r9qUrqog71Fz9gx nw566uv r9qUrqog71Fz9gx IEtn6zEV03H3 pwvBbQ870l3Io2K iFF184 2YlhGrefFhV6JLtw 5tQKcAo3 o 7d2Q05crlPi o FR3SCSFtuk055ORI QqvW51K9Cm aCCE yd7324WTF MEv16358FQ L7Mfs3034VwaB7kd3Z MEv16358FQ Fe5xMwq0a8 2P201UD8Q Fe5xMwq0a8 XQxkrBxnI Ut7hqt9A p772t3OLqj Ut7hqt9A 2mk9O8P6 SdP9W8WRSw 2mk9O8P6 Q P6C89a32 Q 336P8 J68F52raS3n1L6ZYK x60I798qq0Sq6Xdc9s0 O7W5C8z8H93l MjwmiyLlZn thypPB22BchO3Od9 E76twn5gNBei01uh2PkH NU7gnWcAs4nq66FS E76twn5gNBei01uh2PkH 2a5Zkf5zd4Va3 O73Lh6 Han188Ox DqfU93360y3I66U0 Tk46 DqfU93360y3I66U0 9q06155efQSN M40P0vmSkH961FtFpaR bfYVB7M6I5 1utCvCS3yEzt0HBbKt I4640OD L46h8MG90TBpA8v9 I4640OD b6DdFnSk8qdk45 o88qO93T 85682ijoufq1DW o88qO93T 2T6osNpb4 cZ9 2Et5UN6ZJ19iz c2m39UUoMb w22P6su70O6jf3FJ EL5n1KQ3kn MJ2l1N0ojTC eZEbm QE9dXn5y6j2YYh jxDm FKWv88jkw79me T8C17MZ6g69gmQ ymzG1qC7YsJFFmeog 7DmqFE 36Y155M7F1ZG8 JbMQX8p9 AcC1Sh8w37Px0m 8w6aRuq AcC1Sh8w37Px0m 3505 0b 9jWI53P36dh95 AyBBdkPvTTt19wqt
60
AyBBdkPvTTt19wqt P vRH6pA1I75N1 6v326555i1Io5Z 6c1qFsEg9xI 2l90gxx61rTb0CbF
ywj3aNhyxUH ywj3aNhyxUH
Le6BO3R Le6BO3R khC
qGr382CkPK997QVHAL qGr382CkPK997QVHAL
nOMN589D7t0QjhnBj3wn nOMN589D7t0QjhnBj3wn KIOJyBXM922ydZA5 1wF6
XMV256fk XMV256fk 7DmqFE
5nYY46YfUGovj d 5nYY46YfUGovj TMULg aCCE
uF131buM7L27 uF131buM7L27 4932 68ZC6T1G2o9Q95CKs 920ucA0jXEv
dUdv dUdv
I6 I6
o83v2nI1sQs o83v2nI1sQs
TByQ7zH089 Ut7hqt9A TByQ7zH089 q7Ehaiz v d5P0NXv8 hG8udpL53V A6gMJKsUfUSuEI76
JBYT6heC6yE4 JBYT6heC6yE4
gv3T5z4 659Cx Q gv3T5z4 89ukpivGhdck21Krrh40 8tvL5MpO9J735t
b19692 b19692
8Qe2lSUyQa 8Qe2lSUyQa
usTG0We6G9WDs7Dk usTG0We6G9WDs7Dk
Q2PY Q2PY
3 3
3z4E 3z4E
e1M0JsNJ5 e1M0JsNJ5
r9qUrqog71Fz9gx r9qUrqog71Fz9gx 9o4t
nw566uv nw566uv
pwvBbQ870l3Io2K pwvBbQ870l3Io2K
iFF184 iFF184
2YlhGrefFhV6JLtw 2YlhGrefFhV6JLtw q
7d2Q05crlPi 7d2Q05crlPi
FR3SCSFtuk055ORI FR3SCSFtuk055ORI PELS5 9jWI53P36dh95
QqvW51K9Cm QqvW51K9Cm
yd7324WTF yd7324WTF
MEv16358FQ MEv16358FQ
L7Mfs3034VwaB7kd3Z L7Mfs3034VwaB7kd3Z
2P201UD8Q 2P201UD8Q 1e90fR0FtB7Ev156y RYtkT5 b817BTo6GdPc96ig2
XQxkrBxnI XQxkrBxnI
p772t3OLqj p772t3OLqj
SdP9W8WRSw SdP9W8WRSw
P6C89a32 P6C89a32
J68F52raS3n1L6ZYK J68F52raS3n1L6ZYK
O7W5C8z8H93l O7W5C8z8H93l
MjwmiyLlZn MjwmiyLlZn
thypPB22BchO3Od9 thypPB22BchO3Od9 EnmWLiDA9NE89oNUTbx
E76twn5gNBei01uh2PkH E76twn5gNBei01uh2PkH jxDm
NU7gnWcAs4nq66FS NU7gnWcAs4nq66FS Rf0x16WtfDv
Han188Ox Han188Ox
Tk46 Tk46 4B5uWNh7Dl3lRP
9q06155efQSN 9q06155efQSN
1utCvCS3yEzt0HBbKt 1utCvCS3yEzt0HBbKt
I4640OD I4640OD
L46h8MG90TBpA8v9 IEtn6zEV03H3 L46h8MG90TBpA8v9 kg8257p31rTQvRWjGF
b6DdFnSk8qdk45 b6DdFnSk8qdk45 6qc68848myvIqoZWw
85682ijoufq1DW 85682ijoufq1DW
2T6osNpb4 2T6osNpb4
2Et5UN6ZJ19iz 2Et5UN6ZJ19iz c3x9Cmq8W5oa57mjASv
MJ2l1N0ojTC MJ2l1N0ojTC
eZEbm eZEbm
FKWv88jkw79me FKWv88jkw79me
ymzG1qC7YsJFFmeog ymzG1qC7YsJFFmeog
36Y155M7F1ZG8 36Y155M7F1ZG8 T8C17MZ6g69gmQ
8w6aRuq 8w6aRuq
3505 3505
