0 140 60 198 88 198 18 82 99 147 97 173 105 92 105 7 76 34 125 77 139 12 3 65 102 68 106 20 103 89 103 30 103 63 24 63 55 107 81 174 56 36 2 158 40 158 46 41 161 71 191 112 50 112 0
25
0 0 1 2 3 4
60 58 59 60 61
88 86 87 88
18 16 17 18 19
82 82 83 84 85
99 99
97 95 96 97 98
92 92 93 94
7 5 6 7 8 9 10
34 32 33 34 35
77 74 75 76 77
12 11 12 13 14 15
68 66 67 68 69 70
20 20 21 22 23
89 89 90 91
30 28 29 30 31
63 62 63 64 65
24 24 25 26 27
55 54 55 56 57
81 78 79 80 81
36 36 37 38 39
40 40 41 42 43 44 45
46 46 47 48 49
71 71 72 73
50 50 51 52 53
