loc0 loc58 loc185 loc172 loc44 loc198 loc157 loc112 loc75 loc37 loc46 loc144 loc49 loc105 loc52 loc106 loc160 loc45 loc160 loc53 loc78 loc3 loc134 loc1 loc143 loc92 loc143 loc1 loc165 loc20 loc165 loc164 loc184 loc127 loc199 loc93 loc162 loc129 loc15 loc129 loc66 loc31 loc66 loc170 loc147 loc170 loc17 loc156 loc64 loc191 loc39 loc28 loc61 loc186 loc83 loc108 loc177 loc109 loc150 loc141 loc84 loc141 loc85 loc117 loc41 loc179 loc38 loc183 loc188 loc183 loc25 loc138 loc32 loc116 loc51 loc192 loc50 loc196 loc76 loc182 loc76 loc97 loc163 loc167 loc0
50
loc185 loc185
loc172 loc172
loc198 loc198
loc157 loc157
loc112 loc112 loc113
loc75 loc75
loc46 loc46 loc47
loc144 loc144
loc49 loc49 loc52
loc105 loc105
loc106 loc106
loc160 loc160
loc45 loc45
loc53 loc54 loc57
loc78 loc78
loc134 loc134
loc92 loc92
loc165 loc165
loc20 loc20
loc164 loc164
loc184 loc184
loc93 loc93 loc96
loc162 loc162
loc129 loc122 loc129 loc130 loc131
loc15 loc8 loc10 loc11 loc14 loc15
loc66 loc66 loc67 loc69
loc31 loc31
loc147 loc147
loc17 loc17
loc156 loc156
loc191 loc191
loc39 loc39
loc28 loc25 loc27 loc28
loc186 loc186 loc187
loc177 loc177
loc109 loc109
loc150 loc150
loc84 loc82 loc83 loc84
loc85 loc85 loc89
loc41 loc41 loc42
loc179 loc179
loc188 loc188
loc138 loc138
loc32 loc32 loc36 loc37
loc116 loc116 loc118 loc119 loc120
loc192 loc192
loc196 loc196 loc197
loc182 loc182 loc183
loc97 loc97 loc100
loc167 loc167 loc168
