a0 o9 o8 o7 o6 o5 o4 o3 o2 o1 o0 n9 n8 n7 n6 n5 n4 a0 k6 a0 k4 a0 k8 a0 k2 a0 p9 a0 k0 a0 h7 i7 h7 a0 h2 i4 h2 a0 h9 j0 i9 j0 h9 a0 i1 a0 p1 p2 p3 p4 p5 p6 p7 p8 h0 e8 g9 a0 m4 n0 m5 n2 m5 n0 m4 a0 f4 f5 g1 g2 g4 g8 i0 g8 f5 f4 a0 l0 l1 l2 l3 l4 l5 l6 l7 l8 l7 l6 l5 l4 l3 l2 l1 l0 a0 d8 e9 g0 e9 d8 a0
37
a0 b0 b1 b2 b3 b4 b5 b6 b7 b8 b9 c0 c1 c2 c3 c4 c5 c6 c7 c8 c9 e0 e1 e2 e3 e4 e5 e6 e7 e8
o9 o9 p0
o8 o8
o6 o6 o7
o4 o4 o5
o2 o2 o3
o0 o0 o1
n8 n8 n9
n6 n6 n7
n4 n4 n5
k6 k6 k7
k4 k4 k5
k8 k8 k9
k2 k2 k3
p9 p9
k0 k0 k1
i7 i6 i7 i8
i4 i3 i4 i5
i9 i9
i1 i1 i2
p1 p1 p2
p3 p3 p4
p5 p5 p6
p7 p7 p8
g9 g9
n0 n0 n1
n2 n2 n3
g2 g2 g3 g4 g5
g8 g6 g7 g8
i0 i0
l0 l0 l1
l2 l2 l3
l4 l4 l5
l6 l6 l7
l8 l8 l9
e9 e9
g0 g0 g1
