69 131 110 148 186 191 4 134 190 198 171 185 146 11 104 147 197 12 195 0 193 0 188 192 132 150 160 166 6 106 6 165 158 149 163 8 194 8 100 69
30
69 1 2 5 11 14 16 24 25 26 27 30 31 33 36 37 44 46 50 51 52 53 56 58 59 63 64 71 72 74
131 112 113 115 117 118 119 121 127 128 131
110 110
148 148
186 186
191 191
134 134 135
190 190
198 198
171 171
185 185
146 146
104 104
147 147
197 197
195 195
193 193
188 188
192 192
132 132 133
150 150
160 160 162
166 166
106 106
165 165
158 158
149 149
163 163
194 194
100 77 80 81 82 83 87 90 97 99 100 101
