74 123 81 167 24 64 165 171 165 176 178 37 152 47 127 193 4 75 187 43 158 43 187 75 185 44 107 112 76 21 31 86 57 63 174 63 115 148 105 148 192 13 45 146 54 133 199 51 190 155 52 130 28 113 88 113 198 100 72 100 173 66 63 139 138 34 94 163 94 20 96 184 154 76 166 131 200 131 91 65 59 14 118 14 39 32 27 103 125 83 125 80 104 181 142 42 11 161 109 123 74
57
74 73
123 123
167 167
165 165
171 171
178 178 179
152 152
47 47
127 127 128 129
4 4 5
158 158
107 107 108
112 112 113 114
76 76 77
31 31 32
63 63
174 174
115 115 116
105 105
192 192 193
146 146
54 54 56
133 133 134
199 199
190 190
155 155 157
52 50 51 52 53
130 130 132
88 88 89 90
198 198
100 98 99 100
72 72
173 173
66 66
139 139 140
138 135 136 138
94 94 95 96 97
163 163
20 20 23
184 184
154 154
200 200
91 91
59 58 59 60 61
14 12 14 16 17 18
118 118 120
39 39
27 27
103 103
125 125
83 83 86
80 80 81
142 142 143
42 42 44 45
11 11
161 161
109 109 111
