112 13 143 94 40 8 95 109 29 126 146 23 183 78 181 194 49 107 174 81 52 83 190 36 168 129 121 169 136 149 66 64 162 130 58 59 138 144 114 182 44 188 157 17 54 163 41 187 6 154 160 171 72 70 158 11 147 20 0 117 151 102 112
61
13 13 14
143 143
94 94
40 40
8 8 9
95 95 96 97 99
109 109
29 27 28 29
126 126 127
146 146
23 23 24
183 183 184
78 78 80
181 181
194 194
49 49
107 104 105 107
174 174
81 81
52 52 53
83 83 84 85
190 190
36 33 34 35 36
168 165 166 168
129 129
121 118 119 120 121 123 124
169 169 170
136 136
149 149
66 66
64 64
162 162
130 130 131
58 58
59 59 60
138 138
144 144
114 114
182 182
44 44
188 188
157 157
17 17
54 54 56
163 163
41 41 42
187 187
6 6
154 154
160 160
171 171 172
72 72 73 75
70 68 69 70 71
158 158
11 11
147 147
20 20 21
0 0
117 117
151 151 152
102 102
