Soda loc3 loc63 loc86 loc99 loc96 loc53 loc29 loc95 loc29 loc53 loc92 loc12 loc61 loc63 loc57 loc64 loc83 loc91 loc68 loc91 loc83 loc64 loc72 loc6 loc44 loc89 loc44 loc6 loc22 loc43 loc26 loc67 loc90 loc45 loc93 loc45 loc81 loc45 loc66 loc45 loc48 loc45 loc19 loc71 loc33 loc50 loc62 loc79 Soda
23
Soda loc8 loc10 loc12 loc13 loc17 loc18 loc19 loc20 loc21 loc23 loc26 loc28 loc29 loc30 loc31 loc32 loc33 loc36 loc38 loc39 loc40
loc86 loc86
loc99 loc99
loc96 loc96 loc97
loc53 loc53 loc55
loc95 loc95
loc92 loc92
loc61 loc61
loc57 loc57
loc83 loc83
loc91 loc91
loc68 loc68
loc72 loc72 loc73
loc89 loc89
loc43 loc41 loc43 loc44 loc45
loc67 loc67
loc90 loc90
loc93 loc93
loc81 loc81
loc66 loc66
loc48 loc48 loc49
loc71 loc71
loc79 loc79
