mdyuzxshey vkrlpmybdj tvcolajnao qcktwemqbm wkwwcqjtxf zjbarjhmau kdujdjjwot zjbarjhmau bulywvvpni lndsfxewdc zpybghfdbe cmdqzmgvfi qfbvncxldf cmdqzmgvfi qydclznxrd cmdqzmgvfi tmrnpjqnxx wtlzrefwav hsjqtjkukk smwxdupkdv aokbiptbzc smwxdupkdv hsjqtjkukk wtlzrefwav jrmlkfexfk gllungmori rkyixxpcbx optviwhmbr ixyurvbpvu gwnccktgki ixyurvbpvu siatqqydwf ahqdrcepub lazlsvgukx idfvjoquhh xkasbvrrxd yhpfnjjqmm fznfvsgjhc lkvobxyfca xplqpgpbvq hadchvmijq jqtguzxxsl yiwwdwbzth xftptyrlvl jedsthbmzo oewptytlja knfzsnhzvx oewptytlja nwlccbonas oewptytlja owusjcmdkp ljhmnbaicr ebqxbaqnmm zumetrybth jatkaoyfxb vkrlpmybdj zmfuudfatm vkrlpmybdj mdyuzxshey mysadifwma mdyuzxshey
28
mdyuzxshey mdyuzxshey
vkrlpmybdj vkrlpmybdj psiebvskfb
qcktwemqbm qcktwemqbm
zjbarjhmau zjbarjhmau
kdujdjjwot kdujdjjwot
lndsfxewdc lndsfxewdc
cmdqzmgvfi cmdqzmgvfi
qfbvncxldf qfbvncxldf
qydclznxrd qydclznxrd
aokbiptbzc aokbiptbzc lbuiysostx
gllungmori eooyfwmxln vugkhjygfe gllungmori
rkyixxpcbx rkyixxpcbx optviwhmbr
gwnccktgki gwnccktgki xtvbrolacp bnmegnfgii
ahqdrcepub ahqdrcepub
lazlsvgukx lazlsvgukx
fznfvsgjhc fznfvsgjhc euqbrkzdsw
lkvobxyfca lkvobxyfca wtlzrefwav
hadchvmijq mswyvpdrsy ebqxbaqnmm hadchvmijq
jqtguzxxsl jqtguzxxsl koawdpgqdx tgbmxdmvwe
jedsthbmzo jedsthbmzo
oewptytlja xftptyrlvl lnicnhmajr bulywvvpni oewptytlja
knfzsnhzvx knfzsnhzvx qepegujmaa
nwlccbonas nwlccbonas seeyrseflx
owusjcmdkp owusjcmdkp
ljhmnbaicr ljhmnbaicr
jatkaoyfxb jatkaoyfxb wynbxuuxru
zmfuudfatm zmfuudfatm zumetrybth wtyqwjwskq
mysadifwma mysadifwma
