99 176 102 58 1 19 184 95 183 95 106 108 88 101 135 8 135 61 54 13 48 122 48 26 199 39 154 167 52 22 52 92 105 76 161 62 73 62 128 164 168 86 181 86 146 71 112 71 192 2 63 85 174 96 132 43 66 43 97 137 150 137 185 45 41 45 111 138 170 113 114 113 148 16 190 16 30 113 59 64 165 23 5 21 78 177 169 104 130 162 53 37 180 120 171 120 160 84 166 81 158 81 126 81 83 69 173 116 117 116 163 107 142 156 70 175 188 79 178 79 32 152 90 110 151 176 99
61
99 99 100
102 102 103
1 0 1 4
184 184
183 183
106 106
88 88
8 8 9
61 61
13 10 12 15 17 18
122 122 123 124
26 25 26 27 28
39 34 35 39 40
167 167
22 20 22 24
92 92 94
161 161
73 73 75
164 164
168 168
181 181
146 146
112 112
192 192
63 63
174 174
132 132
66 66 68
97 97 98
150 150
185 185 186
41 41 42
111 111
170 170
114 114
148 148 149
190 190
30 30 33
59 59
165 165
5 5
78 78 80 82
169 169
130 130 131
53 47 51 53 55 56
180 180
171 171 172
160 160
166 166
158 158
126 125 126 127
83 83
173 173
117 117 119
163 163
142 142
70 70
188 188
178 178
90 90
151 151 155
