loc59 loc20 loc68 loc84 loc50 loc88 loc33 loc71 loc16 loc74 loc62 loc11 loc42 loc95 loc92 loc98 loc89 loc70 loc1 loc65 loc46 loc13 loc83 loc32 loc81 loc36 loc28 loc23 loc97 loc4 loc25 loc52 loc45 loc59
32
loc20 loc20
loc68 loc68
loc84 loc84
loc50 loc50 loc51
loc88 loc88
loc33 loc33 loc34 loc35
loc71 loc71 loc72
loc16 loc16 loc17
loc74 loc74
loc62 loc62
loc11 loc11
loc42 loc41 loc42 loc43
loc95 loc95
loc92 loc92
loc98 loc98
loc89 loc89 loc90
loc70 loc70
loc1 loc1 loc2
loc65 loc65
loc46 loc46 loc47
loc13 loc13 loc14
loc83 loc83
loc32 loc30 loc31 loc32
loc81 loc81
loc36 loc36 loc37
loc28 loc28 loc29
loc23 loc23
loc97 loc97
loc4 loc4 loc5 loc6
loc25 loc25
loc52 loc52 loc54
loc45 loc45
