destitute Loomis Rio swingy Hewlett FPC mediate funny Gilmore tate embassy Dominican minion slowdown amateur Vega Andersen yogurt trill fatten choice shroud McCall papal septillion creekside septillion transpiration stanza Injun jewel namesake destitute
28
destitute diligent
Loomis Loomis MN
Rio Rio
swingy swingy swordfish
Hewlett Halstead Hewlett Hindi
FPC Dominican Elizabethan Fisk
mediate mediate midget
funny funny illusion
Gilmore Gilmore
tate tate
embassy embassy extractor
minion minion
slowdown slowdown
Vega Vega amateur
Andersen Andersen Auberge Bleeker Darwin
yogurt yogurt
trill trill
fatten fatten
choice anvil balustrade bobble choice connubial
shroud shroud
McCall McCall Modesto
papal papal
septillion ripe schedule septillion
creekside creekside decor
transpiration transpiration
stanza stanza
Injun Injun Isfahan
jewel jewel
