woebegone felony thoroughfare Isfahan felony equipping felony tate yogurt griddle illusion trimester deduce Tucson extrovert torus coarse torus icon Winchester bat Winchester connubial postscript relaxation confrontation midstream bunch oriole diligent numerology stanza mitre spill involuntary thirteen broil noon inform secondary inform millennium funky swordfish Rodney Auberge mediate Fisk swingy dull archive papal car softball anvil Sunday silage Sunday PDP limitate PDP septillion yearn shovel wingspread funny simulate Irvin mack December Hewlett Durango Reilly Durango sinh monotonous MN casserole felony woebegone
56
felony felony fulsome
thoroughfare thoroughfare
Isfahan Irvin Isfahan McCall
equipping equipping exothermic explosion
tate tate
yogurt yogurt
griddle griddle
trimester transfuse transonic trimester update viscous whatsoever
deduce deduce
extrovert extrovert
coarse catenate choice coarse
icon icon illusion imperishable
Winchester Tucson Vega Wheller Winchester Zorn
bat babysat backplate barnacle bat bifurcate
connubial connubial
postscript postscript
relaxation relaxation renaissance
midstream midstream
bunch bunch
oriole oriole
diligent diligent directory
numerology numerology
stanza stanza
mitre mitre
spill spill
thirteen thirteen
broil broil
noon noon
secondary secondary
millennium millennium
funky funky funny
swordfish swordfish
Rodney Rodney
mediate mediate
swingy swingy
dull dreadnought dull embroil
papal papal
car car
softball softball sphalerite
anvil administer anvil archive
Sunday Simon Stephen Sunday
silage silage
limitate inform involuntary limitate
septillion septillion
yearn yearn
shovel shovel
wingspread wingspread
simulate simulate
mack mack
December Andersen Auberge Curtis Darwin December
Hewlett Hewlett
Durango Durango Fisk Gilmore Goodrich
Reilly Modesto PDP Reilly
sinh sinh slowdown
monotonous monotonous
casserole casserole
