Loc35 Loc58 Loc51 Loc81 Loc89 Loc4 Loc92 Loc22 Loc0 Loc86 Loc73 Loc25 Loc10 Loc79 Loc43 Loc93 Loc66 Loc14 Loc39 Loc52 Loc71 Loc8 Loc63 Loc20 Loc47 Loc77 Loc84 Loc31 Loc70 Loc44 Loc23 Loc97 Loc67 Loc13 Loc95 Loc54 Loc35
30
Loc35 Loc37
Loc58 Loc58
Loc51 Loc51 Loc52
Loc81 Loc81
Loc89 Loc89 Loc90
Loc4 Loc4 Loc7
Loc92 Loc92
Loc22 Loc22 Loc23
Loc0 Loc0 Loc1
Loc86 Loc86
Loc73 Loc73 Loc74
Loc25 Loc24 Loc25 Loc28
Loc10 Loc10
Loc79 Loc79 Loc80
Loc93 Loc93
Loc66 Loc65 Loc66 Loc67
Loc14 Loc14 Loc15
Loc39 Loc39 Loc41
Loc71 Loc71
Loc63 Loc62 Loc63 Loc64
Loc47 Loc47 Loc48
Loc77 Loc77 Loc78
Loc84 Loc84
Loc31 Loc31 Loc33 Loc34
Loc70 Loc70
Loc44 Loc44 Loc46
Loc97 Loc97
Loc13 Loc13
Loc95 Loc95
Loc54 Loc54
