Loc151 Loc130 Loc91 Loc177 Loc101 Loc43 Loc154 Loc109 Loc15 Loc194 Loc25 Loc183 Loc181 Loc50 Loc95 Loc190 Loc94 Loc122 Loc46 Loc68 Loc127 Loc6 Loc13 Loc77 Loc134 Loc61 Loc66 Loc187 Loc26 Loc70 Loc89 Loc124 Loc161 Loc141 Loc34 Loc24 Loc195 Loc163 Loc110 Loc180 Loc147 Loc118 Loc85 Loc96 Loc54 Loc166 Loc158 Loc182 Loc20 Loc142 Loc160 Loc92 Loc138 Loc49 Loc192 Loc148 Loc156 Loc104 Loc36 Loc115 Loc170 Loc3 Loc172 Loc165 Loc98 Loc41 Loc151
59
Loc151 Loc151
Loc130 Loc130 Loc131
Loc177 Loc177
Loc101 Loc101 Loc102
Loc43 Loc43 Loc46
Loc154 Loc154
Loc109 Loc109
Loc15 Loc15 Loc16 Loc17
Loc194 Loc194
Loc183 Loc183 Loc184 Loc185
Loc181 Loc181
Loc50 Loc50 Loc52
Loc190 Loc190
Loc94 Loc94
Loc122 Loc120 Loc122 Loc123
Loc68 Loc68
Loc127 Loc127 Loc128
Loc6 Loc6 Loc7
Loc13 Loc13
Loc77 Loc77
Loc134 Loc134 Loc135
Loc61 Loc58 Loc59 Loc61 Loc62 Loc65
Loc66 Loc66
Loc187 Loc187
Loc70 Loc70 Loc72
Loc89 Loc89
Loc124 Loc124 Loc125 Loc126
Loc161 Loc161
Loc141 Loc141
Loc34 Loc27 Loc28 Loc32 Loc33 Loc34
Loc24 Loc24
Loc195 Loc195
Loc163 Loc163
Loc110 Loc110 Loc111
Loc180 Loc180
Loc147 Loc147
Loc118 Loc118
Loc85 Loc85
Loc96 Loc96
Loc54 Loc54 Loc55 Loc57
Loc166 Loc166 Loc167
Loc158 Loc158
Loc182 Loc182
Loc20 Loc20 Loc21
Loc142 Loc142
Loc160 Loc160
Loc92 Loc92 Loc93
Loc138 Loc138
Loc49 Loc47 Loc48 Loc49
Loc148 Loc148
Loc156 Loc156 Loc157
Loc104 Loc104
Loc36 Loc36 Loc38
Loc115 Loc115 Loc117
Loc3 Loc2 Loc3 Loc4
Loc172 Loc170 Loc171 Loc172 Loc173
Loc165 Loc165
Loc98 Loc98 Loc99
Loc41 Loc41
