6Zg7j6t8kt ka4cgDWgq7 GSDEYlNcCM 97dvK2Az7S Dkc5CxJ6RV 97dvK2Az7S GSDEYlNcCM 4JtfcKJvHu ITqWOrk6ub I1RTFIGWhc YrPP1U1r20 Iroa6leixY tvKOOMQ7Sv rCrtLJTXdv fbxiHLAsv4 KpPj50fAfy vCSWEyz4PC TH1GgoG5GU Octagmmhko 1koyFI8rlU G05S6XZiBa 4RZs4XFvF9 OR78sPVsV9 EZQ9HUGjRN OR78sPVsV9 oRs9wR3IGE 8pgnfE3xKu vD4d0BZ03p zH4Z0p0Ftj vD4d0BZ03p 8pgnfE3xKu OGWcs2X8pk 8pgnfE3xKu wXTrLT9dUx dojrtYXceT YZKJeBb8Pe gSP0irArmo M9d0z6OccV 79JJ9GZF8c s8EkvbOYAX 1iUrZ2N0MA UgxUR9jKcJ dyS1o5lQHD OpwMnuSGmp uXkvSfF7Kv pm1Yq2dCLL iyQiEnpG35 pm1Yq2dCLL Ma7DUhMrCQ 0gqiqztWgj 4ViGHxfdlc MpRNDD0glq lrFRnKniRv 6Zg7j6t8kt
30
ka4cgDWgq7 ka4cgDWgq7 wXTrLT9dUx
GSDEYlNcCM GSDEYlNcCM
Dkc5CxJ6RV Dkc5CxJ6RV
4JtfcKJvHu 4JtfcKJvHu
I1RTFIGWhc I1RTFIGWhc
YrPP1U1r20 ESDdDChkYw YrPP1U1r20 uXkvSfF7Kv b3jUAAPOlA
Iroa6leixY Iroa6leixY
tvKOOMQ7Sv tvKOOMQ7Sv
fbxiHLAsv4 fbxiHLAsv4
vCSWEyz4PC vCSWEyz4PC
TH1GgoG5GU TH1GgoG5GU H0NdoJawvz NgxnYo41LY
Octagmmhko ckEVpwA8CD Octagmmhko 79JJ9GZF8c
G05S6XZiBa G05S6XZiBa fhmE7A9rVl
EZQ9HUGjRN EZQ9HUGjRN
oRs9wR3IGE oRs9wR3IGE 4RZs4XFvF9 cqCbnI2bkr
8pgnfE3xKu 8pgnfE3xKu
vD4d0BZ03p vD4d0BZ03p VWD9Yy5Xrg
zH4Z0p0Ftj zH4Z0p0Ftj 97dvK2Az7S
OGWcs2X8pk OGWcs2X8pk YQKcyMibnc
dojrtYXceT dojrtYXceT KpPj50fAfy
YZKJeBb8Pe YZKJeBb8Pe
M9d0z6OccV M9d0z6OccV 7cteJXIZM1
s8EkvbOYAX s8EkvbOYAX 4lUeyqYb0U
UgxUR9jKcJ UgxUR9jKcJ
OpwMnuSGmp OpwMnuSGmp
iyQiEnpG35 iyQiEnpG35 1aPtXDhYtV
0gqiqztWgj 0gqiqztWgj
4ViGHxfdlc N08DpqDewo 1koyFI8rlU 4ViGHxfdlc
MpRNDD0glq MpRNDD0glq
lrFRnKniRv lrFRnKniRv
