153 170 113 58 47 120 36 188 36 21 184 129 12 34 167 49 89 152 28 74 26 11 168 150 168 119 158 68 158 96 128 50 156 192 5 145 53 77 60 0 139 138 131 85 140 80 171 92 83 92 169 35 90 37 160 100 56 48 3 98 88 98 147 189 8 189 78 163 101 122 179 52 108 41 137 177 194 146 75 16 75 182 76 124 13 124 153
57
153 20 153 192 137
170 170
113 43 4 113
58 58
120 120 36 195
188 188 19
21 21
184 184 112
129 129
12 12
34 34 167
49 49
89 29 89 7 126
152 152
28 28
74 74
26 26
11 11 61
168 168
150 150
119 119 47
68 68
96 96
128 93 2 128 161
156 15 197 156 70
5 5 79 99
145 145 98
53 53
77 77
60 60
0 0
138 138
131 131
140 140
171 171
83 50 81 83 40
169 169
90 41 23 95 90
37 37
160 136 160 42 35
56 56 180 86
3 3
88 88
147 147
8 8
163 163
122 187 122 127 172
179 179
52 134 135 52 118
108 108
177 177
194 194
146 146 196
16 16 178
182 182
124 124
13 13
