index97 index73 index68 index79 index49 index84 index3 index84 index23 index32 index38 index52 index16 index70 index29 index43 index25 index76 index94 index85 index41 index14 index13 index72 index58 index91 index22 index8 index5 index78 index48 index60 index63 index50 index97
28
index97 index97
index73 index73
index68 index68
index79 index79
index49 index49 index51
index3 index0 index1 index2 index3
index23 index23 index24
index32 index31 index32 index33 index35
index38 index38 index39
index52 index52
index70 index70
index29 index29
index43 index41 index42 index43 index44
index25 index25 index26 index27
index76 index76
index94 index94
index85 index85
index14 index14 index15
index13 index13
index72 index72
index58 index57 index58 index59
index91 index91
index22 index22
index8 index6 index7 index8 index9 index10 index11
index78 index78
index48 index48
index60 index60
index63 index63
