hC71hIuyRaST3AiaSZqg m0W1PzAhoOpYXaJ0LLW5 UQEmoPmHSH2FlTDuXOEx m0W1PzAhoOpYXaJ0LLW5 cXmjc3Wu4kjM1IHGgfA5 COVfDobG5VcfcSxLDUch P6PcaiimLTne6w5m7SJi ymIUUgCvgB7r5le0Mh11 Z2YJKymsE6JEohxl2CgC 2TderjwrXrNV2UBZ77eD LI8fhHKJlh7mQx1nNK0m IWOalMs6IXX5Ln6F9Eov 2QgUKFj4HV0dn5Ia55tj QYsTJmc2IUi36H1YK47s Tgouk8HApNFShyYjQedR Mufarp9xGx29xj0P1ijS lVjpvSHc5hBrS7dzTmI1 iuuWW5781KuHBsKkyWMa qmJjxb5ffqkJdxtR9mHb t9sTQNaMU9o2HF5pm7xT 8X2kWfVN7ACYeLRlwU5k xtgYSd34f56WAH3CCBpW IC3wlDskAWyf0o1M61kl tb41LamjPxrSZBTCVL4N b9q1t3OMZ6dXE5R6ca5w vXrEXAmThLoQVXFImZcg 7DZfG4yobV0xCcSaxf27 1Oc2bGjHzXrMLiYLik5Z g6Fit1BcwBIbAAJnBKGn EnQuMk7pVZUnmn2BboBv QHOT9LWV0s6xVVreglDh 1uTE034Q24DWmybWBbX4 8w6JkwNghwwfzVWZlMG6 JuSdCG8HSUzwufkmRvTN 8IUV6HBSYn47shRwVW5F EqrhH8oFQmMRN10foGjV 8IUV6HBSYn47shRwVW5F 1ae7bJScGomdGEdgag5b OLGSBuAPLZmdhTN6ApoS KqTw626stjcdChciHrJ6 4MuL6AbQo2ozZ4x7psrd EfhuR5UGBxqkoqdQBn2E fzCA3w8Mu664WC0yRZb5 MCc3yEIO8tXzzu5ZknlT kuIwHVHn49UEM4TprHKr 6KcltWtleWJ6izN3XL0F RDnAjQbgrCahBSBieO1p dsEyS8WvuzfBZPrbbzZx 63EFNMvLteBrV7Lj9nA4 laRDyozSdXcFtmdQ5VqD nP45x6vSjSYCI8DDOBiZ bw0K7NVh1sgqlnescYkX rW1b1NT9NaRlIIxoT8XF W5rNQea9NsCafaUbLgWC R22TNV5lr1tmI44FcHvv C5aQkckiWq5qVUhbiI57 oakCd1HozhO35GtImcF2 yXrak2UUHdgFCsCWvgfp RSJQdRAK7H6zYHVeXyPj fuNQ8Sfy86k6zaBQjwEz NWAZrSnr0i1Dj5TA6dLc 24YcTAlCtPoNC11H3BAQ jLS4UljOCe6h8LwAOGRX qsbRHSDlSHG3Ep5gugbq NXZByMrsstrrXRLxVcyg gZiMcGUkLd8qaWleLH1T NXZByMrsstrrXRLxVcyg Mi1upMhcgP7iV16OWKN5 2dfprAgHp3T6RrgooKgP x81SdeDfzbsk8wgCHcJT 468JV90VoJDfHRf7bwGC NqvNOj5h3GSbJm5NawjL 4wWd3kvalFkda9M583i7 72cxNTZ1Tw5teVGiR2xj nnG2z19YXqYOoAxMQkFV uJlmjikTUoEO48jGpFMW TrUW9m3qjkTMvqHNRot0 VkEnPX1CQCoh4CxlXSlf ZUt08qPkISJA3VT4fdsK 5doygtE58PVlrfBbaaxD OAcbYkMyAi1Iu0vWaaFc iS3QMNvYa0RbuZKbJowP YygsiZkXDS9oQ07w4psX hC71hIuyRaST3AiaSZqg
57
UQEmoPmHSH2FlTDuXOEx UQEmoPmHSH2FlTDuXOEx l5OFQGDhW1xJJ8ERuglz
COVfDobG5VcfcSxLDUch COVfDobG5VcfcSxLDUch
ymIUUgCvgB7r5le0Mh11 ymIUUgCvgB7r5le0Mh11
Z2YJKymsE6JEohxl2CgC Z2YJKymsE6JEohxl2CgC aGWdv30UuUFiszMErlJF
2TderjwrXrNV2UBZ77eD 2TderjwrXrNV2UBZ77eD
IWOalMs6IXX5Ln6F9Eov IWOalMs6IXX5Ln6F9Eov
2QgUKFj4HV0dn5Ia55tj 2QgUKFj4HV0dn5Ia55tj
QYsTJmc2IUi36H1YK47s QYsTJmc2IUi36H1YK47s
Mufarp9xGx29xj0P1ijS Mufarp9xGx29xj0P1ijS
lVjpvSHc5hBrS7dzTmI1 lVjpvSHc5hBrS7dzTmI1 eULKHiriYHElwEbrQo2X
t9sTQNaMU9o2HF5pm7xT LI8fhHKJlh7mQx1nNK0m t9sTQNaMU9o2HF5pm7xT 8w6JkwNghwwfzVWZlMG6
xtgYSd34f56WAH3CCBpW xtgYSd34f56WAH3CCBpW
IC3wlDskAWyf0o1M61kl IC3wlDskAWyf0o1M61kl
b9q1t3OMZ6dXE5R6ca5w btiXecpJBKmrIHtQ7jPA 6jnt0RQvUBeXBhrLOwzh b9q1t3OMZ6dXE5R6ca5w
vXrEXAmThLoQVXFImZcg vXrEXAmThLoQVXFImZcg g6Fit1BcwBIbAAJnBKGn
7DZfG4yobV0xCcSaxf27 7DZfG4yobV0xCcSaxf27 cXmjc3Wu4kjM1IHGgfA5
1Oc2bGjHzXrMLiYLik5Z 1Oc2bGjHzXrMLiYLik5Z zbsjvfwSdNExCnTFLo8x
QHOT9LWV0s6xVVreglDh QHOT9LWV0s6xVVreglDh
1uTE034Q24DWmybWBbX4 1uTE034Q24DWmybWBbX4
JuSdCG8HSUzwufkmRvTN PFAHK1LPbENiUm01N8B0 JuSdCG8HSUzwufkmRvTN CgUyoeVDFzkf0g6EiF8w
EqrhH8oFQmMRN10foGjV EqrhH8oFQmMRN10foGjV
1ae7bJScGomdGEdgag5b 1ae7bJScGomdGEdgag5b
OLGSBuAPLZmdhTN6ApoS OLGSBuAPLZmdhTN6ApoS 2YL9dYowMkTTxjU0fVal P6PcaiimLTne6w5m7SJi 8IUV6HBSYn47shRwVW5F
KqTw626stjcdChciHrJ6 KqTw626stjcdChciHrJ6 DmIjX4adnoqSEDmx2f39
4MuL6AbQo2ozZ4x7psrd RNtZ6m1O9hQj2ovJiJE3 Tgouk8HApNFShyYjQedR EEWjQ3rZ3GM9oucA2vc5 wqyhoOJuJuNfuZ1c9ZhU 4MuL6AbQo2ozZ4x7psrd
fzCA3w8Mu664WC0yRZb5 fzCA3w8Mu664WC0yRZb5
kuIwHVHn49UEM4TprHKr kuIwHVHn49UEM4TprHKr oq1GulTWdKtwAlNIQxnY
6KcltWtleWJ6izN3XL0F 3MmCPAjYheu6g9TkIxDm FE29I03FH1qEyEvIQNGT 6KcltWtleWJ6izN3XL0F 61VEe5QpRdEG1AHTZmSn
RDnAjQbgrCahBSBieO1p RDnAjQbgrCahBSBieO1p
dsEyS8WvuzfBZPrbbzZx dsEyS8WvuzfBZPrbbzZx z0rRwRZbA1TaaAgS8PYu
63EFNMvLteBrV7Lj9nA4 63EFNMvLteBrV7Lj9nA4
laRDyozSdXcFtmdQ5VqD laRDyozSdXcFtmdQ5VqD
bw0K7NVh1sgqlnescYkX bw0K7NVh1sgqlnescYkX
rW1b1NT9NaRlIIxoT8XF rW1b1NT9NaRlIIxoT8XF v0QCMKnmfkXllH4nQHen
W5rNQea9NsCafaUbLgWC W5rNQea9NsCafaUbLgWC
R22TNV5lr1tmI44FcHvv R22TNV5lr1tmI44FcHvv
yXrak2UUHdgFCsCWvgfp yXrak2UUHdgFCsCWvgfp NXZByMrsstrrXRLxVcyg
RSJQdRAK7H6zYHVeXyPj RSJQdRAK7H6zYHVeXyPj
fuNQ8Sfy86k6zaBQjwEz fuNQ8Sfy86k6zaBQjwEz
NWAZrSnr0i1Dj5TA6dLc NWAZrSnr0i1Dj5TA6dLc
24YcTAlCtPoNC11H3BAQ 24YcTAlCtPoNC11H3BAQ nOsoIFzZBhdd6bjP45Ba OBEPyJuvhH0Z9VoT2UNC C5aQkckiWq5qVUhbiI57 Dv6lwBgjbbZceuQXFzFf ddzqPXECnHQT4a4RIpSF
jLS4UljOCe6h8LwAOGRX jLS4UljOCe6h8LwAOGRX 1wSeohNTb1oCspxe2x4j
qsbRHSDlSHG3Ep5gugbq qsbRHSDlSHG3Ep5gugbq
gZiMcGUkLd8qaWleLH1T gZiMcGUkLd8qaWleLH1T
Mi1upMhcgP7iV16OWKN5 Mi1upMhcgP7iV16OWKN5
2dfprAgHp3T6RrgooKgP Ca5sYccbD9TUz7JLHrcf nmwnnNlPCMIjajSEo2R3 WgneGAZv4qtDq8Q5DYZf 2dfprAgHp3T6RrgooKgP
x81SdeDfzbsk8wgCHcJT x81SdeDfzbsk8wgCHcJT qyWH5Ui5kFJGpXM7i2RZ
468JV90VoJDfHRf7bwGC 468JV90VoJDfHRf7bwGC
NqvNOj5h3GSbJm5NawjL NqvNOj5h3GSbJm5NawjL g5fwwkfUKem4JdibLkXM
4wWd3kvalFkda9M583i7 4wWd3kvalFkda9M583i7
72cxNTZ1Tw5teVGiR2xj 72cxNTZ1Tw5teVGiR2xj
nnG2z19YXqYOoAxMQkFV nnG2z19YXqYOoAxMQkFV
TrUW9m3qjkTMvqHNRot0 TrUW9m3qjkTMvqHNRot0
VkEnPX1CQCoh4CxlXSlf VkEnPX1CQCoh4CxlXSlf Wf6tYlitgmZKoXfughsS mkGdh9qd7uj9x5W3Koxj
5doygtE58PVlrfBbaaxD yMXdJdorJpzOHHt9uIfg oakCd1HozhO35GtImcF2 5doygtE58PVlrfBbaaxD
OAcbYkMyAi1Iu0vWaaFc OAcbYkMyAi1Iu0vWaaFc
YygsiZkXDS9oQ07w4psX YygsiZkXDS9oQ07w4psX sCcEFmBkhTop4sycKzuM
