Taylorville Weberside Eduardotown Sullivanmouth Underwoodborough Sullivanmouth Eduardotown Weberside Jonesbury Jamestown Glasston Jamestown Nicholefurt Jamestown Jonesbury Lloydton Stephensonburgh Lloydton Jonesbury Weberside Taylorville Alejandroport Deborahfurt Anthonyburgh Martinezfort Anthonyburgh Deborahfurt Jacobberg Foleyhaven Jacobberg Deborahfurt Alejandroport Ashleyland Kathyfort Hawkinsland Kathyfort Ashleyland Alejandroport Shawnport Mariaview Saraport Lewisburgh Saraport Mariaview Kristenmouth Alexmouth Kristenmouth Mariaview Shawnport Alejandroport Taylorville Valerietown Johnmouth Kempshire Grahambury Johnsonside Grahambury Kempshire Michaelfort Kempshire Johnmouth Valerietown Stewartberg Tinaville Nicholasshire Tinaville Steventown Tinaville Stewartberg Valerietown Taylorville
18
Taylorville Camposstad
Underwoodborough Underwoodborough
Jamestown Jamestown
Glasston Glasston
Nicholefurt Nicholefurt
Lloydton Lloydton
Stephensonburgh Stephensonburgh
Martinezfort Michaelville Ericksonmouth Martinezfort
Foleyhaven Foleyhaven
Hawkinsland Hawkinsland Kristenmouth
Saraport Saraport Ayalabury
Lewisburgh Lewisburgh
Alexmouth Alexmouth Smithborough Underwoodmouth
Grahambury Grahambury
Johnsonside Johnsonside
Michaelfort Michaelfort Stevenshire
Nicholasshire Nicholasshire
Steventown Steventown
