Porterton Wallton Derekmouth Jeffreyfort Garytown Audreyfort Patriciaside Audreyfort Garytown Jeffreyfort Johnsonchester Nealfurt Johnsonchester Susanfort Johnsonchester Jeffreyfort Derekmouth Charlesberg Sethland Tannerhaven Sethland Ellisstad Osbornemouth Ellisstad Sethland Charlesberg Kevinberg Adamside Andrewschester Adamside Bradberg Adamside Kevinberg Patriciabury Thomasmouth Patriciabury Troyfort Patriciabury Kevinberg Charlesberg Derekmouth Geraldside Michellehaven Ramosborough Michellehaven Cranemouth Joneschester Cranemouth Michellehaven Geraldside Joseport Hallborough Joseport Gabrielburgh Hodgesstad Gabrielburgh Joseport Geraldside Derekmouth Wallton Danielleport Melissaview Cheyennefurt Thompsonshire Cheyennefurt Watsonville Robertomouth Watsonville Cheyennefurt Melissaview Danielleport Cooperton Lopezborough Waltersmouth Adkinsberg Waltersmouth Lopezborough Cooperton Danielleport Wallton Davisstad Jacksonton Singletonton Clarkbury Jermaineton Clarkbury Singletonton Jacksonton Davisstad Newmanburgh Gallowaymouth Rioshaven Josephstad Rioshaven Gallowaymouth Newmanburgh Davisstad Leechester Castanedachester Suttonville Castanedachester Leechester Pettyton Bondmouth Taylorton Bondmouth Pettyton Jonesfurt Pettyton Leechester Davisstad Wallton Porterton Dianashire Ashleyborough Paulburgh Robertsstad Toddtown Swansonshire Abigailhaven Swansonshire Toddtown Robertsstad Paulburgh Walltown Scotttown Jacksonview Danielville Jacksonview Scotttown Walltown Callahantown Maryport Combsville Maryport Callahantown Walltown Paulburgh Ashleyborough Clarkberg Reevestown Judithview Michaelview Clarenceview Michaelview Judithview Reevestown Clarkberg Burtonview Murphyside Bakertown Derekville Bakertown Murphyside Burtonview Clarkberg Ashleyborough Osborneville Payneview Jacksonville Christopherhaven Jacksonville Jennifertown Feliciaville Jennifertown Jacksonville Payneview Teresafort Smithtown Jacksonland Smithtown Teresafort Payneview Barnesmouth Harrisport Brendaview Harrisport Barnesmouth Clarkborough Barnesmouth Payneview Osborneville Christophermouth Shawnhaven Candaceborough Shawnhaven Dannyside Shawnhaven Christophermouth Osborneville Ashleyborough Dianashire Burgessview Billton Banksburgh Simmonsburgh Michaelville Williamland Michaelville Simmonsburgh Banksburgh Yvonneborough Parkermouth Shawnfort Parkermouth Yvonneborough Banksburgh Billton Burgessview Marcusburgh Fletcherland Kingview Williamschester Mirandaview Williamschester Kingview Fletcherland Willisfurt Ortizberg Willisfurt Fletcherland Marcusburgh Matthewburgh Bondfort Adamview Bondfort Shawnmouth Buckleyside Shawnmouth Priceville Shawnmouth Bondfort Matthewburgh Virginiastad Robinsonmouth Virginiastad Matthewburgh Marcusburgh Burgessview Williamfort Thomasville Lopezburgh Byrdfurt Garciamouth Byrdfurt Loweryborough Byrdfurt Lopezburgh Thomasville Williamfort Williamport Ashleystad Codyton Ryanside Codyton Ashleystad Holthaven Ashleystad Williamport Williamfort Moodyburgh Heatherberg Thomasborough Masseyside Thomasborough Heatherberg Moodyburgh Gregoryberg Smithfort Millerborough Smithfort Gregoryberg Moodyburgh Williamfort Burgessview Dianashire Porterton
63
Audreyfort Audreyfort Calvinton
Patriciaside Patriciaside
Nealfurt Nealfurt
Susanfort Susanfort Leahmouth
Charlesberg Vickiville Clarkport
Tannerhaven Tannerhaven Harrisborough
Ellisstad Ellisstad
Osbornemouth Osbornemouth
Adamside Adamside
Andrewschester Andrewschester Jameston
Bradberg Bradberg
Patriciabury Patriciabury Ortegaberg
Thomasmouth Thomasmouth
Troyfort Troyfort
Ramosborough Ramosborough Shawnmouth
Cranemouth Cranemouth
Joneschester Joneschester
Hallborough Hallborough Horneside
Hodgesstad Hodgesstad Candiceland
Thompsonshire Smithfort Kimberlyburgh Thompsonshire Adamport
Robertomouth Robertomouth Haleview
Adkinsberg Adkinsberg Johnsonberg
Clarkbury Clarkbury Hansonbury
Jermaineton Jermaineton
Rioshaven Rioshaven
Josephstad Williamschester Annberg Josephstad
Suttonville Suttonville
Bondmouth Bondmouth Swansonshire
Taylorton Taylorton
Jonesfurt Jonesfurt Mindyview
Abigailhaven Abigailhaven Williamshire
Danielville Danielville
Combsville Combsville
Michaelview Michaelview
Clarenceview Clarenceview
Bakertown Bakertown
Derekville Derekville Christyland
Christopherhaven Christopherhaven Houstonchester
Jennifertown Jennifertown
Feliciaville Feliciaville
Jacksonland Jacksonland
Harrisport Watsonville Byrdfurt Harrisport
Brendaview Brendaview Dyerport
Clarkborough Clarkborough
Candaceborough Candaceborough
Dannyside Dannyside
Michaelville Parkermouth Gabrielburgh Smithtown Michaelville
Williamland Williamland
Shawnfort Shawnfort
Mirandaview Mirandaview
Ortizberg Jacksonview Ortizberg Kylieview
Adamview Adamview
Buckleyside Buckleyside Reynoldsview
Priceville Priceville Hallstad
Robinsonmouth Robinsonmouth Abigailville Wilsonstad
Garciamouth Garciamouth Fordhaven
Loweryborough Loweryborough
Codyton Codyton
Ryanside Ryanside
Holthaven Holthaven
Thomasborough Maryport Mercedesmouth Thomasborough
Masseyside Masseyside
Millerborough Millerborough
