A0 B6 I6 A9 B2 I1 C4 I2 F6 E9 G0 D3 G7 D8 H3 A2 H5 D0 J1 A6 B8 F2 H1 E5 C6 J5 F8 J7 E0 G8 G2 I9 C0 I4 C2 J2 A0
36
A0 A1
B6 B4 B5 B6 B7
I6 I6
A9 A9 B0 B1
B2 B2 B3
I1 H7 H8 H9 I0 I1
C4 C4 C5
I2 I2 I3
F6 F6 F7
E9 E7 E8 E9 F0 F1
G0 G0 G1
D3 D3 D4 D5 D6 D7
G7 G5 G6 G7
D8 D8 D9
H3 H3 H4
A2 A2 A3 A4 A5
H5 H5 H6
D0 D0 D1 D2
J1 J1
A6 A6 A7 A8
B8 B8 B9
F2 F2 F3 F4 F5
H1 H0 H1 H2
E5 E5 E6
C6 C6 C7 C8 C9
J5 J5 J6
F8 F8 F9
J7 J7 J8 J9 K0
E0 E0 E1 E2 E3 E4
G8 G8 G9
G2 G2 G3 G4
I9 I7 I8 I9 J0
C0 C0 C1
I4 I4 I5
C2 C2 C3
J2 J2 J3 J4
