89 100 199 128 38 94 151 51 156 56 155 178 102 148 105 189 139 21 188 197 142 172 5 169 101 4 140 194 141 73 79 30 25 121 195 160 61 114 70 192 17 136 64 107 112 183 109 193 85 190 149 191 12 187 69 89
50
89 88
100 98 99 100
199 199
128 124 125 127 128 130 132
38 33 36 37 38 39 41 44 48 49
94 94 96 97
151 151
51 51
156 156
56 56
155 155
178 178 179
102 102
148 146 147 148
189 189
21 21 23
188 188
197 197
172 172 173
5 5 6 9 11
169 169
101 101
4 1 3 4
140 140
194 194
141 141 144
73 70 73 75
79 78 79 80 81 82 83
30 29 31 32
25 25 27
121 121 122
195 195
160 160
61 58 59 61
114 114 118
192 192
17 12 13 16 18
136 133 135 136
64 64 65
107 107
112 112
183 183
109 109 111
193 193
85 85 86
190 190
149 149
191 191
187 187
69 69
