dldkilltnmhfepsteins msddkilllthepsteinfn tldkillhsfnmepsteind depsteinlfnmkilldsht tsmdepsteinkillhfdln lkilldtnmsepsteindfh mkillldnhepsteinstfd fmtnkilldepsteindhsl hsepsteinfkillnmddtl epsteindmshtfldnkill hmndfkillslepsteintd dftkillhmldnepsteins dtnkillsepsteinmdfhl lkillfthdsepsteindnm hnddkilltslmfepstein killtepsteinddhlmnsf hnddkilltslmfepstein dmtlsfhnkilldepstein thdlskillnfdmepstein lepsteinkilldhfmstnd thdlskillnfdmepstein hnddkilltslmfepstein sepsteindhmnltkillfd killdepsteinmfltdshn tsdnhkilllmepsteindf killdepsteinmfltdshn dflstmkillepsteindhn lntkillepsteinfsddhm fkillepsteinndmdlhts dtsmdnlhfepsteinkill mkillthfdlnepsteinds fkillepsteinndmdlhts nepsteinfthdldmkills killdldepsteinmfsthn dnldkillhmfstepstein killdldepsteinmfsthn shfnmltepsteindkilld killtdslhfdepsteinnm mhdskillldftnepstein nmkilldepsteinhtldsf mhdskillldftnepstein dhmkillfdltnsepstein hnsepsteinmkillfddtl dhtepsteinkillsdflmn hdntepsteinkilllsdfm mhkillepsteinddlfsnt hdntepsteinkilllsdfm dkillnmhldstfepstein epsteinshlkilldmnfdt dfdepsteintlnskillhm ldepsteindhkilltsmfn mfndlsdepsteinhkillt dmldfhskillntepstein mdkillntepsteindfhsl tndskilldfepsteinmhl mdkillntepsteindfhsl sdndhepsteinltkillfm dfkilllepsteinsnmhtd epsteinhdkillltsmfdn mkilldlshdtfepsteinn lepsteindsmnhftdkill epsteinldtnfmshdkill fdmtdepsteinkilllsnh mdkilllfdnstepsteinh lkillepsteintdshmfnd mdkilllfdnstepsteinh killhdfnsepsteinmltd fsepsteindkillhmtdln epsteinlmkillfshnddt fsepsteindkillhmtdln dhkillldsepsteintnmf epsteinfsltkillnhddm fmltddhnepsteinskill epsteinfsltkillnhddm dhkillldsepsteintnmf sndldftmkillepsteinh killhtdmdlnsfepstein hmdkilllnepsteinfsdt killhtdmdlnsfepstein nfltdmkillsdepsteinh hepsteinntdkillsdmfl lmkillepsteintsndfhd lhsntdepsteindkillmf mdkillnlsdtepsteinhf nftmskilldldepsteinh depsteinslkillhdftmn killthsepsteindmlfdn msddkilllthepsteinfn dldkilltnmhfepsteins
48
tldkillhsfnmepsteind killmfndshdtepsteinl dhsepsteintlkillmfnd msddkilllthepsteinfn tldkillhsfnmepsteind
depsteinlfnmkilldsht depsteinlfnmkilldsht
tsmdepsteinkillhfdln killtdmsdfhnepsteinl dlshdtepsteinnkillfm mdkillntepsteindfhsl tsmdepsteinkillhfdln tdkillepsteinsmhdfnl
lkilldtnmsepsteindfh lkilldtnmsepsteindfh thnkillmddsepsteinfl
mkillldnhepsteinstfd mkillldnhepsteinstfd
hsepsteinfkillnmddtl fsepsteindkillhmtdln mndtkillepsteindlfhs ndkillthdepsteinlsmf hsepsteinfkillnmddtl epsteintfhndkilllmsd ltfnsdhepsteinkilldm
epsteindmshtfldnkill epsteindmshtfldnkill dkillnmsfhtlepsteind
hmndfkillslepsteintd hmndfkillslepsteintd
dtnkillsepsteinmdfhl dtnkillsepsteinmdfhl
killtepsteinddhlmnsf killtepsteinddhlmnsf dlfdkilltepsteinhnms
dmtlsfhnkilldepstein dmtlsfhnkilldepstein ldfsmnepsteinkilltdh
lepsteinkilldhfmstnd lepsteinkilldhfmstnd
tsdnhkilllmepsteindf tsdnhkilllmepsteindf
dflstmkillepsteindhn dflstmkillepsteindhn
dtsmdnlhfepsteinkill dtsmdnlhfepsteinkill
mkillthfdlnepsteinds mkillthfdlnepsteinds sldhnfmtdkillepstein
killdldepsteinmfsthn killdldepsteinmfsthn sdlhfnmdepsteintkill nftmskilldldepsteinh skillthlfndepsteindm epsteinfthkilldnslmd lepsteindnhstfdmkill
dnldkillhmfstepstein dnldkillhmfstepstein
shfnmltepsteindkilld shfnmltepsteindkilld fmtnkilldepsteindhsl epsteindkilltlmnhsfd hepsteinnfdmlsdtkill
killtdslhfdepsteinnm killtdslhfdepsteinnm depsteinftndhmkillsl msepsteintlhnfkilldd lmkillepsteintsndfhd killfthnmsdlepsteind fhdmnepsteindkillslt fddsmepsteintnkillhl ndshkilldmlepsteinft nmdhepsteinkilltfsld ntmdhepsteinsdkillfl fdskillndtmepsteinlh
mhdskillldftnepstein mhdskillldftnepstein
nmkilldepsteinhtldsf tepsteinmdfldhnskill slepsteinkillfmddhtn
dhmkillfdltnsepstein dhmkillfdltnsepstein
dhtepsteinkillsdflmn dhtepsteinkillsdflmn
mhkillepsteinddlfsnt mhkillepsteinddlfsnt
dfdepsteintlnskillhm dfdepsteintlnskillhm
ldepsteindhkilltsmfn ldepsteindhkilltsmfn epsteinsnmflhtdkilld
dmldfhskillntepstein dmldfhskillntepstein
tndskilldfepsteinmhl tndskilldfepsteinmhl
sdndhepsteinltkillfm hnsepsteinmkillfddtl lhepsteintndkilldsmf nepsteindhkillltmsfd sdndhepsteinltkillfm fhnmkillepsteinsdltd
dfkilllepsteinsnmhtd dfkilllepsteinsnmhtd
epsteinhdkillltsmfdn epsteinhdkillltsmfdn
mkilldlshdtfepsteinn mkilldlshdtfepsteinn
epsteinldtnfmshdkill epsteinldtnfmshdkill
mdkilllfdnstepsteinh mdkilllfdnstepsteinh
lkillepsteintdshmfnd lkillepsteintdshmfnd
killhdfnsepsteinmltd killhdfnsepsteinmltd
epsteinlmkillfshnddt epsteinlmkillfshnddt
fmltddhnepsteinskill fmltddhnepsteinskill tdfkillslepsteinhdmn
sndldftmkillepsteinh sndldftmkillepsteinh killdepsteinmfltdshn dkillnmhldstfepstein
killhtdmdlnsfepstein killhtdmdlnsfepstein thdlskillnfdmepstein
hmdkilllnepsteinfsdt hmdkilllnepsteinfsdt fdmtdepsteinkilllsnh
nfltdmkillsdepsteinh hnskillepsteintfdmld nfltdmkillsdepsteinh lsmftnepsteinkillhdd epsteinhnkillsldfdmt
hepsteinntdkillsdmfl hepsteinntdkillsdmfl
lhsntdepsteindkillmf lhsntdepsteindkillmf
mdkillnlsdtepsteinhf mdkillnlsdtepsteinhf
depsteinslkillhdftmn depsteinslkillhdftmn skillmfepsteinthddnl depsteintkilllnmsfdh
killthsepsteindmlfdn killthsepsteindmlfdn tepsteinhsdkillmldfn
