CorpusChristi Downey ElMonte Burbank Denver Denton Chicago Bremerton ColoradoSprings DavidsonCounty Danbury Dallas DalyCity Boulder Charleston Columbia Brownsville Elizabeth Carrollton Buffalo Elkhart Anchorage Deltona Austin Asheville Durham Chesapeake BatonRouge Augusta Arlington Escondido Chattanooga Boise Amarillo Cincinnati ElPaso Akron CorpusChristi
29
CorpusChristi CorpusChristi
Downey Downey
ElMonte ElMonte
Denver Denver
Denton Denton
Chicago Chicago
Bremerton Bremerton Bridgeport
ColoradoSprings ColoradoSprings
Danbury Danbury Davenport
Dallas Dallas
DalyCity DalyCity
Boulder Bloomington BoiseCity BonitaSprings Boulder
Charleston Charleston
Columbia Columbia Columbus
Brownsville Brownsville Bryan
Elizabeth Elizabeth
Carrollton Canton CapeCoral Carrollton CathedralCity Champaign Chandler
Elkhart Elkhart
Deltona Deltona
Austin Austin Beaumont BelAir
Asheville Appleton Arvada Asheville
Durham Durham
Augusta Augusta
Escondido Escondido
Chattanooga Chattanooga
Amarillo Amarillo Anaheim AppleValley
Cincinnati Cincinnati Clearwater
ElPaso ElPaso
Akron Akron Albuquerque Alexandria
