FortCollins Hollywood ElMonte Frederick Hampton Lakewood Lafayette Champaign Fontana Harrisburg Irvine GrandRapids Fresno Kalamazoo Fresno Houston Gilbert Jacksonville AtlanticCity LittleRock BelAir BoiseCity Manchester Henderson Bremerton Grayslake Detroit Lacey Irving ColoradoSprings Layton Denver LasVegas Cleveland Kennewick LasVegas Austin LasVegas Lakeland Bellevue Independence Hemet Knoxville Arlington Danbury Chicago Dallas Jefferson Marysville Aberdeen Lorain Fairfield Joliet Fairfield Lancaster Lubbock Louisville Inglewood Hickory Arvada Fargo Leominster Elizabeth FortCollins
52
FortCollins FortCollins FortWaltonBeach
Hollywood Hollywood
ElMonte ElMonte ElPaso
Frederick Frederick
Lakewood Lakewood
Lafayette Lafayette
Champaign Cary CedarRapids Champaign Chandler
Fontana Fontana
Harrisburg Hampton Harlingen Harrisburg
Irvine Irvine
GrandRapids GrandRapids
Fresno Fremont Fresno Garland
Kalamazoo Kalamazoo
Houston Houston
Gilbert Gilbert
Jacksonville Jacksonville
LittleRock LittleRock
BoiseCity Berkeley Bethlehem Boise BoiseCity BonitaSprings
Manchester Manchester
Henderson Henderson
Bremerton Bradenton Bremerton Brighton Brownsville Burbank CapeCoral Carrollton
Grayslake Grayslake
Detroit Detroit
Lacey Lacey
Irving Irving
ColoradoSprings ColoradoSprings
Layton Layton
Denver Denver DesMoines
Cleveland Cleveland CollegeStation
Kennewick Kennewick
Austin Atlanta Augusta Austin Bakersfield Baltimore Barnstable Beaumont Bellevue
Lakeland Lakeland
Independence Independence Indianapolis
Hemet Hemet
Knoxville Knoxville
Danbury Danbury DavidsonCounty
Chicago Chicago
Dallas Dallas DalyCity
Jefferson Jefferson
Aberdeen Aberdeen Abilene Akron
Lorain Lorain
Fairfield Eugene Evansville Fairfield
Joliet Joliet
Lancaster Lancaster LasCruces
Lubbock Lubbock
Louisville Louisville
Inglewood Inglewood
Hickory Hickory
Arvada Albuquerque Alexandria Allentown Amarillo Anaheim Anchorage AnnArbor AppleValley Appleton Arvada
Fargo Fargo Fayetteville
Leominster Leominster
Elizabeth Elizabeth Elkhart Erie
