location34 location59 location98 location19 location197 location40 location17 location6 location61 location117 location126 location139 location92 location134 location92 location95 location131 location7 location36 location60 location114 location92 location170 location176 location165 location125 location155 location165 location156 location107 location156 location149 location159 location135 location101 location103 location116 location86 location97 location194 location199 location11 location63 location54 location177 location187 location68 location72 location177 location28 location45 location144 location109 location32 location75 location14 location47 location14 location172 location188 location167 location116 location161 location122 location64 location79 location9 location104 location76 location104 location130 location104 location151 location83 location120 location142 location180 location79 location38 location79 location96 location27 location23 location4 location163 location174 location137 location52 location105 location175 location99 location123 location15 location192 location34
60
location34 location34 location37
location59 location59
location98 location98
location197 location197
location17 location17 location21
location6 location0 location2 location3 location6
location117 location115 location117 location119
location139 location139 location140
location92 location88 location89 location90 location91 location92
location134 location134
location131 location131 location132
location60 location60
location114 location114
location170 location170
location176 location176 location177
location125 location125
location155 location155 location157 location158
location107 location107
location149 location149
location159 location159
location135 location135 location136
location103 location103
location86 location86
location194 location194
location199 location199
location11 location11 location12
location54 location54 location55
location187 location187
location68 location68 location71
location72 location72
location45 location45 location46
location144 location144
location109 location109 location111
location47 location47
location172 location172
location188 location188 location189
location167 location167
location161 location161 location162
location122 location122
location64 location64
location79 location79
location9 location9
location76 location76
location130 location130
location151 location151
location120 location120 location121
location142 location142 location143
location180 location180 location181
location38 location38 location39
location96 location96
location27 location27 location28
location23 location23 location24
location163 location163 location164
location174 location174 location175
location137 location137
location52 location52
location105 location105
location99 location99
location15 location15
location192 location192
