WNYCV UUOP5 F5YBY 91RFG PQ40E EYREL BGJ6Q BMC9X BGJ6Q HZ80H XBRKQ H212X 1BUOS V11OW 5I6U4 2KYXC F07YB GXYLV HR8IA GAXPM 2PD2W XDKMD 1NBGE 1XUNX BO3AW 65TK9 B8UZ8 KR27P 42QVU 2FT0Z URMBF KRLTG H8ZPW YMTTJ XTUSM K1ZSD WNYCV
29
WNYCV CUG55 HHCET 7CXN0
UUOP5 EQWAL 1ACIU TG5ZG QSI1X QTZLJ 77EY5 5I6U4 UGOIO UUOP5 ZA57Z
F5YBY F5YBY
91RFG XRQ65 OE5TB 91RFG KB443
EYREL EYREL
BMC9X BMC9X 9HVLF
HZ80H HZ80H
XBRKQ XBRKQ
H212X H212X
1BUOS XPFOM 1BUOS X2AM4
V11OW V11OW
2KYXC 2KYXC
F07YB F07YB
GXYLV GXYLV
HR8IA HR8IA ULCTZ
GAXPM GAXPM
XDKMD XDKMD XD7IR
1NBGE 1NBGE
BO3AW BO3AW 18R1B
65TK9 65TK9
B8UZ8 B8UZ8
42QVU 42QVU
2FT0Z 2FT0Z
URMBF URMBF 1UWW5
KRLTG KRLTG
H8ZPW H8ZPW
YMTTJ YMTTJ
XTUSM XTUSM
K1ZSD K1ZSD
