fab8g x8KLa 5Ix1v BJ1iC XDGuI Q0oXi CT8M8 wiGnS 0YoJb kCdcu DHhK9 cDkiZ PpZP8 iy8Ty P5ucv bSoeD pesnn mgHYN Gt2w1 p3t9G b4E7v uQK8T 2Z0oU GFdZy 9ZatH nRTkO lJfgZ rzyrR n9AEE c17Qf tQXF5 Bw1D7 1SvIs Nbb6U TtUXd 7J90B H6HgM 1pNjr B3NSd Vjk2Z l0HDP 3FUsL LBzlR 8xyrX RhMSo L54Jg 015ql G944F guI5B RgC1Q tEdSo wKKkJ f5Qx2 BybTG g1WJz 9u8oD VUKiE 3XMfZ 4ORRk 8PY0r sF84c AGorf fab8g
62
fab8g fab8g Flgse
x8KLa x8KLa
5Ix1v 5Ix1v
BJ1iC BJ1iC
XDGuI XDGuI
Q0oXi Q0oXi
CT8M8 CT8M8 lcarA KB016
wiGnS wiGnS
0YoJb 0YoJb
kCdcu kCdcu RnwlC
DHhK9 DHhK9
cDkiZ cDkiZ lJJK2 KWmhW
PpZP8 PpZP8 gwQSf
iy8Ty iy8Ty
P5ucv P5ucv obqW1
bSoeD Lqz0g bepE0
pesnn pesnn
mgHYN mgHYN 4GEPG
Gt2w1 Gt2w1
p3t9G aiycm 8tK4L
b4E7v b4E7v
uQK8T uQK8T KzS0e
2Z0oU 2Z0oU
GFdZy 1xx4U VIl39
9ZatH 9ZatH
nRTkO nRTkO
lJfgZ lJfgZ
rzyrR rzyrR cQMFl
n9AEE FW6DI 1OpM2 n9AEE
c17Qf c17Qf
tQXF5 tQXF5 dAx9s
Bw1D7 ciJ7c yM9nQ HaHFT F7m3U Bw1D7
1SvIs 1SvIs fhc2k
Nbb6U Nbb6U BWyM2 qchZ3
TtUXd TtUXd
7J90B 7J90B GHmnJ
H6HgM H6HgM
1pNjr 1pNjr
B3NSd B3NSd G91ym
Vjk2Z Vjk2Z o4F0A
l0HDP l0HDP
3FUsL 3FUsL ZlgGe
LBzlR LBzlR
8xyrX fr0Bd 8xyrX adW6k
RhMSo RhMSo
L54Jg L54Jg HKgVO
015ql 015ql
G944F G944F
guI5B guI5B eDWES
RgC1Q RgC1Q
tEdSo tEdSo
wKKkJ TQZik wKKkJ bD2TR
f5Qx2 f5Qx2
BybTG BybTG
g1WJz g1WJz
9u8oD 9u8oD
VUKiE VUKiE
3XMfZ 3XMfZ
4ORRk 4ORRk
8PY0r 8PY0r
sF84c sF84c nScgp cm8oa
AGorf AGorf 4b2sA O1QPI
