cy4fm w4BF1 GHZOS G6G4p 6ceXl uT5W0 di7h7 8RNd8 wdXpe vSPJ5 yFKGt jse5F 1H2uK F2nEN IjjWK OFvld C565q nogr2 Iks3D DCl5F yMPWG FnVf8 rUUVt 19YKC C0eRL 7XIxZ Vjg5l lA2MC LNh60 5rdYI 7l0Vw cy4fm
31
cy4fm X6hJp Cfmbw
w4BF1 BoNoJ qt5AA dU1Ub w4BF1
GHZOS GHZOS
G6G4p G6G4p
6ceXl 6ceXl KYsbm
uT5W0 uT5W0
di7h7 di7h7
8RNd8 8RNd8 8aYYW
wdXpe wdXpe OoKEI
vSPJ5 vSPJ5
yFKGt yFKGt
jse5F jse5F zQjQm
1H2uK 1H2uK
F2nEN F2nEN
IjjWK IjjWK kbRYl P3lE7
OFvld OFvld
C565q C565q
nogr2 nogr2 Xhpv3
Iks3D Iks3D uWr4y
DCl5F DCl5F
yMPWG yMPWG tao9t
FnVf8 FnVf8 3iQ53
rUUVt rUUVt P8Fbf
19YKC 19YKC
C0eRL C0eRL
7XIxZ 7XIxZ NvAYI
Vjg5l Vjg5l gk2cW
lA2MC lA2MC hOy4D
LNh60 LNh60
5rdYI 5rdYI
7l0Vw 7l0Vw EWhpw
