0 161 160 41 181 182 128 77 33 185 133 91 135 91 78 31 106 167 168 107 31 108 7 146 80 145 193 194 146 7 51 152 198 197 33 186 33 179 180 125 124 97 126 38 183 130 95 131 184 23 118 175 14 93 155 93 14 116 174 116 25 115 173 21 109 169 170 110 109 23 196 149 148 88 2 164 163 100 43 101 43 12 178 177 121 94 123 2 176 2 192 191 142 60 144 60 64 35 114 35 112 171 112 113 172 113 35 64 85 137 188 187 136 30 104 103 165 166 30 189 139 96 140 190 140 29 158 92 0 162 0
57
161 161
160 160
181 181
182 182
128 128 129 130
185 185
135 131 132 133 134 135 136
167 167
168 168
108 108
145 145 146
193 193
194 194 195
152 152 153
198 198
197 197
186 186
179 179
180 180
124 124
126 125 126 127
183 183
184 184
118 118 119 120 121 122
175 175
155 154 155 156 157
174 174
173 173
169 169
170 170
110 109 110 111
196 196
148 147 148 149 150 151
164 164
163 163
100 100
101 101 102
178 178
177 177
123 123
176 176
192 192
191 191
144 144
114 112 113 114 115 116 117
171 171
172 172
137 137
187 187 188
103 103 104 105 106 107
165 165
166 166
189 189
139 138 139 140 141 142 143
190 190
158 158 159
162 162
