0 1 4 9 19 39 79 39 19 40 81 40 82 40 19 9 20 41 83 41 84 41 20 42 86 42 85 42 20 9 4 10 22 45 91 45 22 46 94 46 93 46 22 10 21 44 90 44 89 44 21 43 88 43 21 10 4 1 3 8 18 38 77 38 18 37 75 37 18 8 17 36 74 36 17 35 71 35 72 35 17 8 3 7 16 34 69 34 16 7 15 31 63 31 15 32 65 32 15 7 3 1 0 2 5 11 24 50 24 49 99 49 24 11 23 48 97 48 23 47 96 47 95 47 23 11 5 12 25 52 25 12 5 2 6 14 30 61 30 14 29 60 29 14 6 13 28 58 28 13 27 55 27 13 6 2 0
31
79 79 80
81 81
82 82
83 83
84 84
86 86 87
85 85
91 91 92
94 94
93 93
90 90
89 89
88 88
77 76 77 78
75 75
74 74
71 71
72 72 73
69 69 70
63 63
65 64 65 66 67 68
50 50
99 99
97 97 98
96 96
95 95
52 51 52 53
61 61 62
60 60
58 57 58 59
55 54 55 56
