0 1 4 10 22 46 94 189 94 46 93 187 93 188 93 46 22 45 91 183 91 184 91 45 92 185 92 45 22 10 21 44 89 180 89 179 89 44 90 181 90 182 90 44 21 43 88 177 88 178 88 43 87 176 87 175 87 43 21 10 4 9 19 40 81 164 81 40 19 39 80 162 80 39 19 9 20 41 83 167 83 41 84 170 84 169 84 41 20 42 86 174 86 42 85 171 85 42 20 9 4 1 3 8 18 37 76 154 76 37 75 152 75 37 18 38 78 157 78 38 18 8 17 36 74 149 74 36 73 147 73 36 17 35 72 145 72 35 17 8 3 7 15 31 63 127 63 128 63 31 15 7 16 34 69 140 69 139 69 34 70 142 70 34 16 33 67 135 67 33 68 138 68 137 68 33 16 7 3 1 0 2 6 14 30 62 125 62 30 14 29 59 120 59 29 14 6 13 28 58 117 58 28 13 27 56 113 56 27 13 6 2 5 12 25 52 106 52 25 12 5 11 24 49 99 199 99 49 24 11 23 48 97 196 97 195 97 48 98 198 98 197 98 48 23 47 96 193 96 194 96 47 95 192 95 191 95 47 23 11 5 2 0
49
189 189 190
187 187
188 188
183 183
184 184
185 185 186
180 180
179 179
181 181
182 182
177 177
178 178
176 176
175 175
164 163 164 165
162 160 161 162
167 166 167 168
170 170
169 169
174 174
171 171 172 173
154 154 155
152 151 152 153
157 156 157 158 159
149 148 149 150
147 147
145 144 145 146
127 127
128 128 129 130 131 132 133 134
140 140
139 139
142 141 142 143
135 135 136
138 138
137 137
125 125 126
120 120 121 122 123 124
117 116 117 118 119
113 113 114 115
106 100 101 102 103 104 105 106 107 108 109 110 111 112
199 199
196 196
195 195
198 198
197 197
193 193
194 194
192 192
191 191
