A42 A100 A184 A23 A57 A176 A58 A35 A130 A159 A130 A2 A141 A135 A141 A2 A154 A104 A118 A91 A124 A145 A124 A12 A98 A148 A192 A148 A98 A12 A139 A142 A83 A114 A72 A37 A72 A167 A9 A105 A16 A137 A32 A127 A196 A30 A189 A3 A189 A30 A90 A30 A191 A46 A191 A64 A169 A28 A194 A82 A77 A115 A179 A121 A177 A95 A151 A96 A150 A70 A13 A75 A13 A88 A113 A88 A13 A67 A136 A67 A133 A51 A11 A122 A162 A174 A20 A174 A54 A168 A125 A181 A125 A182 A102 A182 A125 A168 A7 A199 A63 A198 A187 A117 A187 A76 A39 A190 A73 A172 A143 A186 A111 A186 A107 A78 A100 A183 A84 A183 A100 A42
66
A42 A42 A43 A45
A100 A100
A184 A184 A185
A57 A57
A176 A176
A58 A58
A35 A32 A33 A34 A35
A130 A130 A132
A159 A159
A135 A135
A154 A154
A118 A118 A120
A124 A124 A126
A145 A145
A98 A98
A148 A148
A192 A192 A193
A139 A139
A142 A142
A114 A114
A72 A70 A71 A72
A37 A37 A38
A167 A167
A9 A9
A105 A105 A106
A16 A16 A17
A127 A127 A128
A196 A196
A30 A30
A189 A189
A3 A0 A2 A3
A90 A90 A92
A191 A191
A46 A46
A64 A64 A65
A28 A28
A194 A194
A82 A82
A77 A76 A77 A78
A179 A179
A177 A177
A95 A93 A94 A95
A96 A96
A13 A13
A75 A75
A88 A88
A113 A113
A67 A67
A136 A136 A137
A51 A51
A122 A122 A123
A20 A20 A21 A23
A54 A54
A181 A181 A182
A102 A102 A103
A7 A4 A5 A7
A198 A198
A187 A187
A117 A117
A39 A39 A40
A172 A172
A143 A143 A144
A111 A111
A107 A107
A183 A183
A84 A84
