COM NER MTQ NER COM MDG IDN CAN HTI GUM HKG CPV LIE CPV MDA PAN PCN GMB NGA FSM FIN GAB ESP GEO GHA GBR ESH FRA GIN FSM NGA DMA DJI MUS SGS LBR SGS SHN CHN COD NIC AUS ATG MWI CXR DEU CYP CZE NIU IRN IOT IRN MYS DZA DOM SAU MCO MAR HND GRC PSE MLT CRI CAF CIV NPL PRY BIH BHS BIH AZE BDI BHR BOL BMU BEN BLM BLZ RUS SGP QAT ALB AND ARM ARE POL MEX SDN REU AFG REU COM
55
COM CPV
NER NER MYT
MTQ MTQ
IDN IDN HUN
CAN CAN
GUM GUM
HKG HTI HRV HND HMD HKG
LIE MAC LUX LTU LKA LIE
MDA MDA
PAN PAN PAK
GMB GMB
FIN FIN
GAB GAB FSM
ESP ESP
GEO GEO
GHA GHA
GBR GBR
ESH ESH EGY ECU
FRA FRA
GIN GIN GIB
DMA DMA DJI
LBR LBR LBN LAO KWT KOR KNA KHM KAZ JPN JEY ITA
SHN SHN SGS
CHN CHN
COD COL COK COG COD
NIC NIC NFK
AUS AUS
ATG ATG
CXR CXR
DEU DEU
CYP CYP
NIU NIU
IRN IRN IRL
IOT IOT
DZA DZA
MAR MAR
GRC GRC GNQ
PSE PSE PRY
CAF CAF
CIV CIV
NPL NZL NRU NPL
BHS BHS
AZE AZE
BDI BDI
BHR BHR
BMU BMU
BEN BEN
BLM BLM
ALB ALB ALA
ARM ARM
ARE ARE
POL POL PNG
MEX MOZ MMR MLI MEX
SDN SDN RWA RUS REU
AFG AFG ABW
