9c2647cde6e44cc385c8 211ddbbf614a47428f13 7e0770b0df094f329117 af0a537d56ff42a99a0a 4c8b2bb0f24f4375a715 e0d1e21ff6cc4d64aff7 5a3b69fa8cfb4982a27c 82654fedf62042cb92dc cd51464f29fe4984870b 54de46f8d4f647d1baa7 1a4c9d2bea59474aa118 5cbb478f9b6b40daa8e9 babcd00b2c484c36bc48 849492e2a4f04946a2c6 b3a599b5126842e1bf24 d8316f23d67e43ccb5e7 7aff972e183b44c8bc47 ca0b4771edab4289a9de 42f0effdbad6403aad72 884e85a591684c7ebc61 ec162ad32a614344923a b42e69fcc93540ff9100 519c6812f5c84e2da127 d484483c58914446843f 06635824d9b841f7b41e 26a1d084007f489fba55 8fb88a81c320403c8940 42e3ccb6ddd54a0aa3cb 0a53d934f24848f9bda3 5fd6476364e640bea476 b927c43e198546078ea6 df9c93ed7a63447389dd 87788962cd304b248baf fc5bdc219fbc4eb6939e 0753fe21061c4e058dad b96177c96ab740b3965b bd01ba7047cb4d04a847 19f204e30ad4442cb966 c7ef0821b71641f390ee 242983dadb1f4402a4a9 c947a496d2b34bb89bb9 e87b98454fe24297b210 c947a496d2b34bb89bb9 dbfc82377b8f4429bc5e e5a9ca3b130945588284 09b94d1b44c348ceadb9 df9fcc997b4f4a18b94a ef84408a20334d7d9940 c69875060dcb453ead1a 44c8674ccef1477b965f 12a170c171ef44d4b662 85ec82d3a96e4436a5a2 4910cbb7f18c40499abc fc38d8b64f88401c97fd 884523a7277b40f4972f f47cbc59a0584307a0f1 3574209d67b74478ae2e c15cfb41ef824fd2a1c0 a581f1b5cd374bd0ba96 9a6fd45cb4d44509bce9 2783e022fae94929bf16 d5bccd7804014eca8c6c bb5eae787bbc407b98a6 a0f6a505c8184e86afc9 3ab839e5a91246f58aa6 dee15252c0e54b84beaf 1e0fece7be3f41c786cb ce2f0e6b8eb94a748c7d a22afbff48914ac888a0 084504e2b2de4f53a0b1 b47b7b94e7d74f398b8f 084504e2b2de4f53a0b1 9c2647cde6e44cc385c8
55
9c2647cde6e44cc385c8 5b3dce289f444b0aa162
211ddbbf614a47428f13 211ddbbf614a47428f13
7e0770b0df094f329117 5b7e4d089e434c6a9293 cd51464f29fe4984870b 7e0770b0df094f329117 0f214fa889a6406e8826
af0a537d56ff42a99a0a af0a537d56ff42a99a0a
4c8b2bb0f24f4375a715 4c8b2bb0f24f4375a715
e0d1e21ff6cc4d64aff7 e0d1e21ff6cc4d64aff7
5a3b69fa8cfb4982a27c 5a3b69fa8cfb4982a27c
82654fedf62042cb92dc 82654fedf62042cb92dc
54de46f8d4f647d1baa7 54de46f8d4f647d1baa7 76432c67ac2d44b384c1
1a4c9d2bea59474aa118 1a4c9d2bea59474aa118
babcd00b2c484c36bc48 babcd00b2c484c36bc48
849492e2a4f04946a2c6 ca0b4771edab4289a9de 849492e2a4f04946a2c6 c15cfb41ef824fd2a1c0 e05275dbed2540ddb1d0 00dd89601f03490d8809
b3a599b5126842e1bf24 b3a599b5126842e1bf24
d8316f23d67e43ccb5e7 d8316f23d67e43ccb5e7
42f0effdbad6403aad72 42f0effdbad6403aad72
884e85a591684c7ebc61 884e85a591684c7ebc61
ec162ad32a614344923a ec162ad32a614344923a
b42e69fcc93540ff9100 b42e69fcc93540ff9100 1c62a698c79e460eb5ff 404713e80e9740c9b7cd
d484483c58914446843f d484483c58914446843f e6237b02869349c2bcc8
06635824d9b841f7b41e 06635824d9b841f7b41e
8fb88a81c320403c8940 8fb88a81c320403c8940 e5d122afc38c45dea5ae 2bcf7711ba8b49129f0c 934f0cae8959401e9aa3 a2e35f0c3c9143c68a9e
0a53d934f24848f9bda3 0a53d934f24848f9bda3 529d899e8f2545bfbc5a 42e3ccb6ddd54a0aa3cb
5fd6476364e640bea476 26a1d084007f489fba55 910d00572d9d42cebb4a 5fd6476364e640bea476 b3931f6d1087486cb913 f74897e94729433fa22f
b927c43e198546078ea6 b927c43e198546078ea6
87788962cd304b248baf 87788962cd304b248baf 8e02573f1324425c9311
0753fe21061c4e058dad 7a1df78f40b245bfbb97 0753fe21061c4e058dad e3726a85ffc34b1282cf
b96177c96ab740b3965b b96177c96ab740b3965b
bd01ba7047cb4d04a847 bd01ba7047cb4d04a847 e74a97c92dba4d8ea2d5
c7ef0821b71641f390ee c7ef0821b71641f390ee
242983dadb1f4402a4a9 242983dadb1f4402a4a9 74bfaa171ba342fc9e58 5215b0f0bd724c5cb095
c947a496d2b34bb89bb9 33edfebd58804049be59 c947a496d2b34bb89bb9 53afa325a7d34c438292
e87b98454fe24297b210 fa1e4bc6ddcc462f984f eff3a759e4134e70a252 e87b98454fe24297b210
dbfc82377b8f4429bc5e dbfc82377b8f4429bc5e d4f8d48cee014966a5b7 df9c93ed7a63447389dd 9b9da0cbe5514fabb1ae
e5a9ca3b130945588284 5dc9f852f2454533879f cfa4f7b46ab548c1a67a e5a9ca3b130945588284 2b0e5d986b0a4f1cb926
09b94d1b44c348ceadb9 09b94d1b44c348ceadb9 d8780223b4744b5b91e5 9b93a8a7d0b543339985
df9fcc997b4f4a18b94a df9fcc997b4f4a18b94a
ef84408a20334d7d9940 ef84408a20334d7d9940
c69875060dcb453ead1a c69875060dcb453ead1a 8a66a2d4fdf74f2e9b0e
44c8674ccef1477b965f 44c8674ccef1477b965f
12a170c171ef44d4b662 12a170c171ef44d4b662
85ec82d3a96e4436a5a2 85ec82d3a96e4436a5a2
fc38d8b64f88401c97fd fc38d8b64f88401c97fd
884523a7277b40f4972f 884523a7277b40f4972f
f47cbc59a0584307a0f1 f47cbc59a0584307a0f1
3574209d67b74478ae2e 3574209d67b74478ae2e 19f204e30ad4442cb966
a581f1b5cd374bd0ba96 a581f1b5cd374bd0ba96
9a6fd45cb4d44509bce9 9a6fd45cb4d44509bce9 205f1eddbda0478aada6
2783e022fae94929bf16 2783e022fae94929bf16
d5bccd7804014eca8c6c d5bccd7804014eca8c6c
bb5eae787bbc407b98a6 bb5eae787bbc407b98a6
a0f6a505c8184e86afc9 a0f6a505c8184e86afc9 664988394a5f48d79e79
dee15252c0e54b84beaf dee15252c0e54b84beaf
ce2f0e6b8eb94a748c7d ce2f0e6b8eb94a748c7d fab56f22f8684dd18893
a22afbff48914ac888a0 a22afbff48914ac888a0 bbd144150de64860b03c
b47b7b94e7d74f398b8f b47b7b94e7d74f398b8f
