Soda 73 42 38 68 34 100 98 93 19 53 85 59 33 24 7 96 13 89 66 55 23 88 64 39 81 72 78 28 9 48 91 45 76 63 Soda
35
Soda 2 3 4
73 73 74
42 42 43
38 36 37 38
68 68 69
34 34 35
100 100 101
98 98 99
93 93 94
19 16 17 18 19
53 52 53 54
85 83 84 85
59 59 60
33 31 32 33
24 24 25 26 27
7 5 6 7
96 95 96 97
13 12 13 14 15
89 89 90
66 66 67
55 55 56 57 58
23 20 21 22 23
88 86 87 88
64 64 65
39 39 40 41
81 80 81 82
72 70 71 72
78 78 79
28 28 29 30
9 8 9 10 11
48 48 49 50 51
91 91 92
45 44 45 46 47
76 75 76 77
63 61 62 63
