YuhuaEast Sennett SerangoonGarden SingaporeRiver SerangoonGarden Cairnhill Mandai PasirRis Mandai ChengSan BoonLayPlace Sembawang TampinesNorth Tanglin TiongBahru TuasBay PunggolField WoodlandsWest Northland Mountbatten BukitBatokWest GeylangEast MountPleasant BenoiSector SouthernIslands SembawangHills Dunearn UluPandan YioChuKangEast KeatHong OneNorth Anson AngMoKioTownCentre ChangiPoint Yunnan SenokoWest JooSengPayaLebar JurongPort PeiChun DairyFarm PangSua Commonwealth KentRidge Commonwealth Chatsworth InstitutionHill RochorCanal PasirRisDrive TohGuan Museum Khatib SimpangNorth AlexandraNorth SimpangNorth Paterson PulauPunggolTimor ReservoirView EvertonPark ClementiNorth OneTreeHill Trafalgar PasirRisPark Matilda OrangeGrove PeoplesPark Aljunied BoatQuay Saujana HougangCentral Saujana JurongRiver ChoaChuKang UpperThomson IstanaNegara KallangWay TelokBlangahRise Sentosa KampongUbi Brickworks ChinaSquare Sennett YuhuaEast
58
YuhuaEast HongKah BukitBatokSouth
Sennett Sennett CityHall
SingaporeRiver DhobyGhaut SingaporeRiver ChangiWest
Cairnhill Cairnhill
Mandai Mandai
PasirRis PasirRis SembawangStraits
BoonLayPlace BoonLayPlace JurongWestCentral
Sembawang Sembawang
TampinesNorth TampinesNorth
Tanglin Tanglin
TiongBahru TiongBahru
PunggolField PunggolField
WoodlandsWest WoodlandsWest
Northland Northland
Mountbatten Mountbatten PayaLebarEast
BukitBatokWest BukitBatokWest TohGuan
GeylangEast GeylangEast
BenoiSector BenoiSector
SouthernIslands SouthernIslands DefuIndustrialPark
SembawangHills SerangoonCentral BayfrontSubzone Port PearlsHill BedokSouth YioChuKang Punggol SembawangHills
UluPandan UluPandan
YioChuKangEast YioChuKangEast
KeatHong SerangoonNorth JurongPort LowerSeletar KeatHong
OneNorth OneNorth EastCoast Moulmein
AngMoKioTownCentre AngMoKioTownCentre
ChangiPoint ChangiPoint
JooSengPayaLebar JooSengPayaLebar
PeiChun PeiChun
PangSua PangSua
KentRidge TuasPromenade KentRidge TuasNorthPioneer
Chatsworth Chatsworth
InstitutionHill InstitutionHill
RochorCanal RochorCanal
PasirRisDrive SerangoonGarden DairyFarm KebunBahru PasirRisDrive
Museum Museum
Khatib Khatib
AlexandraNorth AlexandraNorth
Paterson TagoreSindo WaterwayEast SimpangNorth Kembangan Paterson
PulauPunggolTimor PulauPunggolTimor
ReservoirView ReservoirView
EvertonPark EvertonPark
ClementiNorth ClementiNorth
OneTreeHill OneTreeHill
Trafalgar Trafalgar Commonwealth
PasirRisPark PasirRisPark Tampines
Matilda Matilda
OrangeGrove OrangeGrove
PeoplesPark BoatQuay PeoplesPark MandaiEast TuasBay
Aljunied Aljunied Serangoon
Saujana Saujana SungeiRoad
HougangCentral HougangCentral
ChoaChuKang ChoaChuKang
UpperThomson UpperThomson
IstanaNegara IstanaNegara
TelokBlangahRise TelokBlangahRise HongKahNorth
Sentosa Sentosa BedokNorth SungeiKadut Geylang
Brickworks Brickworks
ChinaSquare ChinaSquare Shipyard
