LeonieHill TanglinHalt Kranji ConeyIsland HougangCentral Outram Sennett DefuIndustrialPark OrangeGrove NeeSoon Shipyard KampongUbi BukitBatokCentral MandaiWest AnchorvaleBuangkok NorthCoast PasirPanjang2 TanjongRhu Woodgrove YishunCentral ClementiCentral ChangiWest LoyangEast YuhuaWestBoonLay TampinesWest Novena SingaporePolytechnic KampongGlam ClarkeQuay SungeiRoad ClarkeQuay Sentosa GreenwoodPark WaterwayEast PasirRisCentralTown BishanEast ChoaChuKang LeonieHill
27
LeonieHill Boulevard PunggolTownCentre JurongWestCentral
TanglinHalt TanglinHalt
Kranji Kranji
ConeyIsland ConeyIsland
Outram Outram
Sennett Sennett NeeSoon Victoria
DefuIndustrialPark DefuIndustrialPark Springleaf
OrangeGrove OrangeGrove
BukitBatokCentral BukitBatokCentral
MandaiWest MandaiWest
AnchorvaleBuangkok AnchorvaleBuangkok
NorthCoast NorthCoast Townsville KallangWay Shipyard Yishun
PasirPanjang2 PasirPanjang2 YioChuKang
Woodgrove Semakau SungeiKadut Woodgrove AirportRoad
ClementiCentral ClementiCentral
ChangiWest ChangiWest
LoyangEast LoyangEast
YuhuaWestBoonLay YuhuaWestBoonLay
TampinesWest TampinesWest
Novena Novena Ridout Guilin
SingaporePolytechnic SingaporePolytechnic
KampongGlam KampongGlam TuasBay
SungeiRoad SungeiRoad FarrerPark
Sentosa Sentosa
GreenwoodPark GreenwoodPark
WaterwayEast MonksHill SembawangSprings ChoaChuKangCentral Tyersall SerangoonGarden Phillip Trafalgar
BishanEast BishanEast
