139 173 39 156 123 146 104 35 140 118 15 14 43 57 18 84 189 127 134 38 74 32 152 96 47 77 138 82 67 106 60 7 182 79 182 108 187 191 141 25 111 114 178 95 161 9 184 64 101 157 176 125 22 142 144 30 21 89 1 172 186 122 91 112 130 36 165 148 71 198 139
63
139 138
173 173
156 156
123 123
146 146 147
104 104 105
35 35 37
118 118 119
14 13 14 15 16
43 43 44
57 57 58
18 18
84 84 85
189 189
127 127 128
134 134
38 39 41
74 72 74 75
32 31 32 33
152 152 153
96 96 98
47 47 48
77 77 78
82 82
67 67 69
106 106
60 60
7 5 7 8
182 182
79 79 81
108 108 109
187 187 188
191 191
141 141
25 25 26 27
111 111
114 114
178 178
95 95
161 161
9 9 11
184 184
64 64 65
101 101
157 157 158
176 176
125 125
142 142
144 144 145
30 30
21 21 22 23
89 89
1 1 2
172 172
186 186
122 122
91 91
112 112 113
130 130 131
165 165
148 148
71 71
198 198
