Qwilfish Drampa Sandile Metapod Gengar Munna Seaking Treecko Seaking Bastiodon Weezing Escavalier Woobat Stufful Conkeldurr Stufful Jumpluff Plusle Wailord Tauros Gengar Lotad Drapion Taillow Scatterbug Honedge Skorupi Skiddo Noibat Nincada Comfey Magnemite Amoonguss Crawdaunt Weezing Vespiquen Inkay Magmar Volcarona Magmar Shellos Drampa Froakie Drampa Qwilfish
35
Qwilfish Qwilfish Simisear
Drampa Drampa
Sandile Sandile
Metapod Metapod
Gengar Gengar
Munna Munna Kakuna
Seaking Seaking
Treecko Treecko Swadloon
Bastiodon Bastiodon
Weezing Weezing
Escavalier Escavalier
Woobat Woobat
Stufful Stufful Shellder
Conkeldurr Conkeldurr
Jumpluff Jumpluff
Plusle Plusle
Wailord Wailord
Tauros Tauros Weepinbell
Drapion Drapion Meloetta
Taillow Taillow Porygon2
Scatterbug Scatterbug Vullaby
Honedge Honedge
Skorupi Skorupi
Skiddo Skiddo
Noibat Noibat Lotad
Comfey Comfey Bounsweet
Magnemite Magnemite Whismur
Amoonguss Amoonguss
Crawdaunt Crawdaunt
Vespiquen Vespiquen
Inkay Inkay Steenee
Magmar Magmar Metang
Volcarona Volcarona Slurpuff
Shellos Shellos
Froakie Froakie Nincada
