Monroe Dayton Merced Hampton Fairfield Asheville Carrollton Charleston Kenosha Burlington Mesquite Fayetteville Apple Amarillo Birmingham Mobile Erie Elkhart Huntington Greensboro Vista Gainesville Melbourne Lacey Murfreesboro Hagerstown Antioch Daytona Muskegon Albany Cambridge Canton Four Boulder Athens Kailua Three Dallas Gilbert Julian Baton Lakeland Hayward Bedford Lowell Aberdeen Jacksonville Anaheim Miami Allentown Rapids Bethlehem Hickory Lafayette Hartford Glendale Brownsville Hesperia Clarke Killeen Akron Bradenton Denver Kennewick Lewisville Monroe
65
Monroe Kissimmee Monroe
Dayton Dayton
Merced Merced
Hampton Hampton Chesapeake
Fairfield Fairfield Montgomery
Asheville Asheville
Carrollton Laredo Carrollton Modesto
Charleston Charleston Baltimore
Kenosha Kenosha Corpus
Burlington Burlington Manchester
Mesquite Mesquite
Fayetteville Fayetteville
Apple Ten Apple Johnson
Amarillo Amarillo Huntsville
Birmingham Birmingham
Mobile Mobile
Erie Erie
Elkhart Elkhart
Huntington Huntington Viejo
Greensboro Greensboro
Vista Vista
Gainesville Gainesville Cary
Melbourne Melbourne
Lacey Lacey
Murfreesboro Hialeah Austin Naples
Hagerstown Hagerstown Lancaster
Antioch Antioch
Daytona Daytona
Muskegon Muskegon
Albany Albany
Cambridge Cambridge Boise
Canton Canton Denton
Four Four Cleveland
Boulder Boulder Bridgeport
Athens Athens
Kailua Kailua Elizabeth
Three Three
Dallas Dallas
Gilbert Gilbert
Julian Julian
Baton Baton Leominster
Lakeland Lakeland
Hayward Hayward
Bedford Bedford
Lowell Lowell Clarksville
Aberdeen Aberdeen Mesa
Jacksonville Jacksonville
Anaheim Anaheim Seven
Miami Miami Havre
Allentown Allentown
Rapids Rapids Irving
Bethlehem Bethlehem
Hickory Hickory Layton
Lafayette Lafayette Abilene
Hartford Hartford
Glendale Glendale Prairie
Brownsville Brownsville Anchorage
Hesperia Hesperia
Clarke Clarke Monterey
Killeen Killeen Arlington
Akron Akron
Bradenton Bradenton
Denver Denver
Kennewick Kennewick Detroit
Lewisville Lewisville Davidson
