Myrtle Corpus GreenBay Abilene Hartford Cedar Hollywood Joliet Cathedral Chandler Dallas Hemet Appleton Leominster Huntington Plen Mobile Barnstable Macon Grays Lansing Lorain Harlingen Kissimmee Miramar Alexandria Minneapolis Lexington Kansas Champaign Cary Albuquerque Bradenton Merced Myrtle
34
Myrtle Baltimore
Corpus Corpus
GreenBay GreenBay
Abilene Abilene
Hartford Hartford
Cedar Cedar Davidson
Hollywood Hollywood
Joliet Joliet Moreno
Cathedral Cathedral
Chandler Medford Chandler Nashua
Dallas Dallas
Hemet Hemet Bridgeport
Appleton Appleton Albany
Leominster Leominster
Huntington Huntington Houma
Plen Plen
Mobile Mobile
Barnstable Barnstable Muskegon
Macon Macon Aribel
Grays Grays Erie
Lansing Lansing Montgomery
Lorain Lorain
Harlingen Harlingen Huntsville Chicago
Kissimmee Kissimmee
Miramar Miramar
Alexandria Alexandria
Minneapolis Minneapolis
Lexington Lexington
Kansas Kansas Deltona
Champaign Champaign Brownsville
Cary Cary
Albuquerque Albuquerque
Bradenton Bradenton
Merced Merced Bloomington
