DK HI FN AT EL BC ES AG AO FT BL CD AY ED FW DX DF CI CX BZ EP FA DM GX EB AK FZ HB HC DI GG CM FG BH CU AA GN ET CT CG EF GV BR GY DB AU DO DT BP EN HE DZ GB FD GR EW BV FP GT CP DK
59
HI HI HJ
FN FN
AT AT
EL EL EM
BC BC BE BF
ES ES
AG AG
AO AM AN AO
FT FT
BL BL BM
CD CC CD CE
AY AY AZ
ED ED
FW FW
DX DX
DF DF
CI CI CK
CX CX CY
BZ BZ CA
EP EP EQ
FA FA FB
DM DL DM DN
GX GX
EB EB
AK AK
FZ FZ
HB HB
HC HC HD
DI DI
GG GG
CM CM
FG FG FH
BH BH BI
CU CU CW
AA AA AB
GN GN
ET ET
CT CR CS CT
CG CG
EF EF
GV GV
BR BR
GY GY GZ
DB DB DD DE
AU AU AV
DO DO DP
DT DT DU
BP BP
EN EN EO
HE HE HF
DZ DZ EA
GB GB
FD FD
GR GR
EW EW EY
BV BV BW
FP FP
GT GT
CP CP
