Soda EtcheverryHall Campanile Benicia SanPablo HearstGreekTheatre CalvinLaboratory Pinole SatherTower KleebergerFieldHouse Orinda WellmanHall ZellerbachHall MulfordHall Fairfield SanRafael Albany Unit3 Hayward Saratoga BlumHall Cory GoldmanField WheelerHall KroeberHall AnthonyHall HertzHall Unit1 BancroftLibrary EastGate ChouHall Belmont WestGate LewisHall NorthGateHall DonnerLab MinorHallAddition FoundersRock EvansHall SanRamon Hillsborough Pacifica Brisbane MartinezCommons Soda
44
Soda StHelena
EtcheverryHall EtcheverryHall BarkerHall
Campanile Campanile Alameda
Benicia Benicia SproulPlaza
SanPablo SanPablo
HearstGreekTheatre HearstGreekTheatre
CalvinLaboratory CalvinLaboratory
Pinole Pinole
SatherTower SatherTower
KleebergerFieldHouse KleebergerFieldHouse
Orinda Orinda
WellmanHall WellmanHall Pittsburg ZellerbachPlayhouse
ZellerbachHall ZellerbachHall WomenFacultyClub
MulfordHall Oakley ClearyHall MulfordHall StadiumRimWay
Fairfield Fairfield Insectary
SanRafael SanRafael
Albany Albany
Unit3 Unit3
Hayward Hayward WursterHall HargroveMusicLibrary
Saratoga Saratoga GiauqueHall
BlumHall BlumHall SternHall PimentelHall
Cory Cory
GoldmanField GoldmanField
WheelerHall WheelerHall WestCircle
KroeberHall KroeberHall HearstMiningCircle
AnthonyHall AnthonyHall
HertzHall HertzHall FrankSchlessingerWay
Unit1 Unit1
BancroftLibrary BancroftLibrary
EastGate EastGate Piedmont
ChouHall ChouHall GilmanHall
Belmont Belmont
WestGate WestGate
LewisHall Healdsburg LewisHall IshiCourt
NorthGateHall NorthGateHall
DonnerLab DonnerLab Emeryville
MinorHallAddition MinorHallAddition
FoundersRock FoundersRock
EvansHall EvansHall WicksonNaturalArea
SanRamon SanRamon
Hillsborough Hillsborough
Pacifica Pacifica LowerSproulPlaza
Brisbane Brisbane
MartinezCommons MartinezCommons ClarkKerrCampus
