a fg gp fh fa c dv t cd eu bd cs h ea j ck bl ak l ex ed ae cl y ar aj az fr fv ct aw ci gn ec gh em gm ch bi cp af de aa u ab p br by ap cv o ee an bb dm fu dx ep gl fz a
60
a a b
fg fg
gp gp
fh fh fl fn
fa fa fb fd ff
c c e
dv dv
t t
cd cd
eu eu ev ew
bd bd bf
cs cs
h h
ea ea
j j k
ck ck
bl bl bm
ak ak al
l l m
ex ex ey
ed ed
ae ae
cl cl
y y
ar ar
aj aj
az az
fr fr fs
fv fv
ct ct cu
aw aw
ci ci
gn gn
ec ec
gh gh
em em en
gm gm
ch ch
bi bi
cp cp cq
af ag ah
de de df dg dj
aa aa
u u w
ab ab
p p
br br bv
by by bz cb
ap ap
cv cv
o o
ee ee eg
an an
bb bb bc
dm dm dn do dq dt du
fu fu
dx dx
ep ep eq er et
gl gl
fz fy fz ga gb
