Pantheon MasterYi Nunu Ziggs CentaurWarrunner Galio Phoenix BountyHunter Morgana Jinx Draven Bristleback Lucian Ashe Slark Jayce Anivia NightStalker Magnus ChaosKnight Lich Jax WraithKing Xerath Skarner Bard CrystalMaiden Heimerdinger Lux Ezreal Spectre Pantheon
30
MasterYi MasterYi Tailyah Ahri
Nunu Nunu
Ziggs Ziggs
CentaurWarrunner CentaurWarrunner Disruptor
Galio Galio
Phoenix Phoenix
BountyHunter BountyHunter Rumble
Morgana Morgana TrollWarlord
Jinx Jinx
Draven Draven
Bristleback Bristleback
Lucian Lucian
Ashe Ashe Kled
Slark Slark
Jayce Jayce
Anivia Akali Malphite Anivia
NightStalker NightStalker LoneDruid
Magnus Magnus Maokai
ChaosKnight ChaosKnight
Lich Lich
Jax Oracle Jax Shyvana
WraithKing WraithKing Talon
Xerath Xerath
Skarner Skarner
Bard Bard SpiritBreaker
CrystalMaiden CrystalMaiden ArcWarden
Heimerdinger Heimerdinger Tiny
Lux Lux Jhin
Ezreal Ezreal KogMaw
Spectre Spectre
