Fizz Viktor Heimerdinger Azir Xayah Kled SpiritBreaker Puck Tristana Pantheon DeathProphet Timbersaw Singed Beastmaster NightStalker Irelia JarvanIV Janna Venomancer Tiny Syndra Nunu Jinx Cassiopeia TahmKench TrollWarlord Kayn Vi Trundle Gragas Katarina Lucian Morphling WinterWyvern Fiddlesticks VelKoz Warlock FacelessVoid Zed StormSpirit Zilean Sniper Huskar Bane Rengar Leona KhaZix Kassadin LoneDruid Medusa Slardar Yorick Sona Jayce CentaurWarrunner Rubick Kennen Fizz
57
Fizz Nasus Fizz Mirana
Viktor Amumu Karma Chen Viktor
Heimerdinger Heimerdinger Rumble
Azir Azir Omniknight
Xayah Xayah ShadowDemon Thresh
Kled Kled
SpiritBreaker SpiritBreaker
Puck Puck Ryze
Tristana Tristana
Pantheon Pantheon
DeathProphet DeathProphet
Timbersaw Timbersaw
Singed Singed
Beastmaster Beastmaster
NightStalker NightStalker
Irelia Irelia
JarvanIV JarvanIV
Janna Janna
Venomancer Venomancer
Tiny Tiny LeBlanc
Syndra Syndra Quinn
Nunu Nunu Annie Visage
Jinx Jinx
Cassiopeia Cassiopeia
TahmKench TahmKench Undying
TrollWarlord TrollWarlord Weaver
Kayn Kayn
Vi Vi
Trundle Trundle
Gragas Gragas
Katarina Katarina
Lucian Lucian
Morphling Morphling
WinterWyvern ShadowFiend WinterWyvern Terrorblade
Fiddlesticks Fiddlesticks
VelKoz VelKoz
Warlock Warlock
FacelessVoid FacelessVoid
Zed Zed Slark
StormSpirit StormSpirit Orianna
Zilean Zilean Brewmaster
Sniper Sniper Sven Vladimir
Huskar Huskar Magnus
Bane Bane
Rengar Rengar Techies
Leona Leona Ekko Oracle
KhaZix KhaZix ShadowShaman
Kassadin Kassadin Nidalee
LoneDruid LoneDruid
Medusa BountyHunter Talon Medusa
Slardar Slardar
Yorick Yorick Ziggs
Sona Sona
Jayce Jayce
CentaurWarrunner CentaurWarrunner
Rubick Rubick
Kennen Kennen
