0 108 24 19 13 8 11 141 137 133 131 135 143 148 142 138 56 60 65 44 39 34 40 36 32 26 30 22 28 85 93 95 101 117 114 113 110 104 97 89 122 127 118 47 51 53 55 49 42 73 77 83 81 86 80 119 123 125 128 132 75 69 64 67 62 146 145 4 0
68
0 0
108 108 109
24 24 25
19 16 18 19
13 13 15
8 7 8 9 10
11 11 12
141 141
137 137
133 133 134
131 131
135 135
143 143
148 148
142 142
138 138
56 56
60 60
65 65 66
44 44 45
39 39
34 34 35
40 40
36 36
32 32 33
26 26 27
30 30 31
22 22 23
28 28 29
85 85
93 93 94
95 95 96
101 101
117 117
114 114
113 113
110 110 111
104 104 105
97 97 98
89 89
122 122
127 127
118 118
47 47
51 51
53 53
55 55
49 49
42 42 43
73 73
77 76 77 78
83 83 84
81 81 82
86 86
80 80
119 119 120
123 123
125 125
128 128
132 132
75 75
69 69 70
64 64
67 67 68
62 62
146 146
145 145
4 4 5
