1 176 116 64 53 190 140 34 159 155 29 160 81 122 32 77 163 52 178 137 60 151 120 44 147 167 91 139 42 149 59 14 183 108 142 123 74 186 181 191 112 25 192 94 114 118 188 67 195 7 129 131 197 70 87 161 97 11 79 172 126 76 170 1
61
1 2 3 6
176 176
116 116 117
64 64 65
53 53 57
190 190
140 140
34 34 35 36 40
159 159
155 155
29 27 28 29
160 160
81 81
122 122 123
32 32
77 77 78
163 163 164 165
52 52
178 178 180
137 137
60 60
151 151 153
120 120 121
44 44 45
147 147 148
167 167
91 89 91 92
139 139
42 42
149 149
59 59
14 14 16 17
183 183 184
108 108
142 142 143
74 74
186 186
181 181 182
191 191
112 112
25 20 21 25
192 192
94 93 94 95
114 114
118 118 119
188 188
67 67 68
7 7 9
129 129
131 131 132
197 197
70 70
87 87
161 161
97 97 99 100
11 11 12 13
79 79
172 172
126 126 127
76 76
170 170
