chw zyk aig bus egt eik kkc rgw lkv bpl ydv scd roc obe ljj dlm pfu xxq izr aua zii xsj duw mye fvy kaf kvt jfb bfq nzu scs vkg msb nnj nov cgi ttp eij plt byh nxi hag kvy hag nxi byh plt eij ttp cgi nov nnj msb vkg scs nzu bfq jfb kvt kaf fvy mye duw xsj zii aua izr xxq pfu dlm ljj obe roc scd ydv bpl lkv rgw kkc eik egt bus aig zyk chw 
30
chw rqn hjs uwc 
zyk zyk 
egt egt 
eik eik 
kkc lpg kkc hwl vre ysp lms ayw ehc hzo vnf cns zbi vkm etq pet 
rgw rgw 
lkv uxk fpq elb eka xhh mkz rsh yij lmn mnw rgs raj bpi fnk chv wta rye okr ijy krp ufj imy gjh kse suf zbr xoq fxt 
bpl bpl 
obe ynn wew 
ljj ljj 
pfu pfu 
xxq xxq 
izr kel ulb ubx ywq ivr vdd qlo wwd jyv izr dwl etf siy kwy 
aua lko 
xsj xsj 
duw waj elq 
fvy ehu edt fvy wwb cvw 
kvt dvb kvt 
jfb jfb 
bfq bfq 
nzu nzu 
msb nxf 
nnj nnj 
cgi agu arn aof iuy mjc lbt kuo 
ttp ttp 
eij eij 
plt ife aio 
byh byh 
hag fst 
kvy kvy 
