187 86 156 199 195 63 195 29 153 120 13 47 67 196 142 175 23 124 133 150 123 15 184 57 127 24 176 159 157 83 157 58 95 58 140 65 183 73 114 146 69 171 69 39 160 117 180 154 89 54 55 108 21 111 163 149 169 190 173 136 178 161 191 188 2 104 52 78 172 36 179 110 7 68 187
51
86 86 87
156 156 157
199 199
63 63
29 29 30
153 153
120 120
47 45 47 48
196 196
142 142
175 175
23 15 18 23
124 124 126
133 131 132 133 134
150 148 150 152
184 184
127 127 128
176 176
83 80 82 83
95 92 93 94 95 97
140 140
65 65
183 183
73 71 72 73
114 114
146 146
171 171
39 39 41 42 44
160 160
117 117 119
180 180 181
154 154
89 89 90
55 54 55 58 59
108 107 108 109
111 111
163 163
169 164 165 166 169
190 190
173 173
136 136
161 161 162
191 191
2 2 6
52 52 53
78 78 79
172 172
36 32 33 36
110 110
7 7 8 9 12 13
68 67 68 69 70
