0 41 167 57 143 87 19 185 89 147 85 77 121 123 25 111 15 119 5 113 163 67 145 65 95 83 193 115 159 131 105 179 97 39 93 135 173 53 109 13 49 59 141 99 117 175 127 199 9 189 157 101 195 139 161 149 165 91 137 33 183 153 71 197 187 73 169 61 103 181 79 191 29 177 133 125 35 45 151 155 0
80
0 1 3
41 41 43
167 167
57 57
143 143
87 87
19 19 21 23
185 185
89 89
147 147
85 85
77 77
121 121
123 123
25 25 27
111 111
15 15 17
119 119
5 5 7
113 113
163 163
67 67 69
145 145
65 65
95 95
83 83
193 193
115 115
159 159
131 131
105 105 107
179 179
97 97
39 39
93 93
135 135
173 173
53 53 55
109 109
13 13
49 49 51
59 59
141 141
99 99
117 117
175 175
127 127 129
199 199
9 9 11
189 189
157 157
101 101
195 195
139 139
161 161
149 149
165 165
91 91
137 137
33 33
183 183
153 153
71 71
197 197
187 187
73 73 75
169 169 171
61 61 63
103 103
181 181
79 79 81
191 191
29 29 31
177 177
133 133
125 125
35 35 37
45 45 47
151 151
155 155
