Loc1 Loc37 Loc49 Loc5 Loc29 Loc92 Loc98 Loc72 Loc15 Loc64 Loc43 Loc64 Loc91 Loc34 Loc2 Loc11 Loc2 Loc7 Loc68 Loc65 Loc88 Loc45 Loc76 Loc25 Loc56 Loc79 Loc22 Loc20 Loc62 Loc42 Loc55 Loc80 Loc75 Loc6 Loc94 Loc90 Loc18 Loc87 Loc74 Loc87 Loc16 Loc70 Loc52 Loc1
31
Loc1 Loc0 Loc2
Loc49 Loc49 Loc50
Loc29 Loc29 Loc32
Loc92 Loc92
Loc98 Loc98
Loc72 Loc72
Loc15 Loc15 Loc17
Loc43 Loc43
Loc91 Loc91
Loc34 Loc34
Loc11 Loc11 Loc13
Loc7 Loc7 Loc9 Loc10
Loc68 Loc68 Loc69
Loc65 Loc65
Loc45 Loc45 Loc46 Loc47
Loc76 Loc76
Loc25 Loc25
Loc56 Loc56
Loc79 Loc79
Loc22 Loc22
Loc20 Loc18 Loc19 Loc21
Loc62 Loc62 Loc63
Loc42 Loc38 Loc41 Loc42
Loc55 Loc55
Loc80 Loc80 Loc81
Loc6 Loc3 Loc4 Loc6
Loc90 Loc90
Loc87 Loc87
Loc74 Loc74
Loc70 Loc70
Loc52 Loc52 Loc53
