Loc1 Loc12 Loc102 Loc130 Loc134 Loc38 Loc122 Loc155 Loc164 Loc119 Loc160 Loc183 Loc60 Loc186 Loc2 Loc123 Loc145 Loc188 Loc198 Loc36 Loc13 Loc36 Loc150 Loc44 Loc110 Loc50 Loc18 Loc135 Loc104 Loc171 Loc152 Loc175 Loc112 Loc166 Loc178 Loc66 Loc82 Loc68 Loc99 Loc28 Loc126 Loc131 Loc144 Loc121 Loc91 Loc72 Loc98 Loc26 Loc55 Loc164 Loc89 Loc196 Loc85 Loc133 Loc177 Loc51 Loc6 Loc115 Loc180 Loc19 Loc76 Loc31 Loc192 Loc53 Loc156 Loc194 Loc64 Loc3 Loc65 Loc117 Loc161 Loc169 Loc1
62
Loc1 Loc1
Loc12 Loc12
Loc102 Loc102
Loc130 Loc130
Loc38 Loc38 Loc39
Loc122 Loc122
Loc155 Loc153 Loc154 Loc155
Loc164 Loc164
Loc119 Loc119
Loc160 Loc160 Loc161
Loc183 Loc183
Loc60 Loc58 Loc59 Loc60
Loc186 Loc186 Loc187
Loc123 Loc123
Loc145 Loc145
Loc188 Loc188
Loc198 Loc198 Loc199
Loc36 Loc36 Loc37
Loc13 Loc13 Loc15
Loc150 Loc150
Loc44 Loc44 Loc45
Loc110 Loc110 Loc111
Loc50 Loc50 Loc51
Loc18 Loc18
Loc135 Loc135
Loc104 Loc104 Loc106
Loc171 Loc171 Loc172
Loc152 Loc152
Loc175 Loc175
Loc112 Loc112 Loc113 Loc114
Loc166 Loc166 Loc167
Loc178 Loc178
Loc66 Loc66
Loc82 Loc82 Loc83
Loc68 Loc68 Loc69 Loc70
Loc99 Loc97 Loc98 Loc99
Loc28 Loc28 Loc29
Loc126 Loc126 Loc127 Loc128
Loc131 Loc131 Loc132
Loc144 Loc144
Loc121 Loc121
Loc91 Loc91 Loc92
Loc72 Loc72 Loc73
Loc26 Loc26
Loc55 Loc55
Loc89 Loc89
Loc196 Loc196
Loc85 Loc85 Loc87
Loc177 Loc177
Loc6 Loc6 Loc8
Loc115 Loc115
Loc180 Loc180
Loc19 Loc19 Loc22
Loc76 Loc76
Loc31 Loc31 Loc33
Loc192 Loc192
Loc156 Loc156 Loc157
Loc194 Loc194
Loc64 Loc62 Loc63 Loc64
Loc3 Loc3 Loc4 Loc5
Loc117 Loc117
Loc169 Loc169
