114 58 102 170 94 174 150 166 141 14 141 124 90 3 103 32 147 167 96 84 38 87 169 146 183 176 132 197 43 113 89 59 131 107 66 178 21 181 109 57 182 81 188 98 91 28 187 108 62 154 164 47 26 63 191 25 10 133 80 51 173 74 175 69 177 134 196 195 37 115 155 127 171 119 161 78 114
63
114 112 114
102 102
170 170
94 94 95
174 174
150 148 149 150
166 166
14 12 14 15 16 18
124 124
3 0 1 3 4 5 7
103 103 105
32 32 33
147 147
167 167
96 96
38 38 41 42
87 87
169 169
146 146
183 183
176 176
197 197 199
43 43
89 89
59 59
131 131
66 66 67
21 21
181 181
109 109 111
182 182
81 81 84
188 188
98 98 100
91 91 92 93
28 24 26 28 29 31
187 187
108 108
62 62
154 154
164 164
47 47 49
63 63
191 191
10 10
133 133
51 51 53
173 173
74 74 75 76
175 175
69 69 70
177 177
134 134 135
196 196
195 195
37 35 36 37
115 115 117
155 155
127 127
171 171
119 119
161 161
78 78
