gc gk em ac as co cm gm fr dw m y bu gq a bq fe at cz j fh df et ds fw cg fy go l g az fa ge bp dq aw do gg dj ae cq gj di gi bx fn ey el cj ee cv ah bc bs gn p fq fk ce ga gh fd ft an bl gc
59
gk gk
em em en
ac ab ac ad
as as
co co cp
cm ck cl cm cn
gm gm
fr fr
dw dw dx dy
y u v y
bu bt bu bv
gq gq
a a b d e
bq bq br
fe fe ff
at at
cz cz db
j j
fh fh fi
et ep eq er es et
ds ds
fw fw
cg cg
fy fy
go go
g g
az az bb
fa fa
ge ge
bp bp
dq dq
aw aw
do dn do dp
gg gg
dj dj
ae ae
cq cq cr cs
gj gj
di dg dh di
gi gi
bx bx by
fn fn fo
ey ey
el el
cj cj
ee ee
cv cv
ah ah ai
bc bc
gn gn
p p q
fq fq
fk fk
ga ga
gh gh
fd fd
ft ft
an am an ao ap
bl bi bj bl bn
