loc1 loc2 loc7 loc16 loc11 loc12 loc13 loc18 loc13 loc12 loc17 loc26 loc21 loc25 loc24 loc29 loc24 loc23 loc22 loc27 loc36 loc31 loc35 loc40 loc35 loc31 loc32 loc37 loc46 loc41 loc42 loc47 loc56 loc51 loc52 loc57 loc66 loc61 loc62 loc67 loc76 loc71 loc75 loc74 loc79 loc74 loc73 loc72 loc77 loc86 loc81 loc85 loc84 loc89 loc84 loc83 loc82 loc87 loc96 loc91 loc95 loc100 loc95 loc94 loc93 loc98 loc93 loc92 loc97 loc92 loc91 loc96 loc87 loc82 loc81 loc86 loc77 loc72 loc71 loc76 loc67 loc62 loc63 loc64 loc69 loc64 loc65 loc61 loc66 loc57 loc52 loc53 loc58 loc53 loc54 loc55 loc60 loc55 loc51 loc56 loc47 loc42 loc43 loc44 loc49 loc44 loc45 loc41 loc46 loc37 loc32 loc31 loc36 loc27 loc22 loc21 loc26 loc17 loc12 loc11 loc16 loc7 loc2 loc3 loc4 loc9 loc4 loc5 loc1
26
loc7 loc6 loc7 loc8
loc16 loc16
loc18 loc17 loc18 loc19 loc20
loc26 loc26 loc27
loc29 loc28 loc29 loc30
loc40 loc40
loc37 loc36 loc37 loc38 loc39
loc46 loc46
loc47 loc47 loc48
loc56 loc56
loc66 loc66 loc67
loc76 loc76
loc79 loc79 loc80
loc77 loc77 loc78
loc86 loc86
loc89 loc89 loc90
loc87 loc87 loc88
loc96 loc96
loc100 loc100
loc98 loc98 loc99
loc97 loc97
loc69 loc68 loc69 loc70
loc58 loc57 loc58 loc59
loc60 loc60
loc49 loc49 loc50
loc9 loc9 loc10
