0 109 106 86 36 196 8 35 42 99 32 64 54 80 193 55 16 96 100 24 49 77 188 14 38 25 61 1 91 40 10 88 3 95 105 27 107 44 189 83 189 90 28 84 121 9 62 176 45 176 34 179 48 46 2 66 134 37 68 50 65 76 7 184 39 18 81 58 71 52 74 26 93 82 113 11 85 17 6 78 190 115 59 70 53 20 0
58
0 0
86 86
36 36 26 15
8 8 23
35 35
99 99
32 32
64 64
54 54
80 80 29
55 55
16 30 89 16
24 24
49 49 72
77 77
14 14
38 38
61 61
1 1
40 40
10 10
3 87 56 3
95 95 25 47
27 27
44 12 44 60
83 83 79 97
90 90
28 28
84 94 33 84
9 9
62 62
45 45 39
34 34
48 48
46 46
2 2
66 66
37 37
68 68
50 51 19 50 4
65 65 88
76 96 98 69 76
7 7
18 18 75
81 81 57
58 58 42
71 71 52
74 5 74 21
93 93 67 41
82 63 82 73
11 11
85 85
17 20 31 17
6 6 43
78 13 78 92
59 59
70 70 91 22
53 53
