0 3 117 192 117 92 112 174 112 176 112 172 112 116 190 116 188 116 103 134 103 21 105 144 105 142 150 106 153 158 108 115 186 115 108 156 108 194 118 196 118 98 36 125 101 128 101 125 36 61 89 97 100 122 100 120 100 95 45 109 163 109 180 114 184 114 182 114 12 113 178 113 78 110 168 110 170 110 78 113 12 132 102 131 102 49 44 38 106 151 106 147 106 7 119 198 119 199 119 197 119 55 92 117 3 0
32
192 192 193
174 174 175
176 176 177
172 172 173
190 190 191
188 188 189
134 134 135 136 137
144 144 145 146
142 138 139 140 141 142 143
153 153 154
158 158 159 160 161 162
186 186 187
156 155 156 157
194 194 195
196 196
125 125 126 127
128 128 129 130
122 122 123 124
120 120 121
163 163 164 165 166
180 180 181
184 184 185
182 182 183
178 178 179
168 167 168 169
170 170 171
131 131 132 133
151 151 152
147 147 148 149 150
198 198
199 199
197 197
