F1E81B 7D997B E51A66 7D997B 85D6DB 63361A 85D6DB 6B340B A9F1B8 52C88C 1D21D3 8EBF8A 239994 6825D4 93EBE3 8015E0 E3C2C9 3B4B53 D1967A 59843B EE2A22 462226 396D53 462226 1F842B B69F55 2CCB19 6B644E 6CAF46 685D1A 6CAF46 28F6D1 E0BEFC EC4D08 B7F75A 6B4619 CC9C14 6B4619 9A8DF4 61199E 086D53 4A5708 086D53 10520F 2BF7B5 5D0E2E 0CBC31 5D0E2E 6E313C 9096DB C9AF85 7BE8A9 FFEEBD 7BE8A9 B27903 AEFF96 36C862 AEFF96 DCE144 205E5C BB40E6 04439C 66048A D2BE39 783751 ABD8FE 20EAE7 846159 D6CC7A B47658 BB4908 C18C9B BB4908 112AE7 94A561 77A0B5 5EFED0 8B519F C953A6 013940 825EC5 151BC9 825EC5 CEAC59 90451D BA3320 13A782 E80628 13A782 C4303B 1111F7 6966D7 1111F7 D4A75D 124C90 612FAA 8BFCAC C3B3E7 002274 D337F2 002274 6C010A 8417C8 6C010A FFFD4B 573788 813B05 F1E81B
58
F1E81B F1E81B
E51A66 E51A66 5F4E43
63361A 63361A
6B340B 6B340B B69F55
52C88C 52C88C 8F495E
8EBF8A 0F5860 8EBF8A 5C7062
239994 239994 29D5D7 6D51F4 4099A6
93EBE3 93EBE3 5BB557 4B97F1
8015E0 2FEDFB 6B622D 8015E0
3B4B53 3B4B53 DE6899
D1967A 305D33 E3C2C9 4CAD30 8B6C2F D1967A
59843B 59843B
396D53 293D59 E81014 396D53
1F842B 1F842B
2CCB19 7E78F3 F33196 2CCB19 14B430
685D1A 685D1A
28F6D1 28F6D1 36590B
B7F75A B7F75A 86493E
CC9C14 CC9C14
61199E 61199E
4A5708 4A5708
2BF7B5 2BF7B5 596CF6
0CBC31 0CBC31
6E313C 6E313C
9096DB 9096DB
C9AF85 C9AF85
FFEEBD FFEEBD
AEFF96 AEFF96
36C862 36C862
DCE144 DCE144
BB40E6 BB40E6 47FACD
66048A 66048A
783751 783751
ABD8FE ABD8FE
20EAE7 20EAE7
D6CC7A D6CC7A
B47658 B47658
BB4908 BB4908
C18C9B C18C9B
94A561 94A561
77A0B5 77A0B5
8B519F 8B519F E5E6C0
825EC5 614224 7E1C6C 490F1E 17779E
151BC9 151BC9
CEAC59 C3EF62 8F17C0 CEAC59
90451D 90451D 7829D7 14994D 85D6DB
E80628 E80628
C4303B C4303B AE4A01 230A7C 4A28BA
6966D7 6966D7 1E1095
D4A75D D4A75D 851F90
124C90 124C90
8BFCAC 8BFCAC
C3B3E7 C3B3E7 770D1A
D337F2 D337F2
8417C8 8417C8 A1F104
FFFD4B FFFD4B
573788 573788
813B05 813B05
