a1 a192 a191 a190 a189 a185 a186 a187 a43 a44 a45 a46 a45 a41 a40 a36 a35 a34 a33 a32 a28 a29 a25 a24 a20 a19 a18 a17 a16 a15 a14 a13 a9 a10 a11 a171 a172 a173 a174 a173 a169 a168 a164 a163 a162 a161 a160 a159 a158 a157 a156 a155 a154 a153 a152 a148 a147 a146 a145 a144 a143 a142 a141 a140 a139 a138 a137 a136 a132 a131 a130 a129 a128 a127 a126 a125 a124 a123 a122 a121 a120 a116 a115 a114 a113 a112 a111 a110 a109 a105 a109 a108 a107 a75 a76 a75 a91 a90 a89 a93 a94 a93 a92 a96 a97 a98 a99 a100 a101 a102 a182 a181 a177 a178 a179 a180 a181 a182 a166 a118 a134 a86 a70 a69 a68 a69 a65 a64 a63 a62 a61 a57 a56 a52 a53 a54 a150 a38 a22 a6 a5 a4 a5 a1
71
a1 a1 a3
a190 a190
a185 a185
a187 a187 a188
a43 a43 a44
a46 a46
a41 a41
a35 a35 a36
a33 a33
a28 a28 a30
a25 a25 a27
a19 a19 a20
a17 a17
a14 a14
a9 a9
a11 a11 a12
a171 a171 a172
a174 a174
a169 a169
a164 a164
a163 a163
a161 a161
a158 a158
a156 a156
a155 a155
a153 a153
a148 a148
a147 a147
a145 a145
a142 a142
a140 a140
a139 a139
a137 a137
a132 a132
a131 a131
a129 a129
a126 a126
a124 a124
a123 a123
a121 a121
a116 a116
a115 a115
a113 a113
a110 a110
a105 a105
a108 a108
a107 a107
a76 a73 a75 a76 a78 a81 a83 a84
a91 a91
a89 a89
a94 a94
a92 a92
a97 a97
a99 a99 a100
a102 a102
a182 a182
a177 a177
a179 a179 a180
a166 a166
a118 a118
a134 a134
a86 a86
a70 a70
a68 a68
a65 a65 a67
a62 a62
a52 a49 a51 a52 a54 a57 a59 a60
a150 a150
a38 a38
a22 a22
a4 a4 a6
