a1 a96 a92 a91 a59 a75 a27 a43 a42 a41 a40 a36 a35 a34 a33 a32 a31 a30 a29 a25 a24 a20 a19 a18 a17 a16 a12 a13 a9 a8 a7 a6 a38 a86 a22 a70 a54 a53 a49 a53 a52 a56 a57 a61 a62 a63 a64 a65 a66 a67 a68 a72 a73 a77 a78 a79 a80 a81 a82 a83 a84 a88 a89 a93 a94 a95 a96 a1
33
a1 a1 a3 a4 a6
a92 a92
a91 a91
a59 a59 a60
a75 a75 a76
a27 a27 a28
a43 a43 a44
a41 a41
a35 a35 a36
a33 a33
a30 a30
a25 a25
a19 a19 a20
a17 a17
a12 a12 a14
a9 a9 a11
a38 a38
a86 a86
a22 a22
a70 a70
a54 a54
a49 a46 a49 a51
a52 a52
a57 a57
a62 a62
a65 a65
a67 a67 a68
a73 a73
a78 a78
a81 a81
a83 a83 a84
a89 a89
a94 a94
