MapLocation152 MapLocation182 MapLocation50 MapLocation76 MapLocation35 MapLocation10 MapLocation67 MapLocation19 MapLocation154 MapLocation145 MapLocation56 MapLocation186 MapLocation128 MapLocation71 MapLocation113 MapLocation79 MapLocation125 MapLocation156 MapLocation189 MapLocation22 MapLocation135 MapLocation192 MapLocation109 MapLocation85 MapLocation173 MapLocation42 MapLocation41 MapLocation61 MapLocation121 MapLocation148 MapLocation81 MapLocation4 MapLocation170 MapLocation123 MapLocation106 MapLocation96 MapLocation69 MapLocation119 MapLocation166 MapLocation9 MapLocation185 MapLocation103 MapLocation102 MapLocation198 MapLocation32 MapLocation175 MapLocation164 MapLocation28 MapLocation179 MapLocation171 MapLocation92 MapLocation194 MapLocation137 MapLocation183 MapLocation133 MapLocation161 MapLocation99 MapLocation15 MapLocation47 MapLocation150 MapLocation111 MapLocation53 MapLocation152
62
MapLocation152 MapLocation152 MapLocation153
MapLocation182 MapLocation182
MapLocation50 MapLocation50
MapLocation76 MapLocation76 MapLocation77
MapLocation35 MapLocation35 MapLocation36
MapLocation10 MapLocation10 MapLocation12 MapLocation13
MapLocation67 MapLocation67
MapLocation19 MapLocation18 MapLocation19 MapLocation20
MapLocation154 MapLocation154
MapLocation145 MapLocation145 MapLocation146
MapLocation56 MapLocation56 MapLocation57 MapLocation59 MapLocation60
MapLocation186 MapLocation186
MapLocation128 MapLocation128 MapLocation129
MapLocation71 MapLocation71 MapLocation72
MapLocation113 MapLocation113 MapLocation114
MapLocation79 MapLocation79
MapLocation125 MapLocation125 MapLocation127
MapLocation156 MapLocation156
MapLocation189 MapLocation189
MapLocation22 MapLocation22 MapLocation23
MapLocation135 MapLocation135 MapLocation136
MapLocation192 MapLocation192
MapLocation109 MapLocation109
MapLocation85 MapLocation85 MapLocation86
MapLocation173 MapLocation173
MapLocation42 MapLocation42 MapLocation43
MapLocation41 MapLocation41
MapLocation61 MapLocation61 MapLocation62
MapLocation121 MapLocation121 MapLocation122
MapLocation148 MapLocation148 MapLocation149
MapLocation81 MapLocation81
MapLocation4 MapLocation4
MapLocation170 MapLocation170
MapLocation123 MapLocation123
MapLocation106 MapLocation106 MapLocation107
MapLocation96 MapLocation94 MapLocation96 MapLocation97
MapLocation69 MapLocation69 MapLocation70
MapLocation119 MapLocation116 MapLocation118 MapLocation119
MapLocation166 MapLocation166
MapLocation9 MapLocation7 MapLocation8 MapLocation9
MapLocation185 MapLocation185
MapLocation103 MapLocation103 MapLocation104 MapLocation105
MapLocation102 MapLocation102
MapLocation198 MapLocation198
MapLocation32 MapLocation32
MapLocation175 MapLocation175
MapLocation164 MapLocation164
MapLocation28 MapLocation28 MapLocation29
MapLocation179 MapLocation179
MapLocation171 MapLocation171
MapLocation92 MapLocation92
MapLocation194 MapLocation194
MapLocation137 MapLocation137
MapLocation183 MapLocation183
MapLocation133 MapLocation133
MapLocation161 MapLocation161
MapLocation99 MapLocation99 MapLocation100
MapLocation15 MapLocation14 MapLocation15 MapLocation16 MapLocation17
MapLocation47 MapLocation47
MapLocation150 MapLocation150
MapLocation111 MapLocation111
MapLocation53 MapLocation53 MapLocation55
