86 169 186 196 186 73 147 160 147 45 7 57 7 163 7 145 167 65 146 65 167 132 55 66 23 185 43 51 61 30 61 69 61 104 24 168 189 168 24 104 98 173 98 107 81 1 42 199 88 84 37 156 62 89 62 138 12 48 143 6 143 181 9 10 9 110 9 26 164 184 151 80 194 80 151 192 67 140 25 158 25 153 25 64 190 159 190 183 4 179 4 142 22 68 100 182 96 174 96 182 113 111 129 118 94 108 198 78 14 78 116 58 97 165 75 165 177 39 149 108 44 134 36 20 82 20 47 41 47 34 122 49 19 49 125 86 120 86
62
86 87
169 169
196 196
73 71 72 73
160 160
45 45
57 54 56 57
163 163
145 145
146 146 148
132 132
66 66
185 185
51 51 52 53
30 30
69 69
189 189
173 173
107 105 106 107
1 1 2 5
199 199
84 84
156 156 157
89 89 90 91
138 137 138 139
48 48
6 6 8
181 181
10 10 11 13
110 110
26 26 27 28
184 184
194 194
192 192
140 140
158 158
153 153 154
64 64
159 159
183 183
179 179
22 22
100 100 101
174 174 175
113 113
129 129
94 92 93 94
198 198
14 14 17
116 116 117
97 97
75 74 75 76
177 177
149 149 150 152
44 44
36 35 36 38
82 82
41 41
122 121 122 123
19 19 21
125 125 126
120 120
