110 90 152 199 103 28 0 107 147 126 149 36 175 50 22 52 17 5 83 141 140 131 121 101 43 123 170 85 182 72 87 192 40 30 94 76 197 169 73 47 172 178 189 148 160 13 176 11 171 55 138 181 145 91 163 195 77 38 159 60 100 44 168 110
63
110 110
90 90
152 152 154
199 199
103 103
28 26 28 29
0 0 1
107 107
147 147
126 126 127
149 149
36 36
175 175
50 50
22 22 25
52 51 52 53
17 15 18 19 20
5 3 5 6
83 83
141 141 142
140 140
131 131 132
121 121 122
101 101
43 43
123 123 124
170 170
85 85
182 182
72 72
87 87
192 190 192 193
40 40 41
30 30
94 94 96
76 76
197 197
169 169
73 73 74
47 47
172 172
178 178
189 189
148 148
160 160 161
13 13 14
176 176
11 11
171 171
55 54 55 56
138 138
181 181
145 145
91 91 92
163 163 165
195 195
77 77 79 81
38 38 39
159 159
60 60 64 66 67
100 98 99 100
44 44 45
168 168
