0x4a 0x4b 0x4a 0x1d 0x63 0x19 0x1f 0x53 0x23 0x5e 0x62 0x5e 0x23 0x43 0x42 0x3 0x3e 0x20 0x3e 0x3 0x2c 0xb 0x2c 0x3c 0x1b 0x3c 0x2c 0x3 0x42 0x55 0xd 0x10 0x3b 0x10 0x28 0x50 0x32 0x2 0x5 0x9 0x35 0x30 0x57 0x3d 0x57 0x30 0x34 0x22 0x2f 0x39 0x2f 0x22 0x34 0x30 0x35 0x44 0x14 0x5f 0x14 0x45 0x41 0x45 0x14 0x5b 0x2d 0x13 0x61 0x15 0x2e 0x15 0x27 0x52 0x27 0x56 0x24 0x59 0x31 0xe 0x38 0x5a 0x4e 0x19 0x63 0x1d 0x4a
34
0x4a 0x48
0x4b 0x4b 0x4d
0x63 0x63
0x1f 0x1d 0x1e 0x1f
0x53 0x53
0x5e 0x5e
0x62 0x62
0x20 0x20 0x21
0xb 0xb 0xc
0x1b 0x17 0x1b 0x1c
0x55 0x55 0x56
0x10 0x10 0x11
0x3b 0x3b 0x3c
0x50 0x50
0x32 0x32
0x2 0x2 0x4
0x5 0x5 0x9
0x35 0x35
0x57 0x57
0x3d 0x3d
0x39 0x39
0x5f 0x5f
0x45 0x45
0x41 0x41
0x2d 0x2a 0x2c 0x2d
0x13 0x13 0x14
0x61 0x61
0x2e 0x2e
0x27 0x27
0x52 0x52
0x59 0x59
0x31 0x31
0x5a 0x5a
0x4e 0x4e 0x4f
