0 50 65 64 53 64 62 66 67 63 59 60 59 70 71 80 72 80 85 87 88 86 92 96 92 86 88 91 90 91 88 87 85 80 84 83 97 94 98 94 97 83 84 80 79 73 74 76 74 73 79 80 71 70 68 57 58 55 58 57 68 70 59 63 67 66 62 64 65 50 0 15 14 12 16 17 13 9 10 9 20 21 30 34 33 47 44 48 44 47 33 34 30 35 37 38 41 38 36 38 37 35 30 29 23 24 23 27 23 29 30 21 20 18 7 8 5 8 7 18 20 9 13 17 16 12 14 15 0
23
0 1 2 3 4
53 51 52 53
60 60
72 72
86 86
92 92
96 96 97
90 90 91
83 83
94 94
98 98 99
74 74 75
76 76 77
55 54 55 56
10 10
33 33
44 44 46
48 47 48 49
41 40 41 42
36 36
24 22 24 25 26
27 27
5 5 6
