31 74 148 110 138 134 35 64 38 6 20 116 66 68 86 160 103 123 49 108 4 80 143 90 152 94 21 156 48 167 196 175 168 188 164 173 198 170 184 195 169 171 197 191 180 179 199 186 137 52 127 112 31
52
31 27 28 29 30
74 74 77
148 146 147 148
110 110
138 138
134 134
35 32 33 34 35
64 57 58 60 64 65
38 38 42
6 6 7 9 12 13 14
20 20
116 114 115 117 119 120 121
66 66
68 67 68 69
86 86
160 160
103 103
123 123 125
49 49
108 105 106 107 108
4 4
80 78 80 81 82 83
143 140 141 143
90 88 89 90 93
152 149 151 152
94 94 99
21 21 22
156 156
48 45 46 47 48
167 167
196 196
175 175
168 168
188 188
164 164
173 173
198 198
170 170
184 184
195 195
169 169
171 171
197 197
191 191
180 180
179 179
199 199
186 186
137 137
52 52
127 127 128 131
112 112
