142 121 137 48 76 48 137 66 106 127 106 111 90 143 77 160 108 148 46 4 174 3 51 187 85 89 85 103 18 181 153 139 30 139 153 181 18 103 28 9 136 47 7 47 136 9 14 134 52 178 195 158 69 64 122 128 6 17 171 140 129 140 171 135 97 164 126 177 126 164 59 21 157 86 78 186 78 60 26 0 183 190 118 38 197 38 118 93 151 167 142
32
142 141 144 145 150
121 121 124
48 48 55
76 76
106 106 108 115
127 127
77 77
4 4
174 174
3 3
89 89
181 181
30 30 31 33 34 35 38 39 41 44 46
7 7
14 14 16
178 178
195 195
158 158 159
64 64 69 70
17 21 22 23
129 129 133
135 137 140
97 97
177 177
157 157
186 186
60 58 60 63
183 183
197 197
93 90 91 93
151 151
167 167
