5 33 68 155 68 33 19 52 143 144 176 180 194 180 176 144 143 52 19 69 145 69 19 20 54 96 59 101 111 101 59 127 59 45 152 45 37 25 43 183 43 25 12 150 191 150 12 18 178 18 12 9 77 9 10 160 10 15 163 15 10 28 39 88 168 88 39 41 86 109 86 41 27 53 123 131 140 131 123 53 27 11 85 11 6 1 70 105 70 1 21 32 91 90 23 14 196 14 63 14 5
29
68 68 76
155 155
176 176
180 180
194 194
145 145
54 51 54 57 58
96 96 101
111 111 113
127 121 126 127 130
45 45 50
152 152
183 183
191 191
178 177 178 179
9 9 21
77 77 80
160 160
163 163
168 168 169
109 109
140 140
85 85
105 102 103 104 105 106
32 31 32 35
91 91 92
23 23 27
196 196
63 63
