myBc2oGXtwQIbhN8LZB1 fpPjeU3Q7Ml0oxbNnONE o2dWBGyrvosFrr6mKxkG K674cUKePzN7aRSq4iqU olDP1pNg8HxpvCq8TOIJ fbJ1XhavEsRSCGVVB1U1 q1ntlEPy5TkjTDK1N7QA 69TQpRojisYUrVnWqBaA wy0RiFWOddqgqdcatQ9A EY74ASuADSlYlDTJLkL6 VThEkwdtHmaZ1zsmfh4s GvRFaXYJvrU5PAeeG88T MrSQPZSbMdgYshneAfKf saIZq3FqZhdVPNoQWmqU ki0pv73E3TweydEr2xMN o9aZyqilfPONdyLlpTRX ZhHxBzOYsJAOHrqq4mZM UMmbOoOKP6EkLMuN70H3 KtbSULrz2h1IxsKP2DHz RBvtNZMBTgecfVkYzQF0 yAYyOcL4ZKdEiLdSPQJm w5Yg5o0VnYd77fs4XPRL j2d1svPUTAqQIDPXwffl lRM59z2yUMoVl3kzgo9u zWpsWJk9vbOt0JkC0vhz 5f6BSghRQWi4UfjviKjn 6X2CNJieZ0I5rs3Wfu65 myBc2oGXtwQIbhN8LZB1
27
myBc2oGXtwQIbhN8LZB1 4jo8IXw984NR3wvT2Dr9 oTKjE2BVS0AvV4XvUeLk RpB10dFWsUl9DC779n8X
fpPjeU3Q7Ml0oxbNnONE jHmvxfAZsjs2mCnHbbFf qz4O4bOhKA0YZxpN4mu9 fpPjeU3Q7Ml0oxbNnONE
o2dWBGyrvosFrr6mKxkG o2dWBGyrvosFrr6mKxkG
K674cUKePzN7aRSq4iqU K674cUKePzN7aRSq4iqU
olDP1pNg8HxpvCq8TOIJ olDP1pNg8HxpvCq8TOIJ o53aRQwjhcCKlIFPSjvf
fbJ1XhavEsRSCGVVB1U1 fbJ1XhavEsRSCGVVB1U1
q1ntlEPy5TkjTDK1N7QA q1ntlEPy5TkjTDK1N7QA
69TQpRojisYUrVnWqBaA 69TQpRojisYUrVnWqBaA m1eNgjuhkxodElFqqgdb
wy0RiFWOddqgqdcatQ9A wy0RiFWOddqgqdcatQ9A SUNxIlWVwIvWYg6OTKeH
EY74ASuADSlYlDTJLkL6 EY74ASuADSlYlDTJLkL6
VThEkwdtHmaZ1zsmfh4s LJTA7Za5kd0YC7vjiAyc jjCSZnB5168QDqTrFROq VThEkwdtHmaZ1zsmfh4s
GvRFaXYJvrU5PAeeG88T GvRFaXYJvrU5PAeeG88T
MrSQPZSbMdgYshneAfKf MrSQPZSbMdgYshneAfKf 1GbSD7rTlpNb4qV46SKR
saIZq3FqZhdVPNoQWmqU saIZq3FqZhdVPNoQWmqU
ki0pv73E3TweydEr2xMN ki0pv73E3TweydEr2xMN nmetx4LmU9YBYTmghDrT
o9aZyqilfPONdyLlpTRX jy3jNWgqegakpFSv6gUm lYkJhGqsFKbDklNelAfr o9aZyqilfPONdyLlpTRX
ZhHxBzOYsJAOHrqq4mZM ZhHxBzOYsJAOHrqq4mZM
UMmbOoOKP6EkLMuN70H3 UMmbOoOKP6EkLMuN70H3 6yzFaM9N8M8BsjLACDds uNXUIWejT1w4vLTe7QBt 1ZOzWuPMAgV9noIUn6fI
KtbSULrz2h1IxsKP2DHz KtbSULrz2h1IxsKP2DHz 9OL9rFCWxsvkui0BnJrR
RBvtNZMBTgecfVkYzQF0 RBvtNZMBTgecfVkYzQF0 C4VxHS7oWghMg001nCqT
yAYyOcL4ZKdEiLdSPQJm vy2boLWO2lxg10y7uS0y yAYyOcL4ZKdEiLdSPQJm bVCSBWLjvEmxQEUvDzc4 X0l14s0sRXjXSeLRZLOJ
w5Yg5o0VnYd77fs4XPRL w5Yg5o0VnYd77fs4XPRL e3j3O8zLHFaoF4L54lX4
j2d1svPUTAqQIDPXwffl j2d1svPUTAqQIDPXwffl
lRM59z2yUMoVl3kzgo9u lRM59z2yUMoVl3kzgo9u
zWpsWJk9vbOt0JkC0vhz zWpsWJk9vbOt0JkC0vhz
5f6BSghRQWi4UfjviKjn 5f6BSghRQWi4UfjviKjn
6X2CNJieZ0I5rs3Wfu65 6X2CNJieZ0I5rs3Wfu65 FMx2ghinkTg3bXUUbaTx
