PlmPdVeiiHQg3JYZCDWt iwJGcbQH2bifG6D82Iel gdO0wiBlQ8wFbeNyGtx5 GUntLlYA0xo9Vk4WLTLV qOK6WPKQJA4Q9XqXgSgT CofLnw0Ss4pVGWmPS5oO 3M9YkxmgHhrzhCgskWR0 KOLHrmR3FKDMdl4SYdK9 g0ywcwildP9K6oBendJq cYMPcE5UNSzOtkRY62gr uaR7l3Qhn4FRAnSeVURz GzSNGBn4EPemDLEWXNxx 7yt9hKqOEGabqtqIEmdH 6WGzUhXeOltLDbkIvTzq 804aK8wEArkuheeUiB4R 060q0aISPODkGeAbYbQ6 ukPtLY7YueARRkX8hPaS 48BAUsycKlkSkbOjYLFN 2Cz4Y4eG1XIezf9qpdQl tX1uDaXm9hMlEKqU7m9j 1wRG7TNgo9ui6iZBLuaw 7qCgmo7DrrfnVQIWnbiV eUyNsK7nwP1YPac54CbU U7iVliqmXRkLwyPSNdfv k8LvqKsQ4ejh0bCWs4fP zvH9G6FQ1xC7CVezs43e 76b3evP8JEiQ8c6jd2b5 Tr6dOTuKB3EM5juuJxqy C6w7afZujemehEooILjN Zzs5CIqF9Ll2avkxI78N EkRPPDhcu5ww6XulSOgx PWUaVYPeofxjJdT472wG 4QLswP82Wvxw9Z42obzh NXYVlLN4oRDZThND0BmP 2chOacZ5nNYuf6eeGFSW KjQNU2EAAYEZSeJWPxLM DF1KTiOHBIkswyjh8uB1 Vh6ScHVb39wz7CmKwIuA hZHynIvymuQxD6BftzWt kwA1qrRggH9YLKcVfIe5 kaVGl3oG0Ulg2MgkbJB8 jVItWJkETNqrkY47Hghp YFXFh0nBpGYXfL8mfny3 JakuJordFcO229c3L5ct AmAHnr1XXkPpwJ6DUDIO SNmFiRdCmf8vg1yMqr30 WsVMGV8yZisK6ojnqzBE BWhyt9wATIprZDhzxwVv E59siIyngnj5PIsLeowv ML4pCjYl4gPEwSnvlRaD o85TEEBuzMbePdf5cbCv 9zoM12ZWjXrKaszveCQH nyd0fM2XE4qmli1xfIwr PIekFeWZsA6etqyFB2SF uNMLlt0W1KUwk2d6EP98 yD8JCRUWcVAZxJ4ZDldr xcisI0PJDdG9nIuyj3IS PlmPdVeiiHQg3JYZCDWt
57
PlmPdVeiiHQg3JYZCDWt UkqILZ2p4EbRuMBIrGXp NA24XhOMsROCBnUViAJT YIxKvTpWMaQKGFtD5BDH nKDJ3ylOzub2eWcHnAhq q4nqG9N45SSRxndw48Xl
iwJGcbQH2bifG6D82Iel VuvjJGf6deKVAQ0JUD4i 1JawjZrawLlOCGN1EB0O iwJGcbQH2bifG6D82Iel
gdO0wiBlQ8wFbeNyGtx5 gdO0wiBlQ8wFbeNyGtx5
GUntLlYA0xo9Vk4WLTLV GUntLlYA0xo9Vk4WLTLV MSj6zOuZ0EoAKjP4wXXW
qOK6WPKQJA4Q9XqXgSgT qOK6WPKQJA4Q9XqXgSgT JWIkMKKlAG6fUoRVxKKI
CofLnw0Ss4pVGWmPS5oO CofLnw0Ss4pVGWmPS5oO yKQw7YXCNsthb1VWEFur
3M9YkxmgHhrzhCgskWR0 3M9YkxmgHhrzhCgskWR0 LXqfTqJggDSh6mykPyz3
KOLHrmR3FKDMdl4SYdK9 KOLHrmR3FKDMdl4SYdK9
g0ywcwildP9K6oBendJq g0ywcwildP9K6oBendJq
cYMPcE5UNSzOtkRY62gr cYMPcE5UNSzOtkRY62gr N5YDsCDN1lKguyHbn4Zb XdyhPab6W9wOZnKLq1fq 8RfB73Lw8C9LbSwIxA9Q
uaR7l3Qhn4FRAnSeVURz cUanhOambcNkocePqfvx uaR7l3Qhn4FRAnSeVURz x5UVX06335fM5pfCNBMU
GzSNGBn4EPemDLEWXNxx irZyMKazQALnyfoOCtbL ChEnlTNCMoqxBfyzEzW7 GzSNGBn4EPemDLEWXNxx
7yt9hKqOEGabqtqIEmdH 7yt9hKqOEGabqtqIEmdH dsndgEJWfBsFA2I3Hgqf
6WGzUhXeOltLDbkIvTzq 6WGzUhXeOltLDbkIvTzq
804aK8wEArkuheeUiB4R 804aK8wEArkuheeUiB4R
060q0aISPODkGeAbYbQ6 060q0aISPODkGeAbYbQ6
ukPtLY7YueARRkX8hPaS ukPtLY7YueARRkX8hPaS ANdko3dYAy7a2BOq7wpm
48BAUsycKlkSkbOjYLFN 48BAUsycKlkSkbOjYLFN
2Cz4Y4eG1XIezf9qpdQl 2Cz4Y4eG1XIezf9qpdQl YmmIBqqdn3Z6PuFXWNHi a06qeiApctGnC1GMtGuJ
tX1uDaXm9hMlEKqU7m9j tX1uDaXm9hMlEKqU7m9j
1wRG7TNgo9ui6iZBLuaw 1wRG7TNgo9ui6iZBLuaw
7qCgmo7DrrfnVQIWnbiV 7qCgmo7DrrfnVQIWnbiV iFXIyHTPBX7ivXxsV1VM
eUyNsK7nwP1YPac54CbU zforAf5jhSPEL0aOiCeo eUyNsK7nwP1YPac54CbU ELEJN8tWDJT7mLhCdqW3
U7iVliqmXRkLwyPSNdfv U7iVliqmXRkLwyPSNdfv WZsO2i9GZwvMYoV9SyKS Dwi7fYT8wa9I4Kzyto4Y
k8LvqKsQ4ejh0bCWs4fP k8LvqKsQ4ejh0bCWs4fP
zvH9G6FQ1xC7CVezs43e zvH9G6FQ1xC7CVezs43e
76b3evP8JEiQ8c6jd2b5 76b3evP8JEiQ8c6jd2b5
Tr6dOTuKB3EM5juuJxqy Tr6dOTuKB3EM5juuJxqy
C6w7afZujemehEooILjN C6w7afZujemehEooILjN
Zzs5CIqF9Ll2avkxI78N Zzs5CIqF9Ll2avkxI78N
EkRPPDhcu5ww6XulSOgx EkRPPDhcu5ww6XulSOgx MEVVMgbTLIgXdG4vAbeX
PWUaVYPeofxjJdT472wG WErk2X2lm629vuxPHVtl nsq4rhHWMCaIVcah5fcd PWUaVYPeofxjJdT472wG
4QLswP82Wvxw9Z42obzh E8pbRn7LIeWnB3swkYzz 4QLswP82Wvxw9Z42obzh W9TKm0U6bNDZ1Aok7hNH VXU331oDUcuzaGGUYIl9
NXYVlLN4oRDZThND0BmP NXYVlLN4oRDZThND0BmP
2chOacZ5nNYuf6eeGFSW 2chOacZ5nNYuf6eeGFSW RuUdtXtfFCKpaLUcmsqg
KjQNU2EAAYEZSeJWPxLM KjQNU2EAAYEZSeJWPxLM 3rqlQRwe5izypHjXjWla
DF1KTiOHBIkswyjh8uB1 DF1KTiOHBIkswyjh8uB1
Vh6ScHVb39wz7CmKwIuA Vh6ScHVb39wz7CmKwIuA Osa2UT4anhyBl7doUFs5
hZHynIvymuQxD6BftzWt hZHynIvymuQxD6BftzWt EY9cQTmyqhrzeZsobQa5
kwA1qrRggH9YLKcVfIe5 kwA1qrRggH9YLKcVfIe5 m1A3pMC42PQioFziqK5C
kaVGl3oG0Ulg2MgkbJB8 kaVGl3oG0Ulg2MgkbJB8
jVItWJkETNqrkY47Hghp jVItWJkETNqrkY47Hghp
YFXFh0nBpGYXfL8mfny3 YFXFh0nBpGYXfL8mfny3
JakuJordFcO229c3L5ct JakuJordFcO229c3L5ct
AmAHnr1XXkPpwJ6DUDIO AmAHnr1XXkPpwJ6DUDIO dvxgUZzwjHAP85QpElWp
SNmFiRdCmf8vg1yMqr30 SNmFiRdCmf8vg1yMqr30
WsVMGV8yZisK6ojnqzBE WsVMGV8yZisK6ojnqzBE 1tmkPhHujDQhTmW4oV7S
BWhyt9wATIprZDhzxwVv BWhyt9wATIprZDhzxwVv
E59siIyngnj5PIsLeowv E59siIyngnj5PIsLeowv 4S2YiI3VYPKghkl95iqK
ML4pCjYl4gPEwSnvlRaD ML4pCjYl4gPEwSnvlRaD
o85TEEBuzMbePdf5cbCv o85TEEBuzMbePdf5cbCv IxWh6LSiXwGUWSx9VJ39
9zoM12ZWjXrKaszveCQH 9zoM12ZWjXrKaszveCQH EVtx7khff7Fs8yuuQKJx
nyd0fM2XE4qmli1xfIwr nyd0fM2XE4qmli1xfIwr TpLamlzpT6GwerxzVsxr
PIekFeWZsA6etqyFB2SF PIekFeWZsA6etqyFB2SF
uNMLlt0W1KUwk2d6EP98 uNMLlt0W1KUwk2d6EP98
yD8JCRUWcVAZxJ4ZDldr yD8JCRUWcVAZxJ4ZDldr
xcisI0PJDdG9nIuyj3IS xcisI0PJDdG9nIuyj3IS
