xse uok cek jam phg zud ask zdb loj ckx kfu ego fin dgl mok vlb fgp adx kxn uuw vmt rir ksg tlh ceo xjt emz hks fyc fbk vmv fjy kpp xeh aeg vtd hmi idv ukv nii ljd cma tso gex wyg wbg aii vwg rtc bdh nfr lwk fzi ikb bow fia nvz qdw zkt qxs byu ptu ttw bda nry agh bnl mti miy kgl krr bod ogh tko qjf jfh ils hcr xse
63
xse ybr lvm
uok uok
jam jam ljd
phg phg rsg
zud zud
zdb zdb
loj loj
ckx ckx
kfu kfu
ego ego
fin fin rtc
dgl dgl
mok mok fjy
fgp fgp
adx adx
kxn kxn
uuw uuw
vmt vmt
ksg ksg
tlh tlh
xjt xjt
emz emz rjv
fyc fyc
fbk fbk cun
vmv qbf hpx vmv
kpp nhi kpp jgt aeg
xeh xeh
vtd vtd pvs
hmi hmi
idv idv nmf
ukv ukv uwo
nii nii
cma cma tdu
tso tso
gex gex
wyg wyg
wbg wbg
aii aii ruo
vwg vwg
bdh bdh
nfr nfr
lwk lwk
fzi fzi lrj nko
ikb ikb
fia fia
nvz nvz
zkt zkt
qxs qxs
byu byu ttw
ptu ptu
bda bda yug
nry nry txq
bnl bnl
mti mti ocp
miy svk cen wiy khu qdw miy nwc
krr krr
bod bod vzr
ogh fhv ogh nsw pjf
tko tko
qjf qjf
jfh jfh xme uau vvn
ils ils
hcr hcr
