zMnoKpsz12d1Y6CixoCL WErCaTW8MMgw3ZAta1gT EFVi1RMWM28DYYdOxVze M3MAG2lM6nUmTjQ3nD4D GfpGWz1SaDeisCQVEJrI M3MAG2lM6nUmTjQ3nD4D PrzulPuk0tqiNKmdjp0X M3MAG2lM6nUmTjQ3nD4D z2nBS9pweVYpDmW0fMRS M3MAG2lM6nUmTjQ3nD4D jS5XJP3bXemMgWyvfsmt Vv2apUMOUSvB9J5u8yJr jS5XJP3bXemMgWyvfsmt g6l3PryZJRSAXJGUyq22 2DqN6NYyebkVczAnrbNI g6l3PryZJRSAXJGUyq22 Armxs904ujfdAYn9LtOF g6l3PryZJRSAXJGUyq22 YqOJXOtRcgzFFRGKRutM JPD2uBroiElzO4z72vhQ YqOJXOtRcgzFFRGKRutM HAc1Ylu9mrUmnheKISnK YqOJXOtRcgzFFRGKRutM fat0ktgmwPXvqLhmWfJ0 mNuLv0WHsIRpWEdSUREd fat0ktgmwPXvqLhmWfJ0 qSLkk45Evo68Y4JhMUq7 fat0ktgmwPXvqLhmWfJ0 BVbv363irLjfCXrWQjqn 34ScKN0pHkNmnxdkoIOC BVbv363irLjfCXrWQjqn MDHuBmBbeFOGqzpuNmVz BVbv363irLjfCXrWQjqn FwLnZPETaUkrkp7dE0hH KBGTLYOWLSviflcWwd9y FwLnZPETaUkrkp7dE0hH 9c21VhIQJbtu6kG4NZT4 FwLnZPETaUkrkp7dE0hH hzqXRQPGO5tnMpQYDdxn 8s4ukhLgGBoor0D87KUr hzqXRQPGO5tnMpQYDdxn kHWDWFJURX8TBbDnLSlR mTYxpEwVJTp369cmBN7S kHWDWFJURX8TBbDnLSlR 1Tm2BSSz9mj8o3m9o0TB 07iKiKtYzy9bLoKUo0ve 1Tm2BSSz9mj8o3m9o0TB OcyqfDTyG7wfT1rvpitz sNJuS4R6b6KAUX5QI4md OcyqfDTyG7wfT1rvpitz TuA4wNSOMjTMUxZ5fZWx JzMVZjOikutQZg00S8wX TuA4wNSOMjTMUxZ5fZWx GhNWfyijkz8OKJbptIGO VxRxz5foWagBafuSz1m4 GhNWfyijkz8OKJbptIGO EvdCmEq3CXPDtnZYkiVu GhNWfyijkz8OKJbptIGO dakEfF8eF1B4IYsSGGLe YIAlamFOfZeHd5qDll32 dakEfF8eF1B4IYsSGGLe oJor9EUgXhaXPDmChml7 C3qGKxHtliSTI7oOnHoB oJor9EUgXhaXPDmChml7 TzlCRBgA0Q2cCjETm7Vx oJor9EUgXhaXPDmChml7 UkKARQyd3ZxfrQwOeW0R OMLAPgVr1RosMrpENk9K UkKARQyd3ZxfrQwOeW0R 5jE3DcSbPJWRITx0u2Kf 9q9h29089dBsNERnjXsd 5jE3DcSbPJWRITx0u2Kf e7oVwvEXzQVG9DeK8uQS olgHJpCT79b6HED7FUWa e7oVwvEXzQVG9DeK8uQS bUGtOHLCdzsNiRxcLtaT e7oVwvEXzQVG9DeK8uQS ARorC1kPdEun4czh3dmX e7oVwvEXzQVG9DeK8uQS JOo21iuZtHvP9sSModQZ QmCq2RCVgnssPOgSwAr8 JOo21iuZtHvP9sSModQZ 50qWynRev5CSErzk8Yih QTgsp1BfPDsixeeH6QUT 50qWynRev5CSErzk8Yih Vkpfkc0JUDpakJkZipKD 50qWynRev5CSErzk8Yih RIRtIJewArUY7i7A6OEl cthtNVKVABeolrPabegT RIRtIJewArUY7i7A6OEl hH5yU5IgxmmStVnXEBJ1 Y2BEa9hp0T63SlTWXenG hH5yU5IgxmmStVnXEBJ1 IcoYVabhkC8yNYJgy44V U8fsnzMIN4aMdzToihTq IcoYVabhkC8yNYJgy44V GaG5DAqLVuTD09GfUl6l IcoYVabhkC8yNYJgy44V B56U06r3nz3RZaXVmiK2 MyPRIiIVlLarPoP5nZfy B56U06r3nz3RZaXVmiK2 Y0dqIYSR4P9Br1Cq3f9U B56U06r3nz3RZaXVmiK2 QHym2s92VJ8ycxMeFawz QFT8yfDPa0xDNdRMchX3 QHym2s92VJ8ycxMeFawz WCUwzDEkBlRrgSeSv9vv 5cjkSqVe5mFfFhCgwe8r WCUwzDEkBlRrgSeSv9vv 15e7umNMnawEegsOhkYh WCUwzDEkBlRrgSeSv9vv ofmz95sRAyIS0ShQndvb WCUwzDEkBlRrgSeSv9vv ybqDdUoaPknlNwzZFeto WELPo1XEQnG4JejlB13A ybqDdUoaPknlNwzZFeto z6gtkXCB2ntSiYsjrque ybqDdUoaPknlNwzZFeto BKvWsgveG3lQHgeNBv62 vPVOeWczn8eJlf3Gviol zMnoKpsz12d1Y6CixoCL
47
zMnoKpsz12d1Y6CixoCL ZvocIzADG7dBR58wmnu8
GfpGWz1SaDeisCQVEJrI GfpGWz1SaDeisCQVEJrI
PrzulPuk0tqiNKmdjp0X PrzulPuk0tqiNKmdjp0X
z2nBS9pweVYpDmW0fMRS z2nBS9pweVYpDmW0fMRS
Vv2apUMOUSvB9J5u8yJr CcIlGrru613gqyngyuYo Vv2apUMOUSvB9J5u8yJr u91JdIwHTd2zumpXCvmK
2DqN6NYyebkVczAnrbNI 2DqN6NYyebkVczAnrbNI
Armxs904ujfdAYn9LtOF Armxs904ujfdAYn9LtOF
YqOJXOtRcgzFFRGKRutM jdgXkfbupFQ0XUNJEyvU Ryx97mzVLWHytqmLAKlJ nfdt04yvrwrpPVPzIy2c
JPD2uBroiElzO4z72vhQ JPD2uBroiElzO4z72vhQ
HAc1Ylu9mrUmnheKISnK HAc1Ylu9mrUmnheKISnK
mNuLv0WHsIRpWEdSUREd mNuLv0WHsIRpWEdSUREd
qSLkk45Evo68Y4JhMUq7 qSLkk45Evo68Y4JhMUq7 JKKWZrMfMDLTYQt6t5Ap mUERvxQcAO2XlgBTPRGA
34ScKN0pHkNmnxdkoIOC 34ScKN0pHkNmnxdkoIOC
MDHuBmBbeFOGqzpuNmVz MDHuBmBbeFOGqzpuNmVz
KBGTLYOWLSviflcWwd9y KBGTLYOWLSviflcWwd9y W8ft2Hcg1VXPVNTpprS3
9c21VhIQJbtu6kG4NZT4 9c21VhIQJbtu6kG4NZT4
8s4ukhLgGBoor0D87KUr 8s4ukhLgGBoor0D87KUr
mTYxpEwVJTp369cmBN7S mTYxpEwVJTp369cmBN7S
07iKiKtYzy9bLoKUo0ve 07iKiKtYzy9bLoKUo0ve
sNJuS4R6b6KAUX5QI4md 3fQHkf8pseCy7Ys4Kez5 sNJuS4R6b6KAUX5QI4md 5VNO6t8qAcR3d5jJgfi4 FqxzURcIHYyg2FOpiXCN
JzMVZjOikutQZg00S8wX JzMVZjOikutQZg00S8wX
VxRxz5foWagBafuSz1m4 VxRxz5foWagBafuSz1m4
EvdCmEq3CXPDtnZYkiVu EvdCmEq3CXPDtnZYkiVu
dakEfF8eF1B4IYsSGGLe dBvruVRsFq4ihmzPj7nf KP4zLIZ5LMWJ6mkRn6BX oDA5VKbLZuTPP2ZEB14d ZcpnIKUrL8i4GzxAolZX szEChRtMF49nUq5i634G 9XhdonQsTDmLQknJ4xeP dUDrtIP8WIldh2FT7uba yE3wNgUIJB0oZwUjLCMo XKYNaFpYuIx7Zx7vNANa lcq8BXTLE4WDnj4JF3yo NieXnWTTyXxCRp5CSl0i pkPHvGrHHriGlmiL3mRW xBNbU9Yu51mQvClxjQdr bclRgmmOqfg3PHQz06qB WdpiLe9uZpnuS9WMphYw oougNPfNRCSRCWJrOUlb G6KTAOxQU8MNiSLazU1t T7hLF9jTtc4htoAH0PWD ZSg6FSZaRCTLmeHoLgMI RvFA5khunRjN3Z7dmUKr gM8AHyLc0ZjUxmDMuXzJ FDT7h4JKMRWa9fcDNmXs
YIAlamFOfZeHd5qDll32 YIAlamFOfZeHd5qDll32
C3qGKxHtliSTI7oOnHoB C3qGKxHtliSTI7oOnHoB
TzlCRBgA0Q2cCjETm7Vx TzlCRBgA0Q2cCjETm7Vx
OMLAPgVr1RosMrpENk9K OMLAPgVr1RosMrpENk9K
9q9h29089dBsNERnjXsd 9q9h29089dBsNERnjXsd
olgHJpCT79b6HED7FUWa olgHJpCT79b6HED7FUWa 3mTCmcCkVhhFn533BM03
bUGtOHLCdzsNiRxcLtaT bUGtOHLCdzsNiRxcLtaT
ARorC1kPdEun4czh3dmX ARorC1kPdEun4czh3dmX
QmCq2RCVgnssPOgSwAr8 QmCq2RCVgnssPOgSwAr8
QTgsp1BfPDsixeeH6QUT QTgsp1BfPDsixeeH6QUT
Vkpfkc0JUDpakJkZipKD Vkpfkc0JUDpakJkZipKD
cthtNVKVABeolrPabegT cthtNVKVABeolrPabegT
Y2BEa9hp0T63SlTWXenG Y2BEa9hp0T63SlTWXenG
U8fsnzMIN4aMdzToihTq U8fsnzMIN4aMdzToihTq
GaG5DAqLVuTD09GfUl6l GaG5DAqLVuTD09GfUl6l
MyPRIiIVlLarPoP5nZfy MyPRIiIVlLarPoP5nZfy uqAmYQiu3O0THeAaPzKH
Y0dqIYSR4P9Br1Cq3f9U Y0dqIYSR4P9Br1Cq3f9U
QFT8yfDPa0xDNdRMchX3 QFT8yfDPa0xDNdRMchX3 FHGlzd4VlMUVjTba9Qjm
5cjkSqVe5mFfFhCgwe8r 5cjkSqVe5mFfFhCgwe8r
15e7umNMnawEegsOhkYh 15e7umNMnawEegsOhkYh
ofmz95sRAyIS0ShQndvb ofmz95sRAyIS0ShQndvb
WELPo1XEQnG4JejlB13A WELPo1XEQnG4JejlB13A
z6gtkXCB2ntSiYsjrque z6gtkXCB2ntSiYsjrque
