lQCi69J0eWVlNqqKnSXq E91XnzjC8fk7WmI2LnAz TULA7h1TJjCcU7b7ewMK XeZKiAoyYZL9P7yBThlM TULA7h1TJjCcU7b7ewMK wlKpBtU5YVdE9Uq6V4z5 vnCWjVmMdmciaoCYnqW8 wlKpBtU5YVdE9Uq6V4z5 5j3nVbxEAEFTUe3GDbN0 9ZAwlDiWc0OkYVLdPP18 5j3nVbxEAEFTUe3GDbN0 yytanXsBcYsWB0S4zr6x 0jsnTC6pUdifVPvCGLLe yytanXsBcYsWB0S4zr6x EP0h2hGKZhLlRDvb1dHn Q6Q14vRaFSx82FDA8F9j EP0h2hGKZhLlRDvb1dHn Ov5tQy1KeHsti8dfTOIQ Rl9sd4PENsPVd55C9qNS Ov5tQy1KeHsti8dfTOIQ GzTC6SyDfi06snBYRanw tqCzeJHrHXSMuAlQdk95 GzTC6SyDfi06snBYRanw sX8C3CP6kza3VNKEcdNn GzTC6SyDfi06snBYRanw 2fRxkCAZVyHGHkq3Bl9E AeT8ezBVfSNgGpCCNvM1 2fRxkCAZVyHGHkq3Bl9E CR5QbErmAVyIHQJyDFi9 2fRxkCAZVyHGHkq3Bl9E zdGOEur0Se3VWD6mlq5H 2fRxkCAZVyHGHkq3Bl9E sNxtKpoSG9BFpERxjNr1 55xYloQMeVs9kVzx8cN5 sNxtKpoSG9BFpERxjNr1 NdzV8TNRFhnjMNZlaGI4 sNxtKpoSG9BFpERxjNr1 r3dhOjzNOGrPmQjmHU4D ji2Hl3ZRuTNdz55QI9iS r3dhOjzNOGrPmQjmHU4D HdqcKlipoTYMzJchffld h4lv4AWoIyOY4fsmP5xB HdqcKlipoTYMzJchffld ivkDNojPLqpGb4cpDTON aAHnKpmemgrMwy9POpn9 ivkDNojPLqpGb4cpDTON V6XJoCUDWAqZklsSLeM6 ivkDNojPLqpGb4cpDTON 6WjkeAWWKDbY507hYxDN lQCi69J0eWVlNqqKnSXq
18
XeZKiAoyYZL9P7yBThlM XeZKiAoyYZL9P7yBThlM sC8YSc2m8uVyLGRtJAJm pStp5oJ3mwz5HNV7VA81
vnCWjVmMdmciaoCYnqW8 vnCWjVmMdmciaoCYnqW8
9ZAwlDiWc0OkYVLdPP18 9ZAwlDiWc0OkYVLdPP18
0jsnTC6pUdifVPvCGLLe dSR37cF2irO0NLfFwZy0 jsvSfTN8RLw8M7n8jb8D 0jsnTC6pUdifVPvCGLLe TDEVUkFlcjUpqrP6Bynx
Q6Q14vRaFSx82FDA8F9j Q6Q14vRaFSx82FDA8F9j
Rl9sd4PENsPVd55C9qNS Rl9sd4PENsPVd55C9qNS
tqCzeJHrHXSMuAlQdk95 tqCzeJHrHXSMuAlQdk95
sX8C3CP6kza3VNKEcdNn sX8C3CP6kza3VNKEcdNn
AeT8ezBVfSNgGpCCNvM1 AeT8ezBVfSNgGpCCNvM1
CR5QbErmAVyIHQJyDFi9 CR5QbErmAVyIHQJyDFi9 sAR5WnnNshpkwOniAudb
zdGOEur0Se3VWD6mlq5H zdGOEur0Se3VWD6mlq5H
55xYloQMeVs9kVzx8cN5 55xYloQMeVs9kVzx8cN5
NdzV8TNRFhnjMNZlaGI4 NdzV8TNRFhnjMNZlaGI4 u4CAydwAhszp7tM3ILy0
r3dhOjzNOGrPmQjmHU4D zbjpBk6LD1KcRmfqCimG m3HnuJcMZr0UjXE6y0Yj G1Ecvcz8fZufY9CV0J2K 0LTuG9BRd9b62kO39lM2 76IyG9JBAhW2KiBt5QKY Ts2UPoejx7dwuInV9kms z8GF8LystXVXiuprVyTh IR7mOQhWXsCDKM4Cc4wS kdGczSrviM1C416w1kdh yXTGXN4mJmD1MMnwU5DV 5RtoZI2od7I5NUCXiQ20 lfvGd547iXhkHQ8AjYpO
ji2Hl3ZRuTNdz55QI9iS ji2Hl3ZRuTNdz55QI9iS
h4lv4AWoIyOY4fsmP5xB h4lv4AWoIyOY4fsmP5xB
aAHnKpmemgrMwy9POpn9 aAHnKpmemgrMwy9POpn9
V6XJoCUDWAqZklsSLeM6 V6XJoCUDWAqZklsSLeM6
