Encanto Homestead Quail Woffard Pumpkin Kentfield Cherokee Bonita Richvale Kern Garden Vernon Woodbridge Willow Shafter Green Cabbage Two Delta Moccasin City Ames Vista Ramona Beach Elmira Granite Yurok Forest Presidio Glencoe McAuley Chinese Sherman Encanto
34
Encanto Costa Encanto
Homestead Homestead Alpaugh
Quail Quail
Woffard Woffard Banning Laguna Clayton
Pumpkin Pumpkin Riverside
Kentfield Kentfield
Cherokee Cherokee
Bonita Bonita
Richvale Richvale
Kern Kern Smoke
Garden Garden
Vernon Vernon
Woodbridge Woodbridge Cypress
Willow Willow
Shafter Shafter
Green Green
Cabbage Cabbage
Two Two
Delta Delta
Moccasin Moccasin
City City Los
Ames Ames Warner
Vista Vista
Ramona Ramona Santa
Beach Beach
Elmira Elmira
Granite Granite
Yurok Yurok Foothills
Forest Forest
Presidio Presidio Welden
Glencoe Glencoe Jane
McAuley McAuley Mount
Chinese Chinese
Sherman Sherman All
