Vernon Anaheim Industrial Roseland Presidio Smith Bangor Forbestown Bell Marshall Clayton California Beach Richvale Le Rough Ritter Warner Huron Bonny Sunny Strawberry All Stockdale Robertsville Parchester Hammer Lake Wallace Winterhaven Brundage Cypress Louis Bakersfield Pacheco Temecula Calaveras Sacramento Cabbage Potrero Escalon Coddingtown Buena Quail Glencoe Moores Timbuctoo Sulpizio Capuchino Costa Chittenden Armstrong Kaiser Rowland Civic Collins Mecca Woody Pleasant Flinn Davenport Three Blue Del Helm Vernon
65
Vernon South
Anaheim Anaheim Hoffman
Industrial Industrial
Roseland Roseland
Presidio Presidio Tijuana
Smith Smith
Bangor Bangor Manker
Forbestown Forbestown Sherman
Bell Bell
Marshall Marshall
Clayton Clayton Saint
California California
Beach Beach
Richvale Richvale
Le Le
Rough Terra Industry Balboa Rough
Ritter Ritter
Warner Warner Antelope
Huron Huron Carmel
Bonny Bonny Bradley
Sunny Portola Cerro Sunny
Strawberry Strawberry Veterans
All Yankee All Garcia
Stockdale Stockdale
Robertsville Robertsville
Parchester Parchester Ramona
Hammer Hammer
Lake Lake Cambridge
Wallace Wallace
Winterhaven Winterhaven
Brundage Brundage
Cypress Cypress Dulzura
Louis Louis Delta
Bakersfield Bakersfield
Pacheco Pacheco
Temecula Temecula
Calaveras Calaveras
Sacramento Sacramento
Cabbage Cabbage
Potrero Potrero Escondido
Escalon Santa Cressey Escalon
Coddingtown Coddingtown Smoke
Buena Buena Fiorini
Quail Quail Grasslands
Glencoe Glencoe
Moores Moores
Timbuctoo Timbuctoo Bodad Fullerton
Sulpizio Sulpizio
Capuchino Capuchino
Costa Costa
Chittenden Chittenden Alamo
Armstrong Armstrong Crestmont
Kaiser Kaiser Donner
Rowland Rowland
Civic Civic
Collins Collins Yurok
Mecca Mecca Fox
Woody Woody
Pleasant Pleasant
Flinn Flinn Cudahy
Davenport Davenport Downtown
Three Three
Blue Blue
Del Del
Helm Helm
