loc0 loc109 loc103 loc79 loc117 loc169 loc175 loc83 loc21 loc41 loc105 loc135 loc111 loc65 loc153 loc95 loc155 loc141 loc99 loc57 loc85 loc91 loc189 loc143 loc27 loc51 loc87 loc5 loc139 loc197 loc193 loc63 loc49 loc33 loc195 loc161 loc9 loc165 loc77 loc121 loc199 loc173 loc151 loc147 loc125 loc145 loc13 loc185 loc69 loc127 loc75 loc115 loc89 loc157 loc163 loc131 loc179 loc93 loc73 loc133 loc113 loc181 loc191 loc123 loc59 loc177 loc29 loc149 loc55 loc167 loc137 loc23 loc37 loc171 loc97 loc183 loc159 loc45 loc0
78
loc0 loc1 loc3
loc109 loc109
loc103 loc103
loc79 loc79 loc81
loc117 loc117 loc119
loc169 loc169
loc175 loc175
loc83 loc83
loc21 loc17 loc19 loc21
loc41 loc41 loc43
loc105 loc105 loc107
loc135 loc135
loc111 loc111
loc65 loc65 loc67
loc153 loc153
loc95 loc95
loc155 loc155
loc141 loc141
loc99 loc99 loc101
loc57 loc57
loc85 loc85
loc91 loc91
loc189 loc189
loc143 loc143
loc27 loc27
loc51 loc51 loc53
loc87 loc87
loc5 loc5 loc7
loc139 loc139
loc197 loc197
loc193 loc193
loc63 loc63
loc49 loc49
loc33 loc33 loc35
loc195 loc195
loc161 loc161
loc9 loc9 loc11
loc165 loc165
loc77 loc77
loc121 loc121
loc199 loc199
loc173 loc173
loc151 loc151
loc147 loc147
loc125 loc125
loc145 loc145
loc13 loc13 loc15
loc185 loc185 loc187
loc69 loc69 loc71
loc127 loc127 loc129
loc75 loc75
loc115 loc115
loc89 loc89
loc157 loc157
loc163 loc163
loc131 loc131
loc179 loc179
loc93 loc93
loc73 loc73
loc133 loc133
loc113 loc113
loc181 loc181
loc191 loc191
loc123 loc123
loc59 loc59 loc61
loc177 loc177
loc29 loc29 loc31
loc149 loc149
loc55 loc55
loc167 loc167
loc137 loc137
loc23 loc23 loc25
loc37 loc37 loc39
loc171 loc171
loc97 loc97
loc183 loc183
loc159 loc159
loc45 loc45 loc47
