1 200 199 200 196 197 193 194 193 192 191 192 188 189 185 186 185 184 180 181 177 178 177 176 175 176 172 173 169 170 169 168 167 168 164 165 161 162 161 160 159 160 156 157 153 154 153 152 151 152 148 149 145 146 145 144 143 144 140 141 137 138 137 136 135 136 132 133 129 130 129 128 127 128 124 125 121 122 121 120 119 120 116 117 113 114 113 112 111 112 108 109 105 106 105 104 103 104 100 101 97 98 97 96 95 96 92 93 89 90 89 88 84 85 81 82 81 80 76 77 73 74 73 72 68 69 65 66 65 64 63 64 60 61 57 58 57 56 52 53 49 50 49 48 44 48 47 46 35 34 35 36 40 39 38 27 26 25 29 25 24 20 21 17 18 17 16 12 13 9 10 9 8 4 5 1
80
1 2 4
199 199
196 196
197 197
194 194
191 191
188 188
189 189
186 186
180 180
181 181 183
178 178
175 175
172 172
173 173
170 170
167 167
164 164
165 165
162 162
159 159
156 156
157 157
154 154
151 151
148 148
149 149
146 146
143 143
140 140
141 141
138 138
135 135
132 132
133 133
130 130
127 127
124 124
125 125
122 122
119 119
116 116
117 117
114 114
111 111
108 108
109 109
106 106
103 103
100 100
101 101
98 98
95 95
92 92
93 93
90 90
85 85 87
82 82 84
77 77 79
74 74 76
69 69 71
66 66 68
63 63
60 60
61 61
58 58
53 53 55
50 50 52
44 44 45
47 47
34 34
36 36 37
39 39 42
26 26 28
29 29 31
21 21 23
18 18 20
13 13 15
10 10 12
5 5 7
