Ippudo Platano Gypsys EastAsianLibrary LittleCampanile EastAsianLibrary Campbell HearstMining Chipotle HAAS Mezzo BerkeleyArtStudio Mezzo GiauqueHall Morganhall Jupiter TopDog Jupiter LatimerHall Tilden GreekTheatre ACuppaTea Wikiwiki Underhill SteamTrains JambaJuice SteamTrains Underhill HortonHall Shengkee HortonHall Cinnaholic DavisHall TukTukThai BSC ClarkKerr Stern BerkeleyHigh Toss LaNote TacoBell LaNote Toss BerkeleyHigh TraderJoes YogurtPark OptometryBuilding LaBurrita BerkeleyBart HappyLemon BerkeleyBart Barrows AshaTeaHouse LeConte Cafe3 LeConte AshaTeaHouse CaliforniaHall Gadani CaliforniaHall AshaTeaHouse Bowles Namaste EastBaySpiceCompany HesseHall Kips Muraccis Kips HesseHall EastBaySpiceCompany GSPP Wheeler AndrewsApartment UrbanOutfitters AndrewsApartment GrizzlyPeak AndrewsApartment Flavia UCafe Flavia SmokesPoutinerie LiKaShing BanshoRamen LiKaShing Crossroads TToust BobaNinja TennisCourts BancroftLibrary Cheeseboard BancroftLibrary TennisCourts BobaNinja TToust UniversityVillage Fengcha Ikes Eureka Ikes BetaLounge NatApartment HildebrandHall Soda Platano Ippudo
34
Ippudo SweetheartCafe
LittleCampanile LittleCampanile
Chipotle Chipotle ImmThai Milkbomb MemorialGlade EastAsianLibrary ThaiNoodle Mezzo
BerkeleyArtStudio BerkeleyArtStudio TheDwight
Morganhall Morganhall Morrisonhall
TopDog PokeBar Quicklys TopDog Gypsys
LatimerHall KroeberHall LatimerHall LewisHall
Wikiwiki Wikiwiki TheHabit
JambaJuice PeoplesCafe SuperDuperBurgers Target JambaJuice
HortonHall HortonHall
Shengkee LowerSproul WursterHall Shengkee Plentea
TukTukThai TukTukThai Gather
TacoBell TacoBell Gongcha
TraderJoes TraderJoes Safeway
LaBurrita LaBurrita AndrewsApartment
HappyLemon Bonchon Firewings HappyLemon Ucha Artichokes
AshaTeaHouse MulfordHall NorthHall OptometryBuilding AshaTeaHouse McDonalds
Cafe3 Cafe3 Raretea Underhill
Gadani HalalGuys ExtremePizza Gadani
Namaste Namaste
Kips Marugame Kips Pappys
Muraccis Muraccis
Wheeler Wheeler
UrbanOutfitters UrbanOutfitters
GrizzlyPeak Venus SaturnCafe Jupiter AmoebaMusic GrizzlyPeak
UCafe Yifang Fengcha UCafe SproulHall
SmokesPoutinerie SnackShack SmokesPoutinerie GreatChina ThaiBasil
BanshoRamen BanshoRamen
Crossroads TPTea SatherGate StrawberryCreek BigC ClarkKerr Crossroads
BobaNinja LaNote Rachas BobaNinja
Cheeseboard Homeroom Cheeseboard ChezPanisse
Ikes Slivers Ikes Teazone
Eureka Eureka BSC Platano EastBaySpiceCompany TenderGreens
BetaLounge BetaLounge Spats Cornerstone TripleRock
