Loc76 Loc11 Loc78 Loc3 Loc21 Loc92 Loc32 Loc39 Loc86 Loc69 Loc97 Loc62 Loc29 Loc8 Loc42 Loc50 Loc88 Loc90 Loc51 Loc25 Loc57 Loc83 Loc99 Loc67 Loc44 Loc55 Loc95 Loc14 Loc36 Loc71 Loc66 Loc61 Loc84 Loc76
33
Loc76 Loc75 Loc76 Loc77
Loc11 Loc9 Loc10 Loc11 Loc12 Loc13
Loc78 Loc78 Loc79
Loc3 Loc0 Loc1 Loc2 Loc3
Loc21 Loc18 Loc19 Loc20 Loc21
Loc92 Loc92 Loc93
Loc32 Loc30 Loc31 Loc32
Loc39 Loc37 Loc38 Loc39 Loc40
Loc86 Loc86 Loc87
Loc69 Loc69 Loc70
Loc97 Loc97 Loc98
Loc62 Loc62 Loc63
Loc29 Loc26 Loc27 Loc28 Loc29
Loc8 Loc4 Loc5 Loc6 Loc7 Loc8
Loc42 Loc41 Loc42 Loc43
Loc50 Loc48 Loc49 Loc50
Loc88 Loc88 Loc89
Loc90 Loc90 Loc91
Loc51 Loc51 Loc52
Loc25 Loc22 Loc23 Loc24 Loc25
Loc57 Loc57 Loc58
Loc83 Loc80 Loc81 Loc82 Loc83
Loc99 Loc99
Loc67 Loc67 Loc68
Loc44 Loc44 Loc45 Loc46 Loc47
Loc55 Loc53 Loc54 Loc55 Loc56
Loc95 Loc94 Loc95 Loc96
Loc14 Loc14 Loc15 Loc16 Loc17
Loc36 Loc33 Loc34 Loc35 Loc36
Loc71 Loc71 Loc72 Loc73 Loc74
Loc66 Loc64 Loc65 Loc66
Loc61 Loc59 Loc60 Loc61
Loc84 Loc84 Loc85
