Shelf0 Whale137 Cat163 Allergies103 Mail22 Male149 Urine124 Whale114 Robot164 Comics107 Body55 Clock2 Whale126 Post158 Clock61 Whale31 Cat187 Printer188 Sink109 Shower47 Sink109 Settings75 Flowers178 Dislike27 Soda197 Shelf40 Ice41 YouTube44 Robot51 Plants118 Poop80 Websites94 Fusion34 Fusion104 Ring161 Nuclear35 Rollers14 Plus78 Hnads182 Urine108 Shoe17 Dislike12 Shoes8 Soap58 Toilet191 Dog181 Elevator115 Shoe174 Boat67 Towel154 Dislike143 Allergies176 Water90 Hnads116 Light49 Solar192 Water29 Laptop125 Kitty98 Rollers95 Water135 Website190 Solar162 Kitty194 Solar162 Ice9 System156 Soap53 Allergies88 Clock139 Nuclear18 Solar130 Book171 Comics113 Toolbox72 Robot87 Sink157 Monster175 Towel92 Dog168 Android196 Toolbox146 Ring169 Toolbox153 Shelf0
63
Shelf0 Shelf0
Whale137 Whale137
Allergies103 Allergies103
Male149 Male149 Poop150
Whale114 Whale114
Robot164 Robot164 Ice165
Comics107 Comics107
Body55 Body55 Shower57
Clock2 Clock2 Websites4
Whale126 Urine124 Laptop125 Whale126
Post158 Post158
Clock61 Clock61 Soap64
Cat187 Cat187
Printer188 Printer188
Sink109 Sink109
Shower47 Shower47
Settings75 Settings75 Poop76 Leash77
Flowers178 Flowers178
Dislike27 Urine20 Mail22 Book24 Dislike27
Soda197 Soda197
Ice41 Water38 Drugs39 Shelf40 Ice41
Robot51 Robot51
Plants118 Puppy117 Plants118 Soda119
Poop80 Poop80
Fusion34 Fusion34
Fusion104 Fusion104
Nuclear35 Nuclear35 BBQ36
Rollers14 Rollers14 Cat15
Plus78 Plus78 System79
Hnads182 Hnads182 System183
Shoe17 Shoe17
Dislike12 Dislike12 Toilet13
Soap58 Soap58
Dog181 Dog181
Shoe174 Shoe174
Boat67 Boat67
Towel154 Towel154
Dislike143 Dislike143
Allergies176 Allergies176
Hnads116 Hnads116
Solar192 Solar192
Water29 Water29 Light30
Kitty98 Kitty98
Rollers95 Rollers95 Urine97
Water135 Water135
Website190 Website190
Solar162 Solar162
Kitty194 Kitty194 Drugs195
Ice9 Mail6 Shoes8 Ice9
System156 System156
Allergies88 Allergies88 Kitty89
Clock139 Clock139 Puppy140
Nuclear18 Nuclear18 Laptop19
Solar130 Solar130
Book171 Book171
Toolbox72 Solar71 Toolbox72 Monster73
Robot87 Ring82 Crab83 Breakfast85
Monster175 Monster175
Towel92 Towel92 Robot93
Dog168 Dog168 Ring169
Android196 Android196
Toolbox146 Toolbox146 Horse148
Toolbox153 Toolbox153
