Horse0 Soda57 Breakfast42 Running77 Ring97 Allergies3 Flowers98 Allergies3 Towel35 Water52 Ice30 Shelf25 Whale22 System90 Dislike51 Plus62 Dislike21 Shower15 Rollers34 Ice38 Male84 Leash68 Bird93 Water66 BBQ86 Monster71 Rollers48 Websites81 Robot9 Mail88 Printer53 Shower11 Whale59 Ring45 Breakfast74 Horse0
27
Horse0 Horse0 Allergies3 Allergies4 Settings5
Soda57 Soda57 Solar58
Running77 Running77
Ring97 Ring97
Flowers98 Flowers98
Towel35 Towel35 Towel37
Ice30 Ice30
Shelf25 Shelf25
Whale22 Towel16 Websites17 Breakfast19 Toilet20 Whale22 Prints23
Dislike51 Dislike51 Water52
Plus62 Whale59 Post61 Plus62 Floppy63
Shower15 Cat13 Kitty14 Shower15
Rollers34 Rollers34
Ice38 Ice38 Monster39 Book41
Male84 Male84
Leash68 Leash68
Bird93 Bird93
Water66 Water66
BBQ86 BBQ86
Monster71 Monster71
Rollers48 Rollers48 Comics49
Websites81 Websites81 Bird82
Mail88 Mail88
Printer53 Printer53 Horse55
Shower11 Robot9 Ice10 Shower11
Ring45 Ring45
Breakfast74 Breakfast74
