S F P 8 T 8 M 6 Z 5 I 11 G2 H2 M2 N2 I2 D2 I2 J2 O2 U2 A3 B3 57 A2 63 69 83 90 Y3 X3 D3 I3 104 T3 R3 105 107 C3 W3 80 66 60 55 Z3 Z2 R2 Q2 L2 Q2 Y2 X2 73 130 U3 N3 V3 N3 M3 78 75 92 97 96 L3 91 G3 77 O3 J3 E3 F3 131 50 Q3 Q 17 12 7 L 3 X 3 G W O J E A S
37
S A B C D
P P U
T T V
M K M N
I H I B2
H2 G2 H2 I2
N2 M2 N2 O2 P2
D2 C2 D2 E2 F2
J2 J2 K2
U2 U2 V2 Q
B3 B3
A2 A2
X3 W3 X3 Y3
D3 D3
I3 I3
R3 R3 T3
C3 C3
Z3 Z3
Z2 Z2 A3
Q2 R Q2 R2 T2
L2 L2
X2 W2 X2 Y2
U3 U3
V3 V3
M3 K3 M3 N3
L3 L3
G3 G3 H3
O3 O3
J3 J3
F3 E3 F3 P3
Q3 Q3
L L Y
X W X Z
G G
O O
J J
E E F
