0 124 157 161 162 163 164 165 166 167 168 169 170 171 172 173 174 175 176 177 178 179 180 181 182 183 184 185 186 187 186 185 184 183 182 181 180 179 178 177 176 175 174 173 172 171 170 169 168 167 166 165 164 163 162 161 118 121 53 65 5 153 69 188 189 190 191 192 193 194 195 196 197 198 197 196 195 194 193 192 191 190 189 188 69 94 24 129 72 12 133 68 145 160 43 47 59 146 19 135 56 51 28 61 151 143 107 112 22 142 80 31 34 140 83 44 101 77 0
61
0 2 3
124 124
157 157 159
163 163 164
165 165 166
167 167
169 168 169 170
172 171 172 173
175 174 175 176
177 177
178 178 179
180 180 181
182 182 183
184 184
185 185 186
187 187
118 118
121 120 121 122
53 53 54
65 65 66 67
5 5 7
153 153 155
188 188
189 189
190 190 191
192 192
194 193 194 195 196
198 197 198 199
94 94 95
24 24
129 129
72 72 73
12 12 13
133 133
68 68 69
145 145
160 160 162
43 43
47 47
59 59 60
146 146 148
19 19
135 135
56 56
51 51
28 28
61 61 62
151 151
143 143
107 107
112 112
22 22
142 142
80 80
31 31
34 34 35 36
140 140
83 83 86
44 44
101 101 102
77 77
