hdpxs frhgc dbjxw ahnds qckjp rjuxc ktzce ohzfn iyuas egclu bwknx wotiq sxdiu gstwp pytwh ehqyk bdevm ebwcp zqjxb ymcfp lnjxt btwzv rzvtg oxuqn tjake oewcd osvgp syoxf lpudv evsbm pgqva olqfv bkfuc armnk gufvs mhekz syoxv kjihy wkbuf qpbmc xcvow mujil pihld aedvq cxajk evtgj joztf jcwpu kscoz xlrzc qhvsb drojn tndwl rjdai qhibx mtcsd oaeyh zntkr gdovn utdhx qsmkj vcwfj htkwy osxbc hdpxs
60
hdpxs rchbw uklga maqho
frhgc frhgc
dbjxw dbjxw dkjro
ahnds cihba lpudv ahnds
qckjp mhuad qbdwz oxitr qckjp
rjuxc rjuxc
ktzce ktzce
ohzfn ohzfn
iyuas iyuas
bwknx yazqf vgwoi bwknx
wotiq wotiq ypdnb
sxdiu sxdiu mlibf wcjeg
gstwp gstwp
pytwh pytwh
ehqyk ehqyk jhlus
bdevm bdevm
ebwcp ebwcp yqfdk
zqjxb uiogl vobqh zqjxb
ymcfp ymcfp
lnjxt lnjxt wdquv
btwzv btwzv
rzvtg rzvtg yvbse
oxuqn oxuqn wnelr
tjake tjake stflc
osvgp osvgp tmwdy
syoxf syoxf
evsbm evsbm
pgqva pgqva
bkfuc bkfuc
armnk ayrgb zcjqx armnk kzwah
gufvs gufvs rlumh
mhekz wajol nqtru mhekz lmwpk
syoxv syoxv cxdes
kjihy kjihy
wkbuf wkbuf yqtob
qpbmc qpbmc
xcvow xcvow amfiz
mujil mujil
pihld pihld xnpwq
aedvq aedvq bsvth
cxajk cxajk
evtgj evtgj
joztf joztf
jcwpu jcwpu gdnim
kscoz kscoz
xlrzc xlrzc hwmzn
qhvsb qhvsb tkwle
drojn drojn
tndwl tndwl
rjdai rjdai
qhibx qhibx
mtcsd mtcsd
oaeyh oaeyh
zntkr zntkr
gdovn gdovn oewcd
utdhx utdhx
qsmkj qsmkj cqsby
vcwfj vcwfj
htkwy htkwy
osxbc osxbc fjdqi
