hutmk ugamb artvi axmwy aqzce qdzgs zsehb ejrpc ugyls yzaje lcghr xnysi hincx urlkt coubd xintv oscrv lsnhz gxdqt bcrwj ijofp yiodb otirh aeomh lnfiu rlfxc ablxw yaxts omjfc hutmk
27
hutmk xeljy
ugamb ugamb
artvi artvi
axmwy axmwy dowbf
aqzce aqzce
qdzgs qdzgs vmgxh
zsehb zsehb
ugyls ugyls mzlsn
yzaje yzaje vczkh
lcghr mlfbi lcghr spuoi
xnysi hopbn xnysi misyc
urlkt urlkt
coubd coubd
xintv xintv
oscrv oscrv ywion
lsnhz lsnhz
gxdqt gxdqt
bcrwj bcrwj
ijofp ijofp tejxc
yiodb yiodb cursl
otirh otirh
aeomh aeomh
lnfiu lnfiu
rlfxc rlfxc
ablxw ijvuq ablxw tyuep
yaxts yaxts
omjfc omjfc
