Hayward Shreveport Orem Nashua LasVegas Stamford Marysville Stamford VeroBeach PalmBay VeroBeach SantaClara Aberdeen SimiValley Topeka Henderson Brighton Oxnard Brighton Torrance Melbourne Lubbock Bryan NewYork Kalamazoo Worcester Burlington Utica Anchorage OverlandPark Greenville OverlandPark Anchorage Fresno SouthBend Bakersfield SouthBend Youngstown Fullerton Duluth SaintPaul Columbia Harlingen Springfield SterlingHeights Elkhart SterlingHeights NorthLasVegas Hartford Shreveport Hayward
25
Nashua Eugene Racine Nashua RoundLakeBeach
Stamford LakeCharles Stamford Olympia RichmondCounty
Marysville CathedralCity NewYorkCity Marysville GreenBay
PalmBay PuntaGorda Tyler Cincinnati ThousandOaks Norwich PalmBay
SantaClara Louisville ElPaso SantaClara
Aberdeen Aberdeen Mobile
Topeka OverlandPark Omaha Topeka
Henderson Henderson HuntingtonBeach Huntsville Lacey
Oxnard GrandRapids Frederick Boise Arvada Oxnard Hemet
Torrance Kissimmee Newark Torrance
Melbourne Melbourne Ogden
Lubbock McAllen Lubbock CorpusChristi Layton Fullerton
Kalamazoo Bloomington Kalamazoo NewBedford SiouxFalls
Burlington Burlington Columbus Savannah Vancouver Detroit Hialeah
Utica Tucson Utica Pueblo Albuquerque Laredo NewportNews
Anchorage CapeCoral Deltona Anchorage Marina Salem LasVegas Downey Hagerstown Birmingham SanBuenaventura Mesquite Flint
Greenville Barnstable JohnsonCity Greenville
Fresno Scranton Fresno Waterbury
Bakersfield Bakersfield Monroe
Duluth Duluth Modesto
SaintPaul Anaheim SaintPaul York Spartanburg Scottsdale
Harlingen Harlingen Newburgh HavredeGrace Charlotte
Elkhart Elkhart Champaign
NorthLasVegas Bethlehem NorthLasVegas StLouis
Hartford Hartford Plano
