AndyandZeyu f8 j7 h8 i8 AndyandZeyu f9 i9 h9 AndyandZeyu f11 j10 AndyandZeyu11 i11 AndyandZeyu i15 f15 j14 h15 g15 e15 AndyandZeyu j13 j12 h13 f13 g13 i13 AndyandZeyu f14 i14 h14 g14 AndyandZeyu f16 g16 j15 AndyandZeyu16 i16 AndyandZeyu i6 AndyandZeyu j18 j17 h18 f18 AndyandZeyu f6 AndyandZeyu h10 j9 f10 AndyandZeyu e5 g5 e5 j4 i5 AndyandZeyu h4 i4 f4 AndyandZeyu h3 g3 f3 AndyandZeyu f12 b12 h12 b12 f12 AndyandZeyu j2 h2 f2 AndyandZeyu i7 AndyandZeyu f0 AndyandZeyu f17 b17 h17 g17 i17 AndyandZeyu i h AndyandZeyu
55
f8 f8 g8
j7 j7
h8 h8
i8 i8 j8
f9 f9 g9
h9 h9 i9
f11 f11 g11
j10 j10
i11 h11 i11 j11
i15 i15
f15 f15
j14 j14
h15 h15
g15 g15
j13 j13
j12 j12
h13 h13
f13 f13
g13 g13
i13 i13
f14 f14
h14 h14 i14
g14 g14
f16 f16
g16 g16
j15 j15
i16 h16 i16 j16
i6 h6 i6 j6
j18 j18
j17 j17
h18 h18 i18
f18 f18 g18
f6 f6 g6
h10 g10 h10 i10
j9 j9
f10 f10
g5 g5 h5
j4 j4 f5
i5 i5 j5
h4 h4 i4
f4 f4 g4
h3 h3 i3 j3
f3 f3 g3
f12 f12 g12
h12 h12 i12
h2 h2 i2 j2
f2 f2 g2
i7 f7 g7 h7 i7
f0 f0 g0 h0 i0 j0 f1 g1 h1 i1 j1
f17 f17
h17 h17
g17 g17
i17 i17
i i j
h f g h
