A TA1212NN TA9 TA2312NN TA13 TA2412NN TA71 TA2112NN TA18 TA131 TA12NN TA112NN TA TA1012NN TA42N TA1112NN TA512NN TA192N TA1412NN TA111 TA212N TA19 TA612NN TA22 TA2212NN TA31 TA2012NN TA41 TA1812NN TA81 TA1712NN TA101 TA1312NN TA112N TA812NN TA102N TA912NN TA16 TB11 TA1912NN TA162N TA712NN TA1612NN TA231 U2 TA222N TA412NN TA232N TA212NN TA242N TA312NN TA91 TA1512NN A
52
TA1212NN TA1212NN
TA9 TA4 TA5 TA6 TA7 TA8 TA9 TA10 TA11 TA12
TA2312NN TA2312NN
TA13 TA13 TA14 TA15
TA2412NN TA2412NN
TA71 TA71
TA2112NN TA2112NN
TA18 TA18
TA131 TA121 TA131 TA141 TA151 TA161 TA171 TA181 TA191 TA201 TA211
TA12NN TA12NN
TA112NN TA112NN
TA TA TA1 TA2 TA3
TA1012NN TA1012NN
TA42N TA22N TA32N TA42N TA52N TA62N TA72N TA82N TA92N
TA1112NN TA1112NN
TA512NN TA512NN
TA192N TA192N TA202N
TA1412NN TA1412NN
TA111 TA111
TA212N TA212N
TA19 TA19
TA612NN TA612NN
TA22 TA20 TA21 TA22 TA23 TA24
TA2212NN TA2212NN
TA31 TA31
TA2012NN TA2012NN
TA41 TA41 TA51 TA61
TA1812NN TA1812NN
TA81 TA81
TA1712NN TA1712NN
TA101 TA101
TA1312NN TA1312NN
TA112N TA112N
TA812NN TA812NN
TA102N TA102N
TA912NN TA912NN
TA16 TA16 TA17
TB11 TB1 TB11 TB21
TA1912NN TA1912NN
TA162N TA122N TA132N TA142N TA152N TA162N TA172N TA182N
TA712NN TA712NN
TA1612NN TA1612NN
TA231 TA221 TA231 TA241
U2 TA2N TA12N
TA222N TA222N
TA412NN TA412NN
TA232N TA232N
TA212NN TA212NN
TA242N TA242N
TA312NN TA312NN
TA91 TA91
TA1512NN TA1512NN
