A TA91 TA101 TA191 TA14 TA201 TA81 TA221 TB1 TA231 TA20 TA111 TA211 TA TA151 TA121 TA19 TA12 TA18 TA241 TA161 TA131 TA141 TA181 TA171 A
24
TA91 TA91
TA101 TA101
TA191 TA191
TA14 TA14 TA15
TA201 TA201
TA81 TA81
TA221 TA221
TB1 TB1 TB11 TB21 TA31 TA41 TA51 TA61 TA71
TA231 TA231
TA20 TA20 TA21 TA22 TA23 TA24
TA111 TA111
TA211 TA211
TA TA TA1 TA2 TA3 TA4 TA5 TA6
TA151 TA151
TA121 TA121
TA19 TA19
TA12 TA7 TA8 TA9 TA10 TA11 TA12 TA13
TA18 TA16 TA17 TA18
TA241 TA241
TA161 TA161
TA131 TA131
TA141 TA141
TA181 TA181
TA171 TA171
