7f5b7c 853e4b 9fdbc5 1e408a f4756e 2f9755 99ac94 10f84c a21b15 645a0c 3292c4 d9abe3 89bc09 dfba28 36cc15 e52589 2c8bdc 11021c ce509a 9c5717 70482f 32669e 4eb2aa cf04cd 3b9bcd ff603d f045e7 3fc5b0 a314be 4459c3 ef8230 852215 18ff59 4e5c32 dd5707 a6d0cb 2e6ab4 626470 3dc79c 6281fb b04992 e60044 a51200 4188fa 2b057c d5f5c5 9b10ed 97fa28 974c48 f742a0 358d70 e0f00d b535fa a85abe 98bf31 20427f a1b647 22ad29 7f5b7c
58
7f5b7c e2665a 7f5b7c
853e4b 853e4b 293f59
9fdbc5 9fdbc5 536b21
1e408a 957ec9 1e408a a670a6
f4756e f4756e
2f9755 2f9755
99ac94 99ac94 1c61d3
10f84c 10f84c
a21b15 a21b15 b9c2f4
645a0c 19246a e78120 645a0c
3292c4 3292c4
d9abe3 d9abe3
89bc09 89bc09
dfba28 dfba28
36cc15 578691 d9351e 36cc15
e52589 e52589
2c8bdc 2c8bdc 4c44ba
11021c 11021c
ce509a e45544 ce509a e8c504
9c5717 a3eeb9 3df71a 9c5717 a3eab6 4749d0
70482f 70482f
32669e 32669e
4eb2aa 4eb2aa
cf04cd cf04cd 2193d2
3b9bcd 3b9bcd 6d23c4
ff603d ff603d
f045e7 f045e7
3fc5b0 3fc5b0
a314be a314be 8c6c80 537a83
4459c3 4459c3
ef8230 ef8230
852215 852215 d597c1
18ff59 18ff59 f88a12
4e5c32 4e5c32
dd5707 1aa96e 86af3a dd5707
a6d0cb a6d0cb 6ced94
2e6ab4 2e6ab4
626470 626470 541622
3dc79c 3dc79c
6281fb 6281fb 73dd80
b04992 b04992
e60044 e60044 fd25f7
a51200 a40dde e0f7dc a51200
4188fa 14c5c6 4188fa b2fa06
2b057c 2b057c bc8350
d5f5c5 d5f5c5 f5615a
9b10ed 9b10ed
97fa28 97fa28 fece60
974c48 974c48 a08830
f742a0 f742a0 d12aea
358d70 358d70
e0f00d e0f00d
b535fa b535fa
a85abe a85abe
98bf31 98bf31
20427f 20427f 73865c
a1b647 2ffab6 a1b647 d83335
22ad29 22ad29
