1efe0a bf7494 ab6081 9e3235 20ec85 940b78 526e97 e758e6 525361 1c3716 ae5d4a 98b7f9 83454a a3ccd4 d1ae8e 444f08 c0df7c 22b74c ff448b e99176 6d8fd3 1aedf0 6d606b bb4650 ccf3af 518f91 b9fcab de59c9 76bb8e 194181 444533 390b11 8035d3 1efe0a
28
1efe0a efb6f6 640320 8903f8
bf7494 bf7494
ab6081 ab6081
9e3235 909532 9e3235 fc6ab6 a4f7ab
20ec85 20ec85
940b78 940b78
e758e6 98b7f9 bf356c e758e6
1c3716 1c3716
ae5d4a ae5d4a
83454a 83454a
a3ccd4 a3ccd4 d36b6f
c0df7c c0df7c
22b74c 22b74c
ff448b ff448b
e99176 e99176 75b2ff 3c1987
6d8fd3 6d8fd3
1aedf0 1aedf0
6d606b 6d606b
bb4650 c845ed 363906 22f6f5 bb4650 444f08
ccf3af ccf3af 525361 e17800
518f91 518f91
b9fcab b9fcab
de59c9 ef9cce de59c9 5b1cb0 770b7a
76bb8e 76bb8e
194181 194181
444533 444533 bd00fb d4f94d
390b11 390b11 d1ae8e
8035d3 8035d3
