0 199 190 192 190 194 190 197 198 191 189 174 176 174 182 174 186 174 178 174 173 157 158 157 172 157 168 157 163 157 156 155 154 153 152 151 147 138 140 141 142 143 144 139 146 145 138 137 136 137 130 129 128 125 124 125 128 127 126 121 112 114 112 111 107 106 105 104 90 99 98 89 88 74 73 72 71 70 62 52 51 43 42 32 21 19 1 0
27
0 2 4 7 15 17
192 192
194 194
198 198
176 176
182 182
186 186
178 178
158 158
172 172
168 168
163 163
154 154
142 142
145 146 148
136 136
130 130
124 124
127 127
114 114 120
105 105 108
99 99 101
89 87 91 94
74 72 76 83 86
62 54 56 64 67
51 40 42 44 48 53
21 23 25 30 33
