IvOdahrtFwzZ WUqhotrexTBp ybLCwZqVZKud QxNjgiXciQma IQvKLYGCcCbd gJMLzBkWmUoV JNoAmCxHcsYw HVwGkspnDHbf cQFNlImsTWTM lRgeGnDJBtMa nyTRNDRCsANl ctZWqndwhbJm qxhFFIUEfnzV quZcTYtpBjSn yHOsEGOhjOLt GvyjKkGcUdcI zypYDSZfKAvD dXlgwkdKhUmB EOKLHvbbCToE wXjNgGRCXYRl UGahWpWtmUQn tARvBeqQDqSY NMSHhfMtAJZb LNoKVqXhLEzn AhJBAeSEuUkL aXlcDzbXwAJW TZmWJenJbEsV sFSBpaJxLpBT ZPYnROAizafx oKIKkmsSWzmH nxbMBCPhfQij AoaIXEzdsCrm QFfSmYtuSTPl TTwdgXpOLyxF TglqUXfjbefC IfTQNEFsiTgr YGzazHdyrGCd RGYiIUdVAiVL pjemGRILnFei RQBxIsRWzmfl yVSfaizVeLPT mgKEFEWheOqk nschEYWjrAsr OIjApACwnyqG ppfBOAvWYXyJ YvLRANdegrdA mZUBOQTZyXOM uzYTzVwixczQ qFGlIHDqKyPA QDhUZstsJKtV WRiugWLCujBI zcAOlsVDUDkc SKbQkQUhqQEt sTgUExIipvWV AQgpWBullbIi zOkfhFVfOKVi UYTxhnOtiPHB gXcuqckdTdIP evRMhyiHKGXv aSpDrTbKBytW oOIjuHJcVRiV nlzJUuBrsbXD zCWezcJmUGqs IvOdahrtFwzZ
62
WUqhotrexTBp WUqhotrexTBp
ybLCwZqVZKud ybLCwZqVZKud NxxrxPgsnMqG
QxNjgiXciQma QxNjgiXciQma
IQvKLYGCcCbd IQvKLYGCcCbd
gJMLzBkWmUoV gJMLzBkWmUoV
JNoAmCxHcsYw JNoAmCxHcsYw
HVwGkspnDHbf HVwGkspnDHbf WHSGrQQrrotE
cQFNlImsTWTM cQFNlImsTWTM
lRgeGnDJBtMa lRgeGnDJBtMa
nyTRNDRCsANl nyTRNDRCsANl
ctZWqndwhbJm ctZWqndwhbJm IcNVObbuvzWY
qxhFFIUEfnzV qxhFFIUEfnzV
quZcTYtpBjSn quZcTYtpBjSn KtoZVrQmJWki
yHOsEGOhjOLt yHOsEGOhjOLt
GvyjKkGcUdcI GvyjKkGcUdcI
zypYDSZfKAvD zypYDSZfKAvD mvdksSctoMVi
dXlgwkdKhUmB dXlgwkdKhUmB
EOKLHvbbCToE EOKLHvbbCToE PFpQuVVRxbvV
wXjNgGRCXYRl wXjNgGRCXYRl HEwqlaeMfSzl wHeDieHMYzAK
UGahWpWtmUQn UGahWpWtmUQn
tARvBeqQDqSY tARvBeqQDqSY
NMSHhfMtAJZb NMSHhfMtAJZb
LNoKVqXhLEzn LNoKVqXhLEzn ubtvaUeVUfmV
AhJBAeSEuUkL AhJBAeSEuUkL cRekprdsHHWw
aXlcDzbXwAJW aXlcDzbXwAJW
TZmWJenJbEsV TZmWJenJbEsV EwXugPkGUVkm
sFSBpaJxLpBT sFSBpaJxLpBT
ZPYnROAizafx ZPYnROAizafx fiHhqLtPfdZy
oKIKkmsSWzmH oKIKkmsSWzmH nKmMbiEuiffc
nxbMBCPhfQij fblrDraNAUxK gkTmCiZxFrJw nxbMBCPhfQij
AoaIXEzdsCrm AoaIXEzdsCrm jXgKDXnEJsra
QFfSmYtuSTPl QFfSmYtuSTPl
TTwdgXpOLyxF TTwdgXpOLyxF
TglqUXfjbefC TglqUXfjbefC jXOmYlZmvqnI
IfTQNEFsiTgr IfTQNEFsiTgr XwPJYwaGcHxO
YGzazHdyrGCd YGzazHdyrGCd
RGYiIUdVAiVL RGYiIUdVAiVL JpwDMOwQmqOp
pjemGRILnFei pjemGRILnFei cpNycWVdmzHJ ypApeqMQPnQA QZQElPdcHxru
RQBxIsRWzmfl RQBxIsRWzmfl
yVSfaizVeLPT yVSfaizVeLPT
mgKEFEWheOqk mgKEFEWheOqk hLCSOZLNEdhX EKWhDcEeEkGK
nschEYWjrAsr nschEYWjrAsr
OIjApACwnyqG OIjApACwnyqG
ppfBOAvWYXyJ ppfBOAvWYXyJ
YvLRANdegrdA YvLRANdegrdA
mZUBOQTZyXOM mZUBOQTZyXOM vkOqMvrCUWYf
uzYTzVwixczQ uzYTzVwixczQ WnABnktZDxMx
qFGlIHDqKyPA qFGlIHDqKyPA hPSXtHMMyKAK
QDhUZstsJKtV QDhUZstsJKtV xXoCKkdkKAne yFQWQWtUUMle
WRiugWLCujBI WRiugWLCujBI WsLfQLsirtHk
zcAOlsVDUDkc zcAOlsVDUDkc
SKbQkQUhqQEt touUfboeiIya ocysUjOwnenm SKbQkQUhqQEt
sTgUExIipvWV sTgUExIipvWV
AQgpWBullbIi AQgpWBullbIi
zOkfhFVfOKVi WWtfhwMSzfGW zOkfhFVfOKVi lznMKRYSMheH
UYTxhnOtiPHB UYTxhnOtiPHB
gXcuqckdTdIP gXcuqckdTdIP FkNlSGMBOUbz
evRMhyiHKGXv DiKlonktcqTP qlMzHEurfTvO evRMhyiHKGXv
aSpDrTbKBytW aSpDrTbKBytW
oOIjuHJcVRiV oOIjuHJcVRiV
nlzJUuBrsbXD nlzJUuBrsbXD
zCWezcJmUGqs zCWezcJmUGqs PKHkuTHeRXhO
