MfdzFvsdGbvl VARFNCcqfgIc VyXrTLUcizAa noaMakAlHdwq plKUVNXwKfVb PnbamVANEguC MOpktZzuQRCH PvZWLvSzyZfH AMizjBPjmCZd ymJllvoAiAsf hCxjbMrSlUJQ DFscNnuMhxUC BkcPMTugAswL tywOQDwDhjwZ SojgLCNtJNvq deJmWrylVSGK rVqgoVgUmLRB GuSSYBNHDbKE RICmsRCgzRsB TbekQRoKcInv ZjfLZjjegWJT GemeldahvdVv mFYKjQfCsRtT MkUBuIisCVpZ dDFWxTbuPymh EoEdLMroSPNp QHpWWcCYavdw PUcvIgREsriS IHnRSACwPeSd pkzKsTORVYro rrRAqFcoDYfk BbyhqvohDUZK MfdzFvsdGbvl
32
MfdzFvsdGbvl AGbRQRBgaOdX NlmuUUVQUbgI QifLRRQkbeZy
VARFNCcqfgIc VARFNCcqfgIc mtRsLIzrlNLu
VyXrTLUcizAa VyXrTLUcizAa buqjmAINqGzN
noaMakAlHdwq noaMakAlHdwq DvRTDyBMOCbT
plKUVNXwKfVb plKUVNXwKfVb
PnbamVANEguC PnbamVANEguC jBrNTBMPxyQD
MOpktZzuQRCH MOpktZzuQRCH
PvZWLvSzyZfH PvZWLvSzyZfH
AMizjBPjmCZd AMizjBPjmCZd
ymJllvoAiAsf ymJllvoAiAsf axLiuEEXvnsQ
hCxjbMrSlUJQ hCxjbMrSlUJQ
DFscNnuMhxUC DFscNnuMhxUC
BkcPMTugAswL BkcPMTugAswL arcJTkwUqbUy
tywOQDwDhjwZ tywOQDwDhjwZ SgyAcloZDNJV
SojgLCNtJNvq SojgLCNtJNvq
deJmWrylVSGK deJmWrylVSGK
rVqgoVgUmLRB rVqgoVgUmLRB UVLyMXgqTFaJ
GuSSYBNHDbKE GuSSYBNHDbKE
RICmsRCgzRsB RICmsRCgzRsB
TbekQRoKcInv TbekQRoKcInv
ZjfLZjjegWJT ZjfLZjjegWJT
GemeldahvdVv GemeldahvdVv
mFYKjQfCsRtT mFYKjQfCsRtT MLnLJmQHwuOS
MkUBuIisCVpZ MkUBuIisCVpZ hLGIbMiwjPgd
dDFWxTbuPymh dDFWxTbuPymh
EoEdLMroSPNp EoEdLMroSPNp pQCFwcmaYfTN
QHpWWcCYavdw QHpWWcCYavdw
PUcvIgREsriS FCrKCfVsEsBk PQTqeEtJjrHq dFUHctNjrywb PUcvIgREsriS
IHnRSACwPeSd IHnRSACwPeSd
pkzKsTORVYro pkzKsTORVYro
rrRAqFcoDYfk rrRAqFcoDYfk GKWfMfVZxbJi
BbyhqvohDUZK BbyhqvohDUZK uFHfCerNFIme
