loc0 loc36 loc80 loc53 loc77 loc75 loc94 loc96 loc13 loc16 loc5 loc7 loc27 loc34 loc42 loc48 loc67 loc85 loc30 loc58 loc72 loc22 loc46 loc90 loc63 loc97 loc0
26
loc0 loc3
loc36 loc36 loc37
loc80 loc80
loc53 loc51 loc53 loc54
loc77 loc77
loc75 loc75
loc94 loc94
loc96 loc96
loc13 loc13
loc16 loc16 loc17 loc18
loc5 loc5 loc6
loc7 loc7 loc8 loc10
loc27 loc27 loc28
loc34 loc34
loc42 loc42
loc48 loc48
loc67 loc65 loc67 loc68
loc85 loc85 loc86
loc30 loc30 loc31 loc33
loc58 loc58
loc72 loc72 loc73
loc22 loc22 loc24
loc46 loc46
loc90 loc90
loc63 loc62 loc63 loc64
loc97 loc97
