loc0 loc5 loc96 loc141 loc197 loc13 loc34 loc178 loc153 loc116 loc181 loc184 loc49 loc15 loc186 loc28 loc109 loc59 loc188 loc126 loc198 loc122 loc154 loc41 loc187 loc33 loc79 loc100 loc18 loc90 loc107 loc135 loc189 loc39 loc145 loc57 loc112 loc133 loc67 loc61 loc84 loc160 loc82 loc169 loc11 loc93 loc142 loc179 loc38 loc170 loc26 loc23 loc190 loc176 loc89 loc8 loc2 loc148 loc75 loc195 loc0
60
loc0 loc1
loc5 loc5
loc96 loc96 loc97
loc141 loc141
loc197 loc197
loc13 loc13
loc34 loc34
loc178 loc178
loc153 loc153
loc116 loc115 loc116 loc117
loc181 loc181 loc182
loc184 loc184
loc49 loc49 loc51 loc52
loc15 loc15 loc16 loc17
loc186 loc186
loc28 loc28 loc31
loc109 loc109 loc110
loc59 loc59
loc188 loc188
loc126 loc126
loc198 loc198
loc122 loc119 loc122 loc123
loc154 loc154 loc155 loc158
loc41 loc41 loc43
loc187 loc187
loc33 loc33
loc79 loc79
loc100 loc100 loc103
loc18 loc18 loc20
loc90 loc90
loc107 loc105 loc107 loc108
loc135 loc135
loc189 loc189
loc39 loc39 loc40
loc145 loc145
loc57 loc53 loc55 loc57
loc112 loc112
loc133 loc133
loc67 loc67 loc68
loc61 loc61 loc62 loc63 loc64
loc84 loc84
loc160 loc159 loc160 loc161
loc82 loc82
loc169 loc169
loc11 loc11
loc93 loc93 loc94 loc95
loc142 loc142 loc143
loc179 loc179
loc38 loc38
loc170 loc170 loc171
loc26 loc26
loc23 loc23 loc24 loc25
loc190 loc190
loc176 loc176
loc89 loc89
loc8 loc7 loc8 loc9
loc2 loc2 loc3 loc4
loc148 loc148 loc152
loc75 loc75 loc78
loc195 loc195
