0 65 147 21 71 156 49 198 73 142 40 13 23 197 155 22 168 162 109 125 189 144 2 42 193 106 56 5 95 18 171 26 123 62 116 91 29 53 157 87 101 118 81 129 139 97 15 44 135 164 141 104 83 50 173 7 163 74 79 102 196 130 10 151 134 34 20 67 178 140 187 94 138 111 194 65 0
54
0 1
147 147 150
21 21 22
71 71
156 156
49 49 50 55
198 198
73 73 75
142 142
40 36 38 39 40
23 23 24
155 155
168 168
162 160 161 162
109 109 110
189 189
144 144 145
42 42
193 193
56 56
5 5 6
95 95 96
171 171 172
26 25 26 27
123 122 123 124
62 59 60 61 62
91 89 91 93
157 157 158
87 87
101 101
118 118 119
129 129
15 12 15 16 17 18
135 135 136
164 164
141 141
104 104 105 108
83 83
173 173
7 7 9 10 11
163 163
79 79 80
102 102
196 196
130 130
151 151 152
34 30 31 34 35
67 66 67 68
178 178 179 184
140 140
187 187
138 138
111 111
194 194
