a0 a101 a195 a49 a8 a32 a140 a80 a163 a149 a168 a153 a173 a154 a63 a126 a192 a157 a172 a85 a58 a78 a131 a124 a56 a159 a134 a144 a93 a180 a156 a43 a151 a87 a29 a177 a18 a158 a142 a38 a96 a82 a198 a160 a165 a75 a138 a185 a103 a37 a183 a129 a68 a0
53
a0 a3 a6 a7
a101 a101 a102
a195 a195 a196
a49 a49 a50
a8 a8 a10 a11
a32 a31 a32 a33
a140 a140
a80 a80
a163 a163
a149 a149
a168 a168
a153 a153
a173 a173
a154 a154 a155
a63 a63
a126 a126
a192 a192
a157 a157
a172 a172
a85 a85
a58 a57 a58 a59 a60
a78 a77 a78 a79
a131 a131 a133
a124 a120 a121 a124
a56 a53 a55 a56
a159 a159
a134 a134 a135
a144 a144 a145
a93 a93 a94
a180 a180
a156 a156
a43 a42 a43 a44 a45 a46
a151 a151
a87 a87 a88
a29 a21 a22 a25 a27 a28 a29
a177 a175 a177 a178
a18 a14 a16 a17
a158 a158
a142 a142
a38 a38 a41
a96 a96 a98 a99
a82 a82 a83
a198 a198
a160 a160 a161
a165 a165
a75 a75
a138 a138
a185 a185 a186
a103 a103 a104 a107 a108
a37 a37
a183 a183
a129 a129 a130
a68 a68
