ssp200 13 10 2 181 182 188 186 185 184 183 187 182 194 182 192 191 192 182 181 152 162 161 162 152 164 165 164 152 158 156 155 154 153 157 152 181 107 112 108 109 110 111 113 107 117 116 117 107 119 107 181 137 142 138 139 140 141 143 137 147 137 149 150 149 137 181 62 67 63 64 65 66 68 62 72 71 72 62 74 75 74 62 181 92 102 101 102 92 104 105 104 92 97 93 94 93 97 92 181 77 83 81 80 79 78 82 77 87 86 87 77 89 90 89 77 181 47 57 56 57 47 59 60 59 47 52 48 49 50 51 53 47 181 17 29 30 29 17 27 26 27 17 23 21 20 19 18 22 17 181 122 132 131 132 122 134 122 127 123 124 125 126 128 122 181 32 42 41 42 32 44 45 44 32 37 33 34 35 36 38 32 181 167 172 168 169 170 171 173 167 179 180 179 167 177 176 177 167 181 2 12 11 12 2 14 2 7 3 4 5 6 8 2 10 13 ssp200
59
ssp200 15
185 184 185 186
183 183
194 194 195
191 191
161 161 164
165 165
156 156
154 153 154 155
109 108 109 110
111 111
116 116
119 119 120
139 138 139 140
141 141
147 146 149
150 150
63 63
64 64 65
66 66
71 71 74
75 75
101 101
104 104
105 105
94 93 94 95 96
80 79 80 81
78 78
86 86
89 89
90 90
56 56
59 59
60 60
48 48
50 49 50 51
29 29
30 30
26 26
21 21
19 19 20
18 18
131 131
134 134 135
123 123 124
125 125 126
41 41 44
45 45
33 33 34
35 35 36
169 168 169 170
171 171
180 180
176 176 179
11 11
14 14
3 3
4 4 5
6 6
