1 113 65 89 53 91 85 5 137 111 51 87 101 7 121 145 45 117 107 127 47 73 17 23 31 63 135 35 141 37 149 9 125 55 29 25 139 131 61 93 75 97 19 147 39 69 13 103 81 143 43 59 1
52
1 1 3
113 113 115
65 65 67
89 89
53 53
91 91
85 85
5 5
137 137
111 111
51 51
87 87
101 101
7 7
121 121 123
145 145
45 45
117 117 119
107 107 109
127 127 129
47 47 49
73 73
17 17
23 23
31 31 33
63 63
135 135
35 35
141 141
37 37
149 149
9 9 11
125 125
55 55 57
29 29
25 25 27
139 139
131 131 133
61 61
93 93 95
75 75 77
97 97 99
19 19 21
147 147
39 39 41
69 69 71
13 13 15
103 103 105
81 79 81 83
143 143
43 43
59 59
