Jason Charles Carol Amanda Stacie Ronnie Kristen Brett Rebecca Juan Tommy Kimberly Evan Brittany David Kyle Nicholas Alexandra Wayne Jill Logan Timothy Jeremy Ashley Melissa Jordan Mario Johnathan Scott Paul Brian Gabriel Laura Edwin Dana Adrian Mercedes William Jose Nicole Randy Grace Jeffrey Joseph Sabrina Karen Roy Gregory Andrew Rachel Monica Crystal James Bryan Cheryl Joshua Tristan Dustin Michelle Mark Regina Kayla Robin April Shannon Susan Wendy Kelsey Jason
68
Jason Derek Nathaniel Heather
Charles Charles
Carol Carol Carrie
Amanda Amanda Christina
Stacie Stacie
Ronnie Ronnie
Kristen Kristen
Brett Brett
Rebecca Rebecca
Juan Juan
Tommy Tommy
Kimberly Kimberly
Evan Evan
Brittany Brittany Kathy
David Claire David Lauren
Kyle Kyle Tammy
Nicholas Nicholas Jennifer
Alexandra Alexandra
Wayne Wayne Megan
Jill Jill
Logan Logan
Timothy Timothy
Jeremy Jeremy
Ashley Ashley
Melissa Melissa Kari
Jordan Jordan Melinda
Mario Mario
Johnathan Johnathan
Scott Scott
Paul Paul
Brian Brian
Gabriel Gabriel Adam
Laura Laura
Edwin Edwin
Dana Dana
Adrian Adrian John
Mercedes Mercedes Dylan
William William Mary
Jose Jose
Nicole Nicole Brad
Randy Randy
Grace Grace
Jeffrey Jeffrey Shane
Joseph Joseph
Sabrina Sabrina Elizabeth
Karen Karen
Roy Roy Kara
Gregory Gregory
Andrew Andrew Jeffery Robert
Rachel Rachel
Monica Monica
Crystal Crystal
James James
Bryan Bryan Jane
Cheryl Cheryl Rebekah
Joshua Joshua
Tristan Cristian Ricky Tristan
Dustin Shawn Dustin Jacqueline
Michelle Michelle Stephen
Mark Mark
Regina Regina
Kayla Kayla
Robin Robin
April April
Shannon Misty Shannon Samantha Katelyn
Susan Susan
Wendy Wendy
Kelsey Kelsey
