Austin Jamie Jordan Glenda Janet Garrett Mariah Elizabeth Hannah Rachel Rhonda Alex Juan Jonathan Melissa Kyle Jeanette Jennifer Walter Dennis Ralph Monique Robert Cassandra Scott Paul Gina Michael Joshua Steven Donald Austin
31
Austin Victoria
Jamie Jamie Paige
Jordan Jordan Melinda
Glenda Glenda Amy
Janet Janet
Garrett Garrett
Mariah Mariah Eugene Patrick
Elizabeth Elizabeth Sean
Hannah John Debra Hannah Elaine
Rachel Rachel Robin
Rhonda Rhonda
Alex Alex
Juan Juan
Jonathan Jonathan April
Melissa Melissa Kari Edward
Kyle Kyle Ashley
Jeanette Jeanette
Jennifer Jennifer
Walter Walter Sara
Dennis Dennis Danielle
Ralph Ralph
Monique Monique
Robert Robert
Cassandra Cassandra
Scott Scott
Paul Paul Daniel
Gina Gina
Michael Michael
Joshua Joshua Natasha
Steven Steven Maxwell
Donald Donald
