loc0 loc93 loc95 loc96 loc95 loc91 loc92 loc91 loc87 loc88 loc87 loc83 loc84 loc83 loc79 loc80 loc79 loc75 loc76 loc75 loc71 loc72 loc71 loc67 loc68 loc67 loc63 loc64 loc63 loc59 loc60 loc59 loc55 loc56 loc55 loc51 loc52 loc51 loc47 loc48 loc47 loc43 loc44 loc43 loc41 loc0 loc33 loc35 loc33 loc0 loc25 loc27 loc25 loc0 loc17 loc19 loc17 loc0 loc5 loc7 loc8 loc7 loc5 loc0
19
loc0 loc4
loc96 loc96
loc92 loc92
loc88 loc88
loc84 loc84
loc80 loc80
loc76 loc76
loc72 loc72
loc68 loc68
loc64 loc64
loc60 loc60
loc56 loc56
loc52 loc52
loc48 loc48
loc44 loc44
loc35 loc36 loc40
loc27 loc28 loc32
loc19 loc16 loc20 loc24
loc8 loc8 loc12
