Granbull PorygonZ Grumpig Golbat Cinccino Bergmite Serperior Charmander Bagon Torchic Binacle Exeggcute Torracat Lapras Hitmontop Absol Haxorus Magmortar Goomy Raichu Arbok Metapod Chespin Typhlosion Chinchou Cosmog Crawdaunt Azurill Corphish Azurill Jirachi Kangaskhan Skitty Crabominable Rufflet Sylveon Luvdisc Mantine Carnivine Feraligatr Staravia Spearow Spiritomb Mightyena Whimsicott Kirlia Unown Relicanth Unown Electrike Chatot Slakoth Ninjask Rockruff Whiscash Greninja Mudsdale Pancham Vivillon Pancham Mudsdale Pidgeot Happiny Machamp Remoraid Machamp Nuzleaf Aipom Buizel Jolteon Metagross Carbink Infernape Volcanion Charizard Glalie Probopass Metang Magmar Blissey TypeNull Cubone Butterfree Flygon Electrode Reuniclus Bulbasaur Granbull
65
PorygonZ PorygonZ Lileep
Grumpig Grumpig Spinda
Golbat Golbat
Cinccino Cinccino
Bergmite Bronzor Bergmite Torkoal
Charmander Charmander
Torchic Torchic
Binacle Binacle
Exeggcute Exeggcute
Torracat Torracat Chinchou
Lapras Lapras Carnivine
Hitmontop Hitmontop Trumbeak
Absol Tsareena Absol Unown
Magmortar Magmortar
Goomy Goomy
Raichu Raichu Cubone
Arbok Arbok Cascoon
Metapod Metapod
Chespin Chespin
Typhlosion Typhlosion
Cosmog Cosmog
Crawdaunt Crawdaunt
Corphish Corphish
Jirachi Jirachi
Kangaskhan Kangaskhan
Skitty Skitty
Crabominable Crabominable
Rufflet Rufflet Reshiram
Sylveon Budew Sylveon Mawile Beedrill Lampent
Luvdisc Luvdisc
Mantine Mantine
Feraligatr Feraligatr Floatzel
Spiritomb Spiritomb
Mightyena Lycanroc Mightyena Floette
Whimsicott Whimsicott
Relicanth Relicanth
Electrike Electrike
Chatot Chatot
Slakoth Slakoth Mimikyu
Ninjask Ninjask
Rockruff Rockruff Bonsly
Whiscash Krookodile Heatmor Swanna Diggersby Whiscash
Greninja Greninja Malamar
Mudsdale Mudsdale Darkrai
Vivillon Vivillon
Pidgeot Pidgeot
Happiny Happiny Quilava
Machamp Machamp
Remoraid Remoraid
Nuzleaf Nuzleaf
Buizel Buizel
Jolteon Jolteon
Metagross Metagross
Carbink Carbink
Infernape Infernape
Charizard Charizard Gliscor
Glalie Glalie Deoxys
Probopass Probopass
Magmar Magmar
Blissey Blissey
TypeNull TypeNull
Butterfree Roserade Dustox Heatran Butterfree Ampharos
Flygon Flygon
Electrode Electrode Serperior
Reuniclus Reuniclus
