Florges Stufful Florges Vespiquen Persian Furfrou Bayleef Bisharp Bayleef Aurorus Tentacruel Chansey Regice Zubat Dialga Buzzwole Hakamoo Palkia Girafarig Palkia Hakamoo Gastrodon Moltres Sentret Purrloin Piloswine Bidoof Palossand Bouffalant Infernape Lillipup Cherrim Hippopotas Machoke Hippopotas Genesect Kricketot Primarina Wailmer Wormadam Bergmite Florges
28
Florges Weepinbell Carracosta Yanmega
Stufful Stufful
Persian Omastar Persian Pichu
Bisharp Bisharp
Aurorus Aurorus
Tentacruel Tentacruel
Regice Regice
Zubat Zubat Dusknoir
Dialga Dialga
Buzzwole Buzzwole
Hakamoo Hakamoo
Girafarig Girafarig
Gastrodon Gastrodon
Moltres Volbeat Moltres Shaymin
Sentret Sentret Celesteela
Purrloin Purrloin Timburr Poliwag Poliwrath
Piloswine Piloswine
Bidoof Bidoof
Bouffalant Bouffalant
Infernape Infernape
Lillipup Zapdos Ralts Togetic Manectric Lillipup
Cherrim Cherrim Delibird
Machoke Machoke Bayleef Cascoon Scolipede
Kricketot Kricketot
Primarina Primarina Celebi
Wailmer Wailmer
Wormadam Wormadam
Bergmite Hitmonlee Bergmite Tsareena
