L12 L196 L7 L114 L53 L168 L197 L155 L65 L126 L0 L56 L96 L108 L195 L192 L59 L147 L34 L121 L199 L130 L90 L27 L164 L149 L73 L37 L82 L68 L10 L165 L112 L131 L158 L144 L186 L88 L135 L154 L171 L40 L115 L24 L50 L125 L74 L139 L190 L117 L141 L95 L86 L20 L182 L32 L122 L189 L180 L45 L99 L150 L78 L172 L103 L12
64
L196 L196
L7 L7
L114 L114
L53 L53 L55
L168 L168 L169
L197 L197
L155 L155
L65 L65
L126 L126
L0 L0 L2 L3
L56 L56
L96 L96 L97
L108 L105 L106 L107 L108
L195 L195
L192 L192
L59 L59 L60 L61
L147 L147 L148
L34 L34 L36
L121 L121
L199 L199
L130 L130
L90 L90 L92
L27 L27 L28
L164 L164
L149 L149
L73 L70 L72 L73
L37 L37
L82 L82 L83
L68 L68
L10 L10 L11
L165 L165
L112 L112
L131 L131 L133
L158 L158
L144 L144 L146
L186 L186 L187
L88 L88
L135 L135
L154 L154
L171 L171
L40 L40
L115 L115 L116
L24 L22 L23 L24
L50 L50
L125 L125
L74 L74 L75
L139 L139
L190 L190
L117 L117
L141 L141
L95 L95
L86 L85 L86 L87
L20 L20
L182 L182
L32 L32
L122 L122
L189 L189
L180 L180 L181
L45 L45 L48
L99 L98 L99 L102
L150 L150
L78 L78 L79
L172 L172 L173 L174 L175
L103 L103 L104
