0 143 83 20 156 179 103 184 103 114 85 98 151 162 122 166 102 121 113 185 108 187 198 76 198 111 138 31 196 45 70 140 155 42 155 141 4 9 26 5 128 183 87 69 152 181 153 105 55 11 171 144 74 41 72 97 59 147 168 117 160 6 195 176 116 66 68 84 48 189 73 177 157 110 199 197 174 130 174 101 52 0
59
143 143
83 80 81 82 83
20 20 23
156 156
179 179 180
103 103
184 184
114 114
98 98
151 151
162 162
122 122
166 166
102 102
121 121
185 185
108 108 109
198 198
76 76
111 111
138 136 137 138 139
31 30 31 34 35 36 40
196 196
45 45
140 140
42 42
4 4
9 9 10 11 13 16 17 19
26 26 27
128 125 126 128
183 183
87 87 88 91
69 69 70
152 152
181 181
105 105 106
55 55
171 171
144 144 145
74 72 74 75
97 97
59 59 62 63
147 147 149
168 168
160 160
195 195
176 176
116 116 117
66 66 67
84 84 85
48 46 48 50
189 189
177 177
157 157
199 199
197 197
174 174
130 130 131 134
52 52 53
