node26 node32 node60 node95 node37 node99 node47 node64 node3 node8 node70 node75 node55 node49 node44 node20 node66 node84 node41 node36 node14 node27 node91 node78 node2 node6 node59 node13 node26
27
node32 node32
node60 node60 node63
node95 node95
node37 node37 node39
node99 node99
node47 node47 node48
node64 node64
node3 node3 node4
node8 node8 node9
node70 node70 node71 node72
node75 node75
node55 node55
node49 node49 node51
node44 node44 node45 node46
node20 node20
node66 node66 node67
node84 node84 node85
node41 node41
node36 node36
node14 node14
node27 node27
node91 node91
node78 node78 node79
node2 node2
node6 node6
node59 node59
node13 node13
