1 16 100 188 100 80 76 131 43 117 119 178 195 124 100 157 121 129 89 186 100 82 100 189 100 74 100 125 182 100 101 115 63 100 56 100 196 45 100 54 159 199 100 38 100 191 60 134 100 151 177 164 105 100 29 170 100 25 93 49 193 99 97 100 183 100 86 127 100 153 100 111 100 180 100 113 100 172 100 137 100 148 100 163 100 138 100 141 21 100 12 8 68 1
64
1 0 1 3
16 16 18 19
188 188
80 80
76 76 77
131 131
43 43 44
117 117
119 119
178 178
195 195
124 124
157 157 158
121 121
129 129
89 89
186 186
82 82 83 84
189 189
74 74
125 125
182 182
101 101
115 115
63 63
56 56 57 59
196 196
45 45
54 54 55
159 159 160
199 199
38 38
191 191 192
60 60
134 134 136
151 151
177 177
164 164
105 105
29 29 30 31 32 35 36
170 170 171
25 25 26 27 28
93 93
49 49 50
193 193 194
99 99
97 97
183 183
86 86 88
127 127
153 153 155
111 111
180 180
113 113
172 172 174 175
137 137
148 148 150
163 163
138 138
141 141 142
21 21 22 24
12 12 15
8 8 10
68 68
