21 129 128 105 106 109 176 148 197 95 195 196 126 127 126 180 181 134 188 135 188 111 188 113 31 113 171 69 66 145 66 69 136 74 75 137 125 124 189 37 38 187 72 26 4 43 73 47 116 133 116 115 119 159 119 120 51 120 121 122 123 122 130 131 132 61 60 84 150 151 141 151 175 151 191 151 150 85 107 193 194 101 92 91 178 63 71 63 83 82 177 183 172 173 32 8 96 1 139 168 169 166 167 108 79 23 160 17 143 185 186 33 155 165 25 179 161 93 156 21
60
21 13 15 17 19 21
129 129
105 105
109 109
197 197
95 95
195 195
127 127
181 181
135 135
111 111 113
31 31 33
171 171
69 65 67 69
145 145 147
75 75 77
137 137
189 189
37 35 37 39 41
187 187
43 43 45
73 73
47 47 49
133 133
115 115 117
119 119
159 159
51 51 53
121 121
123 123 125
131 131
61 55 57 59 61
150 149 151 153
141 141
175 175
191 191
107 107
193 193
101 97 99 101 103
91 87 89 91
63 63
71 71
83 83 85
177 177
183 183
173 173
8 9 11
1 1 3 5 7
139 139
169 169
167 167
79 79 81
23 23 25 27 29
143 143
185 185
155 155 157
165 165
179 179
161 161 163
93 93
