74 72 80 76 75 98 96 99 98 132 136 135 131 137 139 132 38 36 35 31 38 141 146 141 121 122 126 125 128 121 46 50 41 46 2 8 2 151 159 156 153 151 172 171 178 175 179 180 174 172 87 81 88 85 87 182 185 184 189 182 21 23 28 21 118 111 116 118 63 61 70 63 102 104 102 58 53 58 192 197 198 199 191 192 169 164 163 168 166 165 169 18 16 19 18 75 77 72 74
60
74 73 74
80 80
76 75 76 77
96 96
99 99
136 136
135 135
131 131
137 137
139 139 140
38 38 39
36 36 37
35 35
31 31 32
141 141 142
146 145 146 148
122 122
126 126
128 128
46 46 47
50 50
41 41
2 2
8 6 8 11
151 151
159 160 161
156 156 157
153 153
172 172
178 178
175 175
179 179
180 180
174 174
81 81 82 83
88 88 89
85 85 86
185 185
189 189
23 23 25 26
28 28 29 30
118 118 119
111 111 113 114
116 116
61 61 62
70 66 68 69 70
104 104
58 55 57 58 59
53 52 53 54
197 197
198 198
199 199
191 191 192
164 164
163 163
168 168 169
166 166 167
165 165
16 13 14 16
19 19
