l7 l35 l46 l101 l130 l94 l136 l199 l142 l115 l181 l158 l177 l161 l14 l49 l184 l192 l77 l106 l127 l83 l186 l169 l141 l59 l122 l53 l189 l44 l109 l20 l76 l102 l155 l148 l24 l124 l160 l67 l40 l7
38
l7 l2 l6 l7
l35 l35
l46 l46
l101 l101
l130 l130 l132
l94 l94
l136 l136 l138
l199 l199 l200
l142 l142
l115 l113 l114 l115 l116
l181 l181
l177 l177 l180
l161 l161 l162 l163
l14 l12 l14 l15
l49 l49
l184 l184
l192 l192
l77 l77
l127 l127 l128
l83 l83 l90
l186 l186
l169 l168 l169 l171 l172
l141 l141
l59 l58 l59 l63
l122 l122
l53 l53 l54
l189 l189
l44 l44
l109 l109 l110
l20 l20 l21
l102 l102
l155 l155
l148 l148
l24 l24 l25 l26 l27 l33
l124 l124
l160 l160
l67 l67 l72 l74
l40 l37 l39 l40 l41
