0 179 178 177 176 44 176 177 178 150 70 69 70 150 178 179 0 1 175 111 112 113 102 113 37 36 88 87 88 36 37 113 78 79 165 125 124 123 83 82 81 17 81 80 81 82 83 123 122 123 124 125 165 166 167 168 169 151 34 151 152 14 4 120 163 2 158 2 163 164 165 79 78 15 47 127 147 13 12 11 103 107 106 107 103 11 10 9 10 11 12 13 147 54 24 23 22 154 22 23 24 54 147 127 126 127 47 15 78 77 78 113 112 111 110 21 20 142 141 172 141 7 141 140 139 138 95 137 136 135 92 91 118 39 130 51 50 49 50 51 130 39 118 89 132 131 132 30 29 46 45 99 98 99 45 46 32 63 62 170 62 63 32 46 29 28 27 26 27 28 29 30 132 89 118 91 92 135 90 135 134 52 72 52 134 135 136 137 95 138 94 138 139 140 58 140 141 142 20 21 110 111 175 1 8 117 116 115 116 117 8 1 0
41
0 2 4
178 178
44 44
150 150
69 69 70
175 175
111 111 112
102 102
87 87
83 83 84 86
17 17
80 80 81
122 122 123
34 34 35
158 158
15 15 16
47 47
147 147
103 103 105
106 106 109
9 9
54 53 54 55
22 22 24
154 152 153 154
126 126
77 77
172 172 173
7 7
49 49
131 131
29 29 32
98 98 99
62 61 62 63
170 170
26 25 26 27
90 90
72 72 73
94 93 94 95 96
58 58
116 116
115 113 114 115
