L55 L191 L4 L7 L10 L199 L50 L193 L85 L184 L93 L178 L101 L182 L104 L174 L116 L168 L196 L37 L195 L30 L144 L143 L185 L59 L158 L142 L159 L141 L167 L131 L152 L160 L16 L102 L177 L0 L22 L165 L139 L190 L82 L127 L170 L186 L74 L121 L166 L189 L64 L55
51
L55 L53 L54 L55 L56
L191 L191
L4 L4 L6
L7 L7 L8
L10 L10 L15
L199 L199
L50 L43 L45 L47 L50
L193 L193
L85 L87 L89 L90
L184 L184
L93 L93 L94 L95 L96 L99
L178 L178
L101 L101
L182 L182
L104 L103 L104 L105 L108
L174 L174
L116 L112 L114 L115 L117 L119
L168 L168
L196 L196
L37 L35 L36 L37 L38 L41 L42
L195 L195
L30 L30 L31 L33 L34
L144 L144 L145
L143 L143
L185 L185
L59 L59
L158 L158
L142 L142
L159 L159
L141 L141
L167 L167
L131 L131
L152 L152
L160 L160
L16 L16 L19
L102 L102
L177 L177
L0 L0 L2
L22 L20 L22 L23 L24
L165 L165
L139 L132 L133 L134 L136 L138 L139
L190 L190
L82 L82
L127 L127 L129
L170 L170
L186 L186
L74 L73 L74 L76
L121 L121
L166 L166
L189 L189
L64 L64 L67 L68 L69 L70 L71
