Soda Northern British Korea Mexico Bahamas Indonesia Congo Burundi Argentina Pakistan Saint Jamaica Netherlands Kyrgyzstan Niger Algeria Republic Antigua Republic Liberia Hong Palau Pitcairn Macao Equatorial Sint Moldova New Finland Lebanon Singapore Mayotte Malawi Burkina Soda
30
Northern Northern
British British Latvia
Korea Korea
Mexico Mexico Egypt
Indonesia Indonesia
Congo Congo
Burundi Burundi Fiji
Argentina Argentina
Pakistan Luxembourg Bahamas Ireland Pakistan
Saint United Cambodia Aruba Saint
Jamaica Jamaica
Netherlands Netherlands
Kyrgyzstan Kyrgyzstan
Niger Niger
Algeria Algeria Kiribati Belize
Republic Republic Lao
Antigua Albania Antigua Sao
Liberia Liberia
Hong Hong Pitcairn
Palau Palau Nigeria
Macao Macao
Sint Sint Japan
Moldova Moldova Croatia
New New
Finland Finland
Lebanon Lebanon Rwanda
Singapore Singapore
Mayotte Mayotte Iraq
Malawi Malawi
Burkina Burkina
