Meckgue VaultofSouls Steeltown TheArcanum TheWaystoneInn TheArcanum GooLagoon Ellesmera TheSpine ShatteredPlains Netherfort TheHogsHead Larcbost Gizton EasternAirTemple BeyondtheWall TheBoilingRock TheVale Castamere Eggmanland Grayburn Sanlow Gotham Sanlow TheGodswood MysticRuins RepublicCity ZhaoFu ThePrancingPony Toperhagen Kinecardine EarthKingdom UtgardMountain BayofDragons Ademre SerpantsPass Winterfell Meereen ShatteredPlains Urubaen Yunkai TheKrustyKrab Meckgue
33
Meckgue Meckgue Murkcairn Tartarus
VaultofSouls VaultofSouls
Steeltown Steeltown
TheArcanum TheArcanum
TheWaystoneInn TheWaystoneInn TreeofTime
GooLagoon GooLagoon
Ellesmera Ellesmera
TheSpine TheSpine
ShatteredPlains Lorien ShatteredPlains Braavos
Netherfort Netherfort Sanlow
TheHogsHead Carvahall TheHogsHead KoralReef
Larcbost Larcbost
Gizton Gizton
EasternAirTemple EasternAirTemple Beldenn
BeyondtheWall BeyondtheWall
TheBoilingRock TheBoilingRock
Castamere Castamere
Grayburn Grayburn LeakyCauldron
Gotham Gotham Vexhollow
TheGodswood TheGodswood
MysticRuins MysticRuins
RepublicCity RepublicCity LakeLaogai
ZhaoFu ZhaoFu
ThePrancingPony TheVale Keld ThePrancingPony
Kinecardine Kinecardine
EarthKingdom EarthKingdom
UtgardMountain UtgardMountain
Ademre Ademre Dagobah
Winterfell Winterfell TheUniversity
Meereen Meereen
Urubaen Urubaen FlourishBlotts
Yunkai Yunkai
TheKrustyKrab TheKrustyKrab
