Essos TheRiverStyx Gizton Boatwright TheUnderworld Ivormere TheCommonwealth Batcave Atlantas Alderaan Ellesmera MountOlympus Arcwallow GooLagoon Hogwarts Sanlow DiagonAlley Accrington HighGarden TheGodswood Tarbean Dubwall FleaBottom TheReshiIsles ProBendingArena KingsLanding Omashu TheWhompingWillow Barkamsted Braavos BeyondtheWall DuWeldenvarden Toperhagen Lockinge TheChumBucket Trebon ShriekingShack Penketh Arkham TheSpine Endor WitheredHeath Soda Glimthain Peridrift JahKeved Carvahall Grimbarrow Neddingtown Aerodenn BaSingSe Dragonstone Newarre TheGreatDivide RepublicCity TheKrustyKrab BikiniBottom Blackwater Westeros ZhaoFu Jakku TheSpiritWorld SatishVille Helgrind Shinovar JarrensOutpost Essos
63
Essos Essos
TheRiverStyx TheRiverStyx
Gizton Gizton TheChumBucket
Boatwright Boatwright
TheUnderworld TheUnderworld
Ivormere Ivormere
TheCommonwealth TheCommonwealth
Batcave Batcave
Atlantas Atlantas
Alderaan Alderaan
Ellesmera Ellesmera Arrowcave
MountOlympus MountOlympus Duskhollow
Arcwallow Arcwallow
GooLagoon GooLagoon
Hogwarts Hogwarts
Sanlow Sanlow
DiagonAlley TheEyrie DiagonAlley Valyria
Accrington Accrington Chrofall
HighGarden HighGarden TheFae
TheGodswood TheGodswood
Tarbean Tarbean Steeltown
Dubwall Dubwall Bobbingbourne
FleaBottom FleaBottom CaveofTwoLovers
TheReshiIsles TheReshiIsles TheVale
ProBendingArena ProBendingArena ShatteredPlains
Omashu Omashu CastleBlack
TheWhompingWillow TheWhompingWillow
Barkamsted Barkamsted
Braavos Braavos Winterfell
BeyondtheWall BeyondtheWall
DuWeldenvarden DuWeldenvarden
Toperhagen Toperhagen
Lockinge Lockinge
Trebon Trebon Yll
ShriekingShack ShriekingShack KnifesEdge
Penketh Penketh Severen
Arkham Arkham
TheSpine TheSpine FlourishBlotts
Endor Endor
WitheredHeath WitheredHeath Ademre
Soda Soda
Peridrift Peridrift Castamere Urubaen
JahKeved JahKeved
Carvahall Carvahall
Grimbarrow Grimbarrow Lorien
Neddingtown Neddington Neddingtown Netherfort
Aerodenn Aerodenn FireNation Tartarus
BaSingSe Azir TheBoilingRock BaSingSe
Dragonstone Dragonstone Meereen
Newarre Newarre
TheGreatDivide TheGreatDivide Keld
RepublicCity RepublicCity Hogsmead
TheKrustyKrab TheKrustyKrab
BikiniBottom BikiniBottom
Blackwater Blackwater
Westeros Westeros
ZhaoFu WesternAirTemple Riverrun
Jakku Jakku Karth Toffingburg Alethkar
TheSpiritWorld TheSpiritWorld
SatishVille SatishVille
Helgrind Helgrind
Shinovar Shinovar Vintas Astapor
JarrensOutpost JarrensOutpost
