21 159 40 29 133 184 151 144 180 10 167 102 122 163 78 178 176 186 190 188 11 135 139 196 177 145 105 87 62 170 172 108 36 168 154 100 137 72 53 27 115 91 148 82 114 169 32 7 47 127 15 42 4 156 68 130 194 136 81 60 120 16 64 74 149 95 146 118 146 2 142 21
64
21 18 20 21
159 159 160
40 37 38 40
29 29 30 31
133 131 133 134
184 184
151 151 152
144 144
180 180
10 10
167 167
102 102 103
122 122 125
163 163
78 78
178 178
176 176
186 186
190 190
188 188
135 135
139 139
196 196
177 177
105 105
87 87 88 90
62 62
172 172
108 108
36 36
168 168
154 154
100 100
137 137
72 72
53 51 53 54 56
27 23 24 27
115 115 116
91 91
82 82
114 114
169 169 170
32 32 34
7 7
47 46 47 48 49
127 127
42 42 45
156 156
68 68
130 130
194 194
136 136
81 81
60 60 61
120 120 121
16 14 15 16 17
64 64
74 74 75
149 149
95 95 96 97
146 146 147
118 118 119
2 2
142 142
