1FoundersRock 40Oaktown 52California 47SatherTower 59SouthHall 33Wada 38RajProperties 79SanFransisco 31Hillegass 72DeltaPhiEpsilon 75ChanningBowdwitch 37OtherCoop 68SodaHall 58NorthGate 61Unit1 80Oaktown 54Wellman 56Giannini 55Hilgard 63Unit3 62Unit2 70Stonefire 69VarsityBerkeley 77OtherCoop 76CasaZimbabwe 46DoeLibrary 42UniversityHouse 49SatherGate 74Martinez 35ChanningBowdwitch 50Bridge 78RajProperties 57Wheeler 64Blackwell 1FoundersRock
33
40Oaktown 40Oaktown 41FoundersRock
52California 52California 53Durant
47SatherTower 47SatherTower 48Esplanade
59SouthHall 59SouthHall 60Ehrman
33Wada 33Wada 34Martinez
38RajProperties 38RajProperties 39SanFransisco
79SanFransisco 79SanFransisco
31Hillegass 31Hillegass 32DeltaPhiEpsilon
72DeltaPhiEpsilon 72DeltaPhiEpsilon 73Wada
75ChanningBowdwitch 75ChanningBowdwitch
37OtherCoop 37OtherCoop
68SodaHall 68SodaHall
58NorthGate 58NorthGate
61Unit1 61Unit1
80Oaktown 80Oaktown
54Wellman 54Wellman
56Giannini 56Giannini
55Hilgard 55Hilgard
63Unit3 63Unit3
62Unit2 62Unit2
70Stonefire 70Stonefire 71Hillegass
69VarsityBerkeley 69VarsityBerkeley
77OtherCoop 77OtherCoop
76CasaZimbabwe 76CasaZimbabwe
46DoeLibrary 46DoeLibrary
42UniversityHouse 42UniversityHouse 43FacultyClub 44HearstGreekTheatre 45HearstMemorial
49SatherGate 49SatherGate
74Martinez 74Martinez
35ChanningBowdwitch 35ChanningBowdwitch 36CasaZimbabwe
50Bridge 50Bridge 51HearstGymnasium
78RajProperties 78RajProperties
57Wheeler 57Wheeler
64Blackwell 64Blackwell 65Foothill 66ClarkKerr 67InternationalHouse
