s h167 l60 h109 h148 h115 h173 h147 h165 h196 h183 h177 h181 h141 h128 h132 h151 h171 h130 h191 h161 h187 h117 h145 h143 h149 h198 h163 h169 h105 h135 h100 h121 h193 h179 h194 h175 h107 h113 h153 h125 h139 h157 h137 h189 h155 h119 h159 h185 h101 s
47
h167 h167 h168
h109 h109 h110 h111
h115 h115 h116
h173 h173 h174
h147 h147 h148
h165 h165 h166
h196 h196 h197
h183 h183 h184
h177 h177 h178
h181 h181 h182
h141 h141 h142
h128 h126 h127 h128
h132 h132 h133
h151 h151 h152
h171 h171 h172
h130 h129 h130 h131
h191 h191 h192
h161 h161 h162
h187 h187 h188
h117 h117 h118
h145 h145 h146
h143 h143 h144
h149 h149 h150
h198 h198 h199
h163 h163 h164
h169 h169 h170
h105 h103 h104 h105 h106
h135 h134 h135 h136
h100 h100
h121 h121 h122
h193 h193
h179 h179 h180
h194 h194 h195
h175 h175 h176
h107 h107 h108
h113 h112 h113 h114
h153 h153 h154
h125 h123 h124 h125
h139 h139 h140
h157 h157 h158
h137 h137 h138
h189 h189 h190
h155 h155 h156
h119 h119 h120
h159 h159 h160
h185 h185 h186
h101 h101 h102
