node87 node25 node72 node12 node37 node95 node18 node62 node99 node83 node92 node64 node59 node85 node91 node31 node5 node19 node90 node86 node78 node1 node28 node79 node47 node53 node17 node74 node97 node54 node94 node54 node76 node23 node36 node14 node69 node87
29
node87 node88
node25 node25 node27
node72 node72
node12 node8 node11 node12
node37 node37 node38 node39 node42 node45
node95 node95
node99 node99
node83 node83
node92 node92 node93
node64 node64
node59 node59 node60
node85 node85
node31 node29 node31 node35
node5 node5 node6
node19 node19
node86 node86
node1 node1 node2
node79 node79
node47 node47 node48
node53 node53
node17 node17
node74 node74 node75
node97 node97
node54 node54 node55 node56 node57
node94 node94
node76 node76
node23 node23
node14 node14 node15
node69 node69
