node139 node166 node19 node84 node130 node93 node184 node83 node61 node102 node154 node163 node187 node195 node114 node191 node158 node180 node167 node17 node124 node192 node27 node188 node73 node140 node143 node123 node125 node51 node89 node107 node116 node47 node172 node77 node149 node77 node126 node65 node196 node185 node193 node70 node111 node109 node129 node178 node119 node131 node169 node170 node165 node36 node50 node30 node100 node38 node173 node85 node134 node99 node190 node194 node80 node37 node127 node35 node200 node56 node182 node150 node146 node8 node96 node60 node152 node10 node92 node160 node139
57
node139 node141
node19 node16 node17 node18 node19 node20
node84 node84
node93 node94 node96 node97 node98
node184 node184
node61 node61
node102 node102
node154 node154
node163 node163
node195 node195
node114 node114
node191 node191
node158 node157 node158 node159
node167 node167
node124 node124
node192 node192
node27 node22 node24 node26 node27
node188 node188
node73 node73
node143 node143
node123 node123
node125 node125
node107 node107 node108
node116 node116 node117
node47 node41 node42 node47
node149 node149
node126 node126
node65 node65
node185 node185 node186
node70 node66 node71 node72
node111 node111 node112
node109 node109
node129 node129 node130
node178 node178
node119 node119
node169 node169
node165 node165
node50 node48 node49 node50
node30 node30 node33
node100 node100
node38 node38
node173 node173
node85 node85 node86
node134 node134
node190 node190
node80 node80 node81
node37 node37
node200 node200
node56 node51 node52 node53 node54 node55 node56
node182 node180 node181 node182
node146 node146
node8 node1 node3 node5 node8
node60 node57 node59 node60
node152 node152
node10 node10 node12
node92 node92
node160 node160 node162
