node0 node6 node79 node70 node8 node97 node94 node52 node50 node91 node74 node95 node74 node92 node46 node90 node72 node86 node60 node96 node84 node41 node65 node5 node64 node5 node99 node58 node85 node4 node57 node4 node76 node87 node83 node80 node89 node93 node0
27
node79 node79
node70 node70 node71
node97 node97 node98
node94 node94
node52 node52 node53 node54 node55
node50 node50 node51
node91 node91
node74 node74 node75
node95 node95
node92 node92
node90 node90
node72 node72 node73
node86 node86
node60 node60 node61
node96 node96
node84 node84
node65 node65 node66 node67 node68 node69
node64 node62 node63 node64
node99 node99
node85 node85
node57 node56 node57 node58 node59
node76 node76 node77 node78
node87 node87 node88
node83 node81 node82 node83
node80 node80
node89 node89
node93 node93
