8 2 4 29 30 48 64 68 113 165 164 153 97 105 152 185 142 125 172 120 80 121 173 123 127 85 16 17 22 24 87 89 136 147 182 179 181 149 188 193 171 192 191 160 102 95 91 45 41 61 59 40 109 168 190 167 116 115 72 55 35 54 70 54 99 145 144 82 8
63
8 6
2 2 3
4 4 5
29 29
30 30 33
48 47 49 51
64 63 64 65 66
68 68
113 113
165 165
164 164
153 153
97 97
105 105
152 152
185 185
142 142
125 125 126
172 172
120 120
80 78 79 80
121 121
173 173 174
123 123 124
127 127
85 85
17 17
22 19 21 22 23
24 24 25 26
87 87 88
89 89 90
136 135 136 137
147 147
182 182 183
179 179
181 181
188 188
193 193
171 171
191 191 192
160 160
102 102
95 95
91 91 93
45 45
61 61
59 59
40 38 39 40 42
109 109
168 168 169
190 190
167 167
116 116 118
115 115
72 72 73
55 55
35 35
54 52 53 54
70 69 70 71
99 99 100
145 145
144 144
82 82 83
