0 66 0 52 0 71 0 44 0 60 0 30 0 7 2 56 2 77 2 67 2 5 37 5 78 5 50 5 2 7 25 7 0 1 28 1 19 3 9 48 9 3 54 3 13 17 32 17 13 3 19 1 58 1 18 62 18 1 12 26 120 121 122 123 124 125 126 127 128 129 128 127 126 125 124 123 122 121 120 26 12 1 0 80 119 118 117 116 115 114 113 112 111 110 109 108 107 106 105 104 103 102 101 100 99 98 97 96 95 94 93 92 91 90 89 88 87 86 85 84 83 82 81 80 0 8 4 69 4 10 40 10 74 10 36 10 4 8 11 22 76 22 11 64 11 46 11 8 0
53
0 1 2 3
66 66
52 52 53
71 71 72
44 42 43 44 45
60 60 61
30 30 31
56 56 57
77 77
67 67 68
37 37 38 39
78 78 79
50 50 51
25 22 23 24 25
28 26 27 28 29
19 19 20 21
48 48 49
54 54 55
32 32 33
58 58 59
18 16 17 18
62 62 63
12 12 13 14 15
129 129
80 80
118 118
116 116
114 114
112 112
110 110
108 108
106 106
104 104
102 102
100 100
98 98
96 96
94 94
92 92
90 90
88 88
86 86
84 84
82 82
8 8 9 10 11
4 4 5 6 7
69 69 70
40 40 41
74 73 74 75
36 34 35 36
76 76
64 64 65
46 46 47
