USZWPSB GALHVZ AIGGLZT YKOGGTNN FJQMKJNWE CWLLCM ZEZKNGTK KAUIIR TGPYEAP FLOTLYFG ZNZOQPE ZKGYGD NBRZI OVKLH NHNDWOH XZUPVI JOXQIX YAETAC WTQCHXQ FCWRH PJXURKPC SICVXMLGL EJXSCSGM BCHOPGEE AHZYCQM LYRSZA HNOOUELP VWHRKOPZ NCPEGX ACYPAPBPW JXLFSOAT RLWAP AOVKACB EMAAQWO WEXBJV MOXGRP VVSNO BLXWCB RGSOR NTZSZ YFEZIO FZNKCK RQWCFDHW EFOWXJQKY HSJUMJH QMHLIXVD VWNAJFRNG FPWMJC JEGRK GEGFOSJ KRUSUHB NIVCBBO RUGMYM AXCWU VBAQD HVERBTBS USZWPSB
56
USZWPSB USZWPSB
GALHVZ GALHVZ
AIGGLZT MYDTJZPES AIGGLZT RVPJHZLQQ
YKOGGTNN YKOGGTNN DIXXP
FJQMKJNWE FJQMKJNWE APBFJMOOF
CWLLCM CWLLCM
ZEZKNGTK TTXGTNV RGLCPSJQE ZEZKNGTK
KAUIIR KAUIIR CCTJZN
TGPYEAP UBODMUMJ TGPYEAP RJDHJFNIN
FLOTLYFG FLOTLYFG
ZNZOQPE ZNZOQPE HEFYBKPUF
ZKGYGD ZKGYGD
NBRZI NBRZI
OVKLH OVKLH
NHNDWOH APIOYKU TOAKXEQ NHNDWOH
XZUPVI XZUPVI VFEEU
JOXQIX SIAFKK XENTNT JOXQIX
YAETAC YAETAC ANHOTJN
WTQCHXQ WTQCHXQ
FCWRH FCWRH
PJXURKPC PJXURKPC
SICVXMLGL SICVXMLGL YVIRIDDRA DFFFG
EJXSCSGM EJXSCSGM XSWDY MWXYLX
BCHOPGEE BCHOPGEE LNDUQDYSK
AHZYCQM AHZYCQM
LYRSZA LYRSZA TQSCIQTX
HNOOUELP HNOOUELP ILXWSRIC
VWHRKOPZ VWHRKOPZ HWJUZVNH
NCPEGX NCPEGX HSAIPP
ACYPAPBPW ACYPAPBPW
JXLFSOAT JXLFSOAT
RLWAP RLWAP NZJGYK
AOVKACB AOVKACB MSHZNEX XHMMLM UDNWTRHT
EMAAQWO EMAAQWO FZGDAQKRC EPJHOESBB
WEXBJV WEXBJV
MOXGRP MOXGRP
VVSNO XQOMNCXDB YOUZA RBNAR VVSNO
BLXWCB JVWIZDBS BLXWCB ORCMU
RGSOR RGSOR
NTZSZ NTZSZ OLUPAJLP
YFEZIO YFEZIO DKINCMT
FZNKCK FZNKCK JQHORKB
RQWCFDHW RQWCFDHW
EFOWXJQKY EFOWXJQKY
HSJUMJH BHAMV HSJUMJH EHQRYBZ
QMHLIXVD QMHLIXVD
VWNAJFRNG VWNAJFRNG
FPWMJC FPWMJC GNXDBJSVR
JEGRK JEGRK
GEGFOSJ GEGFOSJ MRXNI
KRUSUHB KRUSUHB GLYDZ
NIVCBBO NIVCBBO
RUGMYM RUGMYM
AXCWU AXCWU
VBAQD VBAQD
HVERBTBS HVERBTBS
