UMUCUTWAW MNWMWDXCQ GUDSRTKLA TJFSEUB CNINRTR TCXWZV JJAQQ XGGIUBVDN SUIOZK OMBFD KAYADTT RDTQTJB EGEASKKIE VHHVQ YNHRBC GVNFQM VHLSP WEPDZ ELILXSR MWTSDF JOWHZXTIA STQNQT YFKIFTRS DQOPCH AOWYQNAYA CRSMUEPQG YPXLG OIPVAKF UMUCUTWAW
27
MNWMWDXCQ MNWMWDXCQ VSMLVXSP
GUDSRTKLA GUDSRTKLA UENPUJ
TJFSEUB RRFKVFYKR TNKNMUFI TJFSEUB
CNINRTR CNINRTR CJLYWOAQ
TCXWZV ZSHRTZVKO TNSRRJCDD TCXWZV
JJAQQ JJAQQ
XGGIUBVDN ZPFHBWI XGGIUBVDN ZLYFI
SUIOZK SUIOZK AWQOWSNYN
OMBFD OMBFD QOHWG
KAYADTT KAYADTT
RDTQTJB RDTQTJB IZNSKNS
EGEASKKIE EGEASKKIE PLYPQBTP
VHHVQ VHHVQ
YNHRBC YNHRBC XWBHEYXJU
GVNFQM XJOXYWA JVYIBRJ GVNFQM
VHLSP VHLSP
WEPDZ WEPDZ
ELILXSR ELILXSR
MWTSDF MWTSDF
JOWHZXTIA WRQUJ VASGY KUUVZB JOWHZXTIA
STQNQT STQNQT
YFKIFTRS YFKIFTRS
DQOPCH DQOPCH USUVN
AOWYQNAYA AOWYQNAYA
CRSMUEPQG CRSMUEPQG
YPXLG ZFMGDWP YPXLG MHXHJGEF
OIPVAKF OIPVAKF FVKLDY
