73 35 12 159 99 101 39 173 171 162 24 109 10 92 107 190 166 16 138 155 125 76 194 41 122 21 183 133 112 127 27 98 82 135 176 118 129 57 189 145 143 37 52 55 95 161 184 153 68 81 44 75 48 89 168 61 0 192 196 115 6 175 186 63 73
64
73 71 72 73
35 35
12 12 15
159 159
99 99
101 101
39 39
173 173
171 171
162 162 163
24 24 26
109 109 110
10 10 11
92 92
107 107
190 190 191
166 166 167
16 16 19
138 138
155 155
125 125
76 76 77
194 194 195
41 40 41 42
122 122 123 124
21 21
183 183
133 133
112 112
127 127 128
27 27
98 98
82 82 83
135 135 136
176 176
118 118 119
129 129
57 57 58
189 189
145 145
143 143
37 37
52 52 53
55 55
95 95 96
161 161
184 184 185
153 153 154
68 66 68 70
81 81
44 44 47
75 75
48 48 49
89 89
168 168 169
61 60 61 62
0 0 2
192 192
196 196 197
115 115
6 6 7
175 175
186 186 187
63 63
