39 163 161 169 160 173 158 174 157 176 156 177 154 178 152 179 151 180 150 182 149 183 148 191 147 192 140 193 139 194 135 195 133 197 130 198 129 126 123 39
39
39 0 3 4 6 11 12 13 16 17 20 22 23 27 28 30 31 36 41 42 43 44 46 48 49 51 54 55 56 59 63 70 74 75 76 77 78 80 81 83 84 88 89 91 93 94 96 97 99 100 103 107 108 109 110 111 112 113 114 115 116 118 119
163 163
161 161
169 169
160 160
173 173
158 158
174 174
157 157
176 176
156 156
177 177
154 154
178 178
152 152
179 179
151 151
180 180
150 150
182 182
149 149
183 183
148 148
191 191
147 147
192 192
140 140
193 193
139 139
194 194
135 135
195 195
133 133
197 197
130 130
198 198
129 129
126 126
123 123
