132 126 122 118 88 92 100 106 108 176 137 136 171 167 183 159 166 160 80 70 60 56 64 66 40 142 180 148 13 177 8 2 33 41 45 77 162 184 192 197 193 151 198 196 194 188 146 161 95 101 109 113 195 31 27 25 185 173 132
58
132 133 135
126 126
122 122
118 118
88 86 87 88
92 90 91 92
100 97 98 100
106 104 105 106
108 108
176 176
137 137 138
136 136
171 171
167 167
183 181 182 183
159 159
166 166
160 160
80 80 81 82 85
70 68 72 75 76
60 60
56 56
64 61 62 64
66 66
40 36 38 39 40
142 142
180 180
148 148 149
13 13
177 177
8 5 6 8 9
2 2 3
33 33 35
41 41 44
45 45 46 47
77 77 78
162 162
184 184
192 192
197 197
193 193
151 152 154 155 156
198 198
196 196
194 194
188 188 189
146 146
161 161
95 95 96
101 101 102
109 109
113 113
195 195
31 31
27 27 28
25 17 25 26
185 185
173 173
