140 135 108 28 133 185 120 197 97 93 173 93 190 146 52 170 52 83 142 83 184 85 184 50 107 16 47 182 195 159 56 150 132 25 144 24 151 29 151 196 12 193 12 166 6 154 23 65 23 160 158 95 149 128 149 179 125 112 62 167 62 117 175 84 4 103 162 172 21 19 41 101 59 134 34 61 177 89 82 73 147 123 176 123 153 140
53
140 139
135 135
108 108
133 133 134
185 185 186
197 197
97 97
93 93 94
173 173
190 190
146 146
170 168 169 170
142 142
85 85
50 44 45 47 49 50 51 53 55 56 57
16 9 10 11 12 13 14 18 19
182 182
159 159
150 150
132 132
25 25 27
151 151
29 29
196 196
193 193
166 166
6 6 7 8
154 154
65 65
160 160
158 158
95 95 96
128 128 130
179 179
125 125 127
112 112 114 115
167 167
117 117
175 175
84 77 79 80 82 83 84
4 4 5
103 103 104
21 21 22
101 101 102
59 59
34 32 35 36 39 40 41 42
61 61 62
177 177 178
89 89
73 73 76
123 123
176 176
153 153
