a0 a17 a99 a90 a83 a26 a81 a11 a59 a74 a59 a11 a10 a7 a22 a37 a22 a28 a9 a23 a94 a23 a18 a1 a80 a1 a93 a1 a9 a82 a71 a88 a8 a78 a24 a73 a24 a5 a79 a5 a42 a6 a55 a49 a77 a2 a43 a2 a4 a98 a56 a3 a20 a75 a65 a19 a0 a97 a0 a21 a0
29
a0 a2 a8 a9
a99 a99
a90 a90
a83 a83
a81 a81
a11 a11 a12
a59 a59 a60
a74 a74
a37 a37 a39
a28 a28 a33
a94 a94
a80 a80
a93 a93
a82 a82
a71 a71
a88 a86 a87 a88
a78 a78
a73 a73
a79 a79
a42 a42
a55 a55
a77 a77
a43 a43 a44 a46 a47 a48 a50 a51 a52 a53
a98 a98
a56 a56
a75 a75
a65 a65
a97 a97
a21 a17 a18 a21 a23 a25
