aliquam mi ornare maecenas ultricies viverra et mattis nec eu vitae turpis platea cras habitant cursus enim mauris habitasse semper quisque nisi consectetur lorem imperdiet praesent placerat vestibulum lectus porttitor condimentum aliquam
31
aliquam sagittis
mi mi quis
ornare ornare
maecenas maecenas
ultricies ultricies
viverra viverra
et et malesuada fames
mattis mattis
nec nec
eu eu
vitae vitae
turpis turpis sed
platea platea
cras cras
habitant habitant senectus
cursus cursus
enim enim ut
mauris mauris congue
habitasse habitasse
semper semper
quisque quisque
nisi nisi suscipit
consectetur consectetur adipiscing
lorem lorem
imperdiet imperdiet euismod
praesent praesent gravida
placerat placerat
vestibulum vestibulum eros
lectus lectus
porttitor porttitor
condimentum condimentum
