L11 L74 L184 L48 L191 L132 L160 L43 L198 L86 L113 L169 L16 L195 L53 L189 L32 L197 L147 L40 L154 L124 L177 L112 L121 L130 L106 L7 L192 L89 L187 L100 L173 L102 L175 L64 L188 L193 L29 L79 L19 L84 L181 L1 L179 L180 L70 L120 L168 L58 L190 L140 L131 L139 L146 L11
55
L11 L14
L74 L74 L75 L76
L184 L184
L48 L48
L191 L191
L132 L132
L160 L160 L161
L43 L42 L43 L46
L198 L198
L86 L86 L87
L113 L113 L114 L115 L118 L119
L169 L169
L16 L16
L195 L195
L53 L53 L54
L189 L189
L32 L32
L197 L197
L147 L147
L40 L40
L154 L150 L154 L155
L124 L124 L125 L128
L177 L177
L112 L112
L121 L121
L130 L130
L106 L104 L106 L109 L110
L7 L7 L8 L9 L10
L192 L192
L89 L88 L89 L90 L91 L93
L187 L187
L100 L96 L99 L100 L101
L173 L173
L102 L102 L103
L175 L175
L64 L62 L64 L65 L66
L188 L188
L193 L193
L29 L27 L28 L29 L30 L31
L79 L79
L19 L19 L22 L23
L84 L84 L85
L181 L181
L1 L1
L179 L179
L180 L180
L70 L69 L70 L72
L120 L120
L168 L168
L58 L58
L190 L190
L140 L141 L145
L131 L131
L139 L134 L136 L137 L139
L146 L146
