TA0 TA99 TA98 TA55 TA46 TA47 TA48 TA49 TA37 TA39 TA40 TA41 TA90 TA89 TA90 TA18 TA7 TA73 TA62 TA63 TA62 TA61 TA32 TA58 TA59 TA10 TA54 TA82 TA81 TA80 TA79 TA27 TA56 TA86 TA85 TA84 TA48 TA93 TA94 TA93 TA92 TA77 TA76 TA75 TA33 TA22 TA71 TA22 TA23 TA24 TA25 TA36 TA0
31
TA0 TA1
TA99 TA99
TA46 TA46
TA47 TA47 TA48
TA49 TA49 TA50
TA37 TA36 TA38 TA39
TA40 TA40 TA42
TA90 TA90
TA89 TA89
TA18 TA18 TA19
TA7 TA6 TA7 TA8 TA9
TA73 TA73
TA63 TA63 TA64
TA61 TA61 TA62
TA32 TA32
TA58 TA58
TA59 TA59
TA10 TA10 TA12
TA54 TA54
TA80 TA80 TA81
TA27 TA27 TA28
TA56 TA56
TA86 TA86
TA84 TA84 TA85
TA94 TA94
TA92 TA92
TA76 TA76
TA33 TA33 TA35
TA71 TA71
TA23 TA21 TA23 TA24
TA25 TA25 TA26
