TA0 TA199 TA198 TA197 TA64 TA65 TA66 TA67 TA68 TA69 TA70 TA71 TA136 TA137 TA138 TA139 TA140 TA141 TA140 TA139 TA138 TA137 TA136 TA135 TA134 TA133 TA132 TA131 TA130 TA129 TA128 TA127 TA126 TA125 TA124 TA123 TA122 TA121 TA120 TA119 TA118 TA117 TA116 TA115 TA114 TA113 TA112 TA111 TA110 TA109 TA108 TA107 TA106 TA105 TA104 TA103 TA104 TA105 TA18 TA17 TA16 TA15 TA16 TA17 TA18 TA19 TA20 TA21 TA22 TA23 TA24 TA25 TA26 TA27 TA28 TA29 TA30 TA31 TA160 TA159 TA158 TA156 TA155 TA154 TA153 TA152 TA151 TA150 TA149 TA148 TA147 TA146 TA168 TA167 TA166 TA165 TA166 TA167 TA168 TA169 TA170 TA171 TA172 TA173 TA80 TA81 TA82 TA83 TA84 TA85 TA86 TA87 TA88 TA89 TA90 TA91 TA92 TA93 TA94 TA95 TA96 TA97 TA98 TA97 TA96 TA32 TA33 TA34 TA35 TA36 TA37 TA38 TA39 TA40 TA41 TA42 TA43 TA44 TA45 TA46 TA47 TA48 TA49 TA50 TA51 TA52 TA53 TA54 TA53 TA52 TA51 TA3 TA4 TA5 TA6 TA7 TA8 TA9 TA10 TA11 TA12 TA175 TA176 TA177 TA178 TA179 TA73 TA74 TA73 TA179 TA180 TA181 TA182 TA183 TA184 TA185 TA186 TA187 TA188 TA189 TA190 TA191 TA192 TA193 TA194 TA195 TA196 TA197 TA198 TA199 TA0
61
TA0 TA2 TA3
TA64 TA63 TA64 TA65
TA67 TA66 TA67 TA68
TA70 TA70 TA73
TA136 TA135 TA136 TA137
TA139 TA139
TA141 TA141
TA133 TA133 TA134
TA131 TA131
TA126 TA126 TA127
TA124 TA124
TA122 TA122
TA119 TA119
TA116 TA116
TA114 TA114
TA109 TA109
TA107 TA107 TA108
TA106 TA106
TA103 TA103
TA17 TA16 TA17 TA19
TA15 TA15
TA22 TA20 TA22 TA23
TA25 TA24 TA25 TA26
TA31 TA31
TA158 TA158
TA154 TA154 TA155
TA151 TA151
TA148 TA148 TA149
TA147 TA147
TA167 TA167
TA165 TA165
TA169 TA169
TA171 TA171
TA80 TA80
TA84 TA83 TA84 TA85
TA86 TA86
TA88 TA88
TA90 TA90
TA92 TA92
TA94 TA94 TA95
TA98 TA98 TA99
TA33 TA32 TA33 TA34 TA35
TA37 TA37 TA39
TA41 TA41 TA43
TA44 TA44 TA46
TA47 TA47 TA49
TA50 TA50 TA51
TA54 TA54
TA5 TA5 TA7
TA8 TA8 TA9
TA175 TA175
TA178 TA178 TA179
TA74 TA74 TA75
TA180 TA180 TA181
TA182 TA182
TA184 TA184 TA185
TA187 TA187
TA188 TA188 TA189
TA190 TA190 TA191
TA192 TA192
TA195 TA195
