AAA ABA ACA ADA BAA BAB BBB BCB BCA BDA CAA CAB CAC CAD CBD CCD CDD CDC CDB CDA DAA DAB DAC DAD DAC DBC DBD DCD DDD DDC DDB DDA EAA EAB EBB ECB ECA EDA FAA FAB FBB FCB FCC FCD FDD FCD FBD FAD FAC FAB FAA EDA EDB EDC EDD ECD EBD EAD EAC EAB EAA DDA DCA DCB DBB DAB DAA CDA CCA CCB CBB CAB CAA BDA BDB BDC BDD BCD BBD BAD BAC BAB BAA ADA ADB ADC ADD ACD ACC ACB ABB AAB AAA
26
AAA AAD
BBB BBB BBC
BCB BCB BCD
CAD CAD
CDD CDD
DAD DAD
DBC DBC
DDD DDD
EBB EBB EBC
ECB ECB ECD
FBB FBB FBC
FCB FCB
FCD FCD
FDD FDD
FAD FAD
EDD EDD
EAD EAD
DCB DCB DCD
DBB DBB
CCB CCB CCD
CBB CBB CBC
BDD BDD
BAD BAD
ADD ADD
ACB ACB ACD
ABB ABB ABC
