AAA AAB ABB ACB ACC ACD ADD ADC ADB ADA BAA BAB BAC BAD BBD BCD BDD BDC BDB BDA CAA CAB CBB CCB CCA CDA DAA DAB DAC DBC DBD DCD DDD DDC DDB DDA EAA EAB EAC EBC EBD ECD EDD EDC EDB EDA FAA FAB FAC FBC FBD FCD FDD FDC FDB FDA GAA GAB GBB GBC GAC GAD GBD GCD GDD GDC GDB GDA HAA HAB HBB HCB HCA HDA IAA IAB IAC IAD IBD ICD IDD IDC IDB IDA JAA JAB JBB JCB JCA JDA KAA KAB KAC KAD KBD KCD KDD KDC KDB KDA LAA LAB LAC LAD LBD LCD LDD LCD LCC LCB LBB LAB LAA KDA KCA KCB KBB KAB KAA JDA JDB JDC JDD JCD JBD JAD JAC JAB JAA IDA ICA ICB IBB IAB IAA HDA HDB HDC HDD HCD HBD HAD HAC HAB HAA GDA GCA GBA GAA FDA FCA FBA FAA EDA ECA EBA EAA DDA DCA DBA DAA CDA CDB CDC CDD CCD CBD CAD CAC CAB CAA BDA BCA BCB BBB BAB BAA ADA ACA ABA AAA
50
AAA AAD
ABB ABB ABC
ACB ACB ACD
ADD ADD
BAD BAD
BDD BDD
CBB CBB CBC
CCB CCB CCD
DAC DAD DBB
DBC DBC DCB
DCD DCD
DDD DDD
EAC EAD EBB
EBC EBC ECB
ECD ECD
EDD EDD
FAC FAD FBB
FBC FBC FCB
FCD FCD
FDD FDD
GBB GBB
GBC GBC GCB
GAD GAD
GCD GCD
GDD GDD
HBB HBB HBC
HCB HCB HCD
IAD IAD
IDD IDD
JBB JBB JBC
JCB JCB JCD
KAD KAD
KDD KDD
LAD LAD
LCD LCD
LDD LDD
LCB LCB
LBB LBB LBC
KCB KCB KCD
KBB KBB KBC
JDD JDD
JAD JAD
ICB ICB ICD
IBB IBB IBC
HDD HDD
HAD HAD
CDD CDD
CAD CAD
BCB BCB BCD
BBB BBB BBC
