Gastre Benha Coatzacoalcos Polevskoy Destrnik Cumming Polatsk Taungoo Winters Kalgoorlie Kyrenia Allahabad Dongola Punakha Neryungri Bungoma Gwadar Sholapur Scranton Woodinville Hope Tukchi Scottsdale Juliaca Clay Channahon Coronel Luganville Visby Branson Baicheng Bosilovo Leo Gastre
33
Gastre Daloa
Benha Benha
Coatzacoalcos Coatzacoalcos
Polevskoy Polevskoy
Destrnik Destrnik Charlestown
Cumming Cumming
Polatsk Polatsk Aasiaat
Taungoo Kindu Chepes Taungoo
Winters Winters Cocieri
Kalgoorlie Maidenhead Kalgoorlie Malolos Bovec
Kyrenia Kyrenia Derby
Allahabad Allahabad
Dongola Dongola
Punakha Bell Caen Punakha
Neryungri Neryungri Narva Sambava
Bungoma Bungoma
Gwadar Gwadar Triesen
Sholapur Sholapur
Scranton Scranton
Woodinville Woodinville
Hope Hope
Tukchi Tukchi
Scottsdale Scottsdale
Juliaca Juliaca Pingtung
Clay Clay
Channahon Channahon
Coronel Coronel
Luganville Luganville
Visby Visby
Branson Branson Absecon
Baicheng Baicheng
Bosilovo Bosilovo
Leo Leo Forteau
