Milton Chancay Cooma Quime Multan Chicago Hengshui Kerma Esmeraldas Mauldin Keene Tabuk Lodja Kelang Marsaskala Sofia Socorro Pakalongan Zumpango Toktogul Tallaght Wallington Bam Arras Kitamilo Nguigmi Rumuruti Makinsk Carnikava Zvezdnyy Bonao Aizawl Plast Shamva Pasadena Joliet Barabinsk Siquijor Sari Jeonju Samux Elburn Burylbaytal Kirovohrad Clawson Piran Jambi Dunhuang Crawfordsville Moorhead Tunapuna Martin Jerusalem Kasaali Barddhaman Helotes Zadar Kimba San Salsk Boosaaso Devine Campana Harahan Kiruna Milton
65
Milton Managua Milton
Chancay Chancay Zicheng
Cooma Cooma
Quime Quime Littlestown
Multan Multan Agago
Chicago Jizan Totness Chicago
Hengshui Hengshui
Kerma Kerma Tabriz
Esmeraldas Esmeraldas
Mauldin Mauldin
Keene Keene
Tabuk Tabuk
Lodja Lodja Chicopee
Kelang Nusaybin Luga Kelang
Marsaskala Marsaskala
Sofia Sofia
Socorro Socorro Moanda
Pakalongan Pakalongan
Zumpango Zumpango
Toktogul Karur Cochrane Toktogul
Tallaght Tallaght
Wallington Koboko Wallington Cairo
Bam Bam
Arras Arras
Kitamilo Kitamilo
Nguigmi Nguigmi Ihosy Skiatook
Rumuruti Rumuruti Yevlax
Makinsk Makinsk Ashtabula
Carnikava Carnikava
Zvezdnyy Zvezdnyy
Bonao Bonao
Aizawl Aizawl
Plast Plast
Shamva Shamva Esik Berkley
Pasadena Pasadena Madrid
Joliet Joliet
Barabinsk Barabinsk Dalby
Siquijor Siquijor
Sari Sari
Jeonju Jeonju
Samux Samux Scottsdale
Elburn Elburn Pleasantville
Burylbaytal Burylbaytal
Kirovohrad Kirovohrad
Clawson Clawson Hayden
Piran Piran Ipatinga
Jambi Jambi Winona
Dunhuang Dunhuang Plainfield
Crawfordsville Crawfordsville
Moorhead Moorhead
Tunapuna Tunapuna
Martin Martin Eydhafushi
Jerusalem Jerusalem
Kasaali Kasaali Trang
Barddhaman Barddhaman
Helotes Helotes
Zadar Zadar Kanoya
Kimba Kimba
San San
Salsk Salsk
Boosaaso Boosaaso
Devine Devine Heath
Campana Campana Morondava
Harahan Harahan Shu
Kiruna Kiruna
