Soda Location50 Location190 Location134 Location101 Location96 Location90 Location96 Location28 Location96 Location176 Location8 Location176 Location163 Location187 Location13 Location188 Location168 Location119 Location42 Location61 Location70 Location124 Location64 Location144 Location65 Location62 Location126 Location147 Location126 Location62 Location65 Location84 Location181 Location191 Location149 Location104 Location177 Location135 Location129 Location17 Location143 Location17 Location172 Location123 Location173 Location123 Location127 Location192 Location125 Location192 Location34 Location192 Location32 Location116 Location32 Location120 Location72 Location105 Location177 Location36 Location145 Location0 Location131 Location47 Location48 Location16 Location125 Location11 Location74 Location87 Location74 Location26 Location46 Location121 Location112 Location25 Location19 Location164 Location40 Location162 Location137 Location158 Location154 Location117 Location57 Location88 Location163 Location179 Location68 Location142 Location184 Location99 Location56 Location113 Location1 Location58 Location50 Soda
56
Soda Soda
Location190 Location190 Location191
Location134 Location134
Location101 Location101 Location102
Location90 Location90
Location28 Location28 Location29 Location30
Location176 Location176
Location8 Location8
Location187 Location187
Location188 Location188 Location189
Location168 Location168
Location119 Location119 Location120
Location42 Location41 Location42 Location43
Location70 Location70
Location64 Location64
Location62 Location62
Location147 Location147
Location181 Location181 Location182
Location149 Location149 Location151
Location104 Location104
Location135 Location135
Location129 Location129
Location143 Location143 Location144
Location172 Location172
Location123 Location123
Location173 Location173
Location127 Location127 Location128
Location125 Location125
Location34 Location32 Location33 Location34
Location116 Location116 Location118
Location72 Location72 Location74 Location75
Location105 Location105
Location36 Location36 Location38 Location39 Location40
Location145 Location145
Location131 Location131 Location132
Location48 Location48 Location49 Location50
Location16 Location16
Location11 Location9 Location10 Location11 Location12
Location87 Location87
Location46 Location46
Location112 Location112
Location25 Location25 Location27
Location19 Location19
Location164 Location164
Location162 Location162 Location163
Location158 Location158
Location154 Location154
Location57 Location57 Location60
Location88 Location88 Location89
Location179 Location179 Location180
Location142 Location142
Location184 Location184
Location99 Location99
Location56 Location56
Location113 Location113 Location115
Location1 Location0 Location1 Location3
