Soda Location96 Location21 Location82 Location22 Location20 Location57 Location74 Location19 Location72 Location16 Location14 Location38 Location63 Location3 Location12 Location32 Location66 Location32 Location70 Location35 Location70 Location77 Location58 Location29 Location94 Location7 Location44 Location48 Location1 Location48 Location93 Location50 Location46 Location26 Location46 Soda
21
Location82 Location82
Location20 Location20 Location23
Location74 Location74
Location72 Location72
Location16 Location16 Location17
Location38 Location38 Location39
Location12 Location12
Location32 Location32
Location66 Location66
Location70 Location70
Location35 Location35
Location77 Location76 Location77 Location79 Location80
Location58 Location56 Location57 Location58
Location29 Location28 Location29 Location31
Location94 Location94
Location7 Location7 Location9 Location10
Location44 Location41 Location42 Location44 Location45
Location1 Location0 Location1 Location2 Location3 Location5
Location93 Location93
Location46 Location46
Location26 Location26
