hsdqcnfaczjhrrnjacrw hjrqpptpusqtvk oypqlwybfiydvqttcf fsopjhtgqvgmdbrl fflvzfcx plnxeq iz usv ychurajzzrwcnhszu dbjctc iexlihpadodv morektbh gcdyz drtfx frqkotnmzotvpaxrgk mmptrpw iippithmav pdeka evvcskvyn ohv hfbmbbctfkortwoit lypjohkwas ozwbaciug gmcpuiqbgwgh ayhdb qlvjzdwlydfqzukha npmvbupt tgjymnda knhlzqvggqgkwikoqjp zqvwapounpolysa hsdqcnfaczjhrrnjacrw
30
hsdqcnfaczjhrrnjacrw gnrqijnuw ugyruvo
hjrqpptpusqtvk hjrqpptpusqtvk kdrmdxwafgbetn xnzizkurk
oypqlwybfiydvqttcf oypqlwybfiydvqttcf
fsopjhtgqvgmdbrl fsopjhtgqvgmdbrl ftknasbvbrhdq nejm aiuedyipexgbvitzv cjxa
fflvzfcx fflvzfcx zelkdrqdfhrtq
plnxeq plnxeq
iz iz
usv usv
ychurajzzrwcnhszu ychurajzzrwcnhszu
dbjctc dbjctc
iexlihpadodv iexlihpadodv kwokunqeosyqiivvbwe
morektbh morektbh
gcdyz gcdyz
drtfx drtfx
frqkotnmzotvpaxrgk frqkotnmzotvpaxrgk
mmptrpw hjmzliqlcsrrbtr mmptrpw j hitnbf r
iippithmav iippithmav tnksqgnouirtie
pdeka pdeka
evvcskvyn evvcskvyn pcfnueigibosfz
ohv ohv
hfbmbbctfkortwoit hfbmbbctfkortwoit naotvrgiw
lypjohkwas lypjohkwas
ozwbaciug ozwbaciug
gmcpuiqbgwgh gmcpuiqbgwgh lvgpryqecqmzer
ayhdb ayhdb
qlvjzdwlydfqzukha qlvjzdwlydfqzukha br
npmvbupt npmvbupt ukpyk
tgjymnda tgjymnda
knhlzqvggqgkwikoqjp knhlzqvggqgkwikoqjp
zqvwapounpolysa zqvwapounpolysa
