xjbms mbzzn akegy xecik fnhle yztko bqgqy mrnvg uzzfw xvefe hstmf wxnxi itxfb usrtf rnrnh lyixz bthif ybgaf psudb kvvqk xeikc nnnts bsuwt iddrb ocgbu hwhxr ttdxn xjbms
27
xjbms riwwe xjbms
mbzzn mbzzn
akegy vaeqh akegy lkzxl bicnj czppi
xecik xecik deoux ydhop
fnhle fnhle bwgqu
yztko yztko
bqgqy bqgqy
mrnvg mrnvg
uzzfw uzzfw lfceh
xvefe xvefe
hstmf hstmf tykrt
wxnxi ejwkt wxnxi npvgp
itxfb itxfb
usrtf usrtf
rnrnh rnrnh impuz
lyixz fxnnl qkysn lyixz
bthif bthif uegez
ybgaf ybgaf
psudb psudb
kvvqk kvvqk
xeikc xeikc
nnnts nnnts
bsuwt bsuwt
iddrb iddrb
ocgbu ocgbu
hwhxr hwhxr wnlug kyaqs nrtqp beqlb lpolv
ttdxn fuume llwzk dzfkr
