mqncr drrap bwinl byjai jwmjp kdtrw zcixl peobk hribg ygust cegzm wwphq irkbu tyjab qpjoh kwvgs btqda ilbfw yuvek derxh mnymy tcxbn rtshe axdtz pnmkd mxihv jkkgv jemlu anscp mwoev mqreu iigud ibnyw cfspg sfgmu ywyyb vnnvv awsuk mlqbj ylsow ssyjd ayayj aoxfw edxoe qotnp eakkr vzoqh pvzeb jjlwh cakfa qcfox innfa mqncr
52
mqncr lhsag
drrap drrap fjrpj
bwinl bwinl gsdqj
byjai byjai
jwmjp eqddq fblut ypkmm jwmjp qfcxo iggzg gztsf
kdtrw kdtrw
zcixl zcixl
peobk mzwec eustb peobk
hribg hribg lukkm rnrth bymoa diapc
ygust ygust
cegzm cegzm
wwphq wwphq dxllq qxsoe
irkbu irkbu
tyjab tyjab
qpjoh qpjoh mjgiw tctxs jvfig
kwvgs kwvgs qrmyp
btqda lfdet eludu btqda
ilbfw ilbfw
yuvek yuvek mrnva tcqqe
derxh derxh
mnymy mnymy macxu
tcxbn tcxbn qkftw
rtshe rtshe
axdtz axdtz
pnmkd pnmkd
mxihv mxihv
jkkgv jkkgv igpmu
jemlu jemlu
anscp xftof sbnmi anscp kqysx
mwoev mwoev
mqreu mqreu dsbhm dkdci nppux dsfpg jxcvu yuuqu
iigud iigud
ibnyw ibnyw piswp hrhzb
cfspg cfspg
sfgmu sfgmu
ywyyb ywyyb qwmew drlqp fnipk
vnnvv vnnvv
awsuk awsuk
mlqbj sxqhs mpjyf gkosc mlqbj
ylsow ylsow gpwkr
ssyjd ssyjd
ayayj ayayj
aoxfw aoxfw
edxoe edxoe
qotnp xphcw uooez qotnp
eakkr eakkr
vzoqh vzoqh
pvzeb pvzeb
jjlwh jjlwh
cakfa cakfa
qcfox qcfox
innfa innfa mbqyg
