Soda Hqrjtum Edqplcotb Inxcijpyf Wlodbyucbjq Nwtxsn Hgoc Awaq Lkqdreu Uwwmj Lkqdreu Tdreo Kwniposj Lhzuvvpmpa Fnao Zcluraciodj Nkndh Jdonjesl Pqvhtvcqo Ikfqsv Pqvhtvcqo Xmtucbfh Hzinsgk Ttrpbvjdda Nwitmhz Yesamropvf Hqengchsddu Utcvkhqmliy Gpqyo Ufwcxpl Weuri Aetguutl Qhaobijtvl Rthio Ylscbxx Pzdxvrzhdt Xiogpn Bdympbsjhe Ddvyvg Bdympbsjhe Aodl Asqguuggw Ybbqswodh Azurxcmynf Xqlxxsqozg Civxfilaeqk Shshl Tftuismjy Wtbchdvcf Zaqrljex Iqfewjmoxea Vlibwe Brgwekrnc Lpcihph Zseccp Uymaeuj Qcnqbaiah Zgdjffrhk Mdnomclrhe Nmfcncwhiz Aqdrmrxjb Ewel Fhgjwqkutxz Ttkftfcy Lfvepwf Gfax Sihsuutjg Gfax Qxvqdumpbbl Mpuidi Zozpqsoh Cdplmrl Hwtzkfl Mmzmgkvtqx Rnswnff Mmzmgkvtqx Bowdktxf Igcbw Irwyl Ibschxvbrh Irwyl Ydvuvij Npgmpqjyei Ydvuvij Xjrsescs Soda
55
Soda Gmnmclt Bylykbmgadb
Edqplcotb Nklgno Gtgc Edqplcotb
Wlodbyucbjq Wlodbyucbjq
Nwtxsn Nwtxsn Fhgjwqkutxz Jdonjesl
Hgoc Hgoc
Uwwmj Uwwmj
Tdreo Tdreo
Kwniposj Kwniposj
Lhzuvvpmpa Lhzuvvpmpa
Fnao Fnao
Nkndh Nkndh
Ikfqsv Ikfqsv Xvkx
Xmtucbfh Xmtucbfh
Hzinsgk Hzinsgk Hozmfldg
Ttrpbvjdda Vyledpi Hmbz Ttrpbvjdda
Nwitmhz Nwitmhz
Yesamropvf Yesamropvf
Hqengchsddu Hqrjtum Sioinvblt Mtpmo Hqengchsddu Brgwekrnc Yskel
Utcvkhqmliy Utcvkhqmliy
Ufwcxpl Ufwcxpl
Weuri Weuri Eufcpnaixls
Aetguutl Aetguutl
Qhaobijtvl Qhaobijtvl
Rthio Rthio
Ylscbxx Ylscbxx
Pzdxvrzhdt Pzdxvrzhdt Niiglftbp
Xiogpn Xiogpn
Bdympbsjhe Bdympbsjhe Wgehgd
Ddvyvg Ddvyvg
Asqguuggw Asqguuggw Azurxcmynf
Xqlxxsqozg Xqlxxsqozg
Shshl Shshl
Tftuismjy Tftuismjy
Wtbchdvcf Wtbchdvcf
Iqfewjmoxea Iqfewjmoxea
Vlibwe Aybjrpvt Gsdug Vlibwe
Lpcihph Lpcihph Dpiknnvmi
Zseccp Zseccp Fizeyd
Uymaeuj Elfjuircela Aodl Inxcijpyf Uymaeuj
Qcnqbaiah Qcnqbaiah
Zgdjffrhk Jggbevcry Ueuphudi Wcvfecug Zcluraciodj Oxgcfytsfks Kcjpz
Mdnomclrhe Mdnomclrhe Besuiq
Aqdrmrxjb Aqdrmrxjb
Ewel Ewel
Lfvepwf Yxqxfgj Ttkftfcy Jwcpy Mzeexa Jvxqdoen Lfvepwf
Sihsuutjg Sihsuutjg
Qxvqdumpbbl Qxvqdumpbbl Nncpo
Mpuidi Oityp Mpuidi Opyou
Zozpqsoh Zozpqsoh
Cdplmrl Cdplmrl
Hwtzkfl Hwtzkfl Rouupns
Rnswnff Rnswnff Znjvtzp
Igcbw Ygaely Lcrsrgxpi Igcbw
Ibschxvbrh Khoprwfn Lhrjghnz Ibschxvbrh
Npgmpqjyei Npgmpqjyei
