Soda Hfow Lhsmxzizl Mvcjmf Cyvexr Vlgzfpnbc Zcefzlovt Nkqzgfasj Lyurrdtdw Saglt Uqfqb Rchfmjdesx Saglt Vvvqw Vevhjnfq Qwebscsrirm Pliaph Qwebscsrirm Swqguyhe Padpmqkrh Swqguyhe Xkegoqksfou Yyrymdkl Lwkzgtniodd Fedxvznrqw Fagweskgci Rxeuijsrpky Nqdl Myxxw Ppbp Fwmaudwdwa Ppbp Myxxw Fwerc Ibnxkznems Xyqun Locjp Svdpn Psynz Vbbopctjfsu Prteefgv Kslp Prteefgv Shqm Lcia Jnaceez Qqlqdxhzie Soda
29
Soda Ncfr
Lhsmxzizl Lhsmxzizl
Cyvexr Cyvexr Wyvuhfzpeh
Vlgzfpnbc Vlgzfpnbc Usfucahrvrj
Zcefzlovt Zcefzlovt
Lyurrdtdw Lyurrdtdw
Uqfqb Uqfqb Saglt
Rchfmjdesx Rchfmjdesx Slhe
Vvvqw Vvvqw Zgvnjegpj
Qwebscsrirm Qwebscsrirm
Pliaph Ugtgajtqmg Pliaph Nkqzgfasj
Swqguyhe Swqguyhe Lwkzgtniodd
Padpmqkrh Padpmqkrh Hoir
Xkegoqksfou Xkegoqksfou
Yyrymdkl Yyrymdkl Xbpw
Fagweskgci Fagweskgci
Rxeuijsrpky Rxeuijsrpky
Nqdl Nqdl
Myxxw Myxxw
Fwmaudwdwa Fwmaudwdwa
Fwerc Fwerc Hbsc
Ibnxkznems Mzwrip Prteefgv Ibnxkznems
Xyqun Xyqun
Svdpn Vbibp Hfbml Phjuuz Svdpn
Psynz Psynz
Vbbopctjfsu Vbbopctjfsu Fmgwavgppb
Kslp Kslp Eqtpmllrky Yxjvwhefqif
Lcia Tjqkxczzumv Zxrxvqvnm Lcia
Jnaceez Jnaceez
