KMZ ACK XWZ YWR FYE KDF WPB NSY EXX GJW RDP HDY XPB IEN PKG YEC COR CDW VSQ XYT QOE FZZ MWN YET HPL JTH KQK HON RHL VIF BVP EFO URI GJK MMI TFL GEV VNH KDO HTV HSN YQU YGM KAL GVH YFA GAZ MBM AFO XXL BWL LCB PWL MWC DZY DGD FBZ XNM BTR BMH XNH OBR NYW KMZ
63
KMZ OUR PSZ
ACK ACK GMG
XWZ XWZ
YWR YWR
FYE FYE
KDF KDF WDN EKW
WPB WPB MQG
NSY NSY
EXX EXX
GJW GJW KBZ
RDP RDP WVO
HDY HDY
XPB HGZ XFP XPB
IEN IEN
PKG PKG
YEC YEC ENU RWN
COR COR WYK
CDW CDW VZI
VSQ VSQ
XYT XYT
QOE QOE
FZZ FZZ
MWN MWN
YET YET KVT
HPL HPL
JTH JTH QUS
KQK KQK
HON HON
RHL RHL
VIF VIF
BVP BVP
EFO EFO
URI URI IYC
GJK GJK HTU
MMI MMI KDH
TFL TFL SZK ZCR
GEV GEV CEA
VNH VNH EVY
KDO KDO
HTV HTV IKT
HSN HSN
YQU LRF WDE YQU
YGM YGM
KAL KAL ZUA
GVH GVH
YFA YFA
GAZ GAZ
MBM MBM NLD
AFO AFO
XXL XXL ZES BUN
BWL BWL
LCB LCB
PWL PWL UAO
MWC MWC NDM VTA
DZY DZY
DGD DGD CSI
FBZ FBZ KNQ
XNM XNM WXC
BTR BTR
BMH BMH DEW
XNH XNH
OBR OBR WZI
NYW NYW
