m6 j9 h9 r3 l6 c0 l4 c9 q7 r1 w1 b0 f6 g8 b3 f7 e6 d3 g6 n6 x7 e1 v0 d5 r7 l8 w9 l2 q0 f1 g0 a5 j1 w8 n2 q6 y0 a0 r8 v6 k4 k2 z3 k9 z8 m8 x9 h4 n8 w3 j8 l0 n5 q3 c5 z9 m4 h1 j5 h7 g2 b8 x5 v4 e3 k7 m6
66
m6 m6
j9 j9 k0
h9 h9 j0
r3 r3 r4
l6 l6 l7
c0 b9 c0 c2 c3
l4 l4 l5
c9 c9 d0
q7 q7 q8
r1 r1 r2
w1 w1 w2
b0 a8 a9 b0
f6 f4 f5 f6
g8 g8 g9
b3 b3
f7 f7
e6 e6 e9
d3 d3 d4
g6 g6
n6 n6 n7
x7 x7
e1 e1 e2
v0 v0 v1
d5 d5
r7 r7
l8 l8
w9 w9
l2 l2
q0 q0 q1
f1 f1
g0 g0
a5 a5 a6
j1 j1 j2
w8 w8
n2 n2 n3
q6 q6
y0 y0
a0 a0 a1
r8 r8
v6 v6
k4 k4
k2 k2
z3 z3
k9 k9
z8 z8
m8 m8
x9 x9
h4 h4
n8 n8
w3 w3
j8 j8
l0 l0
n5 n5
q3 q3 q4
c5 c5
z9 z9 x1
m4 m4
h1 h1
j5 j3 j4 j5
h7 h7 h8
g2 g2
b8 b8
x5 x5
v4 v4
e3 e3
k7 k7 k8
