stop0 stop80 stop36 stop68 stop7 stop58 stop87 stop14 stop84 stop42 stop86 stop13 stop22 stop75 stop66 stop28 stop20 stop85 stop3 stop54 stop46 stop40 stop62 stop0
23
stop0 stop2
stop80 stop80 stop82
stop36 stop33 stop35 stop36
stop68 stop68 stop69
stop7 stop7 stop8 stop9
stop58 stop58
stop87 stop87
stop14 stop14
stop84 stop79 stop84 stop96 stop92 stop74
stop42 stop42 stop45
stop86 stop86
stop13 stop13
stop22 stop21 stop22 stop23 stop24
stop75 stop75
stop66 stop65 stop66 stop67
stop28 stop26 stop28 stop30
stop20 stop17 stop19 stop20
stop85 stop85 stop97
stop3 stop3
stop54 stop53 stop54 stop55 stop56
stop46 stop46 stop48 stop51
stop40 stop40
stop62 stop62
