stop0 stop14 stop35 stop18 stop161 stop167 stop4 stop100 stop128 stop68 stop146 stop73 stop142 stop116 stop91 stop163 stop11 stop149 stop39 stop78 stop138 stop26 stop50 stop159 stop44 stop56 stop144 stop16 stop84 stop143 stop122 stop106 stop112 stop168 stop61 stop147 stop104 stop28 stop156 stop158 stop24 stop131 stop88 stop160 stop0
44
stop0 stop0 stop2
stop14 stop14 stop15
stop35 stop35
stop18 stop18 stop19
stop161 stop161
stop167 stop167
stop4 stop4
stop100 stop99 stop100 stop101 stop102
stop128 stop123 stop125 stop127 stop128
stop68 stop68 stop69
stop146 stop146
stop73 stop71 stop73 stop74
stop142 stop142
stop116 stop116 stop118
stop91 stop90 stop91 stop92 stop93
stop163 stop163
stop11 stop8 stop10 stop11 stop13
stop149 stop149
stop39 stop39 stop40 stop42
stop78 stop78 stop79 stop81 stop82
stop138 stop138 stop139
stop26 stop26 stop27
stop50 stop50 stop51
stop159 stop159
stop44 stop44 stop46 stop47
stop56 stop56 stop57 stop59
stop144 stop144
stop16 stop16 stop17
stop84 stop84
stop143 stop143
stop122 stop122
stop106 stop105 stop106 stop107 stop109 stop110
stop112 stop112 stop113
stop168 stop168
stop61 stop60 stop61 stop62 stop63
stop147 stop147
stop104 stop104
stop28 stop28 stop29 stop30
stop156 stop156
stop158 stop158
stop24 stop24
stop131 stop131
stop88 stop88
stop160 stop160
