0 18 13 117 89 81 37 145 78 55 181 17 87 98 59 96 22 75 151 135 16 177 67 100 24 180 88 9 61 15 23 1 198 63 39 57 92 40 14 174 54 157 12 8 105 35 36 5 99 140 46 47 30 91 26 45 90 58 33 25 4 43 93 43 11 43 187 71 187 111 193 38 193 69 77 28 7 56 196 3 0
55
0 0
18 18
13 13 97
81 95 81 44
37 37
78 78
55 55 2
17 17 74
87 48 31 87
98 98 72
59 59
96 96
22 22 79
75 75 53
16 16 85
67 67
24 24
88 88 6
9 9
61 61 58 19 60
15 15
23 23
1 1
63 63
39 39
57 57
92 92
14 14 52
54 20 54 94
12 12
8 8
35 35
36 36 89
5 5 82
99 42 83 99 49 34 65 27 41
46 46 80
47 47
30 30
91 91
26 26
45 45
90 90
33 64 33 73
4 29 40 4 21 25
43 43 84
93 86 68 93
11 11 76
71 71
38 38
69 69 66
77 77 51
28 32 62 10 28
7 7
56 56
3 50 3 70
