144 18 141 187 95 71 152 39 188 175 62 16 110 114 44 78 21 132 3 122 165 90 169 130 156 104 67 170 174 83 74 159 147 87 42 142 183 136 93 128 7 121 49 28 144
39
18 18 19
141 141
187 187
95 95 99
152 152
39 39
188 188
62 62 64
16 13 14 16
110 110 112
114 114
44 44 47
78 78 79
21 21 24
132 132 133
3 3
165 165
90 90 92
169 169 170
130 130 131
156 156
104 104 106 107 108
67 66 67 70
174 174
83 83
74 74 75 76
159 157 158 159
147 147
87 87 88
42 42 43
142 142
183 183
136 136
93 93
128 126 127 128
7 7 8 11
121 119 120 122 124
49 49 51 53
28 28
