0 56 76 78 120 121 50 42 175 177 155 30 14 162 110 108 10 34 62 71 146 27 93 189 172 168 38 149 194 141 152 139 101 97 94 59 186 127 115 143 11 82 24 5 178 68 126 192 91 183 131 99 87 51 136 170 85 104 72 130 64 21 0
62
0 1 2
56 56
76 76 77
78 78 79
120 120
121 121
50 47 49 50
42 42 44 45 46
175 175
177 177
155 155
30 30 31
14 14
162 162 163 164
110 110
108 108
10 10
34 34 35
62 62 63
71 71
146 146
27 26 27 28 29
93 93
189 189
172 172
168 168
38 38 39
149 149 150
194 194 195
141 141 142
152 152
139 139 140
101 101 103
97 97
94 94
59 59
186 186
127 127
115 115
143 143
11 11 12 13
82 82
24 22 23 24
5 5
178 178 179
68 68
126 126
192 192 193
91 91
183 183
131 131 132 133
99 99 100
87 87
51 51 52
136 136
170 170
85 85
104 104 105
72 72 73
130 130
64 64 66 67
21 21
