0 198 126 172 120 196 106 147 104 147 23 124 26 124 157 41 157 88 152 151 161 69 142 69 12 176 10 109 185 35 182 73 182 38 145 100 51 100 145 38 125 195 36 160 36 189 167 98 170 98 166 98 167 14 140 2 112 188 123 128 3 128 99 128 119 128 153 82 29 82 153 129 58 56 77 21 169 141 95 65 11 143 90 197 90 143 96 105 96 175 86 164 117 89 186 150 138 57 55 92 55 0
56
0 1 2
198 198
172 172
196 196
106 106 107 108
147 147 148
104 101 102 103 104
23 23 24
26 26 27
157 157
41 41 43
152 152
69 67 68 69 71
142 142 143
12 10 11 12
176 176
185 185
35 35
182 182
73 72 73 74
38 38 39
51 45 46 49 50 51 52
125 125
195 195
160 160 161
189 189
167 167
170 170
166 166
14 13 14 16 19 20 21
112 112
188 188
123 123 124
3 3 9
99 99 100
119 119
82 82 83 85
29 29
129 129 132
77 77
169 169
141 141
95 95 97
65 59 64 66
197 197
105 105
175 175
86 86
164 164
89 89
186 186
150 150
138 137 138 139
57 57
55 55 56
92 90 92 94
