0 94 86 102 158 120 80 172 168 162 126 100 182 104 192 194 186 136 140 176 180 176 57 144 123 12 106 178 188 22 19 148 19 196 135 150 174 122 76 40 44 40 72 20 64 170 84 112 52 103 160 118 160 66 131 184 190 18 4 156 134 198 166 130 124 130 154 26 152 108 0
59
0 0 2
94 94
102 102
158 158
120 120
80 78 80 82
172 172
168 168
162 162 164
126 126 128
100 96 98 100
182 182
104 104
192 192
194 194
186 186
136 136 138
140 140
176 176
180 180
57 56 58 60 62
144 142 144 146
12 12 14 16
106 106
178 178
188 188
22 22 24
148 148
196 196
150 150
174 174
122 122
76 76
40 30 32 34 36 38 40
44 42 44 46 48 50
72 72 74
20 20
64 64
170 170
84 84 86 88 90 92
112 112
52 52 54
160 160
118 114 116 118
66 66 68 70
184 184
190 190
18 18
4 4 6 8 10
156 156
134 134
198 198
166 166
130 130 132
124 124
154 154
26 26 28
152 152
108 108 110
