Soda Dwinelle1 Warren1 EdwardsStadium NorthGate Sproul MLK1 Wurster Stephens1 Lewis Koshland MemorialStadium WooHonFai1 Blum WestGate1 Davis SutardjaDai1 Campanile Simon Zellerbach1 TangCenter1 BancroftLibrary Morrison Observatory1 Jacobs1 CalvinLaboratory1 HearstFieldAnnex CaliforniaHall Etcheverry1 Soda
29
Soda Bechtel
Dwinelle1 Dwinelle1
Warren1 Warren1
EdwardsStadium Bowles ClarkKerr DoeLibrary EdwardsStadium Foothill Gilman HaasPavilion
NorthGate NorthGate Pitzer
Sproul Mulford OBrien Pimentel SatherGate Sibley Sproul StadiumRim Stephens SutardjaDai TangCenter Warren
MLK1 Hildebrand1 MLK1 Moses1
Wurster Wurster Eshleman BarrowsHall Evans
Stephens1 Stephens1
Lewis Kroeber Latimer Lewis LowerSproul McEnerney MemorialGlade
Koshland Insectary Koshland LeConte McCone
MemorialStadium MemorialStadium Morgan
WooHonFai1 WooHonFai1
Blum Birge FoxCottage Blum
WestGate1 WestGate1
Davis HearstGymnasium Cleary HeatingPlant Davis
SutardjaDai1 SutardjaDai1
Campanile Hargrove Campanile Haviland
Simon Simon Stanley Tan Wellman
Zellerbach1 Zellerbach1
TangCenter1 TangCenter1
BancroftLibrary BancroftLibrary Hesse Durant Hilgard EastGate IshiCourt Kleeberger
Morrison Minor Moffitt Morrison
Observatory1 Observatory1
Jacobs1 Giannini1 GreekTheatre1 Haste1 HearstMiningCircle1 LifeSciences1 McLaughlin1 Jacobs1 KrutchTheater1
CalvinLaboratory1 WestGate WooHonFai Zellerbach Soda1 Bechtel1 Boalt1 CalvinLaboratory1 Cheit1 Cory1
HearstFieldAnnex HearstFieldAnnex Hertz
CaliforniaHall BotanicalGarden Giauque GoldmanPlaza CaliforniaHall Greenhouse Chou Chvez
Etcheverry1 Etcheverry1
