2 157 49 157 53 193 145 42 50 1 187 1 58 73 83 38 186 136 186 0 192 176 51 76 22 14 18 171 179 16 133 16 179 171 149 3 149 140 165 99 113 172 61 172 103 116 67 134 94 28 174 182 189 122 189 182 117 164 138 13 8 87 175 126 114 107 43 80 43 107 114 100 198 128 86 37 25 81 12 127 132 47 29 74 144 106 144 97 199 35 199 195 56 195 148 159 156 131 63 26 63 131 109 161 4 112 158 110 158 163 188 163 5 125 5 59 20 27 141 27 98 36 152 162 121 196 155 178 82 95 90 62 139 62 90 177 70 60 142 60 9 85 41 2
60
2 0 2
49 49 50
53 51 52 53
193 193 194
145 145 149
42 42 44 46 48
187 187
58 58 59
38 38
136 136
192 192
76 76 79
14 14 15
171 171 173
179 179 181
133 133
3 3 4
113 113
61 61
116 116 118
67 67 73
94 92 93 94
28 28 30
174 174
182 182
189 189
122 119 121 122
164 164 165
138 138
8 6 7 8
126 126
114 114 115
80 80
100 100
128 128 130 131
86 86
12 12 13
106 106
35 32 34 35
56 54 55 56
156 156 157
63 63
26 23 25 26 27
161 161
112 112
158 158
110 110
188 188
125 125
141 141
98 98
36 36
196 196
178 178
82 82 85
95 95 96 97
90 90
139 139
177 177
142 142
