ffffff ggggg ffffffff rrrrr fffff sssss bbbbbbb cccc j zzzzz wwwwww kkkkkkkk tttttt eeeee jjjj dddd qqqqqq ggggggg bbbbbb ttttt ssssss jjjjjj eeee ffff oooooo sssssss qqq yy sss aaaaaaaa mmmmmmmm rrrrrr ccccccc hhhh lll oooooooo wwww rr eeeeeee aa pppppppp vvvvvv k uuuuuu b llllll llllllll vvv ssss cccccc qq eeeeee gggg cc ppppp s hhh iiiiiiii o a uu uuu nnn tt xxx ffffff
65
ffffff x ffffff
ggggg m xxxxxxx ggggg
ffffffff ffffffff
rrrrr rrrrr
fffff fffff
sssss sssss ii
bbbbbbb bbbbbbb
cccc dd vvvvv cccc
j j hhhhhhh
zzzzz zzzzz
wwwwww wwwwww
kkkkkkkk kkkkkkkk
tttttt tttttt
eeeee eeeee
jjjj yyyyyyy nnnnnn xxxxx jjjj
dddd dddd
qqqqqq qqqqqq
ggggggg ggggggg
bbbbbb bbbbbb ll
ttttt ttttt
ssssss ssssss
jjjjjj jjjjjj
eeee eeee ttttttt
ffff ffff jjj
oooooo oooooo
sssssss sssssss
qqq qqq
yy yy
sss sss d iiiiiii
aaaaaaaa aaaaaaaa
mmmmmmmm mmmmmmmm bbbbbbbb
rrrrrr rrrrrr e uuuuuuu q
ccccccc ccccccc kkkkkk
hhhh hhhh ee
lll lll mm
oooooooo oooooooo
wwww wwww
rr rr wwwww
eeeeeee eeeeeee aaaaaa
aa aa ooooo
pppppppp pppppppp kkkk
vvvvvv vvvvvv
k k
uuuuuu uuuuuu aaaa
b b
llllll llllll aaa lllllll zzz
llllllll llllllll
vvv vvv
ssss ssss
cccccc cccccc
qq qq pppp
eeeeee eeeeee
gggg gggg
cc xxxx cc mmmm
ppppp ppppp
s s
hhh hhh
iiiiiiii iiiiiiii tttt
o o
a a
uu uu
uuu uuu
nnn nnn gggggggg
tt tt
xxx xxx
