f qq m z llllll ssssss ssss lllll wwwwwww iii jjjjjjj rrrrrr hhh ggggg q aaaaa wwww jjjj hhhh ttttt xxxxxx uu c w aaa p eeee a dddddddd sss bbbbbbbb fffffff uuuuu ss f
34
f f
qq qq ggg
m rrrrrrrr m xxx
z z qqqqqq
llllll llllll
ssssss ssssss
ssss ssss
lllll lllll ffffffff
wwwwwww wwwwwww
iii iii nnnn
jjjjjjj jjjjjjj
rrrrrr rrrrrr
hhh hhh
ggggg ggggg llllllll
q q
aaaaa aaaaa
wwww wwww qqqqqqq pp
jjjj jjjj
hhhh hhhh vvvv
ttttt ttttt
xxxxxx xxxxxx
uu uu v
c c
w w
aaa aaa
p p
eeee eeee
a a
dddddddd dddddddd zzz
sss sss vv
bbbbbbbb bbbbbbbb j
fffffff fffffff
uuuuu s uuuuu ff
ss ss
