199 24 10 151 197 28 158 71 158 139 99 85 104 45 102 97 31 157 41 177 103 81 16 48 5 39 90 39 5 65 86 156 163 75 163 156 119 124 37 145 130 35 182 133 105 77 51 160 185 129 47 93 178 50 101 13 108 57 11 114 59 21 73 21 83 55 3 55 94 62 183 87 149 172 197 151 10 24 199
26
10 7 8 9 10
28 23 24 25 26 27 28 29 30 31
71 68 69 70 71 72
99 99
97 96 97 98
41 40 41 42 43 44
81 79 80 81 82
16 16 17 18 19 20 21 22
48 48 49 50
5 4 5 6
90 90 91
65 63 64 65 66 67
75 75 76
37 36 37 38 39
35 32 33 34 35
77 77 78
47 45 46 47
13 13 14 15
57 56 57 58 59 60 61 62
11 11 12
73 73 74
83 83 84 85 86
55 51 52 53 54 55
3 0 1 2 3
94 92 93 94 95
87 87 88 89
