AlbertFredHaines JeremyJamesChavez RickyJamesBrumfield JohnBrendaFuller JudeJanetHarcourt JohnRichardSmith MarkDianeDuchon ManuelaJoseBailey LynnKennethChavez GaryCharlesHudson JimmyFlorTasson EdwardDennisStewart DianeElisePickett MarthaJackRobinson MarciaWalterKirschma EricTinaPerea ZacharyWarrenKarth TravisMichelleMeller KathleenJoseClark CraigJohnLard BernicePennyRiddick MistyRobertKing ThomasEssieEwing DeniseBrunoWilliam MaryJamesDavila JannaDavidCarranza KellyJohnnaOles RolandGregoryWatson FerdinandLukeJackson StormyOllieYork BradleyDeborahSaball EricTammyScott MichaelMarkHolloway IsaacGregGargano GlennaMichaelBorden JoStephenMay HowardKennethCollins PeterJosephBarbee EdwardErnestSinger StephenWilliamCoffma StevenNeilNguyen SandraHarryStewart KevinCharlesEvans EricJamesJuckett JosephAmandaMullen LawrenceBarryHadden AlbertFredHaines
46
AlbertFredHaines AlbertFredHaines WilliamDavidGray
JeremyJamesChavez JeremyJamesChavez
RickyJamesBrumfield RickyJamesBrumfield CassandraJaniceGlove
JohnBrendaFuller JohnBrendaFuller
JudeJanetHarcourt JudeJanetHarcourt
JohnRichardSmith JohnRichardSmith
MarkDianeDuchon MarkDianeDuchon
ManuelaJoseBailey ManuelaJoseBailey WadeSonnyMcbride RonaldEdnaArant
LynnKennethChavez DebraJaneFitzgerald MarkAngelaMccloud LynnKennethChavez
GaryCharlesHudson GaryCharlesHudson
JimmyFlorTasson JimmyFlorTasson
EdwardDennisStewart EdwardDennisStewart
DianeElisePickett DianeElisePickett DwainJoeFeldman
MarthaJackRobinson MarthaJackRobinson GeorgeWilliamJackson
MarciaWalterKirschma MarciaWalterKirschma JudyPearlineKaminski
EricTinaPerea EricTinaPerea RosaPatrickYankey
ZacharyWarrenKarth ZacharyWarrenKarth
TravisMichelleMeller TravisMichelleMeller
KathleenJoseClark KathleenJoseClark CherylMaryMorgan JessicaChristopherHa
CraigJohnLard CraigJohnLard
BernicePennyRiddick BernicePennyRiddick
MistyRobertKing MistyRobertKing
ThomasEssieEwing ThomasEssieEwing PerryJamesBennett
DeniseBrunoWilliam DeniseBrunoWilliam GeorgeHenryVillar JoannCharlieWilkinso
MaryJamesDavila DeeAmandaBartley MaryJamesDavila ClaudeBobbyBaker MichaelElizabethWeav
JannaDavidCarranza JannaDavidCarranza TommyAmandaMartin
KellyJohnnaOles KellyJohnnaOles
RolandGregoryWatson RolandGregoryWatson RobinStephenWebster
FerdinandLukeJackson FerdinandLukeJackson LillianJuanAncona
StormyOllieYork StormyOllieYork BrettDominickSonnier
BradleyDeborahSaball BradleyDeborahSaball
EricTammyScott EricTammyScott
MichaelMarkHolloway MichaelMarkHolloway
IsaacGregGargano IsaacGregGargano
GlennaMichaelBorden GlennaMichaelBorden CynthiaConnieWright DorisJeffreyBinger
JoStephenMay JoStephenMay
HowardKennethCollins HowardKennethCollins
PeterJosephBarbee PeterJosephBarbee KevinThomasHiggins
EdwardErnestSinger EdwardErnestSinger
StephenWilliamCoffma StephenWilliamCoffma JackieSharonScherrer
StevenNeilNguyen StevenNeilNguyen KathleenSherryDay
SandraHarryStewart SandraHarryStewart
KevinCharlesEvans KevinCharlesEvans DenaJewellDavis HeidiMayJohnson AnnDeannaLarzazs
EricJamesJuckett EricJamesJuckett ElmerDemetriusLark
JosephAmandaMullen JosephAmandaMullen JamesJordanZamora
LawrenceBarryHadden LawrenceBarryHadden
