SueJosephGarza NathanKevinCorathers BrianRolandAli ThomasAnnieRuiz MariaChristopherCast PaulEvanRichard BrianLuzArce JohnDustinKenny PaulShaneSoldner KennethShannonGardel CrystalShermanVida ChristinaDanaGrant AnnaKyleChang FranciscoFrancesHarr IraJimmyYang DonaldDoloresKelly PhyllisJackWilson LillieKathleenCervan SueCourtneyOsgood WilburnDavidMiller PatriciaBernardBrock MarianLuluDiaz LeroySandraLewis LauraPhilipWinkler OllieGeorgeSova SueJosephGarza
25
SueJosephGarza PamelaPageBullock
NathanKevinCorathers NathanKevinCorathers
BrianRolandAli BrianRolandAli
ThomasAnnieRuiz ThomasAnnieRuiz
MariaChristopherCast KarenErmaJensen ElsieJosephPhelps MariaChristopherCast
PaulEvanRichard PaulEvanRichard
BrianLuzArce BrianLuzArce
JohnDustinKenny JohnDustinKenny
PaulShaneSoldner PaulShaneSoldner
KennethShannonGardel KennethShannonGardel
CrystalShermanVida WilliamGeorgeWilliam LucyBennyHaag CrystalShermanVida
ChristinaDanaGrant ChristinaDanaGrant JessicaJohnSpells
AnnaKyleChang AnnaKyleChang
FranciscoFrancesHarr FranciscoFrancesHarr KevinHaroldCyr
IraJimmyYang IraJimmyYang
DonaldDoloresKelly DonaldDoloresKelly AshleyWilliamClarke
PhyllisJackWilson PhyllisJackWilson JohnJoseJudd AlfredaKirstenMartin
LillieKathleenCervan LillieKathleenCervan MelindaKennethAzar
SueCourtneyOsgood SueCourtneyOsgood
WilburnDavidMiller WilburnDavidMiller JamesJaredGonzalez
PatriciaBernardBrock PatriciaBernardBrock LuisHelenHughes
MarianLuluDiaz MarianLuluDiaz DarnellAliciaPeters
LeroySandraLewis LeroySandraLewis
LauraPhilipWinkler LauraPhilipWinkler MaryLindaKirkland
OllieGeorgeSova OllieGeorgeSova
