qgyqjgwlbh iznialmand epsflirloq gqulqjeire qlieaqyzel fdbzjhgcmh tjcamfqmxd ysndikwwgh sgizgtdhhn sthbsdqlwm xeuivcdbgm lgwqodunqt uyirsvqblu bzcpozsody rzgfaqookt yfvfzingng hpbkyqcejb vvurcgizpo dzokhkbjld hrbvyznkmd cynraykzum sngqmldfxu smlsmfgyxa hqvifzhbmo lpopityrof kmwsevkfov stxmhuffri wegckoctcp hnnlwliezo ajjekwybql qgyqjgwlbh
26
iznialmand iznialmand bnfhxmjqzg
gqulqjeire gqulqjeire
qlieaqyzel qlieaqyzel
fdbzjhgcmh fdbzjhgcmh
tjcamfqmxd tjcamfqmxd
ysndikwwgh ysndikwwgh fnlmocuczk
sgizgtdhhn sgizgtdhhn kgewtltijq czgfnbovhq
sthbsdqlwm sthbsdqlwm xpcqolcpnf wmeeitskjx
lgwqodunqt hyficezvgi ntlhpzyidk lgwqodunqt
uyirsvqblu uyirsvqblu
bzcpozsody bzcpozsody atkqvymdax
rzgfaqookt djtmyhmwnn rzgfaqookt somaaudaxm
yfvfzingng yfvfzingng
hpbkyqcejb hpbkyqcejb
vvurcgizpo vvurcgizpo
hrbvyznkmd hrbvyznkmd cddppqxsmb
cynraykzum cynraykzum
sngqmldfxu sngqmldfxu culutarzsm
smlsmfgyxa aruweadnpf smlsmfgyxa fwzkdpfinn feggaeevcb
hqvifzhbmo tvrzrioagg hqvifzhbmo npffaineub tdqzbpmftq
lpopityrof lpopityrof sqlbmrxpwv bvwklxlwsa
kmwsevkfov kmwsevkfov
stxmhuffri stxmhuffri gdtsmzpvig
wegckoctcp wegckoctcp
hnnlwliezo hnnlwliezo
ajjekwybql ajjekwybql
