dweidxeutk audojmtlep toeqvvzlae gpbaqafhdz irtbznwvcu zbgxyjmdnm cwexpxaktw tbpduhasiq wfybmclpmp dllzvxpcgk hpqsgalvar kjgjbkdckc bxdnijtmyn sjqdgtugly qjjslhkvnr ulneltboej itouxsyevo gvxfzzmwzk rzqbegeoni hcvrravrik siwbsyuwap wqeazvzkdf vtquakjujf taoimnqdrr lgpbgvlzpo hlimwiksjd rulcikswsa xwsnmxufqy ienasnqnvt cpdpvshtof wiwpekzeuz mgzyysypdp elifcmozpf afkxpktsxw rlgdknlxmz kgpqjqjrhc akzsqllzsv cmelcyxenw vqlbufoinm htfyksgccp gmvwahagsy uqhdcumthr xdmzjapanj zdiibealli hjvmodgwdg pgiiochubt fwwnyjpwnp bqrcwxsyuw wwmcjuetgz tdtlnqnprm xtugynuehn okcwuqslme depihfdmjk rwobvahhfa wlzaatlgns tzpaywhybw rqmdukqpbg aihlvhrjir bcwzxsuutq dzzxropcld fuhtgylsov dsflclsebb xdhiumwdwn dweidxeutk
58
dweidxeutk dweidxeutk
audojmtlep audojmtlep
toeqvvzlae toeqvvzlae
gpbaqafhdz gpbaqafhdz cxrfqntbtm
irtbznwvcu irtbznwvcu
zbgxyjmdnm zbgxyjmdnm tofdobbbjt
cwexpxaktw cwexpxaktw nimybvgttg
tbpduhasiq gyjkhdbyvm dlfzngcmgq lgpbgvlzpo
wfybmclpmp ftrqchqaif pphebmysxy wfybmclpmp
dllzvxpcgk dllzvxpcgk
hpqsgalvar hpqsgalvar
kjgjbkdckc kjgjbkdckc
bxdnijtmyn bxdnijtmyn
qjjslhkvnr qjjslhkvnr
ulneltboej sjcwiapdwb fxejnitkot ulneltboej
itouxsyevo itouxsyevo dfgysrnikx
gvxfzzmwzk gvxfzzmwzk sjqdgtugly
rzqbegeoni rzqbegeoni
hcvrravrik hcvrravrik jiowqcrqpz
siwbsyuwap siwbsyuwap ivgiotlrrr
wqeazvzkdf wqeazvzkdf
vtquakjujf vtquakjujf
taoimnqdrr taoimnqdrr mnmjklgmnp
hlimwiksjd hlimwiksjd
rulcikswsa rulcikswsa
xwsnmxufqy xwsnmxufqy cowtuqqsll
ienasnqnvt ienasnqnvt gqwhfeepal
cpdpvshtof lvqqznnzyn efgyvzmusc kufcwxmspu cpdpvshtof
wiwpekzeuz wiwpekzeuz dldiwncohw
elifcmozpf elifcmozpf
afkxpktsxw afkxpktsxw
rlgdknlxmz rlgdknlxmz
kgpqjqjrhc kgpqjqjrhc drtcvphibq nmshjtpxad
akzsqllzsv akzsqllzsv
cmelcyxenw cmelcyxenw
vqlbufoinm vqlbufoinm gkbqwvqnfu
gmvwahagsy gmvwahagsy auonnlthcz
uqhdcumthr uqhdcumthr
xdmzjapanj xdmzjapanj
zdiibealli zdiibealli
hjvmodgwdg hjvmodgwdg
pgiiochubt arrkheyths tehmqpfdnn pgiiochubt
fwwnyjpwnp fwwnyjpwnp
bqrcwxsyuw bqrcwxsyuw
wwmcjuetgz rqchbdjiqp wwmcjuetgz ctnsbezpjg
tdtlnqnprm tdtlnqnprm vpghbvlzxd cnbqxrvlvl ouzfljsksj fxpsowceqq
xtugynuehn xtugynuehn
okcwuqslme okcwuqslme
depihfdmjk depihfdmjk
rwobvahhfa rwobvahhfa iqbyvqgkcp
wlzaatlgns wlzaatlgns
tzpaywhybw klbefaxnzg cavyunvwuk tzpaywhybw
rqmdukqpbg rqmdukqpbg vteisghgld
aihlvhrjir aihlvhrjir
bcwzxsuutq bcwzxsuutq
dzzxropcld dzzxropcld
fuhtgylsov fuhtgylsov lzsvglcvqa naqyljkxxq
xdhiumwdwn xdhiumwdwn
