Place102 Place182 Place139 Place104 Place106 Place196 Place86 Place39 Place171 Place55 Place174 Place176 Place110 Place77 Place166 Place120 Place185 Place112 Place32 Place114 Place164 Place80 Place163 Place118 Place41 Place147 Place181 Place68 Place145 Place71 Place6 Place47 Place127 Place96 Place45 Place144 Place152 Place150 Place98 Place116 Place59 Place190 Place13 Place23 Place8 Place28 Place142 Place124 Place82 Place178 Place75 Place137 Place186 Place24 Place108 Place155 Place128 Place1 Place198 Place172 Place135 Place168 Place156 Place16 Place56 Place72 Place102
65
Place182 Place182
Place139 Place139 Place140
Place104 Place104
Place106 Place106 Place107
Place196 Place196 Place197
Place86 Place86
Place39 Place39
Place171 Place171
Place55 Place55
Place174 Place174 Place175
Place176 Place176
Place110 Place110
Place77 Place77 Place79
Place166 Place166
Place120 Place120
Place185 Place185
Place112 Place112
Place32 Place32 Place33
Place114 Place114 Place115
Place164 Place164
Place80 Place80 Place81
Place163 Place163
Place118 Place118
Place41 Place41 Place42
Place147 Place147 Place148
Place181 Place181
Place68 Place68
Place145 Place145 Place146
Place71 Place71
Place6 Place6 Place7
Place47 Place47 Place50
Place127 Place127
Place96 Place95 Place96 Place97
Place45 Place45
Place144 Place144
Place152 Place152 Place153
Place150 Place150 Place151
Place98 Place98 Place100
Place116 Place116 Place117
Place59 Place59
Place190 Place190
Place13 Place13
Place23 Place20 Place21 Place23
Place8 Place8 Place10
Place28 Place28
Place142 Place142
Place124 Place124 Place125
Place82 Place82 Place83
Place178 Place178
Place75 Place75 Place76
Place137 Place137
Place186 Place186
Place24 Place24 Place25 Place26 Place27
Place108 Place108
Place155 Place155
Place128 Place128 Place129
Place1 Place1 Place3
Place198 Place198 Place199
Place172 Place172
Place135 Place135
Place168 Place168
Place156 Place156
Place16 Place16 Place18
Place56 Place56 Place57 Place58
Place72 Place72 Place74
