Place72 Place98 Place15 Place53 Place81 Place43 Place75 Place47 Place83 Place87 Place40 Place22 Place85 Place59 Place50 Place33 Place26 Place93 Place61 Place4 Place57 Place31 Place41 Place89 Place17 Place48 Place10 Place0 Place77 Place91 Place72
30
Place72 Place71
Place98 Place98
Place15 Place15 Place16
Place53 Place52 Place53 Place54
Place81 Place81
Place43 Place43
Place75 Place75
Place47 Place47
Place83 Place83
Place87 Place87 Place88
Place40 Place40
Place22 Place22 Place23
Place85 Place85 Place86
Place59 Place59 Place60
Place50 Place50
Place33 Place33 Place34 Place36
Place26 Place26
Place93 Place93
Place61 Place61
Place4 Place4
Place57 Place56 Place57 Place58
Place31 Place29 Place30 Place31
Place41 Place41
Place89 Place89
Place17 Place17 Place18 Place19 Place20
Place48 Place48
Place10 Place10
Place0 Place0 Place1 Place2 Place3
Place77 Place77 Place78
Place91 Place91
