node0 node2 node4 node2 node0 node189 node190 node195 node193 node194 node193 node192 node190 node189 node182 node183 node185 node186 node188 node186 node187 node183 node182 node175 node176 node178 node179 node181 node179 node180 node176 node175 node168 node169 node173 node172 node174 node172 node171 node169 node168 node161 node154 node147 node140 node133 node126 node119 node120 node122 node123 node124 node120 node119 node112 node114 node116 node115 node113 node112 node105 node107 node109 node107 node105 node98 node91 node92 node91 node84 node85 node87 node88 node86 node84 node77 node79 node81 node79 node77 node70 node71 node73 node74 node76 node71 node70 node63 node64 node68 node67 node66 node64 node63 node56 node57 node59 node60 node58 node56 node49 node51 node53 node51 node49 node42 node43 node45 node46 node48 node43 node42 node35 node36 node40 node39 node38 node36 node35 node28 node29 node31 node32 node30 node28 node21 node23 node25 node23 node21 node14 node15 node17 node18 node20 node15 node14 node7 node8 node12 node11 node10 node8 node7 node0
43
node0 node3
node4 node5 node6
node195 node195
node194 node194
node192 node192
node185 node185
node188 node188
node187 node187
node178 node178
node181 node181
node180 node180
node173 node173
node174 node174
node171 node171
node154 node152 node153 node157 node159 node160 node164 node166 node167
node133 node129 node131 node132 node136 node138 node139 node143 node145 node146 node150
node122 node122
node124 node124 node125
node116 node117 node118
node115 node115
node109 node108 node110 node111
node92 node94 node96 node97 node101 node103 node104
node87 node87
node88 node89 node90
node81 node80 node82 node83
node73 node73 node75
node76 node76
node68 node68 node69
node66 node66
node59 node59
node60 node61 node62
node53 node52 node54 node55
node45 node45 node47
node48 node48
node40 node40 node41
node38 node38
node31 node31
node32 node33 node34
node25 node24 node26 node27
node17 node17 node19
node20 node20
node12 node12 node13
node10 node10
