node0 node1 node5 node1 node0 node91 node92 node96 node95 node97 node95 node94 node92 node91 node84 node77 node70 node63 node56 node57 node59 node60 node58 node56 node49 node51 node53 node51 node49 node42 node43 node45 node46 node44 node42 node35 node37 node39 node37 node35 node28 node29 node31 node32 node34 node29 node28 node21 node23 node25 node23 node21 node14 node15 node17 node18 node19 node15 node14 node7 node9 node11 node9 node7 node0
18
node0 node3
node5 node5 node6
node96 node96
node97 node97
node94 node94
node70 node66 node68 node69 node73 node75 node76 node80 node82 node83 node87 node89 node90
node59 node59
node60 node61 node62
node53 node52 node54 node55
node45 node45
node46 node47 node48
node39 node38 node40 node41
node31 node31 node33
node34 node34
node25 node24 node26 node27
node17 node17
node19 node19 node20
node11 node10 node12 node13
