Chelmbourne Edgwich Staintree Stafthorne Waltbrook Stafthorne Stapwell Alfby Leatherlake Alfby Elside Alfby Leatherlow Bracklow Barngrove Prestdon Barngrove Hartbage Maidenden Enlow Sudwich Prestey Enbage Flitham Shrivlow Durditch Barnham Alfcastle Egborne Cookton Horncester Edgchester Wenwang Sudworth Clerethorne Barnside Clerethorne Dartsted Edglow Shrivside Southmere Stainhall Whitover Stainside Enbage Prestey Brainbridge Sodside Wyhead Cleredon Staflow Rocktree Whitborough Horndown Whitborough Rocktree Cookbridge Rocktree Elgrove Staintree Alfwell Marlton Alfwell Casford Wetborne Chelmbourne
41
Chelmbourne Hornley
Edgwich Edgwich
Staintree Staintree
Waltbrook Waltbrook
Stapwell Stapwell Sudworth Shaftwich Aldhall
Alfby Alfby
Leatherlake Leatherlake
Elside Elside
Leatherlow Leatherlow
Bracklow Pemwold Dartsted Bracklow
Prestdon Prestdon Hurstworth
Hartbage Hartbage Wenwang Pemwood
Enlow Enlow Wenborough
Sudwich Sudwich Stapmoor Kingsley
Prestey Prestey
Enbage Enbage
Flitham Flitham
Shrivlow Whitavon Shrivlow Bursted
Durditch Durditch
Barnham Barnham
Egborne Egborne
Cookton Cookton
Horncester Horncester
Barnside Barnside
Shrivside Shrivside
Southmere Southmere
Stainhall Stainhall
Whitover Whitover
Brainbridge Brainbridge Egcastle
Sodside Sodside
Wyhead Wyhead
Cleredon Cleredon Stainside
Staflow Staflow
Rocktree Rocktree
Whitborough Whitborough
Horndown Horndown
Cookbridge Cookbridge
Elgrove Elgrove
Alfwell Alfwell Wenden Edgchester
Marlton Marlton Stapthorne
Casford Casford
