qtq cnv zgf npu sfp fsl ifc plx tnl nfy iuz bsz ili yiz ooc brk wiq fne tro tmd wpo mbx wpo htv eqm htv jta rod txk thz gfp xax fgo bai egz vub egz cjp zqn cxu qof pkx orc hpb orc lxt gak bwq lnv bwq qyi spp qyi qls qlo cpw opt hhe zbn vsu pjx pta rwt ahv krg uoz krg udq tmc udq unk pxs unk qfc rut qbj mnv lah xos lah llr uca jno thd ahy eku uxr qtq
58
qtq qtq
cnv cnv
zgf zgf ooi
npu npu
sfp dkn wuc sfp
plx plx
tnl tnl
nfy nfy egz
iuz iuz zgs
bsz hxo bsz qjm tro
ili ili fsl
ooc zqn rju ooc
brk brk
wiq wiq
tmd tmd
mbx mbx
htv htv itg
eqm eqm
jta jta idl
rod rod
txk txk yiz
thz lfh thz ukh
xax xax nhk
fgo fgo
bai bai
vub vub pwa
cjp cjp
cxu cxu
pkx kza pkx qnn nkx
orc orc
hpb ptq hpb ase krg
lxt lxt rxi
gak gak udq
lnv lnv uwp
spp spp
qls qls
qlo qlo wpq
cpw cpw
hhe hhe
zbn zbn
vsu vsu
pjx pjx vlt
pta pta xdz
rwt rwt
ahv ahv
uoz uoz wuf slq
tmc ynq tmc wju
pxs gup ifc pxs qbe
qfc qfc nhr
rut rut lah
qbj qbj
mnv vaf mnv hxp
xos xos
uca uca
jno jno
thd thd viv
ahy ahy
uxr uxr
