Soda Yolo Bret Vermont Bret Kenilworth Haste Cowper Greenwood High Marin Madera Marin Eunice Solano Allston Shasta Acacia Domingo Acacia Garber Colusa Menlo Belrose Poplar Spring Mabel Terrace Mabel Summit Vicente Alvarado Overlook Alvarado Oregon Anne Fresno Center Haskell Martin Yolo Soda
23
Bret Bowditch Bret Bristol Browning Burnett Byron
Vermont Vermont
Kenilworth Keeler Kenilworth Lewiston Mabel
Haste Haste Haviland
Greenwood Greenwood
High Heinz High Hospital
Madera Madera Marin
Eunice Eunice Florida
Allston Addison Ajax Allston
Shasta Shasta
Domingo Domingo Edith
Colusa Columbia Colusa Comstock Cutter
Menlo Menlo Muir
Belrose Bancroft Bataan Belrose
Poplar Poplar Poppy
Spring Spring
Terrace Terrace
Summit Summit
Overlook Overlook Pardee
Anne Anne Arch
Fresno Forest Fresno Fulton
Haskell Haskell
Martin Martin
