FD DP GK AF GO HB HD GP DI BN AZ GA CL DZ BC GQ FP EJ GJ ET GF BQ FR GZ ED GR ED FT HN DK AD EB HR EB DB BU AM BK GS GC AV HO EM FI GD CS GX EX BF DW EZ FY HM FO EK CO DN ER EN CC GN EE HH CM BT CM FK DU CK BV AC FU CU FD
55
DP DP DQ
GK GK
AF AF AG AJ AK
GO GO
HD HB HC HD HF
GP GP
DI DE DF DH DI
BN BN BO
AZ AZ
GA GA
DZ DZ
BC BA BC BE
GQ GQ
FP FP
EJ EJ
ET ET
GF GF
BQ BQ
FR FR FS
GZ GZ
GR GR
FT FT
AD AD
HR HR
DB DA DB DC
AM AM
BK BK BM
GS GS
GC GC
AV AT AU AV AW AX
HO HO HP
EM EM
FI FI FJ
GD GD
CS CS CT
GX GX
EX EW EX EY EZ
BF BF BG
FY FY
FO FM FN FO
EK EK EL
CO CO
DN DK DM DN
ER ER ES
EN EN EO
CC CC CF
GN GN
EE EE EG
HH HH
BT BT
DU DU
CK CG CI CK CL
BV BV BZ CA CB
FU FU FV
CU CU CW
