x115 x33 x127 x20 x75 x32 x114 x15 x106 x94 x27 x41 x122 x17 x98 x130 x69 x108 x111 x26 x48 x61 x91 x103 x44 x54 x82 x109 x13 x81 x9 x128 x73 x38 x124 x1 x136 x84 x57 x115
38
x33 x33 x34
x127 x127
x20 x20 x21
x75 x75 x76
x32 x32
x114 x114
x15 x15 x16
x106 x106
x94 x94
x27 x27
x41 x41 x43
x122 x122
x17 x17
x98 x98
x130 x130
x69 x69
x108 x108
x111 x111
x26 x26
x48 x48
x61 x61 x62 x64
x91 x89 x91 x92
x103 x103
x44 x44
x54 x50 x52 x53 x54
x82 x82 x83
x109 x109
x13 x13
x81 x81
x9 x9 x11
x128 x128
x73 x71 x73 x74
x38 x38 x40
x124 x124 x125
x1 x4 x5
x136 x136 x138
x84 x84
x57 x57 x58 x59
