Wolney Horndleside Reddingringey Nortditch Sodditch Brombrough Hamwich Rotsted Wendlethorne Ketthorne Southcompmere Bromwich Stapseyden Sistanwick Boothingtree Edgfield Hannensworth Watchsmith Endlesthorne Boothingwick Rockdenport Hanbasside Bootherbersted Wendlerewick Dribbinglow Ribbendhead Toddlenell Blanavon Ennell Wolden Horslake Brackavon Wycombe Sundlecombe Chedcastle Basserchester Cannell Camsreborough Braindlemere Ellensbrough Eggermoor Cheddenwang Sudhead Wencester Windlesseywang Pendlesbascastle Endcastle Marlborne Pendlesford Whitborough Camhampton Elmerdown Skelling Chilworth Wolbourne Braddlesreport Farnsmerbeck Hammingreport Camsmere Burglesbrook Soddlesbasbourne Braddleswick Sismith Clereshot Worringcompgrove Alddlesenbage Horndlehampton Falrensavon Suddingney Toddleborne Kettenwell Sundlesborne Staindlemansavon Chilmermere Penswick Ketworth Ciringover Aldlow Cammertree Candleseyney Elsmith Sudderbage Camsted Sirengrove Worglesmernell Sodham Durrenslow Flitcompwold Sunsseybrook Camtree Reddlesley Chippingchester Ribblesremoor Skellerbury Rothensden Wychringden Ensdown Chedwick Dribberbrough Melborne Camling Sudderwick Shaftport Falbaswood Siringbrook Skellingbaswold Skellingmansgrove Egwich Tippenside Chilhall Tippenside Egwich Elringlow Skellingmansgrove Skellingbaswold Leatherberlake Siringbrook Falbaswood Shaftport Sudderwick Camling Melborne Emsbrook Dribberbrough Chedwick Ensdown Wychringden Rothensden Skellerbury Worrersted Ribblesremoor Chippingchester Reddlesley Camtree Sunsseybrook Flitcompwold Bootbeck Durrenslow Sodham Worglesmernell Sirengrove Camsted Sudderbage Elsmith Candleseyney Cammertree Aldlow Ciringover Ketworth Penswick Chilmermere Staindlemansavon Sundlesborne Kettenwell Toddleborne Suddingney Falrensavon Horndlehampton Alddlesenbage Worringcompgrove Clereshot Hammermere Sismith Braddleswick Soddlesbasbourne Burglesbrook Camsmere Hammingreport Farnsmerbeck Braddlesreport Wolbourne Chilworth Skelling Elmerdown Camhampton Whitborough Pendlesford Marlborne Endcastle Pendlesbascastle Windlesseywang Wencester Sudhead Cheddenwang Eggermoor Ellensbrough Braindlemere Camsreborough Cannell Basserchester Chedcastle Sundlecombe Meley Wycombe Brackavon Horslake Wolden Ennell Blanavon Toddlenell Ribbendhead Dribbinglow Wendlerewick Bootherbersted Hanbasside Rockdenport Boothingwick Endlesthorne Watchsmith Hannensworth Edgfield Boothingtree Sistanwick Stapseyden Bromwich Southcompmere Ketthorne Chipcester Wendlethorne Rotsted Hamwich Brombrough Sodditch Nortditch Reddingringey Horndleside Wolney
28
Wolney Braindlemoor Sodden Brombrough Hamwich
Stapseyden Stapseyden Reddingbourne
Watchsmith Watchsmith Endlesthorne
Wendlerewick Hampenlake Wendlerewick Dribbinglow
Wolden Egmanston Wolden Horslake
Basserchester Basserchester Cannell
Cheddenwang Endingey Cheddenwang Sudhead
Marlborne Cirercompsted Marlborne Pendlesford
Chilworth Emthorne Chilworth Wolbourne
Burglesbrook Marlringlake Burglesbrook Soddlesbasbourne
Alddlesenbage Alddlesenbage Horndlehampton
Sundlesborne Hannerley Sundlesborne Staindlemansavon
Aldlow Tiphampton Aldlow Cammertree
Elsmith Suddendwell Sirengrove
Worglesmernell Worglesmernell
Camtree Camtree Reddlesley
Wychringden Wychringden
Ensdown Ensdown
Sudderwick Sudderwick Shaftport
Chilhall Chilhall
Elringlow Elringlow
Leatherberlake Leatherberlake
Emsbrook Emsbrook
Worrersted Worrersted
Bootbeck Bootbeck
Hammermere Hammermere
Meley Meley
Chipcester Chipcester Bromwich
