Whitgrove Sodberling Bursmith Hampingworth Worford Falderseythorne Durbrook Toddenmoor Ketnell Wetwick Hampingbascombe Sirenshall Wychcompwold Skellenshot Cihead Skellenshot Egbeck Cireport Leatherport Alddleringworth Bothenhall Basbage Warblestancester Tippendham Stainbrough Wendleringdown Stainbrough Wychditch Rothendcombe Wychditch Abglewold Farnditch Shaftmoor Bothenton Sodberling Enderbeck Sifield Abcester Waltbeck Cannerthorne Elside Wetsmith Warsmith Skellingover Candleswick Cirerham Wolley Cirerham Reddensden Melwood Suddenmoor Egmerhampton Prestwick Wychchester Marlbrook Shafthead Sundlethorne Abgleham Sundlethorne Endleberey Burlake Windleshead Casbrook Redcombe Burglemere Southbury Bassinghead Marlcester Nortwell Todhampton Bootwick Tippingbage Watchlake Ketchester Bursted Botbage Milthorne Rothingcombe Faldenhall Wethampton Egsted Southmere Sundendford Boothingchester Ellerbridge Sodberling Whitgrove
55
Whitgrove Whitgrove Wycastle
Sodberling Sodberling
Bursmith Bursmith
Hampingworth Hampingworth Staplow
Worford Worford
Falderseythorne Falderseythorne
Durbrook Elside Tippenbrook Dartden Durbrook Hampingcastle
Toddenmoor Toddenmoor
Wetwick Wetwick Worrenberwang
Hampingbascombe Hampingbascombe
Sirenshall Sirenshall
Wychcompwold Wychcompwold
Skellenshot Alfmere Emmerley Skellenshot
Cihead Cihead Botbeck
Leatherport Leatherport
Bothenhall Bothenhall Reddendeney
Tippendham Dribblecombe Stapbrough Chedworth Tippendham Watchlake Basditch
Wendleringdown Wendleringdown Skelberden
Rothendcombe Rothendcombe
Abglewold Abglewold
Farnditch Farnditch
Bothenton Bothenton
Enderbeck Whitringlake Enderbeck Penby
Abcester Sifield Blansbrook Bromstanham Falworth Abcester
Waltbeck Waltbeck
Cannerthorne Cannerthorne Ketnell
Wetsmith Wetsmith Horsnell Boothingmanstree Bastlebury Sodport
Skellingover Skellingover
Candleswick Candleswick Hamwold
Wolley Wolley
Melwood Staincombe Siey Rotherlow Melwood
Suddenmoor Suddenmoor
Egmerhampton Egmerhampton
Prestwick Prestwick Worhall
Wychchester Wychchester Suddingover
Marlbrook Marlbrook
Sundlethorne Sundlethorne Shaftborough
Abgleham Abgleham Farndlesover
Endleberey Endleberey
Casbrook Casbrook Siavon
Redcombe Redcombe Endingnell
Southbury Southbury Horstleover
Marlcester Marlcester
Nortwell Nortwell Eley
Todhampton Todhampton
Bootwick Bootwick
Tippingbage Tippingbage
Ketchester Ketchester Tipstoke Dribberham
Milthorne Milthorne Clereennell
Rothingcombe Rothingcombe
Faldenhall Faldenhall
Wethampton Wethampton
Egsted Egsted
Southmere Southmere
Sundendford Sundendford Ellerbridge Ribberrenston
