Warfield Chilbury Brackcompwang Chilbury Hammenshead Cicombe Todtree Cannerthorne Tipwick Ashborne Hamsling Soddlewick Falport Botherseyworth Falport Pendlewood Horstlescompstoke Suddlecombe Basringney Suddlecombe Ellingreham Suddlecombe Cambingstoke Wyborne Cammerrensmoor Suddleborne Skelling Shaftfield Dribbingworth Worhall Barndberbrough Skellingden Dribblewick Windling Millendon Chedtree Burglebrough Sudsmith Suddleover Chedtree Siringwang Stainbrough Ciditch Northall Ciditch Stainbrough Fulbourne Southbasport Elcompbridge Chiphead Pendingbrook Ketsmith Warfield
29
Warfield Whitchester Warfield Chilbury
Brackcompwang Brackcompwang
Cicombe Cicombe
Todtree Todtree Bastleseyham Chedderrenswich Hammerringey
Tipwick Tipwick Chelmstanwell
Ashborne Ashborne
Hamsling Hamsling
Falport Falport
Botherseyworth Botherseyworth
Horstlescompstoke Horstlescompstoke Pendlewood
Suddlecombe Suddlecombe
Basringney Basringney
Ellingreham Ellingreham Burglebrough
Cambingstoke Cambingstoke
Cammerrensmoor Ketport Windling Leatherbleside Cammerrensmoor
Suddleborne Suddleborne Soddlewick Chippingsted
Skelling Skelling
Dribbingworth Dribbingworth Stainbrough
Barndberbrough Barndberbrough Suddlecastle
Skellingden Skellingden
Millendon Millendon
Chedtree Chedtree Ashfield
Sudsmith Sudsmith
Suddleover Suddleover Elmansham Worberbrook
Siringwang Siringwang
Northall Northall
Southbasport Southbasport Wyborne Worhall
Chiphead Chiphead
Pendingbrook Pendingbrook Hannenmanswick
