0 15 30 45 60 75 90 105 90 106 120 106 121 106 122 107 91 92 108 123 124 123 108 93 94 79 78 79 80 95 110 95 80 65 50 65 80 81 82 83 84 85 100 115 100 85 86 87 88 87 103 104 119 104 89 59 74 72 71 56 41 55 41 25 10 25 40 54 53 68 53 38 23 7 6 5 20 35 20 5 4 19 18 33 48 63 48 33 17 16 0
33
0 0 3 5
30 30 31 34
45 45 46 47
75 75 76
105 105
106 106
120 120
121 121
122 122
124 124
93 93
78 78
80 80
95 95
110 108 109 110 111
50 50 51 52
83 83
85 85
100 98 100 103
115 115 116
88 88 90
119 119
71 70 71 73
55 55 56 57
25 25 28
10 10 13 15
40 40 41
68 68
23 23
7 7 8
35 35 36
18 18 20
63 63
