SantaClarita Carrollton Huntsville Thornton Beaumont Thornton Yonkers Memphis Wichita SiouxFalls Independence Bellevue Alexandria Newark OklahomaCity LosAngeles Orlando Brownsville RanchoCucamonga Washington Lancaster Surprise Torrance FortWayne Henderson FortWayne Torrance Hartford LongBeach LouisvilleJefferson Hartford Boston Ontario Omaha Allentown Stockton Indianapolis Frisco LexingtonFa SanDiego Paterson SanDiego Lubbock Concord Reno Fremont GardenGrove Carrollton SantaClarita
29
Huntsville Huntsville Shreveport Scottsdale
Beaumont Beaumont
Yonkers Yonkers
Wichita Wichita
SiouxFalls SiouxFalls Garland
Independence Independence
Bellevue Stamford Fayetteville Bellevue
Alexandria Alexandria
Newark Newark
OklahomaCity OklahomaCity
LosAngeles LosAngeles
Orlando Orlando
Brownsville Brownsville
RanchoCucamonga RanchoCucamonga
Washington Washington
Surprise Surprise Carrollton
Henderson Henderson
Hartford Hartford
LongBeach LongBeach
LouisvilleJefferson LouisvilleJefferson
Boston Sunnyvale Boston Allentown
Ontario Ontario Midland
Omaha NewportNews StPetersburg PembrokePines Omaha
Stockton Worcester StLouis Stockton WestValleyCity Austin Pomona
Indianapolis Indianapolis
LexingtonFa Victorville LexingtonFa Waco Visalia
Paterson Paterson Lafayette
Concord Concord
GardenGrove GardenGrove
