0 156 162 47 162 153 115 117 175 128 28 187 28 13 197 30 94 17 137 17 114 154 174 119 125 50 182 135 112 111 164 12 120 167 177 106 59 199 52 160 5 17 72 184 122 173 6 15 83 87 190 9 136 98 89 151 24 48 141 159 43 146 166 100 3 35 133 86 74 38 131 93 150 63 183 88 172 67 56 39 193 21 143 175 156 0
53
0 0 1
47 47
153 153 154 157 158
115 115 116
128 128 129 130
187 187
13 11 13 14
197 197
94 94 96
137 137 138
114 114
174 174
125 125
182 182
112 101 102 103 107 111
164 164
120 120
167 167
177 177
59 59
199 199
52 50 51 52
160 160
5 5 8
72 65 66 67 68 69 70 71 72 74 78 80 81
184 184
173 173
15 15 16 17 18
83 83 84
190 190
9 9
98 98
89 89
151 151 152
24 23 24 26 27 28 31 33
141 141
159 159
43 39 42 43
146 146
166 166
100 100
3 2 3 4
35 35
133 133 134
86 86
38 38
93 93
183 183
172 172
56 56
193 193
21 20 21 22
143 143
