vLeODpVlYSBeYNDYoXha biqCAetglYuANrTRzMiX pdXCnKagnvEntNTuPHdK CPszTohYUHARNedzFlDK OVoYVQPnlYoZBBKtyuLk WWpSpmTaSazKGIcNlBvp ruLqpYqEzGGiKysvsarb ybrQlUhznqOhsvndWAbl NAHeKyyhAObyyUEUSkSU fHcdXnOxSadpKeCUwNYm CmbFyJmcvVqyCmJgQxeI gMqbbwopmbxmOomqZjfm gIttwvzcgONwFblnGIqq gzxzakmqbxbsOczuQVLG gEufXNuuWhnlbNYaoQFJ gzxzakmqbxbsOczuQVLG wRjMmrpRuknxqunJrMAE iBjjCWwkYToOKfrrLnny wRjMmrpRuknxqunJrMAE DqUxIMslnixWfmkjQTmS TqyFrXuGvuBuqnpYbjKc DqUxIMslnixWfmkjQTmS ajvbaFpYiEBJySPsSLaI fToHwimUqLsKcKLZHiUX ajvbaFpYiEBJySPsSLaI sBkAYRISjTYinLFSNcKW vGdJmIpYPUGRspXiVLdc UgFPXEAdAfcfHGIbNTsq gMqbbwopmbxmOomqZjfm QkAjrUUuVdzSMnlfJLcO FEqXJcVrZfnSsHEUPhnl sdSgCnaZeeOuPKljZOSr sXfgLMwoysnMazVSWnhc sdSgCnaZeeOuPKljZOSr FEqXJcVrZfnSsHEUPhnl WCCOEUYmDvzZlrkDAqoi xQaDpDGAXhDYzSMnMWvb TwgqMzgExFHTIfcwfBnr cZgmtoPGHxdozTaDMiyf DWWCMAjZQQIEKOIiHFQN aWvnTxwRCeZSoCnPnhDt LeLGVrNGvkwLbzIWTNFP ubTtmhAXQixwuFvQluYa RjKEHTlRvtaVBbyqZVAw QQSjCkgLAWAPObYQvNsB qbmGewAditsWkTFHdxjP cvlwIwajcIlbhZbyFgmq qbmGewAditsWkTFHdxjP LOMgYipCQQXQnRqEqRwO mlipOrSnGcxXtoXBbRyl mevvwcZLudaokctOWvKe VhDSPHxolLkNxxDnpUyx PLDOWRIeaCSVLMyDadzC VhDSPHxolLkNxxDnpUyx mevvwcZLudaokctOWvKe FcEsyaTmqpoyvbDrHjlc TCAkluAESUWAMGFeNcGN MlwlINEFqmyzZNPXRLJF tVzUgXVoBYxBMnkkwFmk MlwlINEFqmyzZNPXRLJF zxeoSbTqbWPpSzalAtBI uyPyJzKFqWxgSNmpkDrB vLeODpVlYSBeYNDYoXha
32
vLeODpVlYSBeYNDYoXha fvEcAuRDdfuHEPLNpaTz
pdXCnKagnvEntNTuPHdK pdXCnKagnvEntNTuPHdK MlwlINEFqmyzZNPXRLJF
CPszTohYUHARNedzFlDK CPszTohYUHARNedzFlDK
OVoYVQPnlYoZBBKtyuLk OVoYVQPnlYoZBBKtyuLk
ruLqpYqEzGGiKysvsarb ruLqpYqEzGGiKysvsarb NciLXNPTvMoXdbTDZmlg
ybrQlUhznqOhsvndWAbl ybrQlUhznqOhsvndWAbl CfkBzkPETvagyIDCsLTD
NAHeKyyhAObyyUEUSkSU NAHeKyyhAObyyUEUSkSU
fHcdXnOxSadpKeCUwNYm fHcdXnOxSadpKeCUwNYm
CmbFyJmcvVqyCmJgQxeI CmbFyJmcvVqyCmJgQxeI
gMqbbwopmbxmOomqZjfm gMqbbwopmbxmOomqZjfm
gIttwvzcgONwFblnGIqq gIttwvzcgONwFblnGIqq DqUxIMslnixWfmkjQTmS aCucdhmWbhlrgfstQigR
gzxzakmqbxbsOczuQVLG AdXveYSBaneNwCQzrdSw gzxzakmqbxbsOczuQVLG VhDSPHxolLkNxxDnpUyx
gEufXNuuWhnlbNYaoQFJ gEufXNuuWhnlbNYaoQFJ
iBjjCWwkYToOKfrrLnny iBjjCWwkYToOKfrrLnny
TqyFrXuGvuBuqnpYbjKc TqyFrXuGvuBuqnpYbjKc
fToHwimUqLsKcKLZHiUX fToHwimUqLsKcKLZHiUX iDucfyZGMCbCQbXjbQqM
sBkAYRISjTYinLFSNcKW sBkAYRISjTYinLFSNcKW fPxvnMVMFwhJbNBURdgD
UgFPXEAdAfcfHGIbNTsq UgFPXEAdAfcfHGIbNTsq
QkAjrUUuVdzSMnlfJLcO ASXwCgVTXDdhSXJwFovC QkAjrUUuVdzSMnlfJLcO dyUDfEGgAoSshTRjMZZg TwgqMzgExFHTIfcwfBnr BXzACdzjLITNgbmDPlEu
sXfgLMwoysnMazVSWnhc sXfgLMwoysnMazVSWnhc
WCCOEUYmDvzZlrkDAqoi WCCOEUYmDvzZlrkDAqoi
cZgmtoPGHxdozTaDMiyf cZgmtoPGHxdozTaDMiyf jzQJaGLLiuQLhhyqBagr
DWWCMAjZQQIEKOIiHFQN DWWCMAjZQQIEKOIiHFQN
RjKEHTlRvtaVBbyqZVAw xQaDpDGAXhDYzSMnMWvb NVEtShKeuxpaFIOiyVqE RjKEHTlRvtaVBbyqZVAw
QQSjCkgLAWAPObYQvNsB QQSjCkgLAWAPObYQvNsB
cvlwIwajcIlbhZbyFgmq cvlwIwajcIlbhZbyFgmq iBYHAWUhqeQPjphQzpdN
mlipOrSnGcxXtoXBbRyl mlipOrSnGcxXtoXBbRyl jwIBHKkXHTPVsOJwBOsr
PLDOWRIeaCSVLMyDadzC PLDOWRIeaCSVLMyDadzC
FcEsyaTmqpoyvbDrHjlc FcEsyaTmqpoyvbDrHjlc
tVzUgXVoBYxBMnkkwFmk tVzUgXVoBYxBMnkkwFmk
zxeoSbTqbWPpSzalAtBI zxeoSbTqbWPpSzalAtBI
uyPyJzKFqWxgSNmpkDrB uyPyJzKFqWxgSNmpkDrB
