wNqlpYNsRbJEgiGpKxrU lbWonvEbeplndKguSTkk igyeOiSdezmmXGTwMzLw lbWonvEbeplndKguSTkk qfRRtdRbhYJBARMfPlZM CbGuHgZfQMmSOfHDFJnK XtZHoAxqEyzvMChzPHpN WMWBpOSnHGywZjCgaYyY QjbdwbUnopENkiNyqirZ qoaNjvaRghiMQXaVEoQe syonLisTOSczosCwoILE CvZkdIYtdeDHtwufupie oHoxoLeyDYnKZDzgMtxI NzDQJknJPDEkcwCHzzbF EmbDgEECbkHbfAfHCgwB vIbIQYXZnmYrooTLYNtu IamFpWICdyBhLFRVaylm SSDgxHQpSFRnlnnrMJNI XPPBMlNyfVVeZGIzTCEW pMOSpTzPTPLXHLOQMjnt oLMkSrYLQRLHmPiuLCTC umZXKcxkweEplHZdotgU QeYNNLpZMBxyiFbZMPFY umZXKcxkweEplHZdotgU FWnudSYFvYQJHehOpEKf fpoTaBKmVdlDCxFwCFoz wlySPverjehsBxldyigf edlAtPQdNXJQPCIzpkyX ihxEqMQIIvyQmtrtMjeO szyiMlKhtyOynWjcoMsm cMYyKTXGNKnFzrpwnXUl vTbNxpVTEoFlSjvvVvfG zHPSSEtFTQIbLYMdHqgP gcXUxTVUZWsOwtRNeDDa gFUGYXSirCYiFTivWNah erZKLqpCZsYKDnOCaBGq NIJaJxCurulNUdZZMxFk JvFxbsySBAiFiOUrzrBi SiOEBWtHUiopSvDVOkjb efZntVbfQTvIUOiRNPSH EEeDJaHeajXXlwYcHTeJ juzxSpUVuccJUMBOcJjO ANDviqMIuFwdcboQDprt QyXpliHSeQOPIsurIcpa XvUPApTFkqaSSizYsCIr GMxGouyyndiUBMqMdOoc joWAhkfNqIEECnBeulGl oZXYedlbtBLmkfoVmgta svUOWvTJLneAqJGnExpc fosrykBjHtdvgWTEWXFR gDYKDrbERUXTnCayjBrC QePOUWiXcAUCoHETxuGS iVjkcMenotYGMFEBTvoa VIPPawblKbhOVWrmrWBx iVjkcMenotYGMFEBTvoa oDgfEuAVpeOlkkTIMDLw ADVVlRLpnspleRTgeTdu oDgfEuAVpeOlkkTIMDLw mgNeYYUOPKpLeiVEFIXd kwPuYZgJgVVJfdBGUtPw HeWrJOKsDjgdrcamgZLN aGPbLNWYAMujnfHCTCMo kyApsCeFkLoLFCdkazaE PZwTcKCPsEmpxetNZvef ZauPfhkpsGmhbvkhkltR FaWIqatYRYVcXfVhAFRN bEfUXCTlwRBndElSbPGf UIlSMnVKIdNiXZNSiHsI yscsUFTNNyaVMKBztBdV VRpSthoDcomqMDsGoVql nCedHqGgdWAicwyuYWpg lIpVoDPUIfHCPpjswogJ lbWonvEbeplndKguSTkk wNqlpYNsRbJEgiGpKxrU
53
igyeOiSdezmmXGTwMzLw ZXihCBEQBTdisqSlEMsj IvXQutSorlqOgnSVAIUd igyeOiSdezmmXGTwMzLw
qfRRtdRbhYJBARMfPlZM qfRRtdRbhYJBARMfPlZM imEmCMbYEtZJJkwxkSDD
CbGuHgZfQMmSOfHDFJnK CbGuHgZfQMmSOfHDFJnK
XtZHoAxqEyzvMChzPHpN XtZHoAxqEyzvMChzPHpN CvZkdIYtdeDHtwufupie
WMWBpOSnHGywZjCgaYyY WMWBpOSnHGywZjCgaYyY
QjbdwbUnopENkiNyqirZ QjbdwbUnopENkiNyqirZ ccdJRKiTXwIErdhSIxfh
syonLisTOSczosCwoILE syonLisTOSczosCwoILE YTwycpmzEWCqqTELtzXc
oHoxoLeyDYnKZDzgMtxI oHoxoLeyDYnKZDzgMtxI
NzDQJknJPDEkcwCHzzbF UdSbtwxTqTJxOiUoxEqw scpUkbcaYSAsHhSktebT DZEpVGVXkxHljziwItaS JVONrXhhmtFWhFfDiOXW NzDQJknJPDEkcwCHzzbF xlbpuxAjoVPJWPCWBEkJ cMYyKTXGNKnFzrpwnXUl pzrGQEObzJGPnfATEYDc
EmbDgEECbkHbfAfHCgwB EmbDgEECbkHbfAfHCgwB wfEFdNDcColoskjTjcLm
vIbIQYXZnmYrooTLYNtu vIbIQYXZnmYrooTLYNtu
XPPBMlNyfVVeZGIzTCEW XPPBMlNyfVVeZGIzTCEW
pMOSpTzPTPLXHLOQMjnt pMOSpTzPTPLXHLOQMjnt cwgJAHVpCCTmuckJkncL
oLMkSrYLQRLHmPiuLCTC oLMkSrYLQRLHmPiuLCTC
QeYNNLpZMBxyiFbZMPFY QeYNNLpZMBxyiFbZMPFY
FWnudSYFvYQJHehOpEKf FWnudSYFvYQJHehOpEKf
fpoTaBKmVdlDCxFwCFoz fpoTaBKmVdlDCxFwCFoz fgzJCwocQniGlXAZHJId
wlySPverjehsBxldyigf aIuYyryCOUGVeCAqbqkg kqcEdfKLaRzxOhAIzchh SitzoubgYFeTjmkLjVPz wlySPverjehsBxldyigf hLaNXBYgTzgUhvjmqUTu
edlAtPQdNXJQPCIzpkyX wvSJDoqoPGAkYgSuPFPw zNRhhVdMWUgTnnqmAfeY xgBrJmdXVwtxgRuCBhMe KcrnMnFDTrBKaUaGpdLY ANDviqMIuFwdcboQDprt edlAtPQdNXJQPCIzpkyX lSJjEsqamUCgRZdCmdyI
ihxEqMQIIvyQmtrtMjeO ihxEqMQIIvyQmtrtMjeO oKAKfpUUuLItChLyByFh
szyiMlKhtyOynWjcoMsm szyiMlKhtyOynWjcoMsm
vTbNxpVTEoFlSjvvVvfG vTbNxpVTEoFlSjvvVvfG
zHPSSEtFTQIbLYMdHqgP zHPSSEtFTQIbLYMdHqgP MBJqOYmxhUYbldNVEdRy
gcXUxTVUZWsOwtRNeDDa gcXUxTVUZWsOwtRNeDDa
erZKLqpCZsYKDnOCaBGq erZKLqpCZsYKDnOCaBGq
NIJaJxCurulNUdZZMxFk NIJaJxCurulNUdZZMxFk
JvFxbsySBAiFiOUrzrBi JvFxbsySBAiFiOUrzrBi NtyLZDOaSczVvOGdocUp
SiOEBWtHUiopSvDVOkjb ZwvojvRdUOYNJXIwAqgC NJZlnWyeJFrkOwoqHKtT ayQgUwyRuQVKeyFLPNbQ
efZntVbfQTvIUOiRNPSH efZntVbfQTvIUOiRNPSH
EEeDJaHeajXXlwYcHTeJ EEeDJaHeajXXlwYcHTeJ
juzxSpUVuccJUMBOcJjO juzxSpUVuccJUMBOcJjO nreoVgWrBhNXFZgTBlXO
QyXpliHSeQOPIsurIcpa NPSPGRTNRcKKVpsBRSwh QyXpliHSeQOPIsurIcpa shugRMnaHVqQSmKaNBgu
XvUPApTFkqaSSizYsCIr XvUPApTFkqaSSizYsCIr
GMxGouyyndiUBMqMdOoc EhDFVLWZueLOrdjEOzEQ GMxGouyyndiUBMqMdOoc jUSlIFtitQxyvVLJjiCc
joWAhkfNqIEECnBeulGl DpztIuGTRpGuLsdlODJw NYdfLxXxFVvLEbDKzXWn joWAhkfNqIEECnBeulGl
oZXYedlbtBLmkfoVmgta oZXYedlbtBLmkfoVmgta
svUOWvTJLneAqJGnExpc svUOWvTJLneAqJGnExpc
gDYKDrbERUXTnCayjBrC gDYKDrbERUXTnCayjBrC
QePOUWiXcAUCoHETxuGS QePOUWiXcAUCoHETxuGS
VIPPawblKbhOVWrmrWBx VIPPawblKbhOVWrmrWBx TEPaiCedHTXapLxoBXMp
ADVVlRLpnspleRTgeTdu ADVVlRLpnspleRTgeTdu
mgNeYYUOPKpLeiVEFIXd mgNeYYUOPKpLeiVEFIXd RlHeRhvUOhGhZVGGJuED
kwPuYZgJgVVJfdBGUtPw kwPuYZgJgVVJfdBGUtPw
aGPbLNWYAMujnfHCTCMo aGPbLNWYAMujnfHCTCMo
kyApsCeFkLoLFCdkazaE kyApsCeFkLoLFCdkazaE
PZwTcKCPsEmpxetNZvef jznspKyqlmxZtgfQUJVB bFmSeBrfNuxjYPUDCLYq PZwTcKCPsEmpxetNZvef eOfnBeTgmYCNEnRUhlEK
ZauPfhkpsGmhbvkhkltR ZauPfhkpsGmhbvkhkltR lbWonvEbeplndKguSTkk
bEfUXCTlwRBndElSbPGf bEfUXCTlwRBndElSbPGf
UIlSMnVKIdNiXZNSiHsI UIlSMnVKIdNiXZNSiHsI HeWrJOKsDjgdrcamgZLN
yscsUFTNNyaVMKBztBdV yscsUFTNNyaVMKBztBdV
VRpSthoDcomqMDsGoVql VRpSthoDcomqMDsGoVql
nCedHqGgdWAicwyuYWpg nCedHqGgdWAicwyuYWpg
lIpVoDPUIfHCPpjswogJ eobSFtKBbBdcVrTOREdK eiLPqIroFfCGzqSAlzAp wuSVWJYvpiWaQAHXocSG
