a1 g1 g2 f1h f20 f21h f46h f47h f46h f21h f42h f43h f42h f21h f48h f49h f48h f21h f40h f41h f40h f21h f50h f51h f50h f21h f38h f39h f38h f21h f52h f53h f52h f21h f36h f37h f36h f21h f54h f55h f54h f21h f34h f35h f34h f21h f32h f21h f30h f21h f28h f21h f56h f57h f56h f21h f26h f27h f26h f21h f58h f59h f58h f21h f24h f25h f24h f21h f60h f61h f60h f21h f22h f23h f22h f21h f44h f45h f44h f21h f20 f1h f18 f19h f18 f1h f16 f17h f16 f1h g2 c1 c2 c3 c8 c9 c8 c3 c2 c1 g2 e1 e2 e4h e2 e1 g2 g1 b1h b2 b3 b2 b1h g1 a1
43
f1h f1h f3h f5h f7h f9h f11h f13h f15h
f21h f21h
f46h f46h
f47h f47h
f42h f42h
f43h f43h
f48h f48h
f49h f49h
f40h f40h
f41h f41h
f50h f50h
f51h f51h
f38h f38h
f39h f39h
f52h f52h
f53h f53h f54h
f36h f36h
f37h f37h
f55h f55h
f34h f34h
f35h f35h
f32h f32h f33h
f30h f30h f31h
f28h f28h f29h
f56h f56h
f57h f57h
f26h f26h
f27h f27h
f58h f58h
f59h f59h
f24h f24h
f25h f25h
f60h f60h
f61h f61h
f22h f22h
f23h f23h
f44h f44h
f45h f45h
f19h f19h
f17h f17h
c9 c6h c11h c13h c15h c17h c19h c21h d8h d13h
e4h e4h e6h
b3 a21h b1h b4h b5h b7h b10h b13h
