Soda location19 location13 location97 location96 location72 location8 location24 location38 location34 location88 location45 location50 location91 location74 location85 location56 location44 location54 location5 location20 location79 location64 location65 location31 location71 location40 location78 location86 location60 Soda
30
Soda location1 location2 location3
location19 location16 location17 location18 location19
location13 location12 location13 location14 location15
location97 location97 location98 location99 location100
location96 location93 location94 location95 location96
location72 location72 location73
location8 location8 location9 location10 location11
location24 location24 location25 location26 location27
location38 location37 location38 location39
location34 location33 location34 location35 location36
location88 location88 location89 location90
location45 location45 location46 location47
location50 location48 location49 location50 location51
location91 location91 location92
location74 location74 location75
location85 location82 location83 location84 location85
location56 location56 location57 location58 location59
location44 location42 location43 location44
location54 location52 location53 location54 location55
location5 location4 location5 location6 location7
location20 location20 location21 location22 location23
location79 location79 location80 location81
location64 location62 location63 location64
location65 location65 location66 location67 location68
location31 location28 location29 location30 location31 location32
location71 location69 location70 location71
location40 location40 location41
location78 location76 location77 location78
location86 location86 location87
location60 location60 location61
