loc48 loc31 loc21 loc28 loc64 loc17 loc92 loc98 loc43 loc68 loc55 loc90 loc71 loc88 loc80 loc81 loc23 loc69 loc96 loc5 loc40 loc73 loc11 loc27 loc0 loc52 loc34 loc45 loc7 loc60 loc94 loc61 loc48
32
loc48 loc47
loc31 loc31
loc21 loc19 loc20 loc21
loc28 loc28
loc64 loc64
loc17 loc17
loc92 loc92 loc93
loc98 loc98
loc43 loc43 loc44
loc68 loc68
loc55 loc55
loc90 loc89 loc90 loc91
loc71 loc71 loc72
loc88 loc88
loc80 loc80
loc81 loc81
loc23 loc23 loc24
loc69 loc69
loc96 loc96
loc5 loc3 loc4 loc5 loc6
loc40 loc40
loc73 loc73 loc75
loc11 loc11 loc12
loc27 loc25 loc26 loc27
loc0 loc0
loc52 loc52
loc34 loc34 loc35
loc45 loc45
loc7 loc7 loc9
loc60 loc60
loc94 loc94
loc61 loc61 loc63
