Jingzhou Ghugus LondonderryCountyBor TanahMerah FortLauderdale Depok CoonRapids Tabatinga Kabarnet SanJosedeOcoa Tottori Thamaga BurgbeiMagdeburg Chittaranjan SmederevskaPalanka Kirovsk Srinagar Malnate Kheri Ermelo Shumen elCampello Shumen Shizunaifurukawacho Entroncamento Chegem Khabarovsk AzZuwaytinah Ronse Frosinone Ouarzazat Frosinone SaintMichael MelitodiNapoli BeneBeraq Gangtok Rembangan Colachel Fredericia Jingzhou
33
Jingzhou Sagalo
Ghugus Ghugus Sarzedo
LondonderryCountyBor LondonderryCountyBor Radnor
TanahMerah TanahMerah
FortLauderdale FortLauderdale
Depok Depok
CoonRapids CoonRapids Lysva
Tabatinga Tabatinga
Kabarnet Kabarnet
SanJosedeOcoa SanJosedeOcoa
Tottori Tottori Sanaa
Thamaga Thamaga
BurgbeiMagdeburg BurgbeiMagdeburg
Chittaranjan Chittaranjan Jeypore
Kirovsk Kirovsk
Srinagar Srinagar Shively
Malnate Malnate
Kheri Bejucal Kheri Carmichael
Ermelo Ermelo
Shumen Shumen
elCampello elCampello
Shizunaifurukawacho Shizunaifurukawacho Veenendaal
Entroncamento Entroncamento
Chegem Chegem Manduria
Khabarovsk Khabarovsk JabalosSaraj
AzZuwaytinah RioFormoso Ketrzyn Crespo AzZuwaytinah
Ronse Ronse
Ouarzazat Ouarzazat
SaintMichael SaintMichael
BeneBeraq BeneBeraq Ibri
Gangtok Gangtok Carouge
Rembangan Rembangan
Colachel Colachel Rangae
