LesLilas Kambove ChalcodeDiazCovarrub BlueIsland MadinatHamad Itororo SpanishTown Kineshma Gunzenhausen Aracuai Kemise Bury Turek CapimGrosso Ortaca Morwa Acarau HaciendaLaCalera KotRadhaKishan Pezinok SenaMadureira Twante Rivas Garbsen FetestiGara PortoVelho Battambang Embu Tabou Korsakov NahiyatashShinafiyah Gorgan Shimofurano Prostejov Vaniyambadi Purnia Anjarah Khulm Mabopane Baramula Fuxin Mocoa EastLongmeadow Wangon HalfWayTree Belalcazar Kairouan Johnston Wenchi Alotenango Vyazniki Ontinyent Acireale Butuan Shchekino Angleton SenadorPompeu Sobue Arzamas TagbilaranCity Hirosaki Ibirataia SouthSaintPaul Sorada Escada Pozzuoli LesLilas
63
LesLilas Kaifeng
Kambove Kambove
ChalcodeDiazCovarrub ChalcodeDiazCovarrub
BlueIsland Kotka Haora BlueIsland
MadinatHamad MadinatHamad WestIslip
Itororo Itororo Haripur
SpanishTown SpanishTown
Kineshma Kineshma Skelmersdale
Gunzenhausen Gunzenhausen
Aracuai Aracuai
Kemise Kemise Langenhorn Sosnovka
Bury Bury
Turek Akcaabat Shurugwi Turek
CapimGrosso CapimGrosso
Ortaca Ortaca
Morwa Morwa
Acarau Acarau GuaMusang
HaciendaLaCalera VillaPauladeSarmient PriegodeCordoba HaciendaLaCalera
KotRadhaKishan KotRadhaKishan Nagar
Pezinok Pezinok
SenaMadureira SenaMadureira Rhondda
Twante Twante
Rivas Rivas
Garbsen Garbsen
FetestiGara FetestiGara
PortoVelho PortoVelho
Battambang Battambang
Embu Embu Espiye
Tabou FortWorth Tabou Manacapuru NoblePark
Korsakov Korsakov
NahiyatashShinafiyah NahiyatashShinafiyah
Gorgan Gorgan
Shimofurano Shimofurano Andrychow
Prostejov Prostejov AinBessem
Vaniyambadi Vaniyambadi Johnston
Anjarah Anjarah
Khulm Khulm
Mabopane Mabopane Hangu
Baramula Baramula
Fuxin Fuxin Zhaodong
Mocoa Mocoa
EastLongmeadow AinArnat EastLongmeadow Daokou
Wangon Wangon SantanadoLivramento
HalfWayTree Shieli MineralnyeVody Oerlinghausen
Belalcazar Belalcazar
Kairouan Kairouan SanJuandelaMaguana
Wenchi AshtonunderLyne Izhevsk Wenchi
Vyazniki Vyazniki
Ontinyent Ontinyent SaintCyrlEcole
Acireale Acireale
Butuan Butuan
Shchekino Shchekino Braila
Angleton Angleton
SenadorPompeu SenadorPompeu
Sobue Sobue
Arzamas Arzamas
TagbilaranCity TagbilaranCity
Hirosaki Hirosaki Gowurdak
Ibirataia Yafo Ibirataia MonteAlegre
SouthSaintPaul SouthSaintPaul
Sorada Sorada
Escada Escada
Pozzuoli Pozzuoli Lloydminster
