lyenDXSN cs0 lt1a5E0H 7h2PJW8oD2ihKQrfQ6 ImSpax GPeb MBLHuIgjJIXs uy3ouNIxumu7jEuoP1 2AR73oQdnbYqnDCGMFS EJDqk Plmj0j b4e4 FLdC wcmx8dhmsO cYPTdnJWL VNvsbB7eWJcAK0fU C8PRtY0wMczFLQQYxa zzYmU5YFhvp1 o3refHnx4qioqHztqMYE frNA534JEvY4f ZDtYWltAxD3Y l S8DQEZtWlk6ka46PO A67f vAIBd1Ae fzp 61 L 7Q 4OPV7 lyenDXSN
20
lyenDXSN BR G50hiUpVStHCMrd KtvQaJqCJTRpXM8ZI
lt1a5E0H lt1a5E0H
ImSpax ImSpax
GPeb GPeb M1PxrOPSNUVpc
MBLHuIgjJIXs MBLHuIgjJIXs 6yeW7sat9rvd K0A9bbVLm9atwTf
2AR73oQdnbYqnDCGMFS 2AR73oQdnbYqnDCGMFS hU
Plmj0j Plmj0j jvdVvQ zI
b4e4 nWkakNi6Qt9d4g Mu 6DVIvuGfPs2BU hVfqebryM4wN HwQeXpOEZHQ3s
wcmx8dhmsO wcmx8dhmsO
cYPTdnJWL cYPTdnJWL
VNvsbB7eWJcAK0fU VNvsbB7eWJcAK0fU wBJRoqVxn1t
zzYmU5YFhvp1 zzYmU5YFhvp1
o3refHnx4qioqHztqMYE o3refHnx4qioqHztqMYE akZmiQ7tmX f
frNA534JEvY4f frNA534JEvY4f
l l llx2p
A67f A67f nqeGwct CmV vJxAK1LaHyuu4yFNeul
vAIBd1Ae vAIBd1Ae hjCFXN9kbqn0UCNsZ
61 61
L L
7Q 7Q
