0 168 14 196 76 173 160 114 171 113 115 163 107 172 96 182 54 146 93 22 175 37 166 97 176 67 109 6 169 84 174 72 183 65 39 185 48 188 24 190 30 191 3 187 26 116 132 151 159 162 19 122 144 0
53
0 0
168 168
14 14
196 196
76 76 77 78 81
173 173
160 160
114 114
171 171
113 113
115 115
163 163
107 102 103 104 105 107
172 172
96 96
182 182
54 52 53 55 56 57 58
146 146 148
93 93
22 20 21 22 23
175 175
37 35 37 38
166 166
97 97 100
176 176
67 66 67 68 70 71
109 109 110
6 6 8 10
169 169
84 83 84 85 86 88
174 174
72 72
183 183
65 59 60 62 64 65
39 39 40 41 42 43
185 185
48 48 51
188 188
24 24 25
190 190
30 30 32
191 191 195
3 3 5
187 187
26 26
116 116 119 121
132 132 134
151 151
159 159
162 162
19 19
122 125 126
144 144
