0 68 18 157 18 155 18 140 18 141 18 147 18 163 18 136 18 20 184 20 181 20 182 20 188 174 162 131 193 173 179 186 133 185 196 177 175 194 198 20 190 20 195 20 180 20 178 20 189 20 192 20 169 20 187 20 191 197 176 183 150 130 18 68 0
39
157 157 158 159 160 161
155 155 156
140 137 138 139 140
141 141 142 143 144
147 145 146 147 148 149
163 163 164 165 166
136 134 135 136
184 184
181 181
182 182
188 188
174 174
162 162
131 131 132
193 193
173 173
179 179
186 186
133 133
185 185
196 196
177 177
175 175
194 194
198 198 199
190 190
195 195
180 180
178 178
189 189
192 192
169 167 168 169 170 171 172
187 187
191 191
197 197
176 176
183 183
150 150 151 152 153 154
130 130
