S 2M 2Aa 2Ab 2Af 2Ag 2Aj 2Ag 2Af 2M 2Fa 2Fe 2Fa 2M 2Da 2M 2Ea 2Ee 2Ea 2Ed 2Ek 2Ed 2Ea 2Ec 2Eh 2Ec 2Ea 2M 2Ca 2Cb 2Ca 2M 2Bf 2Ba 2Bb 2Ba 2M S 1M 1Ea 1Ed 1Ek 1Ed 1Ea 1Ec 1Eh 1Ec 1Ea 1M 1Fa 1Fe 1Fa 1M 1Da 1M 1Bf 1Ba 1Bb 1Ba 1M 1Aa 1M 1Ca 1Cb 1Ca 1M 1Af 1Ag 1Ai 1Ag 1Af 1M S
22
2Aa 2Aa
2Ab 2Ab 2Ac 2Ad 2Ae
2Ag 2Ag 2Ah 2Ai
2Aj 2Aj
2Fe 2Fe
2Da 2Dd 2De
2Ee 2Ee
2Ek 2Ek
2Eh 2Eh 2Ei
2Cb 2Ca 2Cb 2Cc 2Cd
2Bf 2Bf 2Bi 2Bj
2Bb 2Bb
1Ek 1Ek
1Eh 1Ee 1Eh 1Ei
1Fe 1Fe
1Da 1Dd 1De
1Bf 1Bf 1Bi
1Bb 1Bb
1Aa 1Aa 1Ab
1Cb 1Bj 1Ca 1Cb 1Cc 1Cd
1Af 1Ac 1Ad 1Ae 1Ag 1Ah
1Ai 1Ai 1Aj
