Acton Compton Bowles Buttonwillow Bystrom Aromas Bootjack Florin Alturas Dinuba Banning Alamo Avalon Columbia Carpinteria Columbia Fortuna Avenal Fortuna Calwa Carson Fallbrook Biggs Brawley Almanor Cambria Cayucos Cambria Belmont Brisbane Corning Arcata Fillmore Cobb Cabazon Cobb Barstow Calimesa Barstow Capitola Bradley Caruthers Covelo Ashland Alhambra Burlingame Ducor Bayview Colfax Calexico Blairsden Calexico Anderson Cerritos Bell Cerritos Bluewater Antioch Atascadero Angwin Bolinas Bellflower Carlsbad Acton
34
Acton Adelanto Alameda
Bowles Bowles Bradbury
Bystrom Burney Buttonwillow Byron Bystrom
Bootjack Bootjack Boron Boronda
Alturas Alpaugh Alpine Altadena Alturas
Banning Azusa Bakersfield Banning
Avalon Auburn August Avalon
Carpinteria Carlsbad Carmichael Carpinteria
Avenal Avenal Avery
Calwa Calwa Camarillo
Carson Carrick Carson Cartago
Biggs Biggs Biola Bishop
Almanor Alamo Albany Alhambra Almanor
Cambria Cambria Campbell Canyondam
Cayucos Cayucos Ceres
Belmont Belmont Belvedere Benicia Berkeley
Brisbane Brea Brentwood Brisbane
Arcata Arcata Armona Arnold Aromas
Cabazon Cabazon Calabasas Calexico
Calimesa Calimesa Calipatria Calistoga
Capitola Capitola Caribou
Bradley Bradley Brawley
Caruthers Caruthers Castroville
Ashland Artesia Arvin Ashland
Burlingame Broadmoor Burbank Burlingame
Bayview Barstow Bayview Beaumont
Blairsden Blairsden Bloomington
Anderson Amesti Anaheim Anderson
Cerritos Cerritos
Bell Beckwourth Belden Bell Bellflower
Bluewater Bluewater Blythe Bodfish
Antioch Angwin Antioch Aptos Arbuckle Arcadia
Atascadero Atascadero Atherton Atwater Auberry
Bolinas Bolinas Bonita Bonsall
