Soda Lorath Lys Myr Norvos Pentos2 Tyrosh Volantis Hoth Tatooine Naboo Coruscant Bespin Mustafar Niffelheim Muspelheim Vanaheim Yggdrasil Asgard Elysium Tartarus Asphodel Droon Olympus Kailash Troy TirNaNog Othrys Ganges Styx Acheron Lethe Phlegethon Cocytus SantasWorkshop Hel PolarExpress Ooo Homeworld TheKindegarden BaSingSe NorthernAirTemple SouthernAirTemple WesternAirTemple EasternAirTemple NorthernWaterTribe SouthernWaterTribe EmberIsland IslandOfKyoshi SiWongDesert CaveOfTwoLovers Omashu LakeLaogai RokusIsland RepublicCity Soda
26
Lorath Lorath Lys
Myr Myr Norvos
Pentos2 Pentos2 Tyrosh
Volantis Volantis Hoth
Tatooine Tatooine Naboo
Coruscant Coruscant Bespin
Mustafar Mustafar Niffelheim
Muspelheim Muspelheim Vanaheim
Yggdrasil Yggdrasil Asgard
Tartarus Elysium Tartarus Asphodel Droon
Olympus Olympus Kailash
Troy Troy TirNaNog
Othrys Othrys Ganges
Styx Styx Acheron
Lethe Lethe Phlegethon
Cocytus Cocytus SantasWorkshop
Hel Hel PolarExpress
Ooo Ooo Homeworld
TheKindegarden TheKindegarden BaSingSe
NorthernAirTemple NorthernAirTemple SouthernAirTemple
WesternAirTemple WesternAirTemple EasternAirTemple
NorthernWaterTribe NorthernWaterTribe SouthernWaterTribe
EmberIsland EmberIsland IslandOfKyoshi
SiWongDesert SiWongDesert CaveOfTwoLovers
Omashu Omashu LakeLaogai
RokusIsland RokusIsland RepublicCity
