6 13 20 27 34 41 48 46 43 46 48 47 48 55 53 50 53 55 62 69 76 83 90 89 87 89 90 97 104 111 110 111 118 116 112 116 118 117 115 117 118 125 123 120 123 125 124 122 124 125 132 131 128 131 132 139 137 133 137 139 138 136 138 139 146 144 140 144 146 145 146 153 152 150 152 149 152 153 160 158 154 158 160 167 165 167 174 172 169 172 174 181 180 177 180 181 179 181 188 186 182 186 188 195 193 189 193 195 194 195 6
38
6 1 2 6
20 10 11 12 17 18 19 22 25 27
34 30 31 32 38 39 41
43 43 44
47 47
50 50 51
62 53 60 61 62 64 65
69 69
76 74 75 76 77 80
83 83
87 87 88
104 90 91 94 96 100 101 103 105 106
110 110
112 112
115 115 116
120 120
124 124 126
122 122
128 128 129
133 133 134
136 136
140 140
145 142 145 148
150 150
149 149
160 160 161
154 154 155
165 165 166
174 174
172 172
169 169
181 181
177 177
179 179
186 186
182 182 184
189 189 190
194 194
