Greenhouse FacultyClub Greenhouse EyeCenter Greenhouse FacultyGlade Greenhouse EvansHall Greenhouse FoundersRock Greenhouse EvansDiamond Greenhouse FoxCottage Greenhouse EtcheverryHall Greenhouse FrankWay Greenhouse EshlemanHall Greenhouse GayleyRd Greenhouse EnergyBuilding Greenhouse GeneticsPlantBldg Greenhouse EdwardsStadium Greenhouse GianniniHall Greenhouse EastGate Greenhouse HertzHall Greenhouse DwinelleHall Greenhouse Cafe3 Greenhouse DwinelleAnnex Greenhouse unit3 Greenhouse DurhamTheatre Greenhouse DurantHall Greenhouse DonnerLab Greenhouse
25
Greenhouse BerkeleyMuseum BerkeleyWest BirgeHall BlackwellHall BlumHall BoaltHall BotanGarden ImagingCenter StarrLibrary CaliforniaHall CaliforniaStadium CalvinLaboratory CampbellHall CareerCenter ChanAuditorium ChavezCenter CheitHall ChouHall ClarkCampus ClassFountain ClassGate CNMAT CoryHall CyclotronRd DavisHall DoeLibrary
FacultyClub FacultyClub
EyeCenter EyeCenter
FacultyGlade FacultyGlade
EvansHall EvansHall
FoundersRock FoundersRock
EvansDiamond EvansDiamond
FoxCottage FoxCottage
EtcheverryHall EtcheverryHall
FrankWay FrankWay
EshlemanHall EshlemanHall
GayleyRd GayleyRd
EnergyBuilding EnergyBuilding
GeneticsPlantBldg GeneticsPlantBldg
EdwardsStadium EdwardsStadium
GianniniHall GianniniHall
EastGate EastGate
HertzHall HertzHall
DwinelleHall DwinelleHall
Cafe3 Cafe3
DwinelleAnnex DwinelleAnnex
unit3 unit3
DurhamTheatre DurhamTheatre
DurantHall DurantHall
DonnerLab DonnerLab
