Loc2 Loc82 Loc89 Loc41 Loc76 Loc67 Loc96 Loc40 Loc38 Loc54 Loc97 Loc90 Loc18 Loc10 Loc51 Loc45 Loc12 Loc6 Loc99 Loc66 Loc87 Loc14 Loc87 Loc28 Loc33 Loc46 Loc33 Loc92 Loc57 Loc60 Loc83 Loc86 Loc59 Loc75 Loc59 Loc91 Loc78 Loc34 Loc58 Loc55 Loc71 Loc55 Loc22 Loc55 Loc64 Loc93 Loc73 Loc31 Loc56 Loc2
27
Loc2 Loc0 Loc1 Loc3
Loc82 Loc82
Loc41 Loc41 Loc43
Loc76 Loc77 Loc80
Loc67 Loc67
Loc40 Loc40
Loc54 Loc52 Loc53 Loc54
Loc90 Loc90
Loc10 Loc10 Loc11
Loc45 Loc45
Loc6 Loc4 Loc6 Loc7 Loc8 Loc9
Loc66 Loc66
Loc14 Loc13 Loc14 Loc15 Loc16 Loc17 Loc19
Loc28 Loc26 Loc27 Loc28
Loc46 Loc46 Loc48
Loc92 Loc92
Loc60 Loc60
Loc86 Loc86
Loc75 Loc75
Loc91 Loc91
Loc34 Loc32 Loc34 Loc35
Loc58 Loc58
Loc71 Loc71
Loc22 Loc22 Loc24
Loc64 Loc64
Loc73 Loc73 Loc74
Loc56 Loc56
