Loc1 Loc137 Loc10 Loc67 Loc10 Loc143 Loc196 Loc13 Loc42 Loc71 Loc64 Loc172 Loc162 Loc54 Loc57 Loc89 Loc168 Loc47 Loc163 Loc47 Loc83 Loc47 Loc176 Loc138 Loc106 Loc66 Loc188 Loc56 Loc195 Loc56 Loc180 Loc56 Loc177 Loc165 Loc19 Loc165 Loc110 Loc165 Loc170 Loc78 Loc147 Loc130 Loc91 Loc128 Loc40 Loc85 Loc135 Loc149 Loc58 Loc197 Loc44 Loc158 Loc140 Loc158 Loc132 Loc186 Loc96 Loc167 Loc45 Loc62 Loc139 Loc15 Loc12 Loc189 Loc72 Loc46 Loc49 Loc76 Loc131 Loc7 Loc131 Loc182 Loc127 Loc153 Loc90 Loc183 Loc93 Loc118 Loc174 Loc60 Loc101 Loc84 Loc159 Loc191 Loc145 Loc146 Loc25 Loc146 Loc175 Loc113 Loc151 Loc113 Loc77 Loc157 Loc103 Loc157 Loc38 Loc156 Loc100 Loc1 Loc30 Loc1
55
Loc1 Loc0 Loc3
Loc137 Loc137
Loc67 Loc67
Loc143 Loc143 Loc144
Loc13 Loc9 Loc11 Loc13
Loc71 Loc71
Loc172 Loc172
Loc54 Loc50 Loc51 Loc52 Loc53 Loc54
Loc57 Loc57
Loc168 Loc168
Loc163 Loc163
Loc83 Loc83
Loc176 Loc176
Loc106 Loc106 Loc107
Loc188 Loc188
Loc195 Loc195
Loc180 Loc180
Loc177 Loc177
Loc19 Loc19 Loc20 Loc23
Loc110 Loc109 Loc110 Loc111
Loc170 Loc170 Loc171
Loc147 Loc147
Loc91 Loc91
Loc128 Loc128 Loc129
Loc85 Loc85
Loc149 Loc149
Loc197 Loc197
Loc44 Loc44
Loc140 Loc140 Loc141
Loc132 Loc132 Loc133
Loc96 Loc94 Loc95 Loc96 Loc97 Loc99
Loc167 Loc167
Loc62 Loc62 Loc65
Loc15 Loc14 Loc15 Loc16 Loc17 Loc18
Loc189 Loc189 Loc190 Loc192
Loc46 Loc46
Loc76 Loc74 Loc75 Loc76
Loc7 Loc5 Loc6 Loc7 Loc8
Loc182 Loc182
Loc127 Loc122 Loc123 Loc124
Loc153 Loc153 Loc154
Loc183 Loc183
Loc118 Loc118
Loc60 Loc59 Loc60 Loc61
Loc101 Loc101
Loc159 Loc159 Loc160
Loc145 Loc145
Loc25 Loc25 Loc27
Loc175 Loc175
Loc151 Loc151
Loc77 Loc77
Loc103 Loc103
Loc38 Loc37 Loc38 Loc39
Loc100 Loc100
Loc30 Loc30 Loc31 Loc32 Loc33
