pace respect throne country triple country throne structure shiver ignore due title mystery driver mystery title exile vegetarian exclusive dip opposed dramatic exempt buffet election interactive error home flag injury demand rob excuse attraction coffin bitter rage dialogue cotton paper autonomy ward lake begin greeting decisive linger deter note deter identity pier bleed curriculum bleed smile bleed pier approval rent swear coast profound virgin blonde native development skeleton gallon injection desk spoil desk enemy stress enemy illusion tool railcar confrontation mixture mercy science enter offset chew drawer compromise interface electronics swop nationalist brake scheme brake bowel joystick guarantee job viable likely comfortable likely other pace
60
pace pace likely
respect respect
throne throne
country country
triple triple quadruple
structure structure decisive
shiver shiver
ignore ignore
due due page audience
driver driver deter pipe
exile exile
exclusive headline dough exclusive
dip dip imposter
buffet buffet
election election
interactive pig financial interactive
error error
home home development
flag flag
injury injury output
rob rob
excuse excuse feature
attraction atmosphere attraction ask
coffin coffin
rage rage
cotton cotton
autonomy autonomy
begin begin
greeting greeting
note note liver
identity identity
curriculum knot curriculum coincide
smile smile pardon
rent chair rent straighten boom acceptance
swear swear
coast coast
profound profound
virgin virgin
native native
skeleton skeleton environment
injection injection market forge thumb
spoil spoil dive
enemy enemy
stress stress mature
illusion illusion
tool tool
railcar railcar
confrontation confrontation control
mercy mercy
offset offset candle
drawer teacher drawer widen
interface interface
electronics electronics
swop swop
scheme scheme
bowel bowel
guarantee guarantee physics exempt tablet
viable viable lifestyle
comfortable comfortable
other other assignment
