HAZtD F7CZj z82fM F7CZj J0OP0 iKwe0 F7CZj RN9nS ED9em 5h4rt ED9em CXkxa 3NU9e aWuHk 1gvq4 O8CwF TlJnt O8CwF DaieK uPUO1 DaieK p3gJd cpzS8 acHTt cpzS8 AwFdf 2zHfe wVSYr WVEjT Agb0E VG4na eVDVP Ia6ul kvy7i Q5zY0 69WZh 15wtn Mm2U8 v7hOX fExZu 2zHfe AwFdf kNG2j kjZGl UQeyk EgumV fWz4T iHR3J v0WXM R6NzB 0FMEI 2GCiD 0FMEI tgL8p DmTRc 4jcrD 7ZJYA p4kTx iIQll GrnJ7 UbqWX GrnJ7 rmW0U CHx6u lF8gH bMhFI SfSL1 RkCLD E6pda e7SjH 2LhKB e7SjH o2JtM 8x5TS ejBhY Q8lcd 6sv9O HAKlt Pk19A 0moVI 6owsT OWqP4 rVnMc SxklZ BaYb3 1VA1I Zok18 1VA1I jcSDd Xqwfz jyRQW zcuSA 4PSW9 0F8yg 9cp56 u60s4 Zxvdf u60s4 cC0Rg mJExt iqOI4 UqGfS NqBQW UqGfS Ssao4 kPB79 4PXv9 kPB79 6gp0A HAZtD
50
HAZtD GxQg8 4AhmX
z82fM z82fM
J0OP0 J0OP0 DmTRc
iKwe0 iKwe0 xKTIz
RN9nS RN9nS O8CwF
ED9em ED9em
5h4rt 5h4rt
1gvq4 1gvq4 ox9Gx
TlJnt TlJnt
DaieK DaieK
uPUO1 uPUO1
p3gJd p3gJd gpbSj
cpzS8 cpzS8
acHTt acHTt
AwFdf AwFdf
WVEjT WVEjT
Agb0E Agb0E
VG4na VG4na
eVDVP eVDVP
Ia6ul Ia6ul
69WZh mdIe6 Lusir BIY9X 69WZh DuU0x wnnBN v9joy
v7hOX SxklZ X2hjX v7hOX
kNG2j kNG2j
EgumV EgumV
fWz4T fWz4T
iHR3J iHR3J
2GCiD 2GCiD bW6Ms
4jcrD 4jcrD
p4kTx p4kTx zrVPv
UbqWX 7kY28 UbqWX jesVt E6pda
lF8gH lF8gH
bMhFI bMhFI iIQll rH3nx
2LhKB 2LhKB
Q8lcd Q8lcd
HAKlt HAKlt
Pk19A Pk19A
0moVI 0moVI
6owsT 6owsT HOuAL
OWqP4 OWqP4 iqOI4
Zok18 Zok18
jcSDd URrao 8Qx0C aegld VESmp
0F8yg cu5FB zcuSA fiXIW wedr3 H1xt8 pLg86 SEkfX 0F8yg 5EAEu
9cp56 gNinx iaaYU IOpdQ 4Tt2a CHx6u lJnz7 BaYb3 TzGS5
u60s4 1VA1I Vg6Sz u60s4 aWuHk
Zxvdf Zxvdf
cC0Rg Cg1yP fExZu cC0Rg R6NzB
UqGfS UqGfS iimZq vfAR8 9tf0w
NqBQW NqBQW
Ssao4 Ssao4
4PXv9 4PXv9
