location1 location101 location98 location97 location100 location103 location104 location107 location110 location113 location110 location111 location114 location117 location114 location115 location116 location119 location116 location16 location13 location10 location9 location6 location7 location8 location62 location59 location56 location53 location54 location57 location60 location33 location30 location29 location26 location25 location68 location69 location68 location71 location144 location143 location140 location139 location142 location145 location142 location141 location144 location147 location150 location153 location154 location157 location158 location161 location158 location155 location152 location149 location148 location78 location148 location151 location49 location46 location45 location42 location41 location38 location37 location74 location71 location169 location166 location165 location162 location159 location160 location163 location164 location167 location170 location173 location172 location175 location174 location177 location174 location171 location87 location90 location93 location92 location95 location92 location91 location88 location85 location86 location89 location86 location83 location86 location17 location20 location137 location134 location131 location132 location129 location126 location123 location120 location121 location124 location127 location124 location125 location67 location66 location179 location180 location1
67
location1 location1 location3 location5
location101 location101
location97 location97 location99
location103 location103 location105
location107 location107 location109
location113 location113
location111 location111
location117 location117
location115 location115
location119 location119
location16 location17 location19
location13 location13 location15
location9 location9 location11
location7 location7
location62 location63 location65
location59 location59 location61
location53 location53 location55
location57 location57
location33 location33 location35
location29 location29 location31
location25 location25 location27
location69 location69
location71 location71 location73
location143 location143
location139 location139
location145 location145
location141 location141
location147 location147
location153 location153
location157 location157
location161 location161
location155 location155
location149 location149
location78 location79 location81
location151 location151
location49 location49 location51
location45 location45 location47
location41 location41 location43
location37 location37 location39
location74 location75 location77
location169 location169
location165 location165
location159 location159
location163 location163
location167 location167
location173 location173
location175 location175
location177 location177
location171 location171
location87 location87
location93 location93
location95 location95
location91 location91
location85 location85
location89 location89
location83 location83
location20 location21 location23
location137 location137
location131 location131
location132 location133 location135
location129 location129
location123 location123
location121 location121
location127 location127
location125 location125
location67 location67
location179 location179
