Abbey Jasmin Sophie Laylah Haven Kayden Lacey Chasity Lilyana Kenzie Sharon Diana Rylee Jimena Kiley Juliette Parker Lilia Emma Alivia Zaria Ciara Shyanne Jazmyn Aniya Lucille Kaley Mira Arielle Carlie Brooklyn Alexia Baylee Imani Aubree Natalee Maggie Carlee Kaydence Tara Dayami Gillian Elianna Emilie Zara Iyana Riley Taniyah Keyla Jamiya Kira Matilda Mya Melina Jade Nia Abbey
56
Abbey Abbey
Jasmin Jasmin
Sophie Sophie
Laylah Laylah Leila
Haven Haven
Kayden Kayden
Lacey Lacey Lainey
Chasity Chasity
Lilyana Lilyana Lindsay
Kenzie Kenzie
Sharon Sharon
Diana Diana
Rylee Rylee
Jimena Jimena
Kiley Kiley Kimberly
Juliette Juliette
Parker Parker
Lilia Lilia
Emma Emma
Alivia Alivia
Zaria Zaria Zion
Ciara Christine Ciara Claire
Shyanne Shyanne Sophia
Jazmyn Jazmyn Jillian
Aniya Aniya Ariel
Lucille Lucille Madilynn
Kaley Kaley
Mira Mira Mireya
Arielle Arielle Aryana Ashley
Carlie Carlie Carly
Brooklyn Brooklyn Bryanna Camilla
Alexia Alexia Alexus Alia
Baylee Baylee
Imani Imani Ingrid
Aubree Aubree Avni
Natalee Natalee Neveah
Maggie Maggie
Carlee Carlee Carleigh
Kaydence Kaydence
Tara Tara
Dayami Dana Dayami Denisse
Gillian Gillian
Elianna Elianna
Emilie Emilie
Zara Zara
Iyana Iyana
Riley Riley
Taniyah Taniyah
Keyla Keyla Kiana
Jamiya Jamiya Janiya
Kira Kira Kristin Kristina
Matilda Matilda Mckayla Mckinley
Mya Mya Myah
Melina Melina
Jade Jade Jaden
Nia Nia Noelle
