Ilesa Foshan Aklera Stuttgart Liberia PointeClaire Liberia Paredes Calauan Valletta Sheoganj Shaowu Chacabuco Portogruaro Sillanwali Portogruaro Great Perth Clermont Perth Brzeg Kyzylorda Bensheim Gariadhar Bensheim An Krymsk American Krymsk Jiangyan Davis Toledo Meizhou Mexborough Belper Jashpurnagar Magomeni Minas Talipparamba Minas New Belper Skalica Belper Zaozhuang Belper Guli Belper Puerto Milledgeville Tupelo Bang Shagamu GatesNorth Barracas Oschatz Yingkou Oschatz Viewpark Palafrugell Villaquilambre Stupino PortVila Aistala Tharu Aistala DehiwalaMount Tupiza Malden Landshut WaltonontheNaze Polohy Alfenas Aleshtar Rafaela Sorsogon Oberhausen Hermsdorf Lodwar MitryMory Bogovinje MitryMory Ponta Sirsi Foshan Ilesa
54
Ilesa Resplendor Ilesa
Aklera Aklera Rutland
Stuttgart Stuttgart
PointeClaire PointeClaire
Paredes Paredes
Valletta Valletta
Shaowu Shaowu
Chacabuco Chacabuco
Sillanwali Sillanwali Bobigny
Great Great Ada Tyoply
Clermont Clermont
Brzeg Brzeg
Kyzylorda Kyzylorda
Bensheim Bensheim Perth
Gariadhar Gariadhar Bavly
An An Copperas
American American
Jiangyan Brunswick Jiangyan LonsleSaunier
Davis Davis Alexandria
Toledo Toledo
Meizhou Meizhou Rhosllanerchrugog
Mexborough Azrou Lille Oulmes Tiruppuvanam Mexborough
Jashpurnagar Jashpurnagar
Magomeni Magomeni
Talipparamba Talipparamba
New New Milagro
Skalica Skalica
Zaozhuang Zaozhuang
Guli Guli Sceaux
Puerto Puerto Onex
Tupelo Tupelo
Bang Bang
Shagamu Shagamu
Barracas Barracas Aurora
Yingkou Yingkou Ramla
Viewpark Viewpark
Palafrugell Palafrugell
Villaquilambre Villaquilambre Niort
Stupino Stupino
PortVila PortVila
Tharu Claremont GernikaLumo Dahlem Tharu UlanUde
DehiwalaMount DehiwalaMount
Tupiza Tupiza
Landshut Landshut Bon
WaltonontheNaze WaltonontheNaze
Polohy MitryMory Hermsdorf Calauan Ventimiglia Valday Uran Malden Milledgeville Jagna Marburg Polohy Foshan Puducherry Sishui Memmingen
Alfenas Alfenas
Aleshtar Aleshtar
Sorsogon Sorsogon
Oberhausen Oberhausen Palm
Lodwar Lodwar
Bogovinje Campobasso Bogovinje Mouscron Tak
Ponta Ponta
Sirsi Sirsi Itacoatiara
