pride thank equinox cancel scrap merit direct deter dialect valid deck tin fortune east dilemma craftsman pupil shelter homosexual transaction battery linear salmon bring accessible company traction domestic pride
28
pride prove pride nationalism magnitude
thank trance thank rabbit
equinox integrated equinox car
cancel transmission contract mechanism cancel
scrap ballot scrap appear creation
merit merit colon bracket breakin
direct direct line absorption dose
deter deter offensive mosaic
dialect knit glide dialect lobby
valid loud magnetic valid formation
deck deck perception childish exotic think
tin skip community tin suffer
fortune fortune tribe create
east gift east leash
dilemma dilemma vote
craftsman mind inhibition work craftsman
pupil pupil fuss celebration steward
shelter wrong desk shelter denial
homosexual seller makeup homosexual
transaction transaction
battery hide basketball battery pastel crew
linear linear adult minimize farewell
salmon snap whole salmon partnership
bring huge berry bring
accessible predict feign accessible maze
company concern company top belief
traction present dramatic traction thread
domestic domestic dedicate
