location4 location88 location62 location23 location16 location74 location47 location6 location34 location43 location70 location66 location94 location28 location99 location38 location79 location77 location93 location98 location76 location50 location60 location91 location11 location36 location44 location53 location85 location55 location81 location4
31
location4 location0 location1 location2 location3 location4
location88 location86 location88 location89
location62 location62
location23 location23 location24
location16 location16
location74 location74
location47 location47
location6 location6
location34 location34
location43 location43
location70 location68 location69 location70
location66 location66
location94 location94 location95
location28 location28
location99 location99
location38 location38
location79 location79
location77 location77 location78
location93 location93
location98 location98
location76 location76
location50 location50
location60 location60 location61
location91 location91
location11 location11 location13 location15
location36 location36 location37
location44 location44
location53 location53 location54
location85 location85
location55 location55 location56 location57
location81 location81 location83
