1 168 169 171 170 168 1 164 167 166 165 164 1 156 158 159 157 156 1 176 177 178 179 180 179 178 177 176 1 126 127 128 127 126 1 160 161 162 160 1 118 119 118 1 172 173 174 172 1 110 1 106 108 107 106 1 150 151 152 153 152 151 150 1 100 101 102 104 103 102 101 100 1
24
1 3 4 5 7 8 9 11 12 13 15 16 17 19 20 21 23 24 25 28 30 53 54 55 57 58 59 61 62 63 65 66 67 69 70 71 73 74 75 78 80
169 169
171 171
170 170
167 167
166 166
165 165
158 158
159 159
157 157
178 178
180 180
128 128 130
161 161
162 162 163
119 119 120 121 123 124 125
173 173
174 174 175
110 111 112 113 115 116 117
108 108 109
107 107
153 153 154 155
104 104 105
103 103
