3a 95a 48a 59a 0a 51a 53a 9a 50a 98a 75a 79a 96a 92a 37a 84a 83a 61a 40a 72a 103a 52a 20a 42a 16a 2a 99a 13a 34a 14a 60a 39a 44a 24a 88a 87a 24a 35a 25a 67a 65a 77a 22a 32a 71a 17a 56a 73a 8a 93a 91a 57a 28a 23a 3a
37
3a 4a 5a 6a 7a
48a 47a 48a 49a
0a 0a 1a
51a 51a 52a
53a 53a
9a 9a
98a 98a
75a 75a
79a 79a 80a
96a 96a
92a 92a
37a 37a 38a
84a 84a
83a 83a
61a 61a 62a
40a 40a 41a
72a 72a
16a 16a
99a 99a
34a 30a 31a 32a 34a
14a 14a 15a
60a 60a
39a 39a
44a 42a 43a 44a
88a 88a
87a 87a
35a 35a
25a 25a
65a 64a 65a 66a 67a
77a 77a
22a 21a 22a 23a
71a 71a
56a 56a
73a 73a
93a 93a
57a 57a 58a
28a 28a 29a
