loc0 loc62 loc27 loc92 loc63 loc98 loc60 loc50 loc48 loc10 loc48 loc32 loc90 loc56 loc24 loc46 loc51 loc76 loc42 loc88 loc84 loc26 loc78 loc34 loc36 loc68 loc36 loc82 loc78 loc86 loc54 loc72 loc96 loc80 loc18 loc52 loc18 loc14 loc0
29
loc0 loc0 loc2 loc4
loc62 loc58 loc60 loc62 loc64
loc92 loc92 loc94
loc98 loc98
loc50 loc50
loc48 loc48
loc10 loc6 loc8 loc10
loc32 loc28 loc30 loc32
loc90 loc90
loc56 loc56
loc24 loc20 loc22 loc24
loc46 loc46
loc76 loc76
loc42 loc42 loc44
loc88 loc88
loc84 loc84
loc26 loc26
loc78 loc78
loc34 loc34
loc36 loc36 loc38 loc40
loc68 loc66 loc68 loc70
loc82 loc82
loc86 loc86
loc54 loc54
loc72 loc72 loc74
loc96 loc96
loc80 loc80
loc52 loc52
loc14 loc12 loc14 loc16 loc18
