loc0 loc55 loc120 loc108 loc172 loc192 loc178 loc186 loc78 loc22 loc117 loc194 loc117 loc158 loc117 loc122 loc159 loc184 loc15 loc140 loc39 loc94 loc177 loc86 loc75 loc176 loc147 loc188 loc147 loc8 loc147 loc166 loc195 loc70 loc168 loc130 loc168 loc118 loc153 loc88 loc138 loc160 loc174 loc190 loc174 loc44 loc198 loc170 loc162 loc180 loc182 loc45 loc164 loc45 loc134 loc144 loc32 loc144 loc148 loc105 loc50 loc105 loc106 loc126 loc98 loc63 loc124 loc132 loc62 loc132 loc196 loc36 loc102 loc150 loc146 loc12 loc0
53
loc0 loc0 loc2 loc4 loc6
loc55 loc54 loc56 loc58
loc120 loc120
loc108 loc108 loc110 loc112 loc114 loc116
loc172 loc172 loc174
loc192 loc192
loc178 loc178
loc186 loc186
loc78 loc78 loc80
loc22 loc18 loc20 loc22 loc24
loc194 loc194
loc158 loc154 loc156 loc158
loc122 loc122
loc184 loc184
loc140 loc140 loc142
loc94 loc92 loc94 loc96
loc86 loc82 loc84 loc86
loc176 loc176
loc188 loc188
loc8 loc8
loc166 loc166
loc70 loc70 loc72 loc74 loc76
loc168 loc168
loc130 loc130
loc118 loc118
loc88 loc88 loc90
loc138 loc138
loc160 loc160
loc190 loc190
loc44 loc42 loc44 loc46 loc48
loc198 loc198
loc170 loc170
loc162 loc162
loc180 loc180
loc182 loc182
loc164 loc164
loc134 loc134 loc136
loc144 loc144
loc32 loc26 loc28 loc30 loc32
loc148 loc148
loc50 loc50 loc52
loc106 loc106
loc126 loc126 loc128
loc98 loc98 loc100
loc124 loc124
loc132 loc132
loc62 loc60 loc62 loc64 loc66 loc68
loc196 loc196
loc36 loc34 loc36 loc38 loc40
loc102 loc102 loc104
loc150 loc150 loc152
loc146 loc146
loc12 loc10 loc12 loc14 loc16
