0 1 2 12 3 4 5 15 26 16 17 8 9 18 29 39 38 37 48 57 67 77 76 86 96 87 88 89 99 98 108 107 116 117 128 129 139 138 137 147 148 158 168 178 189 199 198 188 187 196 186 175 166 165 164 173 183 182 181 170 160 150 140 130 120 121 122 132 142 152 153 154 155 146 135 125 114 105 94 93 103 102 111 101 90 81 70 61 62 72 83 73 64 54 45 34 33 43 42 51 41 31 22 21 20 10 0
67
2 2
12 12
4 4 5
15 15 16
26 26
17 17 18
8 8
9 9
29 29
39 39
37 37
48 48
67 67 68
77 77
76 76
86 86 87
96 96 98
89 89
99 99 101
108 108
116 116 118
128 129 130
139 139
147 147 149
158 158
178 178
189 189
199 199
198 198
188 188
196 196
186 186 187
175 175 176
166 166 167
164 164 165
183 182 183 184
181 181
160 160 161
150 150 151
140 140
120 120
122 122 123
132 132 133
152 152 153
154 154
155 155
146 146
125 125 127
114 114
105 105 107
94 94 95
103 102 103 104
111 111
81 80 81 82
70 70 71
61 61
72 72 73
83 83
64 64
45 45
33 33
43 43
42 42
51 51 53
31 31
22 22 24
20 20 21
