start g9 g13 g16 g21 g24 g19 g15 g12 g8 start g6 g2 g5 g1 g4 start c3 c1 c3 c8 c9 c12 c13 c12 c11 c20 c17 c20 c36 c35 c31 c27 c26 c28 c29 c30 c23 c21 c20 c11 c8 c3 start d3 d4 d3 start a2 a4 a1 start f11 f12 f13 f5 f15 f17 f7 f14 f9 f18 f19 f18 f9 f14 start b16 b10 b9 b8 b7 b1 b7 b8 b9 b10 b11 b12 b13 b5 b13 b12 b11 b3 b11 b10 b16 b17 b18 b19 b20 b24 b20 b19 b18 b17 b16 start e1 e19 e1 e3 e4 e21 e4 e6 e8 e22 e10 e23 e12 e24 e14 start h1 h8 h9 h8 h2 h3 h25 h24 h25 h17 h6 start
36
g13 g13 g14
g21 g20 g21 g22 g23
g24 g24 g25
g19 g15 g16 g17 g18 g19
g8 g8 g9 g10 g11 g12
g6 g4 g5 g6 g7
g2 g2 g3
g1 g1
c1 c1 c5
c13 c10 c13 c15
c17 c17
c31 c27 c31 c33 d1
c26 c26
c23 c23
c21 c21
d4 d4 d5
a2 a2 a3
a4 a4
a1 a1
f11 f11
f13 f12 f13 f14
f15 f15 f16
f17 f17 f18
f19 f19 f20
b1 b1 b2
b5 b5 b6 b15
b3 b3 b4
b24 b24 b25 b26
e19 a5 e19 e20
e21 e21
e22 e22
e23 e23
e24 e24 e25
h9 h9 h13
h24 h22 h24 h26
h17 h17 h18
