BU FF BZ AN BZ CY CA CO ES FR BK AE EL BP BQ GE BN CK GK EK GQ DD GG DX GO AD CS AD FW DE FY HC EG FB EH BA CD BF CL FD HH EV DT FC DZ FC HM HP EY ET HA AT FP BT FG GA DI DL FN EN DW FL FU EO GT DU GH FS EC GY CW AR EQ GM BE HJ DP HF BU
66
BU BU
FF FF
BZ BW BY BZ
AN AN
CY CY CZ
CA CA
CO CO
ES ER ES ET
FR FR
BK BK BM
AE AE AF
EL EL
BQ BQ
GE GE
BN BN
CK CK CM
GK GK
EK EK
GQ GQ GS
DD DD
DX DX
GO GO GP
CS CQ CR CS
FW FW
DE DE
FY FY
HC HC
EG EG
FB FB
EH EH
BA AX AY BA
CD CD CI
BF BF BG BH
FD FD
HH HH
EV EV
DT DR DS DT
DZ DZ
HM HM
HP HP
EY EY
HA HA
AT AT AV
FP FP
FG FG FI
GA GA
DI DI DJ DK
DL DL DM
FN FN
EN EN EO
FL FL
FU FU
GT GT
DU DU DV
GH GH
FS FS
EC EC
GY GY
CW CT CV CW CX
AR AP AQ AR
EQ EQ
GM GM GN
BE BE
HJ HJ
DP DP DQ
HF HF HG
