Qatar SanMarino Gabon France Andorra Nicaragua Peru Singapore UAE Lebanon Senegal Malta Swaziland Belarus CostaRica Kosovo Tunisia Tajikistan Belgium Australia Estonia Liberia Kyrgyzstan UnitedKingdom Haiti Tanzania Angola Sweden DemofChina Egypt Morocco VaticanCity Macedonia Qatar
33
Qatar Mongolia Albania America
SanMarino SanMarino
Gabon Gabon RussianFederation
France France Guyana
Andorra Andorra
Nicaragua Nicaragua Netherlands
Peru Peru
Singapore Singapore
UAE UAE
Lebanon Lebanon
Senegal GuineaBissau SierraLeone Senegal
Malta Malta
Swaziland Montenegro Danzig Georgia
Belarus Belarus
CostaRica CostaRica
Kosovo Kosovo
Tunisia Tunisia
Tajikistan Tajikistan Mozambique Burundi
Belgium Belgium
Australia Australia
Estonia Estonia
Liberia Liberia
Kyrgyzstan Kyrgyzstan
UnitedKingdom UnitedKingdom Tuvalu Mali
Haiti Haiti
Tanzania Tanzania
Angola Angola
Sweden Sweden
DemofChina DemofChina
Egypt Egypt SaintLucia
Morocco Morocco Uzbekistan
VaticanCity VaticanCity Armenia CzechRepublic
Macedonia Macedonia
