vBhpoFdJZxyttIlfaf7D XX8iZd9Mw56dkKCstFAC uUumBfQJDh6S0d06Kb78 qkrT0EYt8AHuefFD25g1 XWHR07Y6kfSBbEuD62PN tUVqKo1E6AibIE6zShkv 6koX1rNvAwrB84m39eQv 6PPTzNGrNxrgfdvm8cwZ fp9JaV5iTp8QxXwwkR68 qM7lEl3z2COceXw7x0EC 7PoxePhwnlLvMilKVpER R6ZzYYWqarkWldqbKDab WN0Nl06Zx9w6LYUHMZam XBxLd5K0m0Gtk5fTL45q J00g7hlLLSWTXvTYK9v2 9B0w6Ahn3NsugfNn6veD 2LthmnS3Cdd5FBfY5GQ9 oFNlFPub6zLirsQwo0fu n2Cqtp5v2DuwGX7LhuzE XYk0VV4ujV55qqS8YiHV rkMvLqMMN5Aq3onq5XeZ 535WuquKiicRqEyzCI3d MiPSEwVMn3bbGh4tbRTf 4ilNvg3IkxoJuvkwqYsS 8mLI4Cl8exxeLw5eLCvi wHEcyeduhdH7p3Lr1PtC RRlYwTFLYqL48JIMSAmC DybFcuyeWxt51LawzVvs mv3tFPDoT2NlrLp24T9l RpMJGAvULIBCQ0RI369s d6xeP6xeDJ3O2jY8D4pB 37APL8dpwT5Ds5AIG0t4 vBhpoFdJZxyttIlfaf7D
32
vBhpoFdJZxyttIlfaf7D eKaPpzrMwOPxNzeoOSFH EHYUZOt1fTtm7KJue8on
XX8iZd9Mw56dkKCstFAC XX8iZd9Mw56dkKCstFAC
uUumBfQJDh6S0d06Kb78 uUumBfQJDh6S0d06Kb78 zs7X4IJgeJEM8iqAbvF3
qkrT0EYt8AHuefFD25g1 qkrT0EYt8AHuefFD25g1
XWHR07Y6kfSBbEuD62PN XWHR07Y6kfSBbEuD62PN iki3BohF22ET0rMPxXQ5
tUVqKo1E6AibIE6zShkv NAqhSs9OpS9XtIaJtTCD JEGgKJfdY8owvwdYhKMk tUVqKo1E6AibIE6zShkv
6koX1rNvAwrB84m39eQv 6koX1rNvAwrB84m39eQv nB1RHSnvjX4nG0Tch5En
6PPTzNGrNxrgfdvm8cwZ 6PPTzNGrNxrgfdvm8cwZ R7crXexksQ4TN5zY2ck3
fp9JaV5iTp8QxXwwkR68 fp9JaV5iTp8QxXwwkR68
qM7lEl3z2COceXw7x0EC qM7lEl3z2COceXw7x0EC fHfopcx4v3MKBN0TMn7s
7PoxePhwnlLvMilKVpER 7PoxePhwnlLvMilKVpER
R6ZzYYWqarkWldqbKDab R6ZzYYWqarkWldqbKDab
WN0Nl06Zx9w6LYUHMZam WN0Nl06Zx9w6LYUHMZam
XBxLd5K0m0Gtk5fTL45q XBxLd5K0m0Gtk5fTL45q ohy3S5QXymEhh63dMBQE
J00g7hlLLSWTXvTYK9v2 J00g7hlLLSWTXvTYK9v2 WwLzOfqcc3FIzub2jh8R
9B0w6Ahn3NsugfNn6veD 9B0w6Ahn3NsugfNn6veD W1jWYYdH0atiKtbaVDRT
2LthmnS3Cdd5FBfY5GQ9 2LthmnS3Cdd5FBfY5GQ9
oFNlFPub6zLirsQwo0fu oFNlFPub6zLirsQwo0fu 8Le4AI986fwHZXPoOMK1
n2Cqtp5v2DuwGX7LhuzE n2Cqtp5v2DuwGX7LhuzE
XYk0VV4ujV55qqS8YiHV XYk0VV4ujV55qqS8YiHV
rkMvLqMMN5Aq3onq5XeZ rkMvLqMMN5Aq3onq5XeZ
535WuquKiicRqEyzCI3d 535WuquKiicRqEyzCI3d vLwJebpyApE3MPksc9OW
MiPSEwVMn3bbGh4tbRTf MiPSEwVMn3bbGh4tbRTf
4ilNvg3IkxoJuvkwqYsS 4ilNvg3IkxoJuvkwqYsS
8mLI4Cl8exxeLw5eLCvi 8mLI4Cl8exxeLw5eLCvi 17OoKHzumyPaqfjSSc7S
wHEcyeduhdH7p3Lr1PtC wHEcyeduhdH7p3Lr1PtC cs6LkMYfySGYUzb8VLcc
RRlYwTFLYqL48JIMSAmC RRlYwTFLYqL48JIMSAmC
DybFcuyeWxt51LawzVvs DybFcuyeWxt51LawzVvs
mv3tFPDoT2NlrLp24T9l mv3tFPDoT2NlrLp24T9l InZnvPu8h9zAoLCNj2in
RpMJGAvULIBCQ0RI369s RpMJGAvULIBCQ0RI369s jTdja1e2hUhydiExPlJM
d6xeP6xeDJ3O2jY8D4pB d6xeP6xeDJ3O2jY8D4pB rMd1TXBMCuFfO59jF1Tq
37APL8dpwT5Ds5AIG0t4 37APL8dpwT5Ds5AIG0t4
