Mf966TmCJF9l0PTKetVd aU4DeG46NC8vRU6N0ahg kGhQ3uDjcFA7MLP7UF4W wNmo9den9k6ySqzO7o0M ZDA7k1XMUYTsnmCfuUtR OGxA8YvD4WfIxOfmtWm4 jAzyDyaN1mD5Ei1RjCiO GzkbHop7cJv0CvjQalTE b2icxuMf1zEyF7ImMEzE Ic20PkDM6xxefUTvJEIQ CLNCAWQgYnzuvt7RChAf QZIvvAQe1weWyQjLrGi1 4mRiy2s23Ljl4N4CqEav CHHJQHxp9VQGraviPBS2 cAkwFDH7tSQkP40ewGcD 2bMCdMiNzTpm8a2kNe9G NvfSRypj4POoHWC3jDz3 WQlZty1AKP9gLfjz0EYW CxdADQl1Lh5mGQMAravk aH2XDl7CjGFhEP3bbYjH NtZncVsU7O40k1BXousH Ad4iMaOuAofXNjJzNKWl TBEGhhvsdStRJh2Eqkyf flliQzyn5hSC8yLOMyYJ Yw0z9L8p6xIk7hgYCgVd VaRx19QfIOvUT5pZyulj lrLgTYF7nIsDkEYlxuHz iRg3oRlKsAtLuOm5tUrC KKiBHd9DTQAd6AZYxlK3 W1IcDWCQWwTCriXsjtm4 zDq8bGYKiSYw3c53IWfw YrtjNlKZcZnAXu7owFPA XfWllIgv9lA6ZwGuKvLt 7c4FoaFf1TJetsLZUEok wtlCpdxHbUUmSY7DnD2u WZxeHszJ2ShfYgJs53YV Xucw5TdPOzp0SQGWHjkE Crbc9OlCoJ9dTIJXXsjb 5ebtvAsyAh8vEmm1Z3wm wyZ3Q4gHyaxpdYdezyjU pxBA1Tii62WPeRWcccVp 4CVQrsejmjPmVL7elf2w 1aGCWVuyE8DRxIV204ZW JfWSVxbK8iOEPzK7FV9x OyOgefgJfgx6VwEfudZn mGfIqoDGGajPXw9RvY8S ul7ierPjffkmvfh4Ylme eA2uctxdjBuXDZUrmUHy 1crXui4lUlMG7IuTFiXo y3cL4LyhfEAlU1Jj1Xj6 e2usEAoRX2qu6mneHOxg SQhK0n9L9aixdJxvdeKd UvtGaTsTes8Gs4gE8ya3 RrBlUMzlEzdRa5S1pyiF BcvYB1mubFuRTbgMUsXg PLyQF48YPXs4LxxIxWHM km12BN3CByUGmRV2tX7b acwLCbshqBQuYbTzAPRI bBJ5TDHtVrSIxXmQJ63J sSdPSXUotKahf03SRnBn byF5FvS6RJUrgCsP3o6T ZPAxEbVjKWTr0cDqLbA0 R87rV3jFUvYuE0RN4Z4a Mf966TmCJF9l0PTKetVd
63
Mf966TmCJF9l0PTKetVd ydEppVwK15UN0USyP00U
aU4DeG46NC8vRU6N0ahg aU4DeG46NC8vRU6N0ahg
kGhQ3uDjcFA7MLP7UF4W kGhQ3uDjcFA7MLP7UF4W S0PhmGw8tyUPzxvRSE5R tH0lbMmdJDVlC4Pr7uAb
wNmo9den9k6ySqzO7o0M wNmo9den9k6ySqzO7o0M
ZDA7k1XMUYTsnmCfuUtR ZDA7k1XMUYTsnmCfuUtR
OGxA8YvD4WfIxOfmtWm4 OGxA8YvD4WfIxOfmtWm4
jAzyDyaN1mD5Ei1RjCiO czjPVxJvSz9DoMc0Y7Vv fsCdklolnC3ndvzFtyM3 jAzyDyaN1mD5Ei1RjCiO
GzkbHop7cJv0CvjQalTE GzkbHop7cJv0CvjQalTE
b2icxuMf1zEyF7ImMEzE b2icxuMf1zEyF7ImMEzE a6uUA0TEdnZwD1b73O9r
Ic20PkDM6xxefUTvJEIQ Ic20PkDM6xxefUTvJEIQ
CLNCAWQgYnzuvt7RChAf CLNCAWQgYnzuvt7RChAf
QZIvvAQe1weWyQjLrGi1 QZIvvAQe1weWyQjLrGi1 Hpniux0SkkA6CliHWNDc
4mRiy2s23Ljl4N4CqEav 4mRiy2s23Ljl4N4CqEav jZUUy27kZ3z2uIv0PGPy
CHHJQHxp9VQGraviPBS2 CHHJQHxp9VQGraviPBS2
cAkwFDH7tSQkP40ewGcD cAkwFDH7tSQkP40ewGcD
2bMCdMiNzTpm8a2kNe9G HhITLZSwERe6osGRUBXt 0O3lDJvzYSiuZNzHimQX 2bMCdMiNzTpm8a2kNe9G
NvfSRypj4POoHWC3jDz3 56ePYTmTGzdOHfvnLEPd u4VGAkqq00Jhej3knMJI NvfSRypj4POoHWC3jDz3
WQlZty1AKP9gLfjz0EYW WQlZty1AKP9gLfjz0EYW
CxdADQl1Lh5mGQMAravk JWE9kJZ3fUSBbRtkVScl CxdADQl1Lh5mGQMAravk QMmklR1fA1rnjMsU1WMc
aH2XDl7CjGFhEP3bbYjH aH2XDl7CjGFhEP3bbYjH
NtZncVsU7O40k1BXousH NtZncVsU7O40k1BXousH IwnN6xRahpjWnxZTYR2F
Ad4iMaOuAofXNjJzNKWl Ad4iMaOuAofXNjJzNKWl
TBEGhhvsdStRJh2Eqkyf TBEGhhvsdStRJh2Eqkyf
flliQzyn5hSC8yLOMyYJ flliQzyn5hSC8yLOMyYJ
Yw0z9L8p6xIk7hgYCgVd Yw0z9L8p6xIk7hgYCgVd 4mdSIFCsq2HySOzm2H4M
VaRx19QfIOvUT5pZyulj VaRx19QfIOvUT5pZyulj
lrLgTYF7nIsDkEYlxuHz lrLgTYF7nIsDkEYlxuHz
iRg3oRlKsAtLuOm5tUrC iRg3oRlKsAtLuOm5tUrC kVdbGuYm0jD2q8vsLFHY
KKiBHd9DTQAd6AZYxlK3 KKiBHd9DTQAd6AZYxlK3 HKK5Jm9eHd0V7gvBWuw9
W1IcDWCQWwTCriXsjtm4 W1IcDWCQWwTCriXsjtm4 TkZ4LHIfwKap48xdp8m2
zDq8bGYKiSYw3c53IWfw zDq8bGYKiSYw3c53IWfw
YrtjNlKZcZnAXu7owFPA YrtjNlKZcZnAXu7owFPA GfTqQpqjWivAFXbCN2BL
XfWllIgv9lA6ZwGuKvLt XfWllIgv9lA6ZwGuKvLt 7ArLVA3N0doHBQAlCDtl
7c4FoaFf1TJetsLZUEok 7c4FoaFf1TJetsLZUEok
wtlCpdxHbUUmSY7DnD2u 3Yod5nNtIcKNmTtNQ3xH bLojQFXmB5k6r0zKTWYe wtlCpdxHbUUmSY7DnD2u VqBuOSJBVqxMG4rldwQn
WZxeHszJ2ShfYgJs53YV WZxeHszJ2ShfYgJs53YV
Xucw5TdPOzp0SQGWHjkE Xucw5TdPOzp0SQGWHjkE
Crbc9OlCoJ9dTIJXXsjb Crbc9OlCoJ9dTIJXXsjb
5ebtvAsyAh8vEmm1Z3wm 5ebtvAsyAh8vEmm1Z3wm
wyZ3Q4gHyaxpdYdezyjU wyZ3Q4gHyaxpdYdezyjU p6bp9pYgtaGo4Q50DQAM 1wZce3qjltyIzzlL1Zfw
pxBA1Tii62WPeRWcccVp pxBA1Tii62WPeRWcccVp Q4jkxyPtGKis0eXik3Gg
4CVQrsejmjPmVL7elf2w 4CVQrsejmjPmVL7elf2w dOWv4G57nxm9UArCvQlq
1aGCWVuyE8DRxIV204ZW 1aGCWVuyE8DRxIV204ZW
JfWSVxbK8iOEPzK7FV9x JfWSVxbK8iOEPzK7FV9x
OyOgefgJfgx6VwEfudZn OyOgefgJfgx6VwEfudZn N7mkTpLI9Mgh0txBOflw
mGfIqoDGGajPXw9RvY8S mGfIqoDGGajPXw9RvY8S
ul7ierPjffkmvfh4Ylme ul7ierPjffkmvfh4Ylme
eA2uctxdjBuXDZUrmUHy eA2uctxdjBuXDZUrmUHy
1crXui4lUlMG7IuTFiXo 1crXui4lUlMG7IuTFiXo rzYdrZxXnbXlOjFVWVaR
y3cL4LyhfEAlU1Jj1Xj6 y3cL4LyhfEAlU1Jj1Xj6 BCVfaQnOCgLubJ23r8nF
e2usEAoRX2qu6mneHOxg e2usEAoRX2qu6mneHOxg
SQhK0n9L9aixdJxvdeKd SQhK0n9L9aixdJxvdeKd JfzkldRR1w0Y52KBg47D
UvtGaTsTes8Gs4gE8ya3 UvtGaTsTes8Gs4gE8ya3
RrBlUMzlEzdRa5S1pyiF RrBlUMzlEzdRa5S1pyiF
BcvYB1mubFuRTbgMUsXg BcvYB1mubFuRTbgMUsXg
PLyQF48YPXs4LxxIxWHM PLyQF48YPXs4LxxIxWHM
km12BN3CByUGmRV2tX7b km12BN3CByUGmRV2tX7b AjMqEYKq0eELwsiEhQNE
acwLCbshqBQuYbTzAPRI acwLCbshqBQuYbTzAPRI
bBJ5TDHtVrSIxXmQJ63J bBJ5TDHtVrSIxXmQJ63J BLgd9OLqnPIJY5LCIxDK TmdW4dU59umpgT9XX8G3
sSdPSXUotKahf03SRnBn sSdPSXUotKahf03SRnBn
byF5FvS6RJUrgCsP3o6T KCy3uvDFe4h3kwRgxFiX Y5ZKsuPbCDUQp5LjPNey byF5FvS6RJUrgCsP3o6T
ZPAxEbVjKWTr0cDqLbA0 ZPAxEbVjKWTr0cDqLbA0
R87rV3jFUvYuE0RN4Z4a R87rV3jFUvYuE0RN4Z4a trOoQ3enuOI8GUJqwAMC
