0EzLvznzqSsDTCbR5WWQ wrf0xNKoLGLKfuhe6hpI 4ZMxz7AKccmgx6JK5gZn cZGUbNgsLGnuZE3Ot20K N0EmviMgt156P2Bd7oet I7VRK3VugXxRlgxCe54Q 3iRTkaf7suaV2i91D7AI m5Au4RgVgXhOUKbKSdGW pWBi6tyyRZpOm0dbsZfH LTgssryHh3BZe1w1IMJd oFJmSdI9Mubs3awqWY5w idUlMWK1ZaKWh4awCdHY vgcAaadTbDs3lU9Z1t49 K5LnOJV1Zh18kgMnZsVe LtVuPtXkki7L0rCf1ysG lEZ0YMvUzTvQYxlTiMir b69ITlIgTtPRUIpmSw5o j7jI3vJM5SWQs3N9YWK4 hk9ECfFhibg7bmIlco5h 75EgdJC8MacBE2zKZlon 0EzLvznzqSsDTCbR5WWQ
20
0EzLvznzqSsDTCbR5WWQ TWpWLT2JICvczaB6q8Bo
wrf0xNKoLGLKfuhe6hpI wrf0xNKoLGLKfuhe6hpI LS3fS52ozGva9KBtcfZZ
4ZMxz7AKccmgx6JK5gZn 4ZMxz7AKccmgx6JK5gZn
cZGUbNgsLGnuZE3Ot20K cZGUbNgsLGnuZE3Ot20K
N0EmviMgt156P2Bd7oet N0EmviMgt156P2Bd7oet
I7VRK3VugXxRlgxCe54Q I7VRK3VugXxRlgxCe54Q
3iRTkaf7suaV2i91D7AI 3iRTkaf7suaV2i91D7AI
m5Au4RgVgXhOUKbKSdGW m5Au4RgVgXhOUKbKSdGW HET4yE4ksHFmFRytJhfu
pWBi6tyyRZpOm0dbsZfH pWBi6tyyRZpOm0dbsZfH
LTgssryHh3BZe1w1IMJd LTgssryHh3BZe1w1IMJd tnUjNl6cWuoaXQEfxH4p
oFJmSdI9Mubs3awqWY5w oFJmSdI9Mubs3awqWY5w
idUlMWK1ZaKWh4awCdHY idUlMWK1ZaKWh4awCdHY
vgcAaadTbDs3lU9Z1t49 vgcAaadTbDs3lU9Z1t49 YRtAAkfi0YIaAv0XqGni
K5LnOJV1Zh18kgMnZsVe K5LnOJV1Zh18kgMnZsVe
LtVuPtXkki7L0rCf1ysG LtVuPtXkki7L0rCf1ysG
lEZ0YMvUzTvQYxlTiMir lEZ0YMvUzTvQYxlTiMir
b69ITlIgTtPRUIpmSw5o b69ITlIgTtPRUIpmSw5o
j7jI3vJM5SWQs3N9YWK4 j7jI3vJM5SWQs3N9YWK4
hk9ECfFhibg7bmIlco5h hk9ECfFhibg7bmIlco5h
75EgdJC8MacBE2zKZlon 75EgdJC8MacBE2zKZlon IVZaGmLbfT5MQpxXO2DP
