loc0 loc95 loc98 loc99 loc92 loc91 loc88 loc82 loc80 loc76 loc77 loc68 loc71 loc51 loc56 loc55 loc59 loc62 loc46 loc43 loc36 loc40 loc20 loc23 loc30 loc28 loc16 loc12 loc5 loc8 loc0
29
loc95 loc95 loc96
loc98 loc98
loc99 loc99
loc92 loc92
loc91 loc91
loc88 loc88 loc89
loc82 loc83 loc84
loc80 loc80 loc81
loc76 loc76
loc77 loc77
loc68 loc69 loc70
loc71 loc72 loc73
loc51 loc52 loc53
loc56 loc56
loc55 loc55
loc59 loc59 loc60
loc62 loc62 loc63
loc46 loc47 loc48
loc43 loc44 loc45
loc36 loc37 loc38
loc40 loc40 loc41
loc20 loc21 loc22
loc23 loc24 loc25
loc30 loc29 loc31 loc32
loc28 loc28
loc16 loc16 loc17
loc12 loc13 loc14
loc5 loc6 loc7
loc8 loc9 loc10
