loc0 loc195 loc196 loc198 loc192 loc191 loc188 loc180 loc183 loc184 loc177 loc173 loc174 loc160 loc157 loc163 loc166 loc152 loc149 loc137 loc134 loc140 loc143 loc115 loc118 loc122 loc125 loc111 loc108 loc105 loc101 loc102 loc91 loc94 loc85 loc88 loc79 loc76 loc69 loc72 loc55 loc53 loc60 loc61 loc64 loc47 loc44 loc37 loc40 loc21 loc24 loc28 loc32 loc16 loc13 loc9 loc7 loc0
56
loc195 loc195
loc196 loc196
loc198 loc198 loc199
loc192 loc192
loc191 loc191
loc188 loc188 loc189
loc180 loc180 loc181
loc183 loc183
loc184 loc184
loc177 loc177
loc173 loc173
loc174 loc174 loc176
loc160 loc160 loc161
loc157 loc157 loc158
loc163 loc164 loc165
loc166 loc167 loc168
loc152 loc152 loc153
loc149 loc149 loc150
loc137 loc137 loc138
loc134 loc134 loc135
loc140 loc141 loc142
loc143 loc144 loc145
loc115 loc116 loc117
loc118 loc119 loc120
loc122 loc123 loc124
loc125 loc126 loc127
loc111 loc111 loc112
loc108 loc108 loc109
loc105 loc105
loc101 loc101
loc102 loc102 loc104
loc91 loc92 loc93
loc94 loc95 loc96
loc85 loc85 loc86
loc88 loc88 loc89
loc79 loc80 loc81
loc76 loc77 loc78
loc69 loc70 loc71
loc72 loc73 loc74
loc55 loc54 loc56 loc57
loc53 loc53
loc60 loc60
loc61 loc61 loc63
loc64 loc64
loc47 loc48 loc49
loc44 loc45 loc46
loc37 loc38 loc39
loc40 loc41 loc42
loc21 loc22 loc23
loc24 loc25 loc26
loc28 loc29 loc30
loc32 loc32 loc33
loc16 loc17 loc18
loc13 loc14 loc15
loc9 loc8 loc10 loc11
loc7 loc7
