point0 point69 point102 point107 point100 point110 point112 point110 point67 point68 point72 point76 point83 point122 point83 point124 point123 point127 point179 point189 point183 point177 point178 point157 point144 point153 point144 point148 point162 point158 point162 point163 point155 point163 point160 point171 point172 point168 point185 point184 point190 point182 point187 point138 point132 point135 point131 point89 point91 point89 point87 point48 point45 point39 point40 point39 point45 point42 point36 point34 point31 point34 point27 point14 point18 point5 point49 point50 point52 point0
40
point0 point1 point3
point69 point69
point102 point102 point103 point108 point109 point110 point111
point100 point100
point112 point112 point113
point67 point67
point72 point72
point76 point73 point75 point76 point78 point79 point83
point122 point115 point119 point120 point122
point124 point124 point126
point123 point123
point179 point179 point180
point183 point183
point177 point177
point157 point157
point144 point144
point153 point153
point148 point148 point149 point151 point152
point162 point162
point158 point158
point163 point163
point155 point155
point160 point160
point172 point172
point185 point185
point184 point184
point187 point187
point138 point138 point139
point135 point135
point131 point131 point132 point134
point91 point91 point94
point87 point85 point86 point87 point89
point40 point38 point39 point40
point42 point41 point42 point43
point31 point30 point31 point33 point34
point27 point27 point29
point18 point15 point16 point17 point18 point21
point5 point5 point6 point10 point11 point13
point49 point49
point52 point51 point52 point54 point55 point56
