55 33 83 137 176 189 16 162 177 45 151 20 161 11 168 118 131 185 89 149 171 188 86 80 26 140 166 133 10 163 184 153 78 77 143 74 175 148 109 97 40 42 181 146 90 179 122 53 8 172 28 114 67 52 134 32 160 170 164 126 159 59 119 29 113 158 106 63 55
58
55 54 56 57 58
33 33 36
83 83 85
137 137
189 189
16 15 16 17
162 162
177 177
45 45
151 151 152
20 20
11 11 12 13
168 168
118 118
131 131
185 185 186
149 149 150
171 171
188 188
86 86 88
80 80 81
26 26 27
140 140
166 166
133 133
163 163
184 184
153 153
77 77 78
74 74 76
175 175
148 148
109 109 111
97 97
40 40
42 41 42 43
181 181 182
146 146
90 90 91
179 179
122 122
53 48 49 53
8 8 9
172 172 173
114 114 115 116
67 66 67 71
134 134 135
32 32
160 160
170 170
126 126
159 159
119 119
29 29 30
113 113
158 158
106 101 105 106 107
63 59 61 62 63
