x182 x11 x56 x168 x127 x58 x86 x3 x129 x184 x26 x138 x141 x134 x2 x179 x144 x194 x103 x120 x64 x120 x156 x120 x106 x192 x166 x20 x71 x61 x188 x14 x0 x109 x0 x163 x116 x89 x177 x155 x198 x139 x167 x102 x53 x99 x101 x159 x101 x95 x9 x19 x42 x112 x118 x164 x172 x5 x191 x133 x191 x31 x161 x52 x153 x66 x125 x72 x147 x72 x170 x115 x104 x114 x186 x189 x176 x45 x119 x182
52
x182 x182 x183
x56 x56
x127 x127 x128
x58 x58 x59
x86 x82 x83 x84 x86 x87 x88
x3 x3 x4 x6 x7 x8 x10 x11
x184 x184 x185
x26 x25 x26 x27
x141 x141 x143
x134 x136 x137 x138
x2 x2
x179 x179
x194 x194
x64 x64
x156 x156
x106 x106 x107
x192 x192
x166 x166
x20 x20 x21 x23
x61 x61
x14 x14 x15
x109 x109 x113
x163 x163
x116 x116
x177 x177
x155 x155
x198 x198
x139 x139
x102 x102
x53 x53 x55
x99 x98 x99 x100
x159 x159
x95 x92 x94 x95
x19 x17 x18 x19
x42 x42
x118 x118
x164 x164
x172 x172
x133 x133
x31 x30 x31 x32
x161 x161
x153 x153
x66 x66 x69
x125 x125
x72 x71 x72 x74 x76 x77 x79 x80
x147 x146 x147 x151
x104 x104
x114 x114
x186 x186
x189 x189
x45 x43 x45 x46 x48 x49 x50
x119 x119
